
InferNetwork_MPL (Tree9, Tree8, Tree7, Tree6, Tree5, Tree4, Tree3, Tree2, Tree1) 10 -m 1000 -pl 10 -di "/home/rosanne/Documents/minor_research_project/results/phylonet/"
Results after run #1
-14.360474672843694: ((MT040334_PCoV_GX_P1E:0.23313550342043954,((MN996532_Bat_RaTG13:1.1859164723373419,MN908947_Wuhan_Hu_1:2.095637802192927)I0:1.4442186929019052,MT121216_Pangolin_MP789:1.6167980489948237)I1:0.6088741089826428)I3:3.703311665863385,(DQ022305_HKU3_1:2.781328864569534,NC_004718:0.02869779758889268)I7:2.239308115365475)I6;
-14.826995999590023: ((DQ022305_HKU3_1:2.781328864569534,NC_004718:0.02869779758889268)I7:2.239308115365475,(MT040334_PCoV_GX_P1E:0.23313550342043954,(MT121216_Pangolin_MP789:1.6167980489948237,((MN908947_Wuhan_Hu_1:2.0250278864616615)I4#H1:1.0::0.5,(MN996532_Bat_RaTG13:1.1859164723373419,I4#H1:0.07060991573126575::0.5)I0:0.30706734294346116)I2:1.137151349958444)I1:0.6088741089826428)I3:3.703311665863385)I6;
-19.997659945045136: ((DQ022305_HKU3_1:2.781328864569534,NC_004718:0.02869779758889268)I7:2.239308115365475,(MT040334_PCoV_GX_P1E:0.23313550342043954,(MN996532_Bat_RaTG13:1.1859164723373419,(MT121216_Pangolin_MP789:1.6167980489948237,MN908947_Wuhan_Hu_1:1.6103761213231473)I1:0.4852616808697799)I0:2.053092801884548)I3:3.703311665863385)I6;
-26.326384557629172: ((MT121216_Pangolin_MP789:2.2256721579774665,((MN908947_Wuhan_Hu_1:2.095637802192927,MN996532_Bat_RaTG13:1.1859164723373419)I0:1.5310129299752124,MT040334_PCoV_GX_P1E:0.0234282941629696)I1:0.014579589068333074)I3:3.864773862215544,(NC_004718:0.02869779758889268,DQ022305_HKU3_1:2.781328864569534)I7:2.4224589634418328)I6;
-27.565976449097622: (((MT121216_Pangolin_MP789:1.6167980489948237,MT040334_PCoV_GX_P1E:0.14011898585553872)I1:0.09301651756490081,((MN908947_Wuhan_Hu_1:2.0250278864616615)I4#H1:1.0::0.53273530741698,(MN996532_Bat_RaTG13:1.1859164723373419,I4#H1:0.07060991573126575::0.4672646925830199)I0:0.2144504316900583)I2:1.7739353103110187)I3:3.703311665863385,(DQ022305_HKU3_1:2.781328864569534,NC_004718:0.02869779758889268)I7:2.239308115365475)I6;
Running Time (min): 0.08078333333333333
===============================


Results after run #2
-14.360474672843694: ((MT040334_PCoV_GX_P1E:0.23313550342043954,((MN996532_Bat_RaTG13:1.1859164723373419,MN908947_Wuhan_Hu_1:2.095637802192927)I0:1.4442186929019052,MT121216_Pangolin_MP789:1.6167980489948237)I1:0.6088741089826428)I3:3.703311665863385,(DQ022305_HKU3_1:2.781328864569534,NC_004718:0.02869779758889268)I7:2.239308115365475)I6;
-14.826995999590023: ((DQ022305_HKU3_1:2.781328864569534,NC_004718:0.02869779758889268)I7:2.239308115365475,(MT040334_PCoV_GX_P1E:0.23313550342043954,(MT121216_Pangolin_MP789:1.6167980489948237,((MN908947_Wuhan_Hu_1:2.0250278864616615)I4#H1:1.0::0.5,(MN996532_Bat_RaTG13:1.1859164723373419,I4#H1:0.07060991573126575::0.5)I0:0.30706734294346116)I2:1.137151349958444)I1:0.6088741089826428)I3:3.703311665863385)I6;
-19.997659945045136: ((DQ022305_HKU3_1:2.781328864569534,NC_004718:0.02869779758889268)I7:2.239308115365475,(MT040334_PCoV_GX_P1E:0.23313550342043954,(MN996532_Bat_RaTG13:1.1859164723373419,(MT121216_Pangolin_MP789:1.6167980489948237,MN908947_Wuhan_Hu_1:1.6103761213231473)I1:0.4852616808697799)I0:2.053092801884548)I3:3.703311665863385)I6;
-26.326384557629172: ((MT121216_Pangolin_MP789:2.2256721579774665,((MN908947_Wuhan_Hu_1:2.095637802192927,MN996532_Bat_RaTG13:1.1859164723373419)I0:1.5310129299752124,MT040334_PCoV_GX_P1E:0.0234282941629696)I1:0.014579589068333074)I3:3.864773862215544,(NC_004718:0.02869779758889268,DQ022305_HKU3_1:2.781328864569534)I7:2.4224589634418328)I6;
-27.565976449097622: (((MT121216_Pangolin_MP789:1.6167980489948237,MT040334_PCoV_GX_P1E:0.14011898585553872)I1:0.09301651756490081,((MN908947_Wuhan_Hu_1:2.0250278864616615)I4#H1:1.0::0.53273530741698,(MN996532_Bat_RaTG13:1.1859164723373419,I4#H1:0.07060991573126575::0.4672646925830199)I0:0.2144504316900583)I2:1.7739353103110187)I3:3.703311665863385,(DQ022305_HKU3_1:2.781328864569534,NC_004718:0.02869779758889268)I7:2.239308115365475)I6;
Running Time (min): 0.03445
===============================


Results after run #3
-14.360474672843694: ((MT040334_PCoV_GX_P1E:0.23313550342043954,((MN996532_Bat_RaTG13:1.1859164723373419,MN908947_Wuhan_Hu_1:2.095637802192927)I0:1.4442186929019052,MT121216_Pangolin_MP789:1.6167980489948237)I1:0.6088741089826428)I3:3.703311665863385,(DQ022305_HKU3_1:2.781328864569534,NC_004718:0.02869779758889268)I7:2.239308115365475)I6;
-14.826995999590023: ((DQ022305_HKU3_1:2.781328864569534,NC_004718:0.02869779758889268)I7:2.239308115365475,(MT040334_PCoV_GX_P1E:0.23313550342043954,(MT121216_Pangolin_MP789:1.6167980489948237,((MN908947_Wuhan_Hu_1:2.0250278864616615)I4#H1:1.0::0.5,(MN996532_Bat_RaTG13:1.1859164723373419,I4#H1:0.07060991573126575::0.5)I0:0.30706734294346116)I2:1.137151349958444)I1:0.6088741089826428)I3:3.703311665863385)I6;
-18.167556911476197: ((MT040334_PCoV_GX_P1E:0.14199492618162957,((MT121216_Pangolin_MP789:1.6551832342574426)I2#H1:1.0::0.5,(I2#H1:1.6013602302801246::0.5,(MN908947_Wuhan_Hu_1:3.8709051186189196,MN996532_Bat_RaTG13:1.3905506576918731)I10:0.24314009838179337)I6:0.640507390485602)I0:1.9178577174315288)I3:1.9113845637671472,(DQ022305_HKU3_1:3.983180032924409E-4,NC_004718:5.560174828104799)I4:1.5158736557599024)I9;
-18.959203126807836: ((DQ022305_HKU3_1:3.983180032924409E-4,NC_004718:5.560174828104799)I4:1.5158736557599024,(MT040334_PCoV_GX_P1E:0.14199492618162957,((MT121216_Pangolin_MP789:1.6551832342574426)I2#H1:1.0::0.5,(I2#H1:1.6013602302801246::0.5,((MN996532_Bat_RaTG13:0.5393433427383322)I5#H2:1.0::0.5,(MN908947_Wuhan_Hu_1:3.8709051186189196,I5#H2:0.851207314953541::0.5)I10:0.032635163775733333)I1:0.15176355944243852)I6:0.640507390485602)I0:1.9953251693492986)I3:1.8433156421188144)I9;
-19.852974700219608: ((MT040334_PCoV_GX_P1E:0.14199492618162957,(MT121216_Pangolin_MP789:3.2565434645375673,(MN996532_Bat_RaTG13:1.3905506576918731,MN908947_Wuhan_Hu_1:3.8709051186189196)I10:0.2414463951620184)I6:2.4887516017685956)I3:1.8485510357737347,((DQ022305_HKU3_1:4.0180742881861095E-4)I1#H1:0.001502164073992908::0.5,(NC_004718:4.184847160698433,I1#H1:1.0::0.5)I0:0.4888621791868028)I2:1.3636751141873291)I9;
Running Time (min): 0.023566666666666666
===============================


Results after run #4
-14.360474672843694: ((MT040334_PCoV_GX_P1E:0.23313550342043954,((MN996532_Bat_RaTG13:1.1859164723373419,MN908947_Wuhan_Hu_1:2.095637802192927)I0:1.4442186929019052,MT121216_Pangolin_MP789:1.6167980489948237)I1:0.6088741089826428)I3:3.703311665863385,(DQ022305_HKU3_1:2.781328864569534,NC_004718:0.02869779758889268)I7:2.239308115365475)I6;
-14.826995999590023: ((DQ022305_HKU3_1:2.781328864569534,NC_004718:0.02869779758889268)I7:2.239308115365475,(MT040334_PCoV_GX_P1E:0.23313550342043954,(MT121216_Pangolin_MP789:1.6167980489948237,((MN908947_Wuhan_Hu_1:2.0250278864616615)I4#H1:1.0::0.5,(MN996532_Bat_RaTG13:1.1859164723373419,I4#H1:0.07060991573126575::0.5)I0:0.30706734294346116)I2:1.137151349958444)I1:0.6088741089826428)I3:3.703311665863385)I6;
-18.167556911476197: ((MT040334_PCoV_GX_P1E:0.14199492618162957,((MT121216_Pangolin_MP789:1.6551832342574426)I2#H1:1.0::0.5,(I2#H1:1.6013602302801246::0.5,(MN908947_Wuhan_Hu_1:3.8709051186189196,MN996532_Bat_RaTG13:1.3905506576918731)I10:0.24314009838179337)I6:0.640507390485602)I0:1.9178577174315288)I3:1.9113845637671472,(DQ022305_HKU3_1:3.983180032924409E-4,NC_004718:5.560174828104799)I4:1.5158736557599024)I9;
-18.959203126807836: ((DQ022305_HKU3_1:3.983180032924409E-4,NC_004718:5.560174828104799)I4:1.5158736557599024,(MT040334_PCoV_GX_P1E:0.14199492618162957,((MT121216_Pangolin_MP789:1.6551832342574426)I2#H1:1.0::0.5,(I2#H1:1.6013602302801246::0.5,((MN996532_Bat_RaTG13:0.5393433427383322)I5#H2:1.0::0.5,(MN908947_Wuhan_Hu_1:3.8709051186189196,I5#H2:0.851207314953541::0.5)I10:0.032635163775733333)I1:0.15176355944243852)I6:0.640507390485602)I0:1.9953251693492986)I3:1.8433156421188144)I9;
-19.852974700219608: ((MT040334_PCoV_GX_P1E:0.14199492618162957,(MT121216_Pangolin_MP789:3.2565434645375673,(MN996532_Bat_RaTG13:1.3905506576918731,MN908947_Wuhan_Hu_1:3.8709051186189196)I10:0.2414463951620184)I6:2.4887516017685956)I3:1.8485510357737347,((DQ022305_HKU3_1:4.0180742881861095E-4)I1#H1:0.001502164073992908::0.5,(NC_004718:4.184847160698433,I1#H1:1.0::0.5)I0:0.4888621791868028)I2:1.3636751141873291)I9;
Running Time (min): 0.028316666666666667
===============================


Results after run #5
-14.360474672843694: ((MT040334_PCoV_GX_P1E:0.23313550342043954,((MN996532_Bat_RaTG13:1.1859164723373419,MN908947_Wuhan_Hu_1:2.095637802192927)I0:1.4442186929019052,MT121216_Pangolin_MP789:1.6167980489948237)I1:0.6088741089826428)I3:3.703311665863385,(DQ022305_HKU3_1:2.781328864569534,NC_004718:0.02869779758889268)I7:2.239308115365475)I6;
-14.826995999590023: ((DQ022305_HKU3_1:2.781328864569534,NC_004718:0.02869779758889268)I7:2.239308115365475,(MT040334_PCoV_GX_P1E:0.23313550342043954,(MT121216_Pangolin_MP789:1.6167980489948237,((MN908947_Wuhan_Hu_1:2.0250278864616615)I4#H1:1.0::0.5,(MN996532_Bat_RaTG13:1.1859164723373419,I4#H1:0.07060991573126575::0.5)I0:0.30706734294346116)I2:1.137151349958444)I1:0.6088741089826428)I3:3.703311665863385)I6;
-17.576831365422205: ((DQ022305_HKU3_1:0.20785600753542788,NC_004718:0.10671952514984763)I11:1.8592548073547601,(MT040334_PCoV_GX_P1E:1.988622080960008,(((MT121216_Pangolin_MP789:0.16466431953717434)I12#H2:0.35518022032266394::0.5673672726099508)I3#H1:0.10773957998760549::0.5,((I12#H2:0.1672628835846642::0.4326327273900492,(MN908947_Wuhan_Hu_1:0.11740545347802211)I9#H3:1.0::0.5537897615476265)I8:0.4989769181132362,(I9#H3:0.49268433355391883::0.4462102384523735,(MN996532_Bat_RaTG13:2.420163124297093,I3#H1:0.6448197796773361::0.5)I10:0.005658886581762012)I7:0.05116500110091351)I4:1.603442621337671)I5:1.1704370321647393)I1:2.195622113690228)I2;
-18.167556911476197: ((MT040334_PCoV_GX_P1E:0.14199492618162957,((MT121216_Pangolin_MP789:1.6551832342574426)I2#H1:1.0::0.5,(I2#H1:1.6013602302801246::0.5,(MN908947_Wuhan_Hu_1:3.8709051186189196,MN996532_Bat_RaTG13:1.3905506576918731)I10:0.24314009838179337)I6:0.640507390485602)I0:1.9178577174315288)I3:1.9113845637671472,(DQ022305_HKU3_1:3.983180032924409E-4,NC_004718:5.560174828104799)I4:1.5158736557599024)I9;
-18.959203126807836: ((DQ022305_HKU3_1:3.983180032924409E-4,NC_004718:5.560174828104799)I4:1.5158736557599024,(MT040334_PCoV_GX_P1E:0.14199492618162957,((MT121216_Pangolin_MP789:1.6551832342574426)I2#H1:1.0::0.5,(I2#H1:1.6013602302801246::0.5,((MN996532_Bat_RaTG13:0.5393433427383322)I5#H2:1.0::0.5,(MN908947_Wuhan_Hu_1:3.8709051186189196,I5#H2:0.851207314953541::0.5)I10:0.032635163775733333)I1:0.15176355944243852)I6:0.640507390485602)I0:1.9953251693492986)I3:1.8433156421188144)I9;
Running Time (min): 0.0222
===============================


Results after run #6
-10.70921993039769: ((MT040334_PCoV_GX_P1E:0.9277044845045221,(MT121216_Pangolin_MP789:1.4922017175585203,(MN996532_Bat_RaTG13:1.0755806970962858,MN908947_Wuhan_Hu_1:0.08011734933216864)I8:0.5453905556570094)I4:4.337000642700987)I6:2.4981581564988184,((DQ022305_HKU3_1:0.00303292023870097)I2#H1:0.050795881667186044::0.5732417475266381,(NC_004718:0.42777343554257086,I2#H1:1.0::0.42675825247336185)I0:1.1226198772476836)I1:1.7710987454123797)I7;
-11.252001946974744: ((DQ022305_HKU3_1:0.053828801905887014,NC_004718:1.5372179912459318)I1:2.06855354084083,(MT040334_PCoV_GX_P1E:0.9277044845045221,(MT121216_Pangolin_MP789:1.5876122985376526,(MN996532_Bat_RaTG13:0.7067398212632543,MN908947_Wuhan_Hu_1:0.05276991165088214)I4:0.3609036142890513)I8:4.970178065536353)I6:2.758050806714647)I7;
-14.826995999590023: ((DQ022305_HKU3_1:2.781328864569534,NC_004718:0.02869779758889268)I7:2.239308115365475,(MT040334_PCoV_GX_P1E:0.23313550342043954,(MT121216_Pangolin_MP789:1.6167980489948237,((MN908947_Wuhan_Hu_1:2.0250278864616615)I4#H1:1.0::0.5,(MN996532_Bat_RaTG13:1.1859164723373419,I4#H1:0.07060991573126575::0.5)I0:0.30706734294346116)I2:1.137151349958444)I1:0.6088741089826428)I3:3.703311665863385)I6;
-15.721963346659244: ((DQ022305_HKU3_1:0.053828801905887014,NC_004718:1.5372179912459318)I1:2.06855354084083,(MT040334_PCoV_GX_P1E:0.9277044845045221,(MN996532_Bat_RaTG13:0.7067398212632543,(MT121216_Pangolin_MP789:1.5876122985376526,MN908947_Wuhan_Hu_1:0.02653133626493268)I8:0.026238575385949463)I4:5.331081679825404)I6:2.758050806714647)I7;
-16.861985303507307: ((NC_004718:1.5372179912459318,DQ022305_HKU3_1:0.053828801905887014)I1:1.88303108538534,(MT040334_PCoV_GX_P1E:0.9277044845045221,(MN908947_Wuhan_Hu_1:0.08011734933216864,(MN996532_Bat_RaTG13:0.7067398212632543,MT121216_Pangolin_MP789:1.4922017175585203)I4:0.01859245619974533)I8:4.9617579617011565)I6:2.5752825129971204)I7;
Running Time (min): 0.04703333333333334
===============================


Results after run #7
-10.70921993039769: ((MT040334_PCoV_GX_P1E:0.9277044845045221,(MT121216_Pangolin_MP789:1.4922017175585203,(MN996532_Bat_RaTG13:1.0755806970962858,MN908947_Wuhan_Hu_1:0.08011734933216864)I8:0.5453905556570094)I4:4.337000642700987)I6:2.4981581564988184,((DQ022305_HKU3_1:0.00303292023870097)I2#H1:0.050795881667186044::0.5732417475266381,(NC_004718:0.42777343554257086,I2#H1:1.0::0.42675825247336185)I0:1.1226198772476836)I1:1.7710987454123797)I7;
-11.252001946974744: ((DQ022305_HKU3_1:0.053828801905887014,NC_004718:1.5372179912459318)I1:2.06855354084083,(MT040334_PCoV_GX_P1E:0.9277044845045221,(MT121216_Pangolin_MP789:1.5876122985376526,(MN996532_Bat_RaTG13:0.7067398212632543,MN908947_Wuhan_Hu_1:0.05276991165088214)I4:0.3609036142890513)I8:4.970178065536353)I6:2.758050806714647)I7;
-14.826995999590023: ((DQ022305_HKU3_1:2.781328864569534,NC_004718:0.02869779758889268)I7:2.239308115365475,(MT040334_PCoV_GX_P1E:0.23313550342043954,(MT121216_Pangolin_MP789:1.6167980489948237,((MN908947_Wuhan_Hu_1:2.0250278864616615)I4#H1:1.0::0.5,(MN996532_Bat_RaTG13:1.1859164723373419,I4#H1:0.07060991573126575::0.5)I0:0.30706734294346116)I2:1.137151349958444)I1:0.6088741089826428)I3:3.703311665863385)I6;
-15.721963346659244: ((DQ022305_HKU3_1:0.053828801905887014,NC_004718:1.5372179912459318)I1:2.06855354084083,(MT040334_PCoV_GX_P1E:0.9277044845045221,(MN996532_Bat_RaTG13:0.7067398212632543,(MT121216_Pangolin_MP789:1.5876122985376526,MN908947_Wuhan_Hu_1:0.02653133626493268)I8:0.026238575385949463)I4:5.331081679825404)I6:2.758050806714647)I7;
-16.78478218281522: ((NC_004718:0.8558942823877125,DQ022305_HKU3_1:4.771875888512971)I1:5.160157655868873,(((MT121216_Pangolin_MP789:0.8112633288675601,(MN908947_Wuhan_Hu_1:0.1418897775680637,MN996532_Bat_RaTG13:0.529491184535016)I13:0.5202329511465613)I5:2.404789319335064)I3#H1:1.0::0.5,(MT040334_PCoV_GX_P1E:0.5316878642751988,I3#H1:0.8798901595366759::0.5)I6:0.06149773965514971)I0:1.2930305134296236)I2;
Running Time (min): 0.0233
===============================


Results after run #8
-10.70921993039769: ((MT040334_PCoV_GX_P1E:0.9277044845045221,(MT121216_Pangolin_MP789:1.4922017175585203,(MN996532_Bat_RaTG13:1.0755806970962858,MN908947_Wuhan_Hu_1:0.08011734933216864)I8:0.5453905556570094)I4:4.337000642700987)I6:2.4981581564988184,((DQ022305_HKU3_1:0.00303292023870097)I2#H1:0.050795881667186044::0.5732417475266381,(NC_004718:0.42777343554257086,I2#H1:1.0::0.42675825247336185)I0:1.1226198772476836)I1:1.7710987454123797)I7;
-11.252001946974744: ((DQ022305_HKU3_1:0.053828801905887014,NC_004718:1.5372179912459318)I1:2.06855354084083,(MT040334_PCoV_GX_P1E:0.9277044845045221,(MT121216_Pangolin_MP789:1.5876122985376526,(MN996532_Bat_RaTG13:0.7067398212632543,MN908947_Wuhan_Hu_1:0.05276991165088214)I4:0.3609036142890513)I8:4.970178065536353)I6:2.758050806714647)I7;
-14.826995999590023: ((DQ022305_HKU3_1:2.781328864569534,NC_004718:0.02869779758889268)I7:2.239308115365475,(MT040334_PCoV_GX_P1E:0.23313550342043954,(MT121216_Pangolin_MP789:1.6167980489948237,((MN908947_Wuhan_Hu_1:2.0250278864616615)I4#H1:1.0::0.5,(MN996532_Bat_RaTG13:1.1859164723373419,I4#H1:0.07060991573126575::0.5)I0:0.30706734294346116)I2:1.137151349958444)I1:0.6088741089826428)I3:3.703311665863385)I6;
-15.721963346659244: ((DQ022305_HKU3_1:0.053828801905887014,NC_004718:1.5372179912459318)I1:2.06855354084083,(MT040334_PCoV_GX_P1E:0.9277044845045221,(MN996532_Bat_RaTG13:0.7067398212632543,(MT121216_Pangolin_MP789:1.5876122985376526,MN908947_Wuhan_Hu_1:0.02653133626493268)I8:0.026238575385949463)I4:5.331081679825404)I6:2.758050806714647)I7;
-16.78478218281522: ((NC_004718:0.8558942823877125,DQ022305_HKU3_1:4.771875888512971)I1:5.160157655868873,(((MT121216_Pangolin_MP789:0.8112633288675601,(MN908947_Wuhan_Hu_1:0.1418897775680637,MN996532_Bat_RaTG13:0.529491184535016)I13:0.5202329511465613)I5:2.404789319335064)I3#H1:1.0::0.5,(MT040334_PCoV_GX_P1E:0.5316878642751988,I3#H1:0.8798901595366759::0.5)I6:0.06149773965514971)I0:1.2930305134296236)I2;
Running Time (min): 0.021466666666666665
===============================


Results after run #9
-10.70921993039769: ((MT040334_PCoV_GX_P1E:0.9277044845045221,(MT121216_Pangolin_MP789:1.4922017175585203,(MN996532_Bat_RaTG13:1.0755806970962858,MN908947_Wuhan_Hu_1:0.08011734933216864)I8:0.5453905556570094)I4:4.337000642700987)I6:2.4981581564988184,((DQ022305_HKU3_1:0.00303292023870097)I2#H1:0.050795881667186044::0.5732417475266381,(NC_004718:0.42777343554257086,I2#H1:1.0::0.42675825247336185)I0:1.1226198772476836)I1:1.7710987454123797)I7;
-11.252001946974744: ((DQ022305_HKU3_1:0.053828801905887014,NC_004718:1.5372179912459318)I1:2.06855354084083,(MT040334_PCoV_GX_P1E:0.9277044845045221,(MT121216_Pangolin_MP789:1.5876122985376526,(MN996532_Bat_RaTG13:0.7067398212632543,MN908947_Wuhan_Hu_1:0.05276991165088214)I4:0.3609036142890513)I8:4.970178065536353)I6:2.758050806714647)I7;
-14.826995999590023: ((DQ022305_HKU3_1:2.781328864569534,NC_004718:0.02869779758889268)I7:2.239308115365475,(MT040334_PCoV_GX_P1E:0.23313550342043954,(MT121216_Pangolin_MP789:1.6167980489948237,((MN908947_Wuhan_Hu_1:2.0250278864616615)I4#H1:1.0::0.5,(MN996532_Bat_RaTG13:1.1859164723373419,I4#H1:0.07060991573126575::0.5)I0:0.30706734294346116)I2:1.137151349958444)I1:0.6088741089826428)I3:3.703311665863385)I6;
-15.721963346659244: ((DQ022305_HKU3_1:0.053828801905887014,NC_004718:1.5372179912459318)I1:2.06855354084083,(MT040334_PCoV_GX_P1E:0.9277044845045221,(MN996532_Bat_RaTG13:0.7067398212632543,(MT121216_Pangolin_MP789:1.5876122985376526,MN908947_Wuhan_Hu_1:0.02653133626493268)I8:0.026238575385949463)I4:5.331081679825404)I6:2.758050806714647)I7;
-16.78478218281522: ((NC_004718:0.8558942823877125,DQ022305_HKU3_1:4.771875888512971)I1:5.160157655868873,(((MT121216_Pangolin_MP789:0.8112633288675601,(MN908947_Wuhan_Hu_1:0.1418897775680637,MN996532_Bat_RaTG13:0.529491184535016)I13:0.5202329511465613)I5:2.404789319335064)I3#H1:1.0::0.5,(MT040334_PCoV_GX_P1E:0.5316878642751988,I3#H1:0.8798901595366759::0.5)I6:0.06149773965514971)I0:1.2930305134296236)I2;
Running Time (min): 0.02175
===============================


Results after run #10
-10.70921993039769: ((MT040334_PCoV_GX_P1E:0.9277044845045221,(MT121216_Pangolin_MP789:1.4922017175585203,(MN996532_Bat_RaTG13:1.0755806970962858,MN908947_Wuhan_Hu_1:0.08011734933216864)I8:0.5453905556570094)I4:4.337000642700987)I6:2.4981581564988184,((DQ022305_HKU3_1:0.00303292023870097)I2#H1:0.050795881667186044::0.5732417475266381,(NC_004718:0.42777343554257086,I2#H1:1.0::0.42675825247336185)I0:1.1226198772476836)I1:1.7710987454123797)I7;
-11.252001946974744: ((DQ022305_HKU3_1:0.053828801905887014,NC_004718:1.5372179912459318)I1:2.06855354084083,(MT040334_PCoV_GX_P1E:0.9277044845045221,(MT121216_Pangolin_MP789:1.5876122985376526,(MN996532_Bat_RaTG13:0.7067398212632543,MN908947_Wuhan_Hu_1:0.05276991165088214)I4:0.3609036142890513)I8:4.970178065536353)I6:2.758050806714647)I7;
-14.826995999590023: ((DQ022305_HKU3_1:2.781328864569534,NC_004718:0.02869779758889268)I7:2.239308115365475,(MT040334_PCoV_GX_P1E:0.23313550342043954,(MT121216_Pangolin_MP789:1.6167980489948237,((MN908947_Wuhan_Hu_1:2.0250278864616615)I4#H1:1.0::0.5,(MN996532_Bat_RaTG13:1.1859164723373419,I4#H1:0.07060991573126575::0.5)I0:0.30706734294346116)I2:1.137151349958444)I1:0.6088741089826428)I3:3.703311665863385)I6;
-15.721963346659244: ((DQ022305_HKU3_1:0.053828801905887014,NC_004718:1.5372179912459318)I1:2.06855354084083,(MT040334_PCoV_GX_P1E:0.9277044845045221,(MN996532_Bat_RaTG13:0.7067398212632543,(MT121216_Pangolin_MP789:1.5876122985376526,MN908947_Wuhan_Hu_1:0.02653133626493268)I8:0.026238575385949463)I4:5.331081679825404)I6:2.758050806714647)I7;
-16.158589715522027: ((NC_004718:1.1760147715812412,DQ022305_HKU3_1:1.440649205071311)I3:2.0147744994455405,((MT040334_PCoV_GX_P1E:0.3026728812206432)I8#H1:1.0::0.13664556478655032,(((MT121216_Pangolin_MP789:0.06988085073511771,(MN908947_Wuhan_Hu_1:0.1789788561844721,MN996532_Bat_RaTG13:0.007927833034815986)I6:0.21702631275928425)I7:5.239551555290074)I2#H2:0.061961132216836495::0.4217438233502403,(I2#H2:1.0144653703417517::0.5782561766497597,I8#H1:0.7210307604790882::0.8633544352134497)I1:0.049630523165176244)I4:0.768384107587847)I5:1.2359992863294262)I0;
Running Time (min): 0.019733333333333332
===============================


Inferred Network #1:
((((((MT121216_Pangolin_MP789:1.0,(MN908947_Wuhan_Hu_1:1.0,MN996532_Bat_RaTG13:1.0):5.909168516615168):5.913608283464006)#H1:5.913617395446461::0.0014873743766175402,(MT040334_PCoV_GX_P1E:1.0)#H2:1.0::0.9828573145495751):0.0011774181844964955,#H1:5.913622461183991::0.9985126256233825):5.913622535702375,#H2:1.0::0.017142685450424855):5.913587442137679,(NC_004718:1.0,DQ022305_HKU3_1:1.0):5.909068844742343);
Total log probability: -0.08362066411067834
Visualize in Dendroscope : ((((((MT121216_Pangolin_MP789,(MN908947_Wuhan_Hu_1,MN996532_Bat_RaTG13)))#H1,(MT040334_PCoV_GX_P1E)#H2),#H1),#H2),(NC_004718,DQ022305_HKU3_1));
Inferred Network #2:
(((NC_004718:1.0,(DQ022305_HKU3_1:1.0)#H1:1.0::0.9828573145495751):5.913617204128898,#H1:1.0::0.017142685450424855):5.913582112280175,(MT040334_PCoV_GX_P1E:1.0,(MT121216_Pangolin_MP789:1.0,(MN996532_Bat_RaTG13:1.0,MN908947_Wuhan_Hu_1:1.0):5.909090157324011):5.91068205882266):5.909077058379533);
Total log probability: -0.1481787236163323
Visualize in Dendroscope : (((NC_004718,(DQ022305_HKU3_1)#H1),#H1),(MT040334_PCoV_GX_P1E,(MT121216_Pangolin_MP789,(MN996532_Bat_RaTG13,MN908947_Wuhan_Hu_1))));
Inferred Network #3:
((DQ022305_HKU3_1:1.0,NC_004718:1.0):5.909068844742342,(MT040334_PCoV_GX_P1E:1.0,(((MN996532_Bat_RaTG13:1.0,(MN908947_Wuhan_Hu_1:1.0)#H1:1.0::0.9828573145495751):5.9136206568034435,#H1:1.0::0.017142685450424855):5.913582222274188,MT121216_Pangolin_MP789:1.0):5.90909646756058):5.90965458912902);
Total log probability: -0.19607690819095766
Visualize in Dendroscope : ((DQ022305_HKU3_1,NC_004718),(MT040334_PCoV_GX_P1E,(((MN996532_Bat_RaTG13,(MN908947_Wuhan_Hu_1)#H1),#H1),MT121216_Pangolin_MP789)));
Inferred Network #4:
((DQ022305_HKU3_1:1.0,NC_004718:1.0):5.909068844742334,(MT040334_PCoV_GX_P1E:1.0,(MT121216_Pangolin_MP789:1.0,(MN996532_Bat_RaTG13:1.0,MN908947_Wuhan_Hu_1:1.0):5.910409381121683):5.909099520124353):5.909655125667996);
Total log probability: -0.21208041373933698
Visualize in Dendroscope : ((DQ022305_HKU3_1,NC_004718),(MT040334_PCoV_GX_P1E,(MT121216_Pangolin_MP789,(MN996532_Bat_RaTG13,MN908947_Wuhan_Hu_1))));
Inferred Network #5:
((DQ022305_HKU3_1:1.0,NC_004718:1.0):5.909068844742317,(MT040334_PCoV_GX_P1E:1.0,(MN996532_Bat_RaTG13:1.0,(MT121216_Pangolin_MP789:1.0,MN908947_Wuhan_Hu_1:1.0):0.0011774181844964955):5.909552111081487):5.909774582239192);
Total log probability: -10.110199833290697
Visualize in Dendroscope : ((DQ022305_HKU3_1,NC_004718),(MT040334_PCoV_GX_P1E,(MN996532_Bat_RaTG13,(MT121216_Pangolin_MP789,MN908947_Wuhan_Hu_1))));
