
InferNetwork_MPL (Tree9, Tree8, Tree7, Tree6, Tree5, Tree4, Tree3, Tree2, Tree1) 10 -m 1000 -pl 10 -di "/home/rosanne/Documents/minor_research_project/results/phylonet/"
Results after run #1
-694.1501959923264: (((((NC_004718:1.0,KP886808_YNLF_31C:1.0):1.0,KJ473816_BtRs_BetaCoV_YN2013:1.0):1.0,JX993988_Cp_Yunnan2011:1.0):1.0,((DQ412043_Rm1:1.0,DQ412042_Rf1:1.0):1.0,DQ022305_HKU3_1:1.0):1.0):1.0,(((MN996532_Bat_RaTG13:1.0,MN908947_Wuhan_Hu_1:1.0):1.0,MT121216_Pangolin_MP789:1.0):1.0,MT040334_PCoV_GX_P1E:1.0):1.0);
-713.8075383677374: ((MT040334_PCoV_GX_P1E:1.0,(MT121216_Pangolin_MP789:1.0,(MN996532_Bat_RaTG13:1.0,MN908947_Wuhan_Hu_1:1.0)I6:1.1365003701564744)I3:1.1385766332244478)I1:0.9844495095221037,((KJ473816_BtRs_BetaCoV_YN2013:1.0,(JX993988_Cp_Yunnan2011:1.0,(KP886808_YNLF_31C:1.0,NC_004718:1.0)I11:0.32318226891260304)I10:0.7226322827591348)I9:1.9317786246551398,(DQ022305_HKU3_1:1.0,(DQ412042_Rf1:1.0,DQ412043_Rm1:1.0)I8:0.8739206359630955)I4:0.9915582058660731)I2:0.96941131831179)I0;
-725.4559142382494: ((MT040334_PCoV_GX_P1E:1.0,(MT121216_Pangolin_MP789:1.0,(MN996532_Bat_RaTG13:1.0,MN908947_Wuhan_Hu_1:1.0)I6:1.1728907101568369)I3:1.1385766332244478)I1:0.9844495095221037,((DQ022305_HKU3_1:1.0,(DQ412042_Rf1:1.0,DQ412043_Rm1:1.0)I8:0.8027314315029859)I4:0.9915582058660731,(NC_004718:1.323182268912603,(KP886808_YNLF_31C:1.0,(KJ473816_BtRs_BetaCoV_YN2013:1.0,JX993988_Cp_Yunnan2011:0.19342049108724774)I9:0.1391180126125995)I11:0.6071587342253703)I10:2.7632673999477717)I2:0.9477655367521957)I0;
-728.9677152049394: ((MT040334_PCoV_GX_P1E:1.0,(MT121216_Pangolin_MP789:1.0,(MN996532_Bat_RaTG13:1.0,MN908947_Wuhan_Hu_1:1.0)I6:1.1365003701564744)I3:1.1385766332244478)I1:0.9844495095221037,((KJ473816_BtRs_BetaCoV_YN2013:1.0,(NC_004718:1.323182268912603,(KP886808_YNLF_31C:1.0,JX993988_Cp_Yunnan2011:0.39284126577462974)I11:0.6071587342253703)I10:0.7226322827591348)I9:1.9317786246551398,(DQ022305_HKU3_1:1.0,(DQ412042_Rf1:1.0,DQ412043_Rm1:1.0)I8:0.8739206359630955)I4:0.9915582058660731)I2:0.96941131831179)I0;
-737.2024423099307: (((MT121216_Pangolin_MP789:1.0,(MN996532_Bat_RaTG13:1.0,MN908947_Wuhan_Hu_1:1.0)I6:1.1728907101568369)I3:1.1385766332244478,MT040334_PCoV_GX_P1E:1.0)I1:0.9844495095221037,(((DQ022305_HKU3_1:1.0,(DQ412042_Rf1:1.0,DQ412043_Rm1:1.0)I8:0.8021291038261215)I4:0.734284915538346)I5#H1:0.25727329032772717::0.5,((KP886808_YNLF_31C:1.0,(JX993988_Cp_Yunnan2011:0.19342049108724774,KJ473816_BtRs_BetaCoV_YN2013:1.0)I9:0.20431155356252362)I11:0.6071587342253703,(NC_004718:1.0628482729337645,I5#H1:1.0::0.5)I7:0.2603339959788384)I10:2.7951076509393236)I2:0.8656578260070277)I0;
Running Time (min): 0.11543333333333333
===============================


Results after run #2
-672.3752710514564: ((((DQ412042_Rf1:1.0,DQ022305_HKU3_1:0.7044570687077408):0.3934966544355879,DQ412043_Rm1:1.9891051618364135):0.8720294524943145,(((NC_004718:1.0,KP886808_YNLF_31C:1.0):1.0189371227279889,KJ473816_BtRs_BetaCoV_YN2013:1.0):1.2454059060123774,JX993988_Cp_Yunnan2011:1.0):1.0379988674446623):1.126992861532537,(MT040334_PCoV_GX_P1E:1.0,(MT121216_Pangolin_MP789:1.0,(MN996532_Bat_RaTG13:1.0,MN908947_Wuhan_Hu_1:0.48812915094818554):1.4790091745472598):1.0633136810909751):1.045805029011343);
-694.1501959923264: (((((NC_004718:1.0,KP886808_YNLF_31C:1.0):1.0,KJ473816_BtRs_BetaCoV_YN2013:1.0):1.0,JX993988_Cp_Yunnan2011:1.0):1.0,((DQ412043_Rm1:1.0,DQ412042_Rf1:1.0):1.0,DQ022305_HKU3_1:1.0):1.0):1.0,(((MN996532_Bat_RaTG13:1.0,MN908947_Wuhan_Hu_1:1.0):1.0,MT121216_Pangolin_MP789:1.0):1.0,MT040334_PCoV_GX_P1E:1.0):1.0);
-697.9394974661665: (((DQ412043_Rm1:1.9891051618364135,(DQ412042_Rf1:1.0,DQ022305_HKU3_1:0.7044570687077408):0.29554293129225917):0.896516873174089,(JX993988_Cp_Yunnan2011:1.0,((NC_004718:1.0,KP886808_YNLF_31C:1.0):0.8704614217777338,KJ473816_BtRs_BetaCoV_YN2013:1.0):1.237523634846276):1.0729567778233555):0.9934646668184055,(MT040334_PCoV_GX_P1E:1.0,((MT121216_Pangolin_MP789:1.0,MN908947_Wuhan_Hu_1:2.0):0.25072408328662227,MN996532_Bat_RaTG13:1.0):0.9506583141135794):0.9207790021088802);
-708.9781608892484: ((MT040334_PCoV_GX_P1E:1.0,(MN996532_Bat_RaTG13:1.0,(MT121216_Pangolin_MP789:1.0,MN908947_Wuhan_Hu_1:2.0):0.1747657884079682):0.8252342115920318):1.0,((DQ022305_HKU3_1:1.0,(DQ412042_Rf1:1.0,DQ412043_Rm1:1.0):0.9891051618364136):0.945758723823862,(JX993988_Cp_Yunnan2011:1.0,(KJ473816_BtRs_BetaCoV_YN2013:1.0,(KP886808_YNLF_31C:1.0,NC_004718:1.0):1.059393682094337):1.0):1.0):1.0205454625773458);
-713.8075383677374: ((MT040334_PCoV_GX_P1E:1.0,(MT121216_Pangolin_MP789:1.0,(MN996532_Bat_RaTG13:1.0,MN908947_Wuhan_Hu_1:1.0)I6:1.1365003701564744)I3:1.1385766332244478)I1:0.9844495095221037,((KJ473816_BtRs_BetaCoV_YN2013:1.0,(JX993988_Cp_Yunnan2011:1.0,(KP886808_YNLF_31C:1.0,NC_004718:1.0)I11:0.32318226891260304)I10:0.7226322827591348)I9:1.9317786246551398,(DQ022305_HKU3_1:1.0,(DQ412042_Rf1:1.0,DQ412043_Rm1:1.0)I8:0.8739206359630955)I4:0.9915582058660731)I2:0.96941131831179)I0;
Running Time (min): 0.5498333333333333
===============================


Results after run #3
-672.3752710514564: ((((DQ412042_Rf1:1.0,DQ022305_HKU3_1:0.7044570687077408):0.3934966544355879,DQ412043_Rm1:1.9891051618364135):0.8720294524943145,(((NC_004718:1.0,KP886808_YNLF_31C:1.0):1.0189371227279889,KJ473816_BtRs_BetaCoV_YN2013:1.0):1.2454059060123774,JX993988_Cp_Yunnan2011:1.0):1.0379988674446623):1.126992861532537,(MT040334_PCoV_GX_P1E:1.0,(MT121216_Pangolin_MP789:1.0,(MN996532_Bat_RaTG13:1.0,MN908947_Wuhan_Hu_1:0.48812915094818554):1.4790091745472598):1.0633136810909751):1.045805029011343);
-692.0638726727826: ((MT040334_PCoV_GX_P1E:1.0,(MT121216_Pangolin_MP789:1.0,(MN908947_Wuhan_Hu_1:1.0,MN996532_Bat_RaTG13:1.0):1.0):1.0361526199893798):1.0,((DQ022305_HKU3_1:1.0,(DQ412042_Rf1:1.0,DQ412043_Rm1:1.0):0.9067672703203572):1.0,(JX993988_Cp_Yunnan2011:1.0,(KJ473816_BtRs_BetaCoV_YN2013:1.0,(KP886808_YNLF_31C:1.0,NC_004718:1.0):1.0191939912894037):1.0):1.0):0.9616711527530852);
-697.9394974661665: (((DQ412043_Rm1:1.9891051618364135,(DQ412042_Rf1:1.0,DQ022305_HKU3_1:0.7044570687077408):0.29554293129225917):0.896516873174089,(JX993988_Cp_Yunnan2011:1.0,((NC_004718:1.0,KP886808_YNLF_31C:1.0):0.8704614217777338,KJ473816_BtRs_BetaCoV_YN2013:1.0):1.237523634846276):1.0729567778233555):0.9934646668184055,(MT040334_PCoV_GX_P1E:1.0,((MT121216_Pangolin_MP789:1.0,MN908947_Wuhan_Hu_1:2.0):0.25072408328662227,MN996532_Bat_RaTG13:1.0):0.9506583141135794):0.9207790021088802);
-708.9781608892484: ((MT040334_PCoV_GX_P1E:1.0,(MN996532_Bat_RaTG13:1.0,(MT121216_Pangolin_MP789:1.0,MN908947_Wuhan_Hu_1:2.0):0.1747657884079682):0.8252342115920318):1.0,((DQ022305_HKU3_1:1.0,(DQ412042_Rf1:1.0,DQ412043_Rm1:1.0):0.9891051618364136):0.945758723823862,(JX993988_Cp_Yunnan2011:1.0,(KJ473816_BtRs_BetaCoV_YN2013:1.0,(KP886808_YNLF_31C:1.0,NC_004718:1.0):1.059393682094337):1.0):1.0):1.0205454625773458);
-713.8075383677374: ((MT040334_PCoV_GX_P1E:1.0,(MT121216_Pangolin_MP789:1.0,(MN996532_Bat_RaTG13:1.0,MN908947_Wuhan_Hu_1:1.0)I6:1.1365003701564744)I3:1.1385766332244478)I1:0.9844495095221037,((KJ473816_BtRs_BetaCoV_YN2013:1.0,(JX993988_Cp_Yunnan2011:1.0,(KP886808_YNLF_31C:1.0,NC_004718:1.0)I11:0.32318226891260304)I10:0.7226322827591348)I9:1.9317786246551398,(DQ022305_HKU3_1:1.0,(DQ412042_Rf1:1.0,DQ412043_Rm1:1.0)I8:0.8739206359630955)I4:0.9915582058660731)I2:0.96941131831179)I0;
Running Time (min): 0.20638333333333334
===============================


Results after run #4
-672.3752710514564: ((((DQ412042_Rf1:1.0,DQ022305_HKU3_1:0.7044570687077408):0.3934966544355879,DQ412043_Rm1:1.9891051618364135):0.8720294524943145,(((NC_004718:1.0,KP886808_YNLF_31C:1.0):1.0189371227279889,KJ473816_BtRs_BetaCoV_YN2013:1.0):1.2454059060123774,JX993988_Cp_Yunnan2011:1.0):1.0379988674446623):1.126992861532537,(MT040334_PCoV_GX_P1E:1.0,(MT121216_Pangolin_MP789:1.0,(MN996532_Bat_RaTG13:1.0,MN908947_Wuhan_Hu_1:0.48812915094818554):1.4790091745472598):1.0633136810909751):1.045805029011343);
-692.0638726727826: ((MT040334_PCoV_GX_P1E:1.0,(MT121216_Pangolin_MP789:1.0,(MN908947_Wuhan_Hu_1:1.0,MN996532_Bat_RaTG13:1.0):1.0):1.0361526199893798):1.0,((DQ022305_HKU3_1:1.0,(DQ412042_Rf1:1.0,DQ412043_Rm1:1.0):0.9067672703203572):1.0,(JX993988_Cp_Yunnan2011:1.0,(KJ473816_BtRs_BetaCoV_YN2013:1.0,(KP886808_YNLF_31C:1.0,NC_004718:1.0):1.0191939912894037):1.0):1.0):0.9616711527530852);
-697.9394974661665: (((DQ412043_Rm1:1.9891051618364135,(DQ412042_Rf1:1.0,DQ022305_HKU3_1:0.7044570687077408):0.29554293129225917):0.896516873174089,(JX993988_Cp_Yunnan2011:1.0,((NC_004718:1.0,KP886808_YNLF_31C:1.0):0.8704614217777338,KJ473816_BtRs_BetaCoV_YN2013:1.0):1.237523634846276):1.0729567778233555):0.9934646668184055,(MT040334_PCoV_GX_P1E:1.0,((MT121216_Pangolin_MP789:1.0,MN908947_Wuhan_Hu_1:2.0):0.25072408328662227,MN996532_Bat_RaTG13:1.0):0.9506583141135794):0.9207790021088802);
-700.3311747492551: ((MT040334_PCoV_GX_P1E:1.0,(MT121216_Pangolin_MP789:1.0,(MN908947_Wuhan_Hu_1:1.0,MN996532_Bat_RaTG13:1.0)I6:1.0)I3:1.0)I1:1.0,((DQ022305_HKU3_1:1.0,(DQ412042_Rf1:1.0,DQ412043_Rm1:1.0)I7:1.0)I4:0.94610807112729,(JX993988_Cp_Yunnan2011:1.0,(((KP886808_YNLF_31C:1.0,NC_004718:1.0)I11:0.9049585569804112)I10#H1:1.0::0.5,(KJ473816_BtRs_BetaCoV_YN2013:1.0,I10#H1:0.10920498748011921::0.5)I9:0.01823202233544252)I8:0.9068077156767073)I5:0.8347585204975367)I2:0.9013075765357893)I0;
-708.9781608892484: ((MT040334_PCoV_GX_P1E:1.0,(MN996532_Bat_RaTG13:1.0,(MT121216_Pangolin_MP789:1.0,MN908947_Wuhan_Hu_1:2.0):0.1747657884079682):0.8252342115920318):1.0,((DQ022305_HKU3_1:1.0,(DQ412042_Rf1:1.0,DQ412043_Rm1:1.0):0.9891051618364136):0.945758723823862,(JX993988_Cp_Yunnan2011:1.0,(KJ473816_BtRs_BetaCoV_YN2013:1.0,(KP886808_YNLF_31C:1.0,NC_004718:1.0):1.059393682094337):1.0):1.0):1.0205454625773458);
Running Time (min): 0.04396666666666667
===============================


Results after run #5
-672.3752710514564: ((((DQ412042_Rf1:1.0,DQ022305_HKU3_1:0.7044570687077408):0.3934966544355879,DQ412043_Rm1:1.9891051618364135):0.8720294524943145,(((NC_004718:1.0,KP886808_YNLF_31C:1.0):1.0189371227279889,KJ473816_BtRs_BetaCoV_YN2013:1.0):1.2454059060123774,JX993988_Cp_Yunnan2011:1.0):1.0379988674446623):1.126992861532537,(MT040334_PCoV_GX_P1E:1.0,(MT121216_Pangolin_MP789:1.0,(MN996532_Bat_RaTG13:1.0,MN908947_Wuhan_Hu_1:0.48812915094818554):1.4790091745472598):1.0633136810909751):1.045805029011343);
-692.0638726727826: ((MT040334_PCoV_GX_P1E:1.0,(MT121216_Pangolin_MP789:1.0,(MN908947_Wuhan_Hu_1:1.0,MN996532_Bat_RaTG13:1.0):1.0):1.0361526199893798):1.0,((DQ022305_HKU3_1:1.0,(DQ412042_Rf1:1.0,DQ412043_Rm1:1.0):0.9067672703203572):1.0,(JX993988_Cp_Yunnan2011:1.0,(KJ473816_BtRs_BetaCoV_YN2013:1.0,(KP886808_YNLF_31C:1.0,NC_004718:1.0):1.0191939912894037):1.0):1.0):0.9616711527530852);
-697.9394974661665: (((DQ412043_Rm1:1.9891051618364135,(DQ412042_Rf1:1.0,DQ022305_HKU3_1:0.7044570687077408):0.29554293129225917):0.896516873174089,(JX993988_Cp_Yunnan2011:1.0,((NC_004718:1.0,KP886808_YNLF_31C:1.0):0.8704614217777338,KJ473816_BtRs_BetaCoV_YN2013:1.0):1.237523634846276):1.0729567778233555):0.9934646668184055,(MT040334_PCoV_GX_P1E:1.0,((MT121216_Pangolin_MP789:1.0,MN908947_Wuhan_Hu_1:2.0):0.25072408328662227,MN996532_Bat_RaTG13:1.0):0.9506583141135794):0.9207790021088802);
-700.3311747492551: ((MT040334_PCoV_GX_P1E:1.0,(MT121216_Pangolin_MP789:1.0,(MN908947_Wuhan_Hu_1:1.0,MN996532_Bat_RaTG13:1.0)I6:1.0)I3:1.0)I1:1.0,((DQ022305_HKU3_1:1.0,(DQ412042_Rf1:1.0,DQ412043_Rm1:1.0)I7:1.0)I4:0.94610807112729,(JX993988_Cp_Yunnan2011:1.0,(((KP886808_YNLF_31C:1.0,NC_004718:1.0)I11:0.9049585569804112)I10#H1:1.0::0.5,(KJ473816_BtRs_BetaCoV_YN2013:1.0,I10#H1:0.10920498748011921::0.5)I9:0.01823202233544252)I8:0.9068077156767073)I5:0.8347585204975367)I2:0.9013075765357893)I0;
-708.9781608892484: ((MT040334_PCoV_GX_P1E:1.0,(MN996532_Bat_RaTG13:1.0,(MT121216_Pangolin_MP789:1.0,MN908947_Wuhan_Hu_1:2.0):0.1747657884079682):0.8252342115920318):1.0,((DQ022305_HKU3_1:1.0,(DQ412042_Rf1:1.0,DQ412043_Rm1:1.0):0.9891051618364136):0.945758723823862,(JX993988_Cp_Yunnan2011:1.0,(KJ473816_BtRs_BetaCoV_YN2013:1.0,(KP886808_YNLF_31C:1.0,NC_004718:1.0):1.059393682094337):1.0):1.0):1.0205454625773458);
Running Time (min): 0.0469
===============================


Results after run #6
-672.3752710514564: ((((DQ412042_Rf1:1.0,DQ022305_HKU3_1:0.7044570687077408):0.3934966544355879,DQ412043_Rm1:1.9891051618364135):0.8720294524943145,(((NC_004718:1.0,KP886808_YNLF_31C:1.0):1.0189371227279889,KJ473816_BtRs_BetaCoV_YN2013:1.0):1.2454059060123774,JX993988_Cp_Yunnan2011:1.0):1.0379988674446623):1.126992861532537,(MT040334_PCoV_GX_P1E:1.0,(MT121216_Pangolin_MP789:1.0,(MN996532_Bat_RaTG13:1.0,MN908947_Wuhan_Hu_1:0.48812915094818554):1.4790091745472598):1.0633136810909751):1.045805029011343);
-692.0638726727826: ((MT040334_PCoV_GX_P1E:1.0,(MT121216_Pangolin_MP789:1.0,(MN908947_Wuhan_Hu_1:1.0,MN996532_Bat_RaTG13:1.0):1.0):1.0361526199893798):1.0,((DQ022305_HKU3_1:1.0,(DQ412042_Rf1:1.0,DQ412043_Rm1:1.0):0.9067672703203572):1.0,(JX993988_Cp_Yunnan2011:1.0,(KJ473816_BtRs_BetaCoV_YN2013:1.0,(KP886808_YNLF_31C:1.0,NC_004718:1.0):1.0191939912894037):1.0):1.0):0.9616711527530852);
-697.9394974661665: (((DQ412043_Rm1:1.9891051618364135,(DQ412042_Rf1:1.0,DQ022305_HKU3_1:0.7044570687077408):0.29554293129225917):0.896516873174089,(JX993988_Cp_Yunnan2011:1.0,((NC_004718:1.0,KP886808_YNLF_31C:1.0):0.8704614217777338,KJ473816_BtRs_BetaCoV_YN2013:1.0):1.237523634846276):1.0729567778233555):0.9934646668184055,(MT040334_PCoV_GX_P1E:1.0,((MT121216_Pangolin_MP789:1.0,MN908947_Wuhan_Hu_1:2.0):0.25072408328662227,MN996532_Bat_RaTG13:1.0):0.9506583141135794):0.9207790021088802);
-700.3311747492551: ((MT040334_PCoV_GX_P1E:1.0,(MT121216_Pangolin_MP789:1.0,(MN908947_Wuhan_Hu_1:1.0,MN996532_Bat_RaTG13:1.0)I6:1.0)I3:1.0)I1:1.0,((DQ022305_HKU3_1:1.0,(DQ412042_Rf1:1.0,DQ412043_Rm1:1.0)I7:1.0)I4:0.94610807112729,(JX993988_Cp_Yunnan2011:1.0,(((KP886808_YNLF_31C:1.0,NC_004718:1.0)I11:0.9049585569804112)I10#H1:1.0::0.5,(KJ473816_BtRs_BetaCoV_YN2013:1.0,I10#H1:0.10920498748011921::0.5)I9:0.01823202233544252)I8:0.9068077156767073)I5:0.8347585204975367)I2:0.9013075765357893)I0;
-708.9781608892484: ((MT040334_PCoV_GX_P1E:1.0,(MN996532_Bat_RaTG13:1.0,(MT121216_Pangolin_MP789:1.0,MN908947_Wuhan_Hu_1:2.0):0.1747657884079682):0.8252342115920318):1.0,((DQ022305_HKU3_1:1.0,(DQ412042_Rf1:1.0,DQ412043_Rm1:1.0):0.9891051618364136):0.945758723823862,(JX993988_Cp_Yunnan2011:1.0,(KJ473816_BtRs_BetaCoV_YN2013:1.0,(KP886808_YNLF_31C:1.0,NC_004718:1.0):1.059393682094337):1.0):1.0):1.0205454625773458);
Running Time (min): 0.050416666666666665
===============================


Results after run #7
-672.3752710514564: ((((DQ412042_Rf1:1.0,DQ022305_HKU3_1:0.7044570687077408):0.3934966544355879,DQ412043_Rm1:1.9891051618364135):0.8720294524943145,(((NC_004718:1.0,KP886808_YNLF_31C:1.0):1.0189371227279889,KJ473816_BtRs_BetaCoV_YN2013:1.0):1.2454059060123774,JX993988_Cp_Yunnan2011:1.0):1.0379988674446623):1.126992861532537,(MT040334_PCoV_GX_P1E:1.0,(MT121216_Pangolin_MP789:1.0,(MN996532_Bat_RaTG13:1.0,MN908947_Wuhan_Hu_1:0.48812915094818554):1.4790091745472598):1.0633136810909751):1.045805029011343);
-692.0638726727826: ((MT040334_PCoV_GX_P1E:1.0,(MT121216_Pangolin_MP789:1.0,(MN908947_Wuhan_Hu_1:1.0,MN996532_Bat_RaTG13:1.0):1.0):1.0361526199893798):1.0,((DQ022305_HKU3_1:1.0,(DQ412042_Rf1:1.0,DQ412043_Rm1:1.0):0.9067672703203572):1.0,(JX993988_Cp_Yunnan2011:1.0,(KJ473816_BtRs_BetaCoV_YN2013:1.0,(KP886808_YNLF_31C:1.0,NC_004718:1.0):1.0191939912894037):1.0):1.0):0.9616711527530852);
-697.9394974661665: (((DQ412043_Rm1:1.9891051618364135,(DQ412042_Rf1:1.0,DQ022305_HKU3_1:0.7044570687077408):0.29554293129225917):0.896516873174089,(JX993988_Cp_Yunnan2011:1.0,((NC_004718:1.0,KP886808_YNLF_31C:1.0):0.8704614217777338,KJ473816_BtRs_BetaCoV_YN2013:1.0):1.237523634846276):1.0729567778233555):0.9934646668184055,(MT040334_PCoV_GX_P1E:1.0,((MT121216_Pangolin_MP789:1.0,MN908947_Wuhan_Hu_1:2.0):0.25072408328662227,MN996532_Bat_RaTG13:1.0):0.9506583141135794):0.9207790021088802);
-700.3311747492551: ((MT040334_PCoV_GX_P1E:1.0,(MT121216_Pangolin_MP789:1.0,(MN908947_Wuhan_Hu_1:1.0,MN996532_Bat_RaTG13:1.0)I6:1.0)I3:1.0)I1:1.0,((DQ022305_HKU3_1:1.0,(DQ412042_Rf1:1.0,DQ412043_Rm1:1.0)I7:1.0)I4:0.94610807112729,(JX993988_Cp_Yunnan2011:1.0,(((KP886808_YNLF_31C:1.0,NC_004718:1.0)I11:0.9049585569804112)I10#H1:1.0::0.5,(KJ473816_BtRs_BetaCoV_YN2013:1.0,I10#H1:0.10920498748011921::0.5)I9:0.01823202233544252)I8:0.9068077156767073)I5:0.8347585204975367)I2:0.9013075765357893)I0;
-708.9781608892484: ((MT040334_PCoV_GX_P1E:1.0,(MN996532_Bat_RaTG13:1.0,(MT121216_Pangolin_MP789:1.0,MN908947_Wuhan_Hu_1:2.0):0.1747657884079682):0.8252342115920318):1.0,((DQ022305_HKU3_1:1.0,(DQ412042_Rf1:1.0,DQ412043_Rm1:1.0):0.9891051618364136):0.945758723823862,(JX993988_Cp_Yunnan2011:1.0,(KJ473816_BtRs_BetaCoV_YN2013:1.0,(KP886808_YNLF_31C:1.0,NC_004718:1.0):1.059393682094337):1.0):1.0):1.0205454625773458);
Running Time (min): 1.8352833333333334
===============================


Results after run #8
-672.3752710514564: ((((DQ412042_Rf1:1.0,DQ022305_HKU3_1:0.7044570687077408):0.3934966544355879,DQ412043_Rm1:1.9891051618364135):0.8720294524943145,(((NC_004718:1.0,KP886808_YNLF_31C:1.0):1.0189371227279889,KJ473816_BtRs_BetaCoV_YN2013:1.0):1.2454059060123774,JX993988_Cp_Yunnan2011:1.0):1.0379988674446623):1.126992861532537,(MT040334_PCoV_GX_P1E:1.0,(MT121216_Pangolin_MP789:1.0,(MN996532_Bat_RaTG13:1.0,MN908947_Wuhan_Hu_1:0.48812915094818554):1.4790091745472598):1.0633136810909751):1.045805029011343);
-692.0638726727826: ((MT040334_PCoV_GX_P1E:1.0,(MT121216_Pangolin_MP789:1.0,(MN908947_Wuhan_Hu_1:1.0,MN996532_Bat_RaTG13:1.0):1.0):1.0361526199893798):1.0,((DQ022305_HKU3_1:1.0,(DQ412042_Rf1:1.0,DQ412043_Rm1:1.0):0.9067672703203572):1.0,(JX993988_Cp_Yunnan2011:1.0,(KJ473816_BtRs_BetaCoV_YN2013:1.0,(KP886808_YNLF_31C:1.0,NC_004718:1.0):1.0191939912894037):1.0):1.0):0.9616711527530852);
-697.9394974661665: (((DQ412043_Rm1:1.9891051618364135,(DQ412042_Rf1:1.0,DQ022305_HKU3_1:0.7044570687077408):0.29554293129225917):0.896516873174089,(JX993988_Cp_Yunnan2011:1.0,((NC_004718:1.0,KP886808_YNLF_31C:1.0):0.8704614217777338,KJ473816_BtRs_BetaCoV_YN2013:1.0):1.237523634846276):1.0729567778233555):0.9934646668184055,(MT040334_PCoV_GX_P1E:1.0,((MT121216_Pangolin_MP789:1.0,MN908947_Wuhan_Hu_1:2.0):0.25072408328662227,MN996532_Bat_RaTG13:1.0):0.9506583141135794):0.9207790021088802);
-700.3311747492551: ((MT040334_PCoV_GX_P1E:1.0,(MT121216_Pangolin_MP789:1.0,(MN908947_Wuhan_Hu_1:1.0,MN996532_Bat_RaTG13:1.0)I6:1.0)I3:1.0)I1:1.0,((DQ022305_HKU3_1:1.0,(DQ412042_Rf1:1.0,DQ412043_Rm1:1.0)I7:1.0)I4:0.94610807112729,(JX993988_Cp_Yunnan2011:1.0,(((KP886808_YNLF_31C:1.0,NC_004718:1.0)I11:0.9049585569804112)I10#H1:1.0::0.5,(KJ473816_BtRs_BetaCoV_YN2013:1.0,I10#H1:0.10920498748011921::0.5)I9:0.01823202233544252)I8:0.9068077156767073)I5:0.8347585204975367)I2:0.9013075765357893)I0;
-708.9781608892484: ((MT040334_PCoV_GX_P1E:1.0,(MN996532_Bat_RaTG13:1.0,(MT121216_Pangolin_MP789:1.0,MN908947_Wuhan_Hu_1:2.0):0.1747657884079682):0.8252342115920318):1.0,((DQ022305_HKU3_1:1.0,(DQ412042_Rf1:1.0,DQ412043_Rm1:1.0):0.9891051618364136):0.945758723823862,(JX993988_Cp_Yunnan2011:1.0,(KJ473816_BtRs_BetaCoV_YN2013:1.0,(KP886808_YNLF_31C:1.0,NC_004718:1.0):1.059393682094337):1.0):1.0):1.0205454625773458);
Running Time (min): 0.09485
===============================


Results after run #9
-672.3752710514564: ((((DQ412042_Rf1:1.0,DQ022305_HKU3_1:0.7044570687077408):0.3934966544355879,DQ412043_Rm1:1.9891051618364135):0.8720294524943145,(((NC_004718:1.0,KP886808_YNLF_31C:1.0):1.0189371227279889,KJ473816_BtRs_BetaCoV_YN2013:1.0):1.2454059060123774,JX993988_Cp_Yunnan2011:1.0):1.0379988674446623):1.126992861532537,(MT040334_PCoV_GX_P1E:1.0,(MT121216_Pangolin_MP789:1.0,(MN996532_Bat_RaTG13:1.0,MN908947_Wuhan_Hu_1:0.48812915094818554):1.4790091745472598):1.0633136810909751):1.045805029011343);
-689.6930913388846: ((MT040334_PCoV_GX_P1E:1.0,(MT121216_Pangolin_MP789:1.0,(MN908947_Wuhan_Hu_1:1.0,MN996532_Bat_RaTG13:1.0):0.9856210963166897):1.0):1.0,((JX993988_Cp_Yunnan2011:1.0,((KP886808_YNLF_31C:1.0,NC_004718:1.0):1.0945158322635342,KJ473816_BtRs_BetaCoV_YN2013:1.0):1.0):1.0296097886118305,(DQ022305_HKU3_1:1.0,(DQ412042_Rf1:1.0,DQ412043_Rm1:1.0):1.0):0.9094340844636739):1.0);
-697.9394974661665: (((DQ412043_Rm1:1.9891051618364135,(DQ412042_Rf1:1.0,DQ022305_HKU3_1:0.7044570687077408):0.29554293129225917):0.896516873174089,(JX993988_Cp_Yunnan2011:1.0,((NC_004718:1.0,KP886808_YNLF_31C:1.0):0.8704614217777338,KJ473816_BtRs_BetaCoV_YN2013:1.0):1.237523634846276):1.0729567778233555):0.9934646668184055,(MT040334_PCoV_GX_P1E:1.0,((MT121216_Pangolin_MP789:1.0,MN908947_Wuhan_Hu_1:2.0):0.25072408328662227,MN996532_Bat_RaTG13:1.0):0.9506583141135794):0.9207790021088802);
-700.3311747492551: ((MT040334_PCoV_GX_P1E:1.0,(MT121216_Pangolin_MP789:1.0,(MN908947_Wuhan_Hu_1:1.0,MN996532_Bat_RaTG13:1.0)I6:1.0)I3:1.0)I1:1.0,((DQ022305_HKU3_1:1.0,(DQ412042_Rf1:1.0,DQ412043_Rm1:1.0)I7:1.0)I4:0.94610807112729,(JX993988_Cp_Yunnan2011:1.0,(((KP886808_YNLF_31C:1.0,NC_004718:1.0)I11:0.9049585569804112)I10#H1:1.0::0.5,(KJ473816_BtRs_BetaCoV_YN2013:1.0,I10#H1:0.10920498748011921::0.5)I9:0.01823202233544252)I8:0.9068077156767073)I5:0.8347585204975367)I2:0.9013075765357893)I0;
-708.9781608892484: ((MT040334_PCoV_GX_P1E:1.0,(MN996532_Bat_RaTG13:1.0,(MT121216_Pangolin_MP789:1.0,MN908947_Wuhan_Hu_1:2.0):0.1747657884079682):0.8252342115920318):1.0,((DQ022305_HKU3_1:1.0,(DQ412042_Rf1:1.0,DQ412043_Rm1:1.0):0.9891051618364136):0.945758723823862,(JX993988_Cp_Yunnan2011:1.0,(KJ473816_BtRs_BetaCoV_YN2013:1.0,(KP886808_YNLF_31C:1.0,NC_004718:1.0):1.059393682094337):1.0):1.0):1.0205454625773458);
Running Time (min): 0.052116666666666665
===============================


Results after run #10
-655.1014894392639: (((MN908947_Wuhan_Hu_1:0.05474594477424011,MT040334_PCoV_GX_P1E:0.5103840601662295)I11:0.9229089907945401,(MN996532_Bat_RaTG13:0.15603467243455355,MT121216_Pangolin_MP789:1.1198172325572564)I6:0.7814203428146917)I5:3.506816327312069,((DQ022305_HKU3_1:0.7548638345349739,(DQ412043_Rm1:1.3015515604670003,(DQ412042_Rf1:0.40330693910569854)I13#H1:1.0::0.4251553331406735)I7:1.4311145845039928)I3:2.531206714221011,(I13#H1:0.06249807715724429::0.5748446668593266,(JX993988_Cp_Yunnan2011:0.4092887470363835,(KJ473816_BtRs_BetaCoV_YN2013:2.352231190459317,(KP886808_YNLF_31C:0.9971003214914058,NC_004718:0.683282960531169)I4:0.5137255672371824)I1:0.8561579059550422)I10:0.25673928951646485)I8:1.0311368347895296)I12:1.1794596214050512)I0;
-672.3752710514564: ((((DQ412042_Rf1:1.0,DQ022305_HKU3_1:0.7044570687077408):0.3934966544355879,DQ412043_Rm1:1.9891051618364135):0.8720294524943145,(((NC_004718:1.0,KP886808_YNLF_31C:1.0):1.0189371227279889,KJ473816_BtRs_BetaCoV_YN2013:1.0):1.2454059060123774,JX993988_Cp_Yunnan2011:1.0):1.0379988674446623):1.126992861532537,(MT040334_PCoV_GX_P1E:1.0,(MT121216_Pangolin_MP789:1.0,(MN996532_Bat_RaTG13:1.0,MN908947_Wuhan_Hu_1:0.48812915094818554):1.4790091745472598):1.0633136810909751):1.045805029011343);
-687.6491963334839: (((DQ022305_HKU3_1:1.0,(DQ412042_Rf1:1.0,DQ412043_Rm1:1.0):1.0):0.9757415191059514,(JX993988_Cp_Yunnan2011:1.0,((KP886808_YNLF_31C:1.0,NC_004718:1.0):0.9522329961305951,KJ473816_BtRs_BetaCoV_YN2013:1.0):1.0):1.0786758702619377):1.0,(MT040334_PCoV_GX_P1E:1.0,((MN908947_Wuhan_Hu_1:1.0,MN996532_Bat_RaTG13:1.0):1.0,MT121216_Pangolin_MP789:1.0):0.9572357235703489):1.0600995834730702);
-697.9394974661665: (((DQ412043_Rm1:1.9891051618364135,(DQ412042_Rf1:1.0,DQ022305_HKU3_1:0.7044570687077408):0.29554293129225917):0.896516873174089,(JX993988_Cp_Yunnan2011:1.0,((NC_004718:1.0,KP886808_YNLF_31C:1.0):0.8704614217777338,KJ473816_BtRs_BetaCoV_YN2013:1.0):1.237523634846276):1.0729567778233555):0.9934646668184055,(MT040334_PCoV_GX_P1E:1.0,((MT121216_Pangolin_MP789:1.0,MN908947_Wuhan_Hu_1:2.0):0.25072408328662227,MN996532_Bat_RaTG13:1.0):0.9506583141135794):0.9207790021088802);
-700.3311747492551: ((MT040334_PCoV_GX_P1E:1.0,(MT121216_Pangolin_MP789:1.0,(MN908947_Wuhan_Hu_1:1.0,MN996532_Bat_RaTG13:1.0)I6:1.0)I3:1.0)I1:1.0,((DQ022305_HKU3_1:1.0,(DQ412042_Rf1:1.0,DQ412043_Rm1:1.0)I7:1.0)I4:0.94610807112729,(JX993988_Cp_Yunnan2011:1.0,(((KP886808_YNLF_31C:1.0,NC_004718:1.0)I11:0.9049585569804112)I10#H1:1.0::0.5,(KJ473816_BtRs_BetaCoV_YN2013:1.0,I10#H1:0.10920498748011921::0.5)I9:0.01823202233544252)I8:0.9068077156767073)I5:0.8347585204975367)I2:0.9013075765357893)I0;
Running Time (min): 0.0528
===============================


Inferred Network #1:
((MT040334_PCoV_GX_P1E:1.0,(MT121216_Pangolin_MP789:1.0,(MN908947_Wuhan_Hu_1:1.0,MN996532_Bat_RaTG13:1.0):5.909477390610221):2.2263071333439632):5.909344986682182,((DQ022305_HKU3_1:1.0,(DQ412042_Rf1:1.0,DQ412043_Rm1:1.0):0.05287423282508761):0.34235225845039763,(((KJ473816_BtRs_BetaCoV_YN2013:1.0,((KP886808_YNLF_31C:1.0,NC_004718:1.0):0.20934456122440573)#H1:0.5836802900748906::0.6988928356813031):1.0354030294107046,#H1:0.0011774181844964955::0.3011071643186969):0.8955330091142171,JX993988_Cp_Yunnan2011:1.0):1.544561172199933):1.1458980337503157);
Total log probability: -575.7600241689806
Visualize in Dendroscope : ((MT040334_PCoV_GX_P1E,(MT121216_Pangolin_MP789,(MN908947_Wuhan_Hu_1,MN996532_Bat_RaTG13))),((DQ022305_HKU3_1,(DQ412042_Rf1,DQ412043_Rm1)),(((KJ473816_BtRs_BetaCoV_YN2013,((KP886808_YNLF_31C,NC_004718))#H1),#H1),JX993988_Cp_Yunnan2011)));
Inferred Network #2:
(((DQ022305_HKU3_1:1.0,(DQ412042_Rf1:1.0,DQ412043_Rm1:1.0):0.05137766827272181):0.34119088652968466,(JX993988_Cp_Yunnan2011:1.0,((KP886808_YNLF_31C:1.0,NC_004718:1.0):0.2511104828367711,KJ473816_BtRs_BetaCoV_YN2013:1.0):1.4573747255135465):1.5515823168266358):1.1458980337503157,(MT040334_PCoV_GX_P1E:1.0,((MN908947_Wuhan_Hu_1:1.0,MN996532_Bat_RaTG13:1.0):5.9112189834622075,MT121216_Pangolin_MP789:1.0):2.226299449983961):5.909655124798671);
Total log probability: -575.8588988736722
Visualize in Dendroscope : (((DQ022305_HKU3_1,(DQ412042_Rf1,DQ412043_Rm1)),(JX993988_Cp_Yunnan2011,((KP886808_YNLF_31C,NC_004718),KJ473816_BtRs_BetaCoV_YN2013))),(MT040334_PCoV_GX_P1E,((MN908947_Wuhan_Hu_1,MN996532_Bat_RaTG13),MT121216_Pangolin_MP789)));
Inferred Network #3:
((((DQ412042_Rf1:1.0,DQ022305_HKU3_1:1.0):0.0011774181844964955,DQ412043_Rm1:1.0):0.358160699007354,(((NC_004718:1.0,KP886808_YNLF_31C:1.0):0.25293651186636357,KJ473816_BtRs_BetaCoV_YN2013:1.0):1.4489201543817425,JX993988_Cp_Yunnan2011:1.0):1.5462168004856194):1.1458980337503157,(MT040334_PCoV_GX_P1E:1.0,(MT121216_Pangolin_MP789:1.0,(MN996532_Bat_RaTG13:1.0,MN908947_Wuhan_Hu_1:1.0):5.9094773897238175):2.226299638160764):5.909774582240884);
Total log probability: -575.9582975004205
Visualize in Dendroscope : ((((DQ412042_Rf1,DQ022305_HKU3_1),DQ412043_Rm1),(((NC_004718,KP886808_YNLF_31C),KJ473816_BtRs_BetaCoV_YN2013),JX993988_Cp_Yunnan2011)),(MT040334_PCoV_GX_P1E,(MT121216_Pangolin_MP789,(MN996532_Bat_RaTG13,MN908947_Wuhan_Hu_1))));
Inferred Network #4:
(((DQ412043_Rm1:1.0,(DQ412042_Rf1:1.0,DQ022305_HKU3_1:1.0):0.0011774181844964955):0.3564899773774696,(JX993988_Cp_Yunnan2011:1.0,((NC_004718:1.0,KP886808_YNLF_31C:1.0):0.25281453995275616,KJ473816_BtRs_BetaCoV_YN2013:1.0):1.4574299848021968):1.553746354909437):1.1458980337503157,(MT040334_PCoV_GX_P1E:1.0,((MT121216_Pangolin_MP789:1.0,MN908947_Wuhan_Hu_1:1.0):0.0011774181844964955,MN996532_Bat_RaTG13:1.0):2.625210720815374):5.909774582240827);
Total log probability: -586.3959677412703
Visualize in Dendroscope : (((DQ412043_Rm1,(DQ412042_Rf1,DQ022305_HKU3_1)),(JX993988_Cp_Yunnan2011,((NC_004718,KP886808_YNLF_31C),KJ473816_BtRs_BetaCoV_YN2013))),(MT040334_PCoV_GX_P1E,((MT121216_Pangolin_MP789,MN908947_Wuhan_Hu_1),MN996532_Bat_RaTG13)));
Inferred Network #5:
((((DQ412043_Rm1:1.0,(DQ412042_Rf1:1.0)#H1:1.0::0.29053351485232837):5.938679133270266,DQ022305_HKU3_1:1.0):0.9352308539198972,(#H1:1.0::0.7094664851476716,(JX993988_Cp_Yunnan2011:1.0,(KJ473816_BtRs_BetaCoV_YN2013:1.0,(KP886808_YNLF_31C:1.0,NC_004718:1.0):0.2532855977778013):1.4516878756755867):1.4546379372689222):0.1222006409611609):1.1088457502806779,((MN908947_Wuhan_Hu_1:1.0,MT040334_PCoV_GX_P1E:1.0):0.0011774181844964955,(MN996532_Bat_RaTG13:1.0,MT121216_Pangolin_MP789:1.0):0.21959296516921537):5.909381954883069);
Total log probability: -600.2611635384047
Visualize in Dendroscope : ((((DQ412043_Rm1,(DQ412042_Rf1)#H1),DQ022305_HKU3_1),(#H1,(JX993988_Cp_Yunnan2011,(KJ473816_BtRs_BetaCoV_YN2013,(KP886808_YNLF_31C,NC_004718))))),((MN908947_Wuhan_Hu_1,MT040334_PCoV_GX_P1E),(MN996532_Bat_RaTG13,MT121216_Pangolin_MP789)));
