
InferNetwork_MPL (Tree9, Tree8, Tree7, Tree6, Tree5, Tree4, Tree3, Tree2, Tree1) 10 -m 1000 -pl 10 -di "/home/rosanne/Documents/minor_research_project/results/phylonet/"
Results after run #1
-11.8167185961793: ((NC_004718:0.12506720681242744,DQ022305_HKU3_1:3.5897377785134665)I3:2.3617876283763817,(MT040334_PCoV_GX_P1E:1.4217615371514345,(MT121216_Pangolin_MP789:0.04904188937711476,(MN908947_Wuhan_Hu_1:1.645034222721861,MN996532_Bat_RaTG13:1.275312664542729)I4:0.8400077025422519)I1:0.9862261445559719)I2:5.204628309585415)I8;
-14.59764566228587: ((NC_004718:0.12506720681242744,DQ022305_HKU3_1:3.5897377785134665)I3:2.255234987777684,((MT040334_PCoV_GX_P1E:1.4217615371514345)I2#H1:4.125625077211446::0.4911430963659329,(I2#H1:0.03024812666489117::0.5088569036340671,(MT121216_Pangolin_MP789:0.04904188937711476,(MN996532_Bat_RaTG13:1.275312664542729,MN908947_Wuhan_Hu_1:1.645034222721861)I4:0.8513760896021915)I1:1.0026378763462118)I0:3.54784872666818)I6:1.1792329177839365)I8;
-15.186546398581163: ((DQ022305_HKU3_1:3.5897377785134665,NC_004718:0.12506720681242744)I3:2.181833040371698,(MT040334_PCoV_GX_P1E:1.8277386285164277,(((MN908947_Wuhan_Hu_1:1.2200612752035846,MN996532_Bat_RaTG13:2.1596603613834304)I1:0.10421596471070774)I7#H1:0.0664352582521773::0.5,(I7#H1:1.0224718902408116::0.5,MT121216_Pangolin_MP789:0.0037994941723291167)I6:0.008091135772165211)I5:1.1040627105752068)I4:5.997247982578497)I8;
-16.668513362188108: ((MT040334_PCoV_GX_P1E:1.8277386285164277,((MT121216_Pangolin_MP789:0.0037994941723291167)I6#H1:0.11687505879029414::0.4818036224158974,((MN908947_Wuhan_Hu_1:1.2200612752035846,MN996532_Bat_RaTG13:2.1596603613834304)I1:0.10421596471070774,I6#H1:0.947127897808422::0.5181963775841025)I7:0.12533913826583384)I5:1.0503365387130925)I4:5.936866954247509,(DQ022305_HKU3_1:3.5897377785134665,NC_004718:0.12506720681242744)I3:2.21317962432414)I8;
-18.348376526902236: ((NC_004718:0.12506720681242744,DQ022305_HKU3_1:3.5897377785134665)I3:2.1475886467542638,(MT040334_PCoV_GX_P1E:1.8277386285164277,(MT121216_Pangolin_MP789:0.12067455296262325,((MN908947_Wuhan_Hu_1:0.6703024868546624)I6#H1:0.947127897808422::0.6799993385882034,(MN996532_Bat_RaTG13:2.1596603613834304,I6#H1:0.5497587883489222::0.3200006614117966)I1:0.12999142941975572)I7:0.10453873435818224)I5:0.9585570023171998)I4:6.006648210376364)I8;
Running Time (min): 0.05246666666666667
===============================


Results after run #2
-11.8167185961793: ((NC_004718:0.12506720681242744,DQ022305_HKU3_1:3.5897377785134665)I3:2.3617876283763817,(MT040334_PCoV_GX_P1E:1.4217615371514345,(MT121216_Pangolin_MP789:0.04904188937711476,(MN908947_Wuhan_Hu_1:1.645034222721861,MN996532_Bat_RaTG13:1.275312664542729)I4:0.8400077025422519)I1:0.9862261445559719)I2:5.204628309585415)I8;
-14.59764566228587: ((NC_004718:0.12506720681242744,DQ022305_HKU3_1:3.5897377785134665)I3:2.255234987777684,((MT040334_PCoV_GX_P1E:1.4217615371514345)I2#H1:4.125625077211446::0.4911430963659329,(I2#H1:0.03024812666489117::0.5088569036340671,(MT121216_Pangolin_MP789:0.04904188937711476,(MN996532_Bat_RaTG13:1.275312664542729,MN908947_Wuhan_Hu_1:1.645034222721861)I4:0.8513760896021915)I1:1.0026378763462118)I0:3.54784872666818)I6:1.1792329177839365)I8;
-15.186546398581163: ((DQ022305_HKU3_1:3.5897377785134665,NC_004718:0.12506720681242744)I3:2.181833040371698,(MT040334_PCoV_GX_P1E:1.8277386285164277,(((MN908947_Wuhan_Hu_1:1.2200612752035846,MN996532_Bat_RaTG13:2.1596603613834304)I1:0.10421596471070774)I7#H1:0.0664352582521773::0.5,(I7#H1:1.0224718902408116::0.5,MT121216_Pangolin_MP789:0.0037994941723291167)I6:0.008091135772165211)I5:1.1040627105752068)I4:5.997247982578497)I8;
-16.668513362188108: ((MT040334_PCoV_GX_P1E:1.8277386285164277,((MT121216_Pangolin_MP789:0.0037994941723291167)I6#H1:0.11687505879029414::0.4818036224158974,((MN908947_Wuhan_Hu_1:1.2200612752035846,MN996532_Bat_RaTG13:2.1596603613834304)I1:0.10421596471070774,I6#H1:0.947127897808422::0.5181963775841025)I7:0.12533913826583384)I5:1.0503365387130925)I4:5.936866954247509,(DQ022305_HKU3_1:3.5897377785134665,NC_004718:0.12506720681242744)I3:2.21317962432414)I8;
-18.27736264506421: ((MT040334_PCoV_GX_P1E:0.07925669885555398,(MN996532_Bat_RaTG13:3.580310777732235,(MN908947_Wuhan_Hu_1:2.2346906525069983,MT121216_Pangolin_MP789:5.720390460098627)I7:0.09199698771714838)I1:1.5362197270253013)I2:3.343391788051195,(DQ022305_HKU3_1:1.3957310119743132,NC_004718:0.17635230452164574)I4:2.532497456208606)I6;
Running Time (min): 0.022183333333333333
===============================


Results after run #3
-11.8167185961793: ((NC_004718:0.12506720681242744,DQ022305_HKU3_1:3.5897377785134665)I3:2.3617876283763817,(MT040334_PCoV_GX_P1E:1.4217615371514345,(MT121216_Pangolin_MP789:0.04904188937711476,(MN908947_Wuhan_Hu_1:1.645034222721861,MN996532_Bat_RaTG13:1.275312664542729)I4:0.8400077025422519)I1:0.9862261445559719)I2:5.204628309585415)I8;
-14.59764566228587: ((NC_004718:0.12506720681242744,DQ022305_HKU3_1:3.5897377785134665)I3:2.255234987777684,((MT040334_PCoV_GX_P1E:1.4217615371514345)I2#H1:4.125625077211446::0.4911430963659329,(I2#H1:0.03024812666489117::0.5088569036340671,(MT121216_Pangolin_MP789:0.04904188937711476,(MN996532_Bat_RaTG13:1.275312664542729,MN908947_Wuhan_Hu_1:1.645034222721861)I4:0.8513760896021915)I1:1.0026378763462118)I0:3.54784872666818)I6:1.1792329177839365)I8;
-15.186546398581163: ((DQ022305_HKU3_1:3.5897377785134665,NC_004718:0.12506720681242744)I3:2.181833040371698,(MT040334_PCoV_GX_P1E:1.8277386285164277,(((MN908947_Wuhan_Hu_1:1.2200612752035846,MN996532_Bat_RaTG13:2.1596603613834304)I1:0.10421596471070774)I7#H1:0.0664352582521773::0.5,(I7#H1:1.0224718902408116::0.5,MT121216_Pangolin_MP789:0.0037994941723291167)I6:0.008091135772165211)I5:1.1040627105752068)I4:5.997247982578497)I8;
-16.668513362188108: ((MT040334_PCoV_GX_P1E:1.8277386285164277,((MT121216_Pangolin_MP789:0.0037994941723291167)I6#H1:0.11687505879029414::0.4818036224158974,((MN908947_Wuhan_Hu_1:1.2200612752035846,MN996532_Bat_RaTG13:2.1596603613834304)I1:0.10421596471070774,I6#H1:0.947127897808422::0.5181963775841025)I7:0.12533913826583384)I5:1.0503365387130925)I4:5.936866954247509,(DQ022305_HKU3_1:3.5897377785134665,NC_004718:0.12506720681242744)I3:2.21317962432414)I8;
-16.95519366515374: ((DQ022305_HKU3_1:1.422354817073392,NC_004718:0.0726869338924363)I4:3.53532350207573,(MT040334_PCoV_GX_P1E:0.6203795412079242,(MT121216_Pangolin_MP789:2.357600728394348,((MN996532_Bat_RaTG13:0.1627031395215689)I1#H1:0.06049382916427223::0.610830311343322,(MN908947_Wuhan_Hu_1:2.3506818497203263,I1#H1:0.44075838927818::0.389169688656678)I0:0.16024993764830114)I7:0.4694809527288719)I3:3.1701142986180546)I6:1.3071316571613822)I5;
Running Time (min): 0.017316666666666668
===============================


Results after run #4
-10.559970566724942: ((NC_004718:0.06647561882137801,DQ022305_HKU3_1:1.0712007024594654)I1:2.7343750732497356,(MT040334_PCoV_GX_P1E:1.53567261310817,(MT121216_Pangolin_MP789:0.23567602173457974,(MN908947_Wuhan_Hu_1:4.0235519049927975,MN996532_Bat_RaTG13:2.8112305364567485)I5:3.1231935143165734)I6:1.9250072563175804)I2:1.8113903286970061)I0;
-11.11798079082986: ((NC_004718:0.06647561882137801,DQ022305_HKU3_1:1.0712007024594654)I1:2.4526670458581648,((((MT121216_Pangolin_MP789:0.15485590405162877)I4#H2:0.009673614369585706::0.6965420785143371)I8#H1:1.0::0.5099763312585649,(MN996532_Bat_RaTG13:0.5782146897103764,(MN908947_Wuhan_Hu_1:1.5109279202032377,I4#H2:4.66803609899992::0.30345792148566286)I3:0.040047978067686035)I2:2.30253943463735)I7:3.1314516480291963,(I8#H1:0.08722325127977483::0.4900236687414351,MT040334_PCoV_GX_P1E:0.49661448646612705)I5:0.1405471124082233)I6:3.506745054485634)I0;
-14.59764566228587: ((NC_004718:0.12506720681242744,DQ022305_HKU3_1:3.5897377785134665)I3:2.255234987777684,((MT040334_PCoV_GX_P1E:1.4217615371514345)I2#H1:4.125625077211446::0.4911430963659329,(I2#H1:0.03024812666489117::0.5088569036340671,(MT121216_Pangolin_MP789:0.04904188937711476,(MN996532_Bat_RaTG13:1.275312664542729,MN908947_Wuhan_Hu_1:1.645034222721861)I4:0.8513760896021915)I1:1.0026378763462118)I0:3.54784872666818)I6:1.1792329177839365)I8;
-15.186546398581163: ((DQ022305_HKU3_1:3.5897377785134665,NC_004718:0.12506720681242744)I3:2.181833040371698,(MT040334_PCoV_GX_P1E:1.8277386285164277,(((MN908947_Wuhan_Hu_1:1.2200612752035846,MN996532_Bat_RaTG13:2.1596603613834304)I1:0.10421596471070774)I7#H1:0.0664352582521773::0.5,(I7#H1:1.0224718902408116::0.5,MT121216_Pangolin_MP789:0.0037994941723291167)I6:0.008091135772165211)I5:1.1040627105752068)I4:5.997247982578497)I8;
-16.668513362188108: ((MT040334_PCoV_GX_P1E:1.8277386285164277,((MT121216_Pangolin_MP789:0.0037994941723291167)I6#H1:0.11687505879029414::0.4818036224158974,((MN908947_Wuhan_Hu_1:1.2200612752035846,MN996532_Bat_RaTG13:2.1596603613834304)I1:0.10421596471070774,I6#H1:0.947127897808422::0.5181963775841025)I7:0.12533913826583384)I5:1.0503365387130925)I4:5.936866954247509,(DQ022305_HKU3_1:3.5897377785134665,NC_004718:0.12506720681242744)I3:2.21317962432414)I8;
Running Time (min): 0.0241
===============================


Results after run #5
-10.559970566724942: ((NC_004718:0.06647561882137801,DQ022305_HKU3_1:1.0712007024594654)I1:2.7343750732497356,(MT040334_PCoV_GX_P1E:1.53567261310817,(MT121216_Pangolin_MP789:0.23567602173457974,(MN908947_Wuhan_Hu_1:4.0235519049927975,MN996532_Bat_RaTG13:2.8112305364567485)I5:3.1231935143165734)I6:1.9250072563175804)I2:1.8113903286970061)I0;
-11.11798079082986: ((NC_004718:0.06647561882137801,DQ022305_HKU3_1:1.0712007024594654)I1:2.4526670458581648,((((MT121216_Pangolin_MP789:0.15485590405162877)I4#H2:0.009673614369585706::0.6965420785143371)I8#H1:1.0::0.5099763312585649,(MN996532_Bat_RaTG13:0.5782146897103764,(MN908947_Wuhan_Hu_1:1.5109279202032377,I4#H2:4.66803609899992::0.30345792148566286)I3:0.040047978067686035)I2:2.30253943463735)I7:3.1314516480291963,(I8#H1:0.08722325127977483::0.4900236687414351,MT040334_PCoV_GX_P1E:0.49661448646612705)I5:0.1405471124082233)I6:3.506745054485634)I0;
-14.59764566228587: ((NC_004718:0.12506720681242744,DQ022305_HKU3_1:3.5897377785134665)I3:2.255234987777684,((MT040334_PCoV_GX_P1E:1.4217615371514345)I2#H1:4.125625077211446::0.4911430963659329,(I2#H1:0.03024812666489117::0.5088569036340671,(MT121216_Pangolin_MP789:0.04904188937711476,(MN996532_Bat_RaTG13:1.275312664542729,MN908947_Wuhan_Hu_1:1.645034222721861)I4:0.8513760896021915)I1:1.0026378763462118)I0:3.54784872666818)I6:1.1792329177839365)I8;
-15.186546398581163: ((DQ022305_HKU3_1:3.5897377785134665,NC_004718:0.12506720681242744)I3:2.181833040371698,(MT040334_PCoV_GX_P1E:1.8277386285164277,(((MN908947_Wuhan_Hu_1:1.2200612752035846,MN996532_Bat_RaTG13:2.1596603613834304)I1:0.10421596471070774)I7#H1:0.0664352582521773::0.5,(I7#H1:1.0224718902408116::0.5,MT121216_Pangolin_MP789:0.0037994941723291167)I6:0.008091135772165211)I5:1.1040627105752068)I4:5.997247982578497)I8;
-16.668513362188108: ((MT040334_PCoV_GX_P1E:1.8277386285164277,((MT121216_Pangolin_MP789:0.0037994941723291167)I6#H1:0.11687505879029414::0.4818036224158974,((MN908947_Wuhan_Hu_1:1.2200612752035846,MN996532_Bat_RaTG13:2.1596603613834304)I1:0.10421596471070774,I6#H1:0.947127897808422::0.5181963775841025)I7:0.12533913826583384)I5:1.0503365387130925)I4:5.936866954247509,(DQ022305_HKU3_1:3.5897377785134665,NC_004718:0.12506720681242744)I3:2.21317962432414)I8;
Running Time (min): 0.01035
===============================


Results after run #6
-5.1852316950946555: ((DQ022305_HKU3_1:3.2874589253499513,NC_004718:1.6000586984400869)I2:4.0383037209203705,((MT040334_PCoV_GX_P1E:1.048892201607348)I3#H1:0.18989256536015198::0.9542136094525127,((I3#H1:4.474437632649724::0.04578639054748734)I8#H2:0.36742680215107915::0.1706701546122197,(MT121216_Pangolin_MP789:0.9607926008405283,(MN996532_Bat_RaTG13:0.4491321391437946,(I8#H2:1.1288282128053797::0.8293298453877803,MN908947_Wuhan_Hu_1:0.007226474424509331)I5:0.017080088756736105)I6:2.1422998161611053)I10:0.1520887061614834)I9:1.9699972233836984)I0:3.255845136050261)I7;
-5.7069873147387185: ((DQ022305_HKU3_1:3.2874589253499513,NC_004718:1.6000586984400869)I2:4.048544194115378,((MT040334_PCoV_GX_P1E:1.048892201607348)I3#H1:0.18989256536015198::0.910174103871366,((I3#H1:4.474437632649724::0.08982589612863398)I8#H2:0.36742680215107915::0.25003777657741244,(MT121216_Pangolin_MP789:0.9607926008405283,((MN996532_Bat_RaTG13:0.4491321391437946,MN908947_Wuhan_Hu_1:0.007686703287438693)I6:1.1056729382694748,I8#H2:1.1288282128053797::0.7499622234225876)I5:0.9815826517992029)I10:0.08746620649050868)I9:1.9945060521831268)I0:3.2768092603401757)I7;
-6.061937350793965: ((DQ022305_HKU3_1:3.2874589253499513,NC_004718:1.6000586984400869)I2:4.036470036626315,((MT040334_PCoV_GX_P1E:1.048892201607348)I3#H1:0.18989256536015198::0.910174103871366,((I3#H1:4.474437632649724::0.08982589612863398,((MN996532_Bat_RaTG13:0.4491321391437946,MN908947_Wuhan_Hu_1:0.007686703287438693)I6:1.1056729382694748)I5#H2:1.1288282128053797::0.7499622234225876)I8:0.36742680215107915,(MT121216_Pangolin_MP789:0.9607926008405283,I5#H2:0.948387807738579::0.2500377765774125)I10:0.08746620649050868)I9:1.9945060521831268)I0:3.2768092603401757)I7;
-6.114585162721722: ((DQ022305_HKU3_1:3.2874589253499513,NC_004718:1.6000586984400869)I2:4.004277288379342,(((MT040334_PCoV_GX_P1E:1.048892201607348)I3#H2:4.474437632649724::0.12484903439365469)I8#H1:0.42307922747886645::0.5314572683087565,(I3#H2:0.18989256536015198::0.8751509656063453,(MT121216_Pangolin_MP789:0.9607926008405283,((MN996532_Bat_RaTG13:0.4491321391437946,MN908947_Wuhan_Hu_1:0.007686703287438693)I6:1.0423062452434688,I8#H1:1.1288282128053797::0.4685427316912435)I5:1.0531378496372181)I10:1.8930453478887386)I0:0.8900765976392812)I9:2.197273658271765)I7;
-7.1043562125497335: ((NC_004718:1.6000586984400869,DQ022305_HKU3_1:3.2874589253499513)I2:4.053244748649514,((MT121216_Pangolin_MP789:0.9607926008405283,((MN996532_Bat_RaTG13:0.4491321391437946,MN908947_Wuhan_Hu_1:0.007686703287438693)I6:0.9518282002692909,((MT040334_PCoV_GX_P1E:1.048892201607348)I3#H2:4.474437632649724::0.19075678828286624)I8#H1:1.1288282128053797::0.34356762632700566)I5:0.8583242073644656)I10:2.6183091399954725,(I8#H1:0.3966922995113366::0.6564323736729943,I3#H2:0.18989256536015198::0.8092432117171338)I0:0.026386927967529842)I9:2.3516064230944855)I7;
Running Time (min): 0.013666666666666667
===============================


Results after run #7
-5.1852316950946555: ((DQ022305_HKU3_1:3.2874589253499513,NC_004718:1.6000586984400869)I2:4.0383037209203705,((MT040334_PCoV_GX_P1E:1.048892201607348)I3#H1:0.18989256536015198::0.9542136094525127,((I3#H1:4.474437632649724::0.04578639054748734)I8#H2:0.36742680215107915::0.1706701546122197,(MT121216_Pangolin_MP789:0.9607926008405283,(MN996532_Bat_RaTG13:0.4491321391437946,(I8#H2:1.1288282128053797::0.8293298453877803,MN908947_Wuhan_Hu_1:0.007226474424509331)I5:0.017080088756736105)I6:2.1422998161611053)I10:0.1520887061614834)I9:1.9699972233836984)I0:3.255845136050261)I7;
-5.7069873147387185: ((DQ022305_HKU3_1:3.2874589253499513,NC_004718:1.6000586984400869)I2:4.048544194115378,((MT040334_PCoV_GX_P1E:1.048892201607348)I3#H1:0.18989256536015198::0.910174103871366,((I3#H1:4.474437632649724::0.08982589612863398)I8#H2:0.36742680215107915::0.25003777657741244,(MT121216_Pangolin_MP789:0.9607926008405283,((MN996532_Bat_RaTG13:0.4491321391437946,MN908947_Wuhan_Hu_1:0.007686703287438693)I6:1.1056729382694748,I8#H2:1.1288282128053797::0.7499622234225876)I5:0.9815826517992029)I10:0.08746620649050868)I9:1.9945060521831268)I0:3.2768092603401757)I7;
-6.061937350793965: ((DQ022305_HKU3_1:3.2874589253499513,NC_004718:1.6000586984400869)I2:4.036470036626315,((MT040334_PCoV_GX_P1E:1.048892201607348)I3#H1:0.18989256536015198::0.910174103871366,((I3#H1:4.474437632649724::0.08982589612863398,((MN996532_Bat_RaTG13:0.4491321391437946,MN908947_Wuhan_Hu_1:0.007686703287438693)I6:1.1056729382694748)I5#H2:1.1288282128053797::0.7499622234225876)I8:0.36742680215107915,(MT121216_Pangolin_MP789:0.9607926008405283,I5#H2:0.948387807738579::0.2500377765774125)I10:0.08746620649050868)I9:1.9945060521831268)I0:3.2768092603401757)I7;
-6.114585162721722: ((DQ022305_HKU3_1:3.2874589253499513,NC_004718:1.6000586984400869)I2:4.004277288379342,(((MT040334_PCoV_GX_P1E:1.048892201607348)I3#H2:4.474437632649724::0.12484903439365469)I8#H1:0.42307922747886645::0.5314572683087565,(I3#H2:0.18989256536015198::0.8751509656063453,(MT121216_Pangolin_MP789:0.9607926008405283,((MN996532_Bat_RaTG13:0.4491321391437946,MN908947_Wuhan_Hu_1:0.007686703287438693)I6:1.0423062452434688,I8#H1:1.1288282128053797::0.4685427316912435)I5:1.0531378496372181)I10:1.8930453478887386)I0:0.8900765976392812)I9:2.197273658271765)I7;
-7.1043562125497335: ((NC_004718:1.6000586984400869,DQ022305_HKU3_1:3.2874589253499513)I2:4.053244748649514,((MT121216_Pangolin_MP789:0.9607926008405283,((MN996532_Bat_RaTG13:0.4491321391437946,MN908947_Wuhan_Hu_1:0.007686703287438693)I6:0.9518282002692909,((MT040334_PCoV_GX_P1E:1.048892201607348)I3#H2:4.474437632649724::0.19075678828286624)I8#H1:1.1288282128053797::0.34356762632700566)I5:0.8583242073644656)I10:2.6183091399954725,(I8#H1:0.3966922995113366::0.6564323736729943,I3#H2:0.18989256536015198::0.8092432117171338)I0:0.026386927967529842)I9:2.3516064230944855)I7;
Running Time (min): 0.0642
===============================


Results after run #8
-5.1852316950946555: ((DQ022305_HKU3_1:3.2874589253499513,NC_004718:1.6000586984400869)I2:4.0383037209203705,((MT040334_PCoV_GX_P1E:1.048892201607348)I3#H1:0.18989256536015198::0.9542136094525127,((I3#H1:4.474437632649724::0.04578639054748734)I8#H2:0.36742680215107915::0.1706701546122197,(MT121216_Pangolin_MP789:0.9607926008405283,(MN996532_Bat_RaTG13:0.4491321391437946,(I8#H2:1.1288282128053797::0.8293298453877803,MN908947_Wuhan_Hu_1:0.007226474424509331)I5:0.017080088756736105)I6:2.1422998161611053)I10:0.1520887061614834)I9:1.9699972233836984)I0:3.255845136050261)I7;
-5.7069873147387185: ((DQ022305_HKU3_1:3.2874589253499513,NC_004718:1.6000586984400869)I2:4.048544194115378,((MT040334_PCoV_GX_P1E:1.048892201607348)I3#H1:0.18989256536015198::0.910174103871366,((I3#H1:4.474437632649724::0.08982589612863398)I8#H2:0.36742680215107915::0.25003777657741244,(MT121216_Pangolin_MP789:0.9607926008405283,((MN996532_Bat_RaTG13:0.4491321391437946,MN908947_Wuhan_Hu_1:0.007686703287438693)I6:1.1056729382694748,I8#H2:1.1288282128053797::0.7499622234225876)I5:0.9815826517992029)I10:0.08746620649050868)I9:1.9945060521831268)I0:3.2768092603401757)I7;
-6.061937350793965: ((DQ022305_HKU3_1:3.2874589253499513,NC_004718:1.6000586984400869)I2:4.036470036626315,((MT040334_PCoV_GX_P1E:1.048892201607348)I3#H1:0.18989256536015198::0.910174103871366,((I3#H1:4.474437632649724::0.08982589612863398,((MN996532_Bat_RaTG13:0.4491321391437946,MN908947_Wuhan_Hu_1:0.007686703287438693)I6:1.1056729382694748)I5#H2:1.1288282128053797::0.7499622234225876)I8:0.36742680215107915,(MT121216_Pangolin_MP789:0.9607926008405283,I5#H2:0.948387807738579::0.2500377765774125)I10:0.08746620649050868)I9:1.9945060521831268)I0:3.2768092603401757)I7;
-6.114585162721722: ((DQ022305_HKU3_1:3.2874589253499513,NC_004718:1.6000586984400869)I2:4.004277288379342,(((MT040334_PCoV_GX_P1E:1.048892201607348)I3#H2:4.474437632649724::0.12484903439365469)I8#H1:0.42307922747886645::0.5314572683087565,(I3#H2:0.18989256536015198::0.8751509656063453,(MT121216_Pangolin_MP789:0.9607926008405283,((MN996532_Bat_RaTG13:0.4491321391437946,MN908947_Wuhan_Hu_1:0.007686703287438693)I6:1.0423062452434688,I8#H1:1.1288282128053797::0.4685427316912435)I5:1.0531378496372181)I10:1.8930453478887386)I0:0.8900765976392812)I9:2.197273658271765)I7;
-7.1043562125497335: ((NC_004718:1.6000586984400869,DQ022305_HKU3_1:3.2874589253499513)I2:4.053244748649514,((MT121216_Pangolin_MP789:0.9607926008405283,((MN996532_Bat_RaTG13:0.4491321391437946,MN908947_Wuhan_Hu_1:0.007686703287438693)I6:0.9518282002692909,((MT040334_PCoV_GX_P1E:1.048892201607348)I3#H2:4.474437632649724::0.19075678828286624)I8#H1:1.1288282128053797::0.34356762632700566)I5:0.8583242073644656)I10:2.6183091399954725,(I8#H1:0.3966922995113366::0.6564323736729943,I3#H2:0.18989256536015198::0.8092432117171338)I0:0.026386927967529842)I9:2.3516064230944855)I7;
Running Time (min): 0.042866666666666664
===============================


Results after run #9
-5.1852316950946555: ((DQ022305_HKU3_1:3.2874589253499513,NC_004718:1.6000586984400869)I2:4.0383037209203705,((MT040334_PCoV_GX_P1E:1.048892201607348)I3#H1:0.18989256536015198::0.9542136094525127,((I3#H1:4.474437632649724::0.04578639054748734)I8#H2:0.36742680215107915::0.1706701546122197,(MT121216_Pangolin_MP789:0.9607926008405283,(MN996532_Bat_RaTG13:0.4491321391437946,(I8#H2:1.1288282128053797::0.8293298453877803,MN908947_Wuhan_Hu_1:0.007226474424509331)I5:0.017080088756736105)I6:2.1422998161611053)I10:0.1520887061614834)I9:1.9699972233836984)I0:3.255845136050261)I7;
-5.7069873147387185: ((DQ022305_HKU3_1:3.2874589253499513,NC_004718:1.6000586984400869)I2:4.048544194115378,((MT040334_PCoV_GX_P1E:1.048892201607348)I3#H1:0.18989256536015198::0.910174103871366,((I3#H1:4.474437632649724::0.08982589612863398)I8#H2:0.36742680215107915::0.25003777657741244,(MT121216_Pangolin_MP789:0.9607926008405283,((MN996532_Bat_RaTG13:0.4491321391437946,MN908947_Wuhan_Hu_1:0.007686703287438693)I6:1.1056729382694748,I8#H2:1.1288282128053797::0.7499622234225876)I5:0.9815826517992029)I10:0.08746620649050868)I9:1.9945060521831268)I0:3.2768092603401757)I7;
-6.061937350793965: ((DQ022305_HKU3_1:3.2874589253499513,NC_004718:1.6000586984400869)I2:4.036470036626315,((MT040334_PCoV_GX_P1E:1.048892201607348)I3#H1:0.18989256536015198::0.910174103871366,((I3#H1:4.474437632649724::0.08982589612863398,((MN996532_Bat_RaTG13:0.4491321391437946,MN908947_Wuhan_Hu_1:0.007686703287438693)I6:1.1056729382694748)I5#H2:1.1288282128053797::0.7499622234225876)I8:0.36742680215107915,(MT121216_Pangolin_MP789:0.9607926008405283,I5#H2:0.948387807738579::0.2500377765774125)I10:0.08746620649050868)I9:1.9945060521831268)I0:3.2768092603401757)I7;
-6.114585162721722: ((DQ022305_HKU3_1:3.2874589253499513,NC_004718:1.6000586984400869)I2:4.004277288379342,(((MT040334_PCoV_GX_P1E:1.048892201607348)I3#H2:4.474437632649724::0.12484903439365469)I8#H1:0.42307922747886645::0.5314572683087565,(I3#H2:0.18989256536015198::0.8751509656063453,(MT121216_Pangolin_MP789:0.9607926008405283,((MN996532_Bat_RaTG13:0.4491321391437946,MN908947_Wuhan_Hu_1:0.007686703287438693)I6:1.0423062452434688,I8#H1:1.1288282128053797::0.4685427316912435)I5:1.0531378496372181)I10:1.8930453478887386)I0:0.8900765976392812)I9:2.197273658271765)I7;
-7.1043562125497335: ((NC_004718:1.6000586984400869,DQ022305_HKU3_1:3.2874589253499513)I2:4.053244748649514,((MT121216_Pangolin_MP789:0.9607926008405283,((MN996532_Bat_RaTG13:0.4491321391437946,MN908947_Wuhan_Hu_1:0.007686703287438693)I6:0.9518282002692909,((MT040334_PCoV_GX_P1E:1.048892201607348)I3#H2:4.474437632649724::0.19075678828286624)I8#H1:1.1288282128053797::0.34356762632700566)I5:0.8583242073644656)I10:2.6183091399954725,(I8#H1:0.3966922995113366::0.6564323736729943,I3#H2:0.18989256536015198::0.8092432117171338)I0:0.026386927967529842)I9:2.3516064230944855)I7;
Running Time (min): 0.07426666666666666
===============================


Results after run #10
-5.1852316950946555: ((DQ022305_HKU3_1:3.2874589253499513,NC_004718:1.6000586984400869)I2:4.0383037209203705,((MT040334_PCoV_GX_P1E:1.048892201607348)I3#H1:0.18989256536015198::0.9542136094525127,((I3#H1:4.474437632649724::0.04578639054748734)I8#H2:0.36742680215107915::0.1706701546122197,(MT121216_Pangolin_MP789:0.9607926008405283,(MN996532_Bat_RaTG13:0.4491321391437946,(I8#H2:1.1288282128053797::0.8293298453877803,MN908947_Wuhan_Hu_1:0.007226474424509331)I5:0.017080088756736105)I6:2.1422998161611053)I10:0.1520887061614834)I9:1.9699972233836984)I0:3.255845136050261)I7;
-5.7069873147387185: ((DQ022305_HKU3_1:3.2874589253499513,NC_004718:1.6000586984400869)I2:4.048544194115378,((MT040334_PCoV_GX_P1E:1.048892201607348)I3#H1:0.18989256536015198::0.910174103871366,((I3#H1:4.474437632649724::0.08982589612863398)I8#H2:0.36742680215107915::0.25003777657741244,(MT121216_Pangolin_MP789:0.9607926008405283,((MN996532_Bat_RaTG13:0.4491321391437946,MN908947_Wuhan_Hu_1:0.007686703287438693)I6:1.1056729382694748,I8#H2:1.1288282128053797::0.7499622234225876)I5:0.9815826517992029)I10:0.08746620649050868)I9:1.9945060521831268)I0:3.2768092603401757)I7;
-6.061937350793965: ((DQ022305_HKU3_1:3.2874589253499513,NC_004718:1.6000586984400869)I2:4.036470036626315,((MT040334_PCoV_GX_P1E:1.048892201607348)I3#H1:0.18989256536015198::0.910174103871366,((I3#H1:4.474437632649724::0.08982589612863398,((MN996532_Bat_RaTG13:0.4491321391437946,MN908947_Wuhan_Hu_1:0.007686703287438693)I6:1.1056729382694748)I5#H2:1.1288282128053797::0.7499622234225876)I8:0.36742680215107915,(MT121216_Pangolin_MP789:0.9607926008405283,I5#H2:0.948387807738579::0.2500377765774125)I10:0.08746620649050868)I9:1.9945060521831268)I0:3.2768092603401757)I7;
-6.114585162721722: ((DQ022305_HKU3_1:3.2874589253499513,NC_004718:1.6000586984400869)I2:4.004277288379342,(((MT040334_PCoV_GX_P1E:1.048892201607348)I3#H2:4.474437632649724::0.12484903439365469)I8#H1:0.42307922747886645::0.5314572683087565,(I3#H2:0.18989256536015198::0.8751509656063453,(MT121216_Pangolin_MP789:0.9607926008405283,((MN996532_Bat_RaTG13:0.4491321391437946,MN908947_Wuhan_Hu_1:0.007686703287438693)I6:1.0423062452434688,I8#H1:1.1288282128053797::0.4685427316912435)I5:1.0531378496372181)I10:1.8930453478887386)I0:0.8900765976392812)I9:2.197273658271765)I7;
-6.35951389295138: ((NC_004718:1.075444400465236,DQ022305_HKU3_1:2.1330787733547343)I1:2.753579344885222,(MT040334_PCoV_GX_P1E:0.393907351108712,(((MN908947_Wuhan_Hu_1:0.7314982567129167,MN996532_Bat_RaTG13:0.0679185552791)I11:2.5216216158586917)I7#H1:0.0852876447080218::0.2641900052467314,((I7#H1:0.3198600654078372::0.7358099947532686)I10#H2:0.6089054377151522::0.39179002294565,(MT121216_Pangolin_MP789:2.331655217426678,I10#H2:0.46662549909583495::0.60820997705435)I4:1.3055936256007958)I14:0.2647090831207268)I5:0.7358973272205727)I6:4.448170736006516)I2;
Running Time (min): 0.02245
===============================


Inferred Network #1:
((((((MN996532_Bat_RaTG13:1.0,MN908947_Wuhan_Hu_1:1.0):5.913617942841645,((MT040334_PCoV_GX_P1E:1.0)#H1:1.0::0.0014873743766175402)#H2:1.0::0.0014873743766175402):5.913617120368438,MT121216_Pangolin_MP789:1.0):5.910973691197285,#H1:1.0::0.9985126256233825):5.913617130558185,#H2:1.0::0.9985126256233825):5.913614083646392,(DQ022305_HKU3_1:1.0,NC_004718:1.0):5.909068844742334);
Total log probability: -0.09819911266271529
Visualize in Dendroscope : ((((((MN996532_Bat_RaTG13,MN908947_Wuhan_Hu_1),((MT040334_PCoV_GX_P1E)#H1)#H2),MT121216_Pangolin_MP789),#H1),#H2),(DQ022305_HKU3_1,NC_004718));
Inferred Network #2:
((((((MN996532_Bat_RaTG13:1.0,MN908947_Wuhan_Hu_1:1.0):5.913617998789573,((MT040334_PCoV_GX_P1E:1.0)#H2:1.0::0.9828573145495751)#H1:1.0::0.0014873743766175402):5.913617105243046,MT121216_Pangolin_MP789:1.0):5.913614104099613,#H1:1.0::0.9985126256233825):5.91361725297514,#H2:1.0::0.017142685450424855):5.913582130320558,(DQ022305_HKU3_1:1.0,NC_004718:1.0):5.909068844742352);
Total log probability: -0.12541723824192116
Visualize in Dendroscope : ((((((MN996532_Bat_RaTG13,MN908947_Wuhan_Hu_1),((MT040334_PCoV_GX_P1E)#H2)#H1),MT121216_Pangolin_MP789),#H1),#H2),(DQ022305_HKU3_1,NC_004718));
Inferred Network #3:
((((((((MT040334_PCoV_GX_P1E:1.0)#H2:1.0::0.9828573145495751)#H1:1.0::0.0014873743766175402,MN908947_Wuhan_Hu_1:1.0):0.0011774181844964955,MN996532_Bat_RaTG13:1.0):5.909861438814957,MT121216_Pangolin_MP789:1.0):5.9136141191097025,#H1:1.0::0.9985126256233825):5.913617230385441,#H2:1.0::0.017142685450424855):5.913582130337658,(DQ022305_HKU3_1:1.0,NC_004718:1.0):5.909068844742344);
Total log probability: -0.1504635477204095
Visualize in Dendroscope : ((((((((MT040334_PCoV_GX_P1E)#H2)#H1,MN908947_Wuhan_Hu_1),MN996532_Bat_RaTG13),MT121216_Pangolin_MP789),#H1),#H2),(DQ022305_HKU3_1,NC_004718));
Inferred Network #4:
(((((MT040334_PCoV_GX_P1E:1.0)#H2:1.0::0.0014873743766175402,((MN996532_Bat_RaTG13:1.0,MN908947_Wuhan_Hu_1:1.0):5.913529617461045)#H1:5.9136229468496735::0.017142685450424855):0.0011774181844964955,(MT121216_Pangolin_MP789:1.0,#H1:5.9136172968397895::0.9828573145495751):5.913614202014327):5.913617465897065,#H2:1.0::0.9985126256233825):5.913582178570577,(DQ022305_HKU3_1:1.0,NC_004718:1.0):5.909068844742346);
Total log probability: -0.16430666245979006
Visualize in Dendroscope : (((((MT040334_PCoV_GX_P1E)#H2,((MN996532_Bat_RaTG13,MN908947_Wuhan_Hu_1))#H1),(MT121216_Pangolin_MP789,#H1)),#H2),(DQ022305_HKU3_1,NC_004718));
Inferred Network #5:
((NC_004718:1.0,DQ022305_HKU3_1:1.0):5.909068844742334,((((MT121216_Pangolin_MP789:1.0,(((MN908947_Wuhan_Hu_1:1.0,MN996532_Bat_RaTG13:1.0):5.913608037037729)#H2:5.913622358996213::0.9828573145495751)#H1:5.913622557975134::0.9828573145495751):5.913622579300459,#H1:5.913604035262216::0.017142685450424855):5.91362253452763,#H2:5.913622426766913::0.017142685450424855):5.913587723256431,MT040334_PCoV_GX_P1E:1.0):5.909077021919899);
Total log probability: -0.1644136107661927
Visualize in Dendroscope : ((NC_004718,DQ022305_HKU3_1),((((MT121216_Pangolin_MP789,(((MN908947_Wuhan_Hu_1,MN996532_Bat_RaTG13))#H2)#H1),#H1),#H2),MT040334_PCoV_GX_P1E));
