
InferNetwork_MPL (Tree9, Tree8, Tree7, Tree6, Tree5, Tree4, Tree3, Tree2, Tree1) 10 -m 1000 -pl 10 -di "/home/rosanne/Documents/minor_research_project/results/phylonet/"
Results after run #1
-65.42756009158735: ((NC_004718:0.08435016049946642,(DQ412043_Rm1:3.658197939197763,(DQ412042_Rf1:0.6210048098390328,DQ022305_HKU3_1:0.36229149306161207)I4:0.21540554008174864)I12:0.27822177310599466)I9:4.620368135963765,(((MT121216_Pangolin_MP789:1.786442071716782,(MN996532_Bat_RaTG13:1.7042159026499006,MN908947_Wuhan_Hu_1:1.4502527223462778)I3:1.2620904068707874)I11:0.46245410620442806)I2#H1:0.23495712410543432::0.46369901370925826,(MT040334_PCoV_GX_P1E:1.0699723940947143,I2#H1:0.8999193633731661::0.5363009862907417)I1:0.06763035491895641)I6:1.7163927277348998)I0;
-68.59129639587503: ((NC_004718:0.08435016049946642,(DQ412043_Rm1:3.658197939197763,(DQ412042_Rf1:0.6210048098390328,DQ022305_HKU3_1:0.36229149306161207)I4:0.21540554008174864)I12:0.27822177310599466)I9:4.620368135963765,((MT040334_PCoV_GX_P1E:1.0699723940947143)I1#H1:0.06763035491895641::0.49618948151029807,(I1#H1:0.8999193633731661::0.5038105184897019,(MT121216_Pangolin_MP789:1.786442071716782,(MN996532_Bat_RaTG13:1.7042159026499006,MN908947_Wuhan_Hu_1:1.4502527223462778)I3:1.2620904068707874)I11:0.40088783552506163)I2:0.23495712410543432)I6:1.625865586930769)I0;
-71.59195939353869: (((DQ412043_Rm1:3.658197939197763,(DQ022305_HKU3_1:0.36229149306161207,DQ412042_Rf1:0.6210048098390328)I4:0.14192720243336712)I12:0.4246747017461671,NC_004718:0.08435016049946642)I9:4.546276357623724,(MT040334_PCoV_GX_P1E:1.130197826914864,((MN908947_Wuhan_Hu_1:1.2390196081750067)I10#H1:3.0975861636634106::0.07051444798237116,(MT121216_Pangolin_MP789:1.786442071716782,(MN996532_Bat_RaTG13:1.7042159026499006,I10#H1:0.21123311417127102::0.9294855520176288)I3:1.1735025838456017)I11:0.24844939150281076)I5:0.31953074908363677)I6:1.5490838952363037)I0;
-73.73598640941054: ((NC_004718:0.08435016049946642,(DQ412043_Rm1:3.658197939197763,(DQ412042_Rf1:0.6210048098390328,DQ022305_HKU3_1:0.36229149306161207)I4:0.13177843840855827)I12:0.27204127381609855)I9:3.9150945018248793,(MT040334_PCoV_GX_P1E:1.1376027490136709,(MN996532_Bat_RaTG13:1.7042159026499006,(MT121216_Pangolin_MP789:1.786442071716782,MN908947_Wuhan_Hu_1:2.712343129217065)I11:0.33315579729502354)I3:0.5628887413679067)I6:2.2662592124656737)I7;
-80.60875848100684: ((MT040334_PCoV_GX_P1E:1.1376027490136709,((MT121216_Pangolin_MP789:1.786442071716782,MN908947_Wuhan_Hu_1:2.712343129217065)I11:0.21050534952445238,MN996532_Bat_RaTG13:1.7042159026499006)I3:0.4868168206151209)I6:2.2542052439006257,((NC_004718:0.06049784482986145)I1#H1:0.9553344113341944::0.6247167146880866,(I1#H1:0.023852315669604968::0.37528328531191335,(DQ022305_HKU3_1:0.36229149306161207,(DQ412043_Rm1:3.5600205507866067,DQ412042_Rf1:0.7268930589879368)I12:0.044777147159623276)I4:0.16594398764693508)I9:2.4493883900726434)I0:1.5506191164552834)I7;
Running Time (min): 0.06885
===============================


Results after run #2
-65.42756009158735: ((NC_004718:0.08435016049946642,(DQ412043_Rm1:3.658197939197763,(DQ412042_Rf1:0.6210048098390328,DQ022305_HKU3_1:0.36229149306161207)I4:0.21540554008174864)I12:0.27822177310599466)I9:4.620368135963765,(((MT121216_Pangolin_MP789:1.786442071716782,(MN996532_Bat_RaTG13:1.7042159026499006,MN908947_Wuhan_Hu_1:1.4502527223462778)I3:1.2620904068707874)I11:0.46245410620442806)I2#H1:0.23495712410543432::0.46369901370925826,(MT040334_PCoV_GX_P1E:1.0699723940947143,I2#H1:0.8999193633731661::0.5363009862907417)I1:0.06763035491895641)I6:1.7163927277348998)I0;
-68.59129639587503: ((NC_004718:0.08435016049946642,(DQ412043_Rm1:3.658197939197763,(DQ412042_Rf1:0.6210048098390328,DQ022305_HKU3_1:0.36229149306161207)I4:0.21540554008174864)I12:0.27822177310599466)I9:4.620368135963765,((MT040334_PCoV_GX_P1E:1.0699723940947143)I1#H1:0.06763035491895641::0.49618948151029807,(I1#H1:0.8999193633731661::0.5038105184897019,(MT121216_Pangolin_MP789:1.786442071716782,(MN996532_Bat_RaTG13:1.7042159026499006,MN908947_Wuhan_Hu_1:1.4502527223462778)I3:1.2620904068707874)I11:0.40088783552506163)I2:0.23495712410543432)I6:1.625865586930769)I0;
-71.59195939353869: (((DQ412043_Rm1:3.658197939197763,(DQ022305_HKU3_1:0.36229149306161207,DQ412042_Rf1:0.6210048098390328)I4:0.14192720243336712)I12:0.4246747017461671,NC_004718:0.08435016049946642)I9:4.546276357623724,(MT040334_PCoV_GX_P1E:1.130197826914864,((MN908947_Wuhan_Hu_1:1.2390196081750067)I10#H1:3.0975861636634106::0.07051444798237116,(MT121216_Pangolin_MP789:1.786442071716782,(MN996532_Bat_RaTG13:1.7042159026499006,I10#H1:0.21123311417127102::0.9294855520176288)I3:1.1735025838456017)I11:0.24844939150281076)I5:0.31953074908363677)I6:1.5490838952363037)I0;
-73.73598640941054: ((NC_004718:0.08435016049946642,(DQ412043_Rm1:3.658197939197763,(DQ412042_Rf1:0.6210048098390328,DQ022305_HKU3_1:0.36229149306161207)I4:0.13177843840855827)I12:0.27204127381609855)I9:3.9150945018248793,(MT040334_PCoV_GX_P1E:1.1376027490136709,(MN996532_Bat_RaTG13:1.7042159026499006,(MT121216_Pangolin_MP789:1.786442071716782,MN908947_Wuhan_Hu_1:2.712343129217065)I11:0.33315579729502354)I3:0.5628887413679067)I6:2.2662592124656737)I7;
-80.60875848100684: ((MT040334_PCoV_GX_P1E:1.1376027490136709,((MT121216_Pangolin_MP789:1.786442071716782,MN908947_Wuhan_Hu_1:2.712343129217065)I11:0.21050534952445238,MN996532_Bat_RaTG13:1.7042159026499006)I3:0.4868168206151209)I6:2.2542052439006257,((NC_004718:0.06049784482986145)I1#H1:0.9553344113341944::0.6247167146880866,(I1#H1:0.023852315669604968::0.37528328531191335,(DQ022305_HKU3_1:0.36229149306161207,(DQ412043_Rm1:3.5600205507866067,DQ412042_Rf1:0.7268930589879368)I12:0.044777147159623276)I4:0.16594398764693508)I9:2.4493883900726434)I0:1.5506191164552834)I7;
Running Time (min): 0.1196
===============================


Results after run #3
-65.42756009158735: ((NC_004718:0.08435016049946642,(DQ412043_Rm1:3.658197939197763,(DQ412042_Rf1:0.6210048098390328,DQ022305_HKU3_1:0.36229149306161207)I4:0.21540554008174864)I12:0.27822177310599466)I9:4.620368135963765,(((MT121216_Pangolin_MP789:1.786442071716782,(MN996532_Bat_RaTG13:1.7042159026499006,MN908947_Wuhan_Hu_1:1.4502527223462778)I3:1.2620904068707874)I11:0.46245410620442806)I2#H1:0.23495712410543432::0.46369901370925826,(MT040334_PCoV_GX_P1E:1.0699723940947143,I2#H1:0.8999193633731661::0.5363009862907417)I1:0.06763035491895641)I6:1.7163927277348998)I0;
-68.59129639587503: ((NC_004718:0.08435016049946642,(DQ412043_Rm1:3.658197939197763,(DQ412042_Rf1:0.6210048098390328,DQ022305_HKU3_1:0.36229149306161207)I4:0.21540554008174864)I12:0.27822177310599466)I9:4.620368135963765,((MT040334_PCoV_GX_P1E:1.0699723940947143)I1#H1:0.06763035491895641::0.49618948151029807,(I1#H1:0.8999193633731661::0.5038105184897019,(MT121216_Pangolin_MP789:1.786442071716782,(MN996532_Bat_RaTG13:1.7042159026499006,MN908947_Wuhan_Hu_1:1.4502527223462778)I3:1.2620904068707874)I11:0.40088783552506163)I2:0.23495712410543432)I6:1.625865586930769)I0;
-71.59195939353869: (((DQ412043_Rm1:3.658197939197763,(DQ022305_HKU3_1:0.36229149306161207,DQ412042_Rf1:0.6210048098390328)I4:0.14192720243336712)I12:0.4246747017461671,NC_004718:0.08435016049946642)I9:4.546276357623724,(MT040334_PCoV_GX_P1E:1.130197826914864,((MN908947_Wuhan_Hu_1:1.2390196081750067)I10#H1:3.0975861636634106::0.07051444798237116,(MT121216_Pangolin_MP789:1.786442071716782,(MN996532_Bat_RaTG13:1.7042159026499006,I10#H1:0.21123311417127102::0.9294855520176288)I3:1.1735025838456017)I11:0.24844939150281076)I5:0.31953074908363677)I6:1.5490838952363037)I0;
-73.73598640941054: ((NC_004718:0.08435016049946642,(DQ412043_Rm1:3.658197939197763,(DQ412042_Rf1:0.6210048098390328,DQ022305_HKU3_1:0.36229149306161207)I4:0.13177843840855827)I12:0.27204127381609855)I9:3.9150945018248793,(MT040334_PCoV_GX_P1E:1.1376027490136709,(MN996532_Bat_RaTG13:1.7042159026499006,(MT121216_Pangolin_MP789:1.786442071716782,MN908947_Wuhan_Hu_1:2.712343129217065)I11:0.33315579729502354)I3:0.5628887413679067)I6:2.2662592124656737)I7;
-80.60875848100684: ((MT040334_PCoV_GX_P1E:1.1376027490136709,((MT121216_Pangolin_MP789:1.786442071716782,MN908947_Wuhan_Hu_1:2.712343129217065)I11:0.21050534952445238,MN996532_Bat_RaTG13:1.7042159026499006)I3:0.4868168206151209)I6:2.2542052439006257,((NC_004718:0.06049784482986145)I1#H1:0.9553344113341944::0.6247167146880866,(I1#H1:0.023852315669604968::0.37528328531191335,(DQ022305_HKU3_1:0.36229149306161207,(DQ412043_Rm1:3.5600205507866067,DQ412042_Rf1:0.7268930589879368)I12:0.044777147159623276)I4:0.16594398764693508)I9:2.4493883900726434)I0:1.5506191164552834)I7;
Running Time (min): 0.022566666666666665
===============================


Results after run #4
-50.06935706709967: ((((MN996532_Bat_RaTG13:0.026085829200118926,MN908947_Wuhan_Hu_1:1.5283808737280091)I7:0.8339191229434849,MT121216_Pangolin_MP789:1.3121133356864219)I5:1.8003180246058854,MT040334_PCoV_GX_P1E:1.827043913008338)I0:5.255406508481829,((DQ412042_Rf1:2.4049299312944914,NC_004718:2.5937673008128663)I4:0.5521487508851615,(DQ022305_HKU3_1:0.790566675438035,DQ412043_Rm1:0.33395725486211386)I1:0.29920940660436485)I8:4.789094632060721)I3;
-54.217872094510504: ((DQ022305_HKU3_1:0.790566675438035,(((DQ412042_Rf1:2.4049299312944914,NC_004718:2.5937673008128663)I4:0.43031085278650155)I2#H1:0.16096082069307002::0.5763705870943463,(DQ412043_Rm1:0.1505572543699769,I2#H1:0.1946188108245817::0.42362941290565376)I6:0.6215408679760424)I8:0.22111132052378848)I1:4.5197761681573585,(MT040334_PCoV_GX_P1E:1.827043913008338,((MN996532_Bat_RaTG13:0.026085829200118926,MN908947_Wuhan_Hu_1:1.5283808737280091)I7:0.7160462332257623,MT121216_Pangolin_MP789:1.3121133356864219)I5:2.0322435975016244)I0:5.344796394973927)I3;
-55.337543984638465: ((((MN996532_Bat_RaTG13:0.026085829200118926,MN908947_Wuhan_Hu_1:1.5283808737280091)I7:0.8339191229434849,MT121216_Pangolin_MP789:1.3121133356864219)I5:1.9750105355433443,MT040334_PCoV_GX_P1E:1.827043913008338)I0:5.255406508481829,(((DQ412042_Rf1:2.4049299312944914,NC_004718:2.5937673008128663)I4:0.6191903190971114,DQ412043_Rm1:0.6331666614664787)I8:0.2874480896857218,DQ022305_HKU3_1:0.790566675438035)I1:4.345716754052046)I3;
-59.21968468519394: ((MT040334_PCoV_GX_P1E:1.827043913008338,(MN908947_Wuhan_Hu_1:1.5283808737280091,(MT121216_Pangolin_MP789:1.3121133356864219,MN996532_Bat_RaTG13:0.003497680064878876)I5:0.02258814913524005)I7:2.4792406668853)I0:5.269391302295051,((DQ412043_Rm1:0.33395725486211386,DQ022305_HKU3_1:0.790566675438035)I1:0.4628803847521453,(NC_004718:2.5937673008128663,DQ412042_Rf1:2.4049299312944914)I4:0.8321994281716943)I8:4.802299023415385)I3;
-64.83302621265764: (((MT121216_Pangolin_MP789:2.449672713751289,(MN996532_Bat_RaTG13:1.4742032929881008,MN908947_Wuhan_Hu_1:1.0816749318818042)I4:1.7452975394123063)I9:0.950792458176233,MT040334_PCoV_GX_P1E:0.255184502097333)I7:3.040333992461376,((NC_004718:0.6279534149319428,(DQ412043_Rm1:2.359751237116356,DQ412042_Rf1:1.4711001057678783)I8:0.07947804955408802)I6:1.1020997583074514,DQ022305_HKU3_1:0.08423795697190764)I2:3.760470774332351)I3;
Running Time (min): 0.022433333333333333
===============================


Results after run #5
-50.06935706709967: ((((MN996532_Bat_RaTG13:0.026085829200118926,MN908947_Wuhan_Hu_1:1.5283808737280091)I7:0.8339191229434849,MT121216_Pangolin_MP789:1.3121133356864219)I5:1.8003180246058854,MT040334_PCoV_GX_P1E:1.827043913008338)I0:5.255406508481829,((DQ412042_Rf1:2.4049299312944914,NC_004718:2.5937673008128663)I4:0.5521487508851615,(DQ022305_HKU3_1:0.790566675438035,DQ412043_Rm1:0.33395725486211386)I1:0.29920940660436485)I8:4.789094632060721)I3;
-54.217872094510504: ((DQ022305_HKU3_1:0.790566675438035,(((DQ412042_Rf1:2.4049299312944914,NC_004718:2.5937673008128663)I4:0.43031085278650155)I2#H1:0.16096082069307002::0.5763705870943463,(DQ412043_Rm1:0.1505572543699769,I2#H1:0.1946188108245817::0.42362941290565376)I6:0.6215408679760424)I8:0.22111132052378848)I1:4.5197761681573585,(MT040334_PCoV_GX_P1E:1.827043913008338,((MN996532_Bat_RaTG13:0.026085829200118926,MN908947_Wuhan_Hu_1:1.5283808737280091)I7:0.7160462332257623,MT121216_Pangolin_MP789:1.3121133356864219)I5:2.0322435975016244)I0:5.344796394973927)I3;
-55.337543984638465: ((((MN996532_Bat_RaTG13:0.026085829200118926,MN908947_Wuhan_Hu_1:1.5283808737280091)I7:0.8339191229434849,MT121216_Pangolin_MP789:1.3121133356864219)I5:1.9750105355433443,MT040334_PCoV_GX_P1E:1.827043913008338)I0:5.255406508481829,(((DQ412042_Rf1:2.4049299312944914,NC_004718:2.5937673008128663)I4:0.6191903190971114,DQ412043_Rm1:0.6331666614664787)I8:0.2874480896857218,DQ022305_HKU3_1:0.790566675438035)I1:4.345716754052046)I3;
-59.21968468519394: ((MT040334_PCoV_GX_P1E:1.827043913008338,(MN908947_Wuhan_Hu_1:1.5283808737280091,(MT121216_Pangolin_MP789:1.3121133356864219,MN996532_Bat_RaTG13:0.003497680064878876)I5:0.02258814913524005)I7:2.4792406668853)I0:5.269391302295051,((DQ412043_Rm1:0.33395725486211386,DQ022305_HKU3_1:0.790566675438035)I1:0.4628803847521453,(NC_004718:2.5937673008128663,DQ412042_Rf1:2.4049299312944914)I4:0.8321994281716943)I8:4.802299023415385)I3;
-64.83302621265764: (((MT121216_Pangolin_MP789:2.449672713751289,(MN996532_Bat_RaTG13:1.4742032929881008,MN908947_Wuhan_Hu_1:1.0816749318818042)I4:1.7452975394123063)I9:0.950792458176233,MT040334_PCoV_GX_P1E:0.255184502097333)I7:3.040333992461376,((NC_004718:0.6279534149319428,(DQ412043_Rm1:2.359751237116356,DQ412042_Rf1:1.4711001057678783)I8:0.07947804955408802)I6:1.1020997583074514,DQ022305_HKU3_1:0.08423795697190764)I2:3.760470774332351)I3;
Running Time (min): 0.4827
===============================


Results after run #6
-50.06935706709967: ((((MN996532_Bat_RaTG13:0.026085829200118926,MN908947_Wuhan_Hu_1:1.5283808737280091)I7:0.8339191229434849,MT121216_Pangolin_MP789:1.3121133356864219)I5:1.8003180246058854,MT040334_PCoV_GX_P1E:1.827043913008338)I0:5.255406508481829,((DQ412042_Rf1:2.4049299312944914,NC_004718:2.5937673008128663)I4:0.5521487508851615,(DQ022305_HKU3_1:0.790566675438035,DQ412043_Rm1:0.33395725486211386)I1:0.29920940660436485)I8:4.789094632060721)I3;
-54.217872094510504: ((DQ022305_HKU3_1:0.790566675438035,(((DQ412042_Rf1:2.4049299312944914,NC_004718:2.5937673008128663)I4:0.43031085278650155)I2#H1:0.16096082069307002::0.5763705870943463,(DQ412043_Rm1:0.1505572543699769,I2#H1:0.1946188108245817::0.42362941290565376)I6:0.6215408679760424)I8:0.22111132052378848)I1:4.5197761681573585,(MT040334_PCoV_GX_P1E:1.827043913008338,((MN996532_Bat_RaTG13:0.026085829200118926,MN908947_Wuhan_Hu_1:1.5283808737280091)I7:0.7160462332257623,MT121216_Pangolin_MP789:1.3121133356864219)I5:2.0322435975016244)I0:5.344796394973927)I3;
-55.337543984638465: ((((MN996532_Bat_RaTG13:0.026085829200118926,MN908947_Wuhan_Hu_1:1.5283808737280091)I7:0.8339191229434849,MT121216_Pangolin_MP789:1.3121133356864219)I5:1.9750105355433443,MT040334_PCoV_GX_P1E:1.827043913008338)I0:5.255406508481829,(((DQ412042_Rf1:2.4049299312944914,NC_004718:2.5937673008128663)I4:0.6191903190971114,DQ412043_Rm1:0.6331666614664787)I8:0.2874480896857218,DQ022305_HKU3_1:0.790566675438035)I1:4.345716754052046)I3;
-59.21968468519394: ((MT040334_PCoV_GX_P1E:1.827043913008338,(MN908947_Wuhan_Hu_1:1.5283808737280091,(MT121216_Pangolin_MP789:1.3121133356864219,MN996532_Bat_RaTG13:0.003497680064878876)I5:0.02258814913524005)I7:2.4792406668853)I0:5.269391302295051,((DQ412043_Rm1:0.33395725486211386,DQ022305_HKU3_1:0.790566675438035)I1:0.4628803847521453,(NC_004718:2.5937673008128663,DQ412042_Rf1:2.4049299312944914)I4:0.8321994281716943)I8:4.802299023415385)I3;
-64.83302621265764: (((MT121216_Pangolin_MP789:2.449672713751289,(MN996532_Bat_RaTG13:1.4742032929881008,MN908947_Wuhan_Hu_1:1.0816749318818042)I4:1.7452975394123063)I9:0.950792458176233,MT040334_PCoV_GX_P1E:0.255184502097333)I7:3.040333992461376,((NC_004718:0.6279534149319428,(DQ412043_Rm1:2.359751237116356,DQ412042_Rf1:1.4711001057678783)I8:0.07947804955408802)I6:1.1020997583074514,DQ022305_HKU3_1:0.08423795697190764)I2:3.760470774332351)I3;
Running Time (min): 0.021683333333333332
===============================


Results after run #7
-50.06935706709967: ((((MN996532_Bat_RaTG13:0.026085829200118926,MN908947_Wuhan_Hu_1:1.5283808737280091)I7:0.8339191229434849,MT121216_Pangolin_MP789:1.3121133356864219)I5:1.8003180246058854,MT040334_PCoV_GX_P1E:1.827043913008338)I0:5.255406508481829,((DQ412042_Rf1:2.4049299312944914,NC_004718:2.5937673008128663)I4:0.5521487508851615,(DQ022305_HKU3_1:0.790566675438035,DQ412043_Rm1:0.33395725486211386)I1:0.29920940660436485)I8:4.789094632060721)I3;
-54.217872094510504: ((DQ022305_HKU3_1:0.790566675438035,(((DQ412042_Rf1:2.4049299312944914,NC_004718:2.5937673008128663)I4:0.43031085278650155)I2#H1:0.16096082069307002::0.5763705870943463,(DQ412043_Rm1:0.1505572543699769,I2#H1:0.1946188108245817::0.42362941290565376)I6:0.6215408679760424)I8:0.22111132052378848)I1:4.5197761681573585,(MT040334_PCoV_GX_P1E:1.827043913008338,((MN996532_Bat_RaTG13:0.026085829200118926,MN908947_Wuhan_Hu_1:1.5283808737280091)I7:0.7160462332257623,MT121216_Pangolin_MP789:1.3121133356864219)I5:2.0322435975016244)I0:5.344796394973927)I3;
-55.337543984638465: ((((MN996532_Bat_RaTG13:0.026085829200118926,MN908947_Wuhan_Hu_1:1.5283808737280091)I7:0.8339191229434849,MT121216_Pangolin_MP789:1.3121133356864219)I5:1.9750105355433443,MT040334_PCoV_GX_P1E:1.827043913008338)I0:5.255406508481829,(((DQ412042_Rf1:2.4049299312944914,NC_004718:2.5937673008128663)I4:0.6191903190971114,DQ412043_Rm1:0.6331666614664787)I8:0.2874480896857218,DQ022305_HKU3_1:0.790566675438035)I1:4.345716754052046)I3;
-59.21968468519394: ((MT040334_PCoV_GX_P1E:1.827043913008338,(MN908947_Wuhan_Hu_1:1.5283808737280091,(MT121216_Pangolin_MP789:1.3121133356864219,MN996532_Bat_RaTG13:0.003497680064878876)I5:0.02258814913524005)I7:2.4792406668853)I0:5.269391302295051,((DQ412043_Rm1:0.33395725486211386,DQ022305_HKU3_1:0.790566675438035)I1:0.4628803847521453,(NC_004718:2.5937673008128663,DQ412042_Rf1:2.4049299312944914)I4:0.8321994281716943)I8:4.802299023415385)I3;
-64.83302621265764: (((MT121216_Pangolin_MP789:2.449672713751289,(MN996532_Bat_RaTG13:1.4742032929881008,MN908947_Wuhan_Hu_1:1.0816749318818042)I4:1.7452975394123063)I9:0.950792458176233,MT040334_PCoV_GX_P1E:0.255184502097333)I7:3.040333992461376,((NC_004718:0.6279534149319428,(DQ412043_Rm1:2.359751237116356,DQ412042_Rf1:1.4711001057678783)I8:0.07947804955408802)I6:1.1020997583074514,DQ022305_HKU3_1:0.08423795697190764)I2:3.760470774332351)I3;
Running Time (min): 0.043116666666666664
===============================


Results after run #8
-49.47365949988239: (((NC_004718:0.6991124256428778)I5#H1:0.10060502064011509::0.05795667063002985,((MT121216_Pangolin_MP789:0.006727558878961539,(MN908947_Wuhan_Hu_1:1.3874688023064603,MN996532_Bat_RaTG13:0.4571346540242095)I17:1.8540253932974629)I14:4.0355679935653495,MT040334_PCoV_GX_P1E:1.3334892551028252)I9:1.6496060621449624)I4:0.6634612492520668,((DQ022305_HKU3_1:0.08090640018049677,(DQ412043_Rm1:0.8542899650935782,DQ412042_Rf1:2.2927908665506633)I12:1.156472229156792)I13:0.17485055142841444,I5#H1:0.2072879366717446::0.9420433293699702)I2:4.3998020148237265)I0;
-50.06935706709967: ((((MN996532_Bat_RaTG13:0.026085829200118926,MN908947_Wuhan_Hu_1:1.5283808737280091)I7:0.8339191229434849,MT121216_Pangolin_MP789:1.3121133356864219)I5:1.8003180246058854,MT040334_PCoV_GX_P1E:1.827043913008338)I0:5.255406508481829,((DQ412042_Rf1:2.4049299312944914,NC_004718:2.5937673008128663)I4:0.5521487508851615,(DQ022305_HKU3_1:0.790566675438035,DQ412043_Rm1:0.33395725486211386)I1:0.29920940660436485)I8:4.789094632060721)I3;
-54.217872094510504: ((DQ022305_HKU3_1:0.790566675438035,(((DQ412042_Rf1:2.4049299312944914,NC_004718:2.5937673008128663)I4:0.43031085278650155)I2#H1:0.16096082069307002::0.5763705870943463,(DQ412043_Rm1:0.1505572543699769,I2#H1:0.1946188108245817::0.42362941290565376)I6:0.6215408679760424)I8:0.22111132052378848)I1:4.5197761681573585,(MT040334_PCoV_GX_P1E:1.827043913008338,((MN996532_Bat_RaTG13:0.026085829200118926,MN908947_Wuhan_Hu_1:1.5283808737280091)I7:0.7160462332257623,MT121216_Pangolin_MP789:1.3121133356864219)I5:2.0322435975016244)I0:5.344796394973927)I3;
-55.337543984638465: ((((MN996532_Bat_RaTG13:0.026085829200118926,MN908947_Wuhan_Hu_1:1.5283808737280091)I7:0.8339191229434849,MT121216_Pangolin_MP789:1.3121133356864219)I5:1.9750105355433443,MT040334_PCoV_GX_P1E:1.827043913008338)I0:5.255406508481829,(((DQ412042_Rf1:2.4049299312944914,NC_004718:2.5937673008128663)I4:0.6191903190971114,DQ412043_Rm1:0.6331666614664787)I8:0.2874480896857218,DQ022305_HKU3_1:0.790566675438035)I1:4.345716754052046)I3;
-55.423311200491966: ((((DQ022305_HKU3_1:0.08090640018049677,(DQ412043_Rm1:0.8542899650935782,DQ412042_Rf1:2.2927908665506633)I12:1.1188896239051336)I13:0.17485055142841444,NC_004718:0.256469873588831)I2:0.44264255205404673)I5#H1:4.607089951495471::0.9420433293699702,(I5#H1:0.012494215002462346::0.05795667063002982,((MT121216_Pangolin_MP789:0.006727558878961539,(MN908947_Wuhan_Hu_1:1.3874688023064603,MN996532_Bat_RaTG13:0.4571346540242095)I17:1.8540253932974629)I14:4.094954383798343,MT040334_PCoV_GX_P1E:1.3334892551028252)I9:1.6445128916796734)I4:0.5901843531309758)I0;
Running Time (min): 0.04703333333333334
===============================


Results after run #9
-49.47365949988239: (((NC_004718:0.6991124256428778)I5#H1:0.10060502064011509::0.05795667063002985,((MT121216_Pangolin_MP789:0.006727558878961539,(MN908947_Wuhan_Hu_1:1.3874688023064603,MN996532_Bat_RaTG13:0.4571346540242095)I17:1.8540253932974629)I14:4.0355679935653495,MT040334_PCoV_GX_P1E:1.3334892551028252)I9:1.6496060621449624)I4:0.6634612492520668,((DQ022305_HKU3_1:0.08090640018049677,(DQ412043_Rm1:0.8542899650935782,DQ412042_Rf1:2.2927908665506633)I12:1.156472229156792)I13:0.17485055142841444,I5#H1:0.2072879366717446::0.9420433293699702)I2:4.3998020148237265)I0;
-50.06935706709967: ((((MN996532_Bat_RaTG13:0.026085829200118926,MN908947_Wuhan_Hu_1:1.5283808737280091)I7:0.8339191229434849,MT121216_Pangolin_MP789:1.3121133356864219)I5:1.8003180246058854,MT040334_PCoV_GX_P1E:1.827043913008338)I0:5.255406508481829,((DQ412042_Rf1:2.4049299312944914,NC_004718:2.5937673008128663)I4:0.5521487508851615,(DQ022305_HKU3_1:0.790566675438035,DQ412043_Rm1:0.33395725486211386)I1:0.29920940660436485)I8:4.789094632060721)I3;
-54.217872094510504: ((DQ022305_HKU3_1:0.790566675438035,(((DQ412042_Rf1:2.4049299312944914,NC_004718:2.5937673008128663)I4:0.43031085278650155)I2#H1:0.16096082069307002::0.5763705870943463,(DQ412043_Rm1:0.1505572543699769,I2#H1:0.1946188108245817::0.42362941290565376)I6:0.6215408679760424)I8:0.22111132052378848)I1:4.5197761681573585,(MT040334_PCoV_GX_P1E:1.827043913008338,((MN996532_Bat_RaTG13:0.026085829200118926,MN908947_Wuhan_Hu_1:1.5283808737280091)I7:0.7160462332257623,MT121216_Pangolin_MP789:1.3121133356864219)I5:2.0322435975016244)I0:5.344796394973927)I3;
-55.337543984638465: ((((MN996532_Bat_RaTG13:0.026085829200118926,MN908947_Wuhan_Hu_1:1.5283808737280091)I7:0.8339191229434849,MT121216_Pangolin_MP789:1.3121133356864219)I5:1.9750105355433443,MT040334_PCoV_GX_P1E:1.827043913008338)I0:5.255406508481829,(((DQ412042_Rf1:2.4049299312944914,NC_004718:2.5937673008128663)I4:0.6191903190971114,DQ412043_Rm1:0.6331666614664787)I8:0.2874480896857218,DQ022305_HKU3_1:0.790566675438035)I1:4.345716754052046)I3;
-55.423311200491966: ((((DQ022305_HKU3_1:0.08090640018049677,(DQ412043_Rm1:0.8542899650935782,DQ412042_Rf1:2.2927908665506633)I12:1.1188896239051336)I13:0.17485055142841444,NC_004718:0.256469873588831)I2:0.44264255205404673)I5#H1:4.607089951495471::0.9420433293699702,(I5#H1:0.012494215002462346::0.05795667063002982,((MT121216_Pangolin_MP789:0.006727558878961539,(MN908947_Wuhan_Hu_1:1.3874688023064603,MN996532_Bat_RaTG13:0.4571346540242095)I17:1.8540253932974629)I14:4.094954383798343,MT040334_PCoV_GX_P1E:1.3334892551028252)I9:1.6445128916796734)I4:0.5901843531309758)I0;
Running Time (min): 0.02355
===============================


Results after run #10
-49.47365949988239: (((NC_004718:0.6991124256428778)I5#H1:0.10060502064011509::0.05795667063002985,((MT121216_Pangolin_MP789:0.006727558878961539,(MN908947_Wuhan_Hu_1:1.3874688023064603,MN996532_Bat_RaTG13:0.4571346540242095)I17:1.8540253932974629)I14:4.0355679935653495,MT040334_PCoV_GX_P1E:1.3334892551028252)I9:1.6496060621449624)I4:0.6634612492520668,((DQ022305_HKU3_1:0.08090640018049677,(DQ412043_Rm1:0.8542899650935782,DQ412042_Rf1:2.2927908665506633)I12:1.156472229156792)I13:0.17485055142841444,I5#H1:0.2072879366717446::0.9420433293699702)I2:4.3998020148237265)I0;
-50.06935706709967: ((((MN996532_Bat_RaTG13:0.026085829200118926,MN908947_Wuhan_Hu_1:1.5283808737280091)I7:0.8339191229434849,MT121216_Pangolin_MP789:1.3121133356864219)I5:1.8003180246058854,MT040334_PCoV_GX_P1E:1.827043913008338)I0:5.255406508481829,((DQ412042_Rf1:2.4049299312944914,NC_004718:2.5937673008128663)I4:0.5521487508851615,(DQ022305_HKU3_1:0.790566675438035,DQ412043_Rm1:0.33395725486211386)I1:0.29920940660436485)I8:4.789094632060721)I3;
-54.217872094510504: ((DQ022305_HKU3_1:0.790566675438035,(((DQ412042_Rf1:2.4049299312944914,NC_004718:2.5937673008128663)I4:0.43031085278650155)I2#H1:0.16096082069307002::0.5763705870943463,(DQ412043_Rm1:0.1505572543699769,I2#H1:0.1946188108245817::0.42362941290565376)I6:0.6215408679760424)I8:0.22111132052378848)I1:4.5197761681573585,(MT040334_PCoV_GX_P1E:1.827043913008338,((MN996532_Bat_RaTG13:0.026085829200118926,MN908947_Wuhan_Hu_1:1.5283808737280091)I7:0.7160462332257623,MT121216_Pangolin_MP789:1.3121133356864219)I5:2.0322435975016244)I0:5.344796394973927)I3;
-55.337543984638465: ((((MN996532_Bat_RaTG13:0.026085829200118926,MN908947_Wuhan_Hu_1:1.5283808737280091)I7:0.8339191229434849,MT121216_Pangolin_MP789:1.3121133356864219)I5:1.9750105355433443,MT040334_PCoV_GX_P1E:1.827043913008338)I0:5.255406508481829,(((DQ412042_Rf1:2.4049299312944914,NC_004718:2.5937673008128663)I4:0.6191903190971114,DQ412043_Rm1:0.6331666614664787)I8:0.2874480896857218,DQ022305_HKU3_1:0.790566675438035)I1:4.345716754052046)I3;
-55.423311200491966: ((((DQ022305_HKU3_1:0.08090640018049677,(DQ412043_Rm1:0.8542899650935782,DQ412042_Rf1:2.2927908665506633)I12:1.1188896239051336)I13:0.17485055142841444,NC_004718:0.256469873588831)I2:0.44264255205404673)I5#H1:4.607089951495471::0.9420433293699702,(I5#H1:0.012494215002462346::0.05795667063002982,((MT121216_Pangolin_MP789:0.006727558878961539,(MN908947_Wuhan_Hu_1:1.3874688023064603,MN996532_Bat_RaTG13:0.4571346540242095)I17:1.8540253932974629)I14:4.094954383798343,MT040334_PCoV_GX_P1E:1.3334892551028252)I9:1.6445128916796734)I4:0.5901843531309758)I0;
Running Time (min): 0.02535
===============================


Inferred Network #1:
(((((DQ022305_HKU3_1:1.0,(DQ412043_Rm1:1.0,DQ412042_Rf1:1.0):0.3759176174865599):0.7082039324993693,NC_004718:1.0):5.913610475989278)#H1:5.913650161787076::0.0014873743766175402,((MT121216_Pangolin_MP789:1.0,(MN908947_Wuhan_Hu_1:1.0,MN996532_Bat_RaTG13:1.0):5.909081152652343):5.909529977696264,MT040334_PCoV_GX_P1E:1.0):5.913614088538165):5.913617116078472,#H1:5.913618049469089::0.9985126256233825);
Total log probability: -30.83943998229961
Visualize in Dendroscope : (((((DQ022305_HKU3_1,(DQ412043_Rm1,DQ412042_Rf1)),NC_004718))#H1,((MT121216_Pangolin_MP789,(MN908947_Wuhan_Hu_1,MN996532_Bat_RaTG13)),MT040334_PCoV_GX_P1E)),#H1);
Inferred Network #2:
(((NC_004718:1.0)#H1:1.0::0.017142685450424855,((MT121216_Pangolin_MP789:1.0,(MN908947_Wuhan_Hu_1:1.0,MN996532_Bat_RaTG13:1.0):5.909081268099878):5.910916186994609,MT040334_PCoV_GX_P1E:1.0):5.911544164349912):0.0011774181844964955,((DQ022305_HKU3_1:1.0,(DQ412043_Rm1:1.0,DQ412042_Rf1:1.0):0.37700045312400876):0.7001218931743756,#H1:1.0::0.9828573145495751):5.909883661827239);
Total log probability: -32.555337721665566
Visualize in Dendroscope : (((NC_004718)#H1,((MT121216_Pangolin_MP789,(MN908947_Wuhan_Hu_1,MN996532_Bat_RaTG13)),MT040334_PCoV_GX_P1E)),((DQ022305_HKU3_1,(DQ412043_Rm1,DQ412042_Rf1)),#H1));
Inferred Network #3:
((((MN996532_Bat_RaTG13:1.0,MN908947_Wuhan_Hu_1:1.0):5.909081285089561,MT121216_Pangolin_MP789:1.0):5.909574204677511,MT040334_PCoV_GX_P1E:1.0):5.909774582239106,((DQ412042_Rf1:1.0,NC_004718:1.0):0.0011774181844964955,(DQ022305_HKU3_1:1.0,DQ412043_Rm1:1.0):0.49520614369955457):5.909529789515772);
Total log probability: -37.64295540887927
Visualize in Dendroscope : ((((MN996532_Bat_RaTG13,MN908947_Wuhan_Hu_1),MT121216_Pangolin_MP789),MT040334_PCoV_GX_P1E),((DQ412042_Rf1,NC_004718),(DQ022305_HKU3_1,DQ412043_Rm1)));
Inferred Network #4:
((((DQ412043_Rm1:1.0,((DQ412042_Rf1:1.0,NC_004718:1.0):0.0011774181844964955)#H1:0.0011774181844964955::0.12284294162796824):5.905451545561984,#H1:0.0011774181844964955::0.8771570583720317):0.0011774181844964955,DQ022305_HKU3_1:1.0):5.90984293388475,(MT040334_PCoV_GX_P1E:1.0,((MN996532_Bat_RaTG13:1.0,MN908947_Wuhan_Hu_1:1.0):5.9098811943497775,MT121216_Pangolin_MP789:1.0):5.909123787600057):5.909774582239386);
Total log probability: -39.778097615183476
Visualize in Dendroscope : ((((DQ412043_Rm1,((DQ412042_Rf1,NC_004718))#H1),#H1),DQ022305_HKU3_1),(MT040334_PCoV_GX_P1E,((MN996532_Bat_RaTG13,MN908947_Wuhan_Hu_1),MT121216_Pangolin_MP789)));
Inferred Network #5:
((((MN996532_Bat_RaTG13:1.0,MN908947_Wuhan_Hu_1:1.0):5.909081285088346,MT121216_Pangolin_MP789:1.0):5.90957420467809,MT040334_PCoV_GX_P1E:1.0):5.909774582239188,(((DQ412042_Rf1:1.0,NC_004718:1.0):0.0011774181844964955,DQ412043_Rm1:1.0):0.002973370199992726,DQ022305_HKU3_1:1.0):5.909869981858484);
Total log probability: -40.19367619500126
Visualize in Dendroscope : ((((MN996532_Bat_RaTG13,MN908947_Wuhan_Hu_1),MT121216_Pangolin_MP789),MT040334_PCoV_GX_P1E),(((DQ412042_Rf1,NC_004718),DQ412043_Rm1),DQ022305_HKU3_1));
