
InferNetwork_MPL (Tree9, Tree8, Tree7, Tree6, Tree5, Tree4, Tree3, Tree2, Tree1) 10 -m 1000 -pl 10 -di "/home/rosanne/Documents/minor_research_project/results/phylonet/"
Results after run #1
-17.57689364250625: ((MT040334_PCoV_GX_P1E:1.3378449263789192,((MN908947_Wuhan_Hu_1:4.328911528839355,MN996532_Bat_RaTG13:1.066547484997411)I8:1.7332156441231352,MT121216_Pangolin_MP789:1.266645055533683)I1:0.8630471280157634)I3:5.1289447378428,(NC_004718:0.9349994417830758,DQ022305_HKU3_1:0.45635685538831594)I2:1.501721778967138)I6;
-19.127418473940928: ((DQ022305_HKU3_1:0.45635685538831594,NC_004718:0.9349994417830758)I2:1.3265969332240515,(MT040334_PCoV_GX_P1E:1.3378449263789192,(MT121216_Pangolin_MP789:1.2997326152783928,((MN908947_Wuhan_Hu_1:1.4325542629767978)I4#H1:2.8963572658625574::0.4326311997756082,(MN996532_Bat_RaTG13:0.7595034745034106,I4#H1:1.0::0.5673688002243917)I5:0.3070440104940004)I8:1.9612636327231954)I1:0.7464538181797237)I3:5.838303894970625)I6;
-20.16490024377758: ((NC_004718:0.9349994417830758,DQ022305_HKU3_1:0.45635685538831594)I2:1.1937352091305002,(MT040334_PCoV_GX_P1E:1.3378449263789192,(MT121216_Pangolin_MP789:1.2997326152783928,((MN996532_Bat_RaTG13:0.7595034745034106)I5#H1:0.2481659361028658::0.4356960783691443,(MN908947_Wuhan_Hu_1:1.4325542629767978,I5#H1:1.0::0.5643039216308556)I4:2.8963572658625574)I8:1.9543035087163774)I1:0.7464538181797237)I3:5.838303894970625)I6;
-21.451789982511087: ((MT040334_PCoV_GX_P1E:1.3378449263789192,((MN996532_Bat_RaTG13:1.066547484997411,(MN908947_Wuhan_Hu_1:1.4325542629767978)I4#H1:2.8963572658625574::0.6021178362950266)I8:2.052598402555218,(I4#H1:1.0::0.39788216370497337,MT121216_Pangolin_MP789:1.152196554550987)I5:0.23796817274788348)I1:0.7976460631251068)I3:5.73266743127533,(DQ022305_HKU3_1:0.45635685538831594,NC_004718:0.9349994417830758)I2:1.3344058592588754)I6;
-24.002272577057028: ((DQ022305_HKU3_1:0.45635685538831594,NC_004718:0.9349994417830758)I2:1.4833452508265947,((MT040334_PCoV_GX_P1E:1.4115234538745027)I7#H1:1.0::0.6747792279874746,(MT121216_Pangolin_MP789:0.3301453810257422,(I7#H1:0.6247310017997671::0.3252207720125254,(MN996532_Bat_RaTG13:0.1076012583625118,MN908947_Wuhan_Hu_1:7.24296085381593)I4:0.12733341855129587)I5:0.18739617970040437)I1:2.218648943564804)I3:3.292566925007164)I6;
Running Time (min): 0.05795
===============================


Results after run #2
-17.57689364250625: ((MT040334_PCoV_GX_P1E:1.3378449263789192,((MN908947_Wuhan_Hu_1:4.328911528839355,MN996532_Bat_RaTG13:1.066547484997411)I8:1.7332156441231352,MT121216_Pangolin_MP789:1.266645055533683)I1:0.8630471280157634)I3:5.1289447378428,(NC_004718:0.9349994417830758,DQ022305_HKU3_1:0.45635685538831594)I2:1.501721778967138)I6;
-19.127418473940928: ((DQ022305_HKU3_1:0.45635685538831594,NC_004718:0.9349994417830758)I2:1.3265969332240515,(MT040334_PCoV_GX_P1E:1.3378449263789192,(MT121216_Pangolin_MP789:1.2997326152783928,((MN908947_Wuhan_Hu_1:1.4325542629767978)I4#H1:2.8963572658625574::0.4326311997756082,(MN996532_Bat_RaTG13:0.7595034745034106,I4#H1:1.0::0.5673688002243917)I5:0.3070440104940004)I8:1.9612636327231954)I1:0.7464538181797237)I3:5.838303894970625)I6;
-20.16490024377758: ((NC_004718:0.9349994417830758,DQ022305_HKU3_1:0.45635685538831594)I2:1.1937352091305002,(MT040334_PCoV_GX_P1E:1.3378449263789192,(MT121216_Pangolin_MP789:1.2997326152783928,((MN996532_Bat_RaTG13:0.7595034745034106)I5#H1:0.2481659361028658::0.4356960783691443,(MN908947_Wuhan_Hu_1:1.4325542629767978,I5#H1:1.0::0.5643039216308556)I4:2.8963572658625574)I8:1.9543035087163774)I1:0.7464538181797237)I3:5.838303894970625)I6;
-20.457541250035387: ((DQ022305_HKU3_1:0.990015471800112,NC_004718:0.17527731323544515)I5:2.649273602038184,((MT040334_PCoV_GX_P1E:0.7050440773424268)I2#H1:1.0::0.7973632188616473,((MT121216_Pangolin_MP789:0.5542230984907011)I13#H2:0.15863562215868457::0.4086324685005437,(I13#H2:0.14625881911164726::0.5913675314994563,(I2#H1:0.062160142250916456::0.2026367811383527,(MN908947_Wuhan_Hu_1:0.06339671711265871,MN996532_Bat_RaTG13:6.970366622457714)I11:0.3717751661004345)I4:0.0903986186695039)I6:0.9756258572562726)I3:0.4978465176098015)I1:2.6745016014590313)I0;
-20.800980521199847: ((DQ022305_HKU3_1:0.990015471800112,NC_004718:0.17527731323544515)I5:2.6586564572896263,(((MT121216_Pangolin_MP789:0.5542230984907011)I13#H1:0.15863562215868457::0.49666371965686207,(I13#H1:0.14625881911164726::0.5033362803431379,((MN908947_Wuhan_Hu_1:0.06339671711265871,MN996532_Bat_RaTG13:6.970366622457714)I11:0.37690783947422996)I4#H2:0.019617209726653873::0.9297885035512521)I6:0.9559736157504751)I3:0.5035014566905698,(MT040334_PCoV_GX_P1E:0.7050440773424268,I4#H2:0.16145960242588278::0.07021149644874791)I2:1.1100103395694452)I1:2.5799933098207544)I0;
Running Time (min): 0.06636666666666667
===============================


Results after run #3
-15.691477430028382: ((NC_004718:2.044933097061456,DQ022305_HKU3_1:0.27801043804967696)I1:1.808471693933533,((MT040334_PCoV_GX_P1E:1.0957017914419138)I2#H1:3.176258718045457::0.9788092165926867,(MT121216_Pangolin_MP789:1.9598231830345914,((MN908947_Wuhan_Hu_1:1.0027401714267554,MN996532_Bat_RaTG13:1.7628492558668842)I11:0.5048961876275142,I2#H1:3.6816484336642987::0.021190783407313285)I7:0.13957369821256088)I9:2.6955430941451812)I5:3.8842034337932736)I0;
-17.57689364250625: ((MT040334_PCoV_GX_P1E:1.3378449263789192,((MN908947_Wuhan_Hu_1:4.328911528839355,MN996532_Bat_RaTG13:1.066547484997411)I8:1.7332156441231352,MT121216_Pangolin_MP789:1.266645055533683)I1:0.8630471280157634)I3:5.1289447378428,(NC_004718:0.9349994417830758,DQ022305_HKU3_1:0.45635685538831594)I2:1.501721778967138)I6;
-17.729905526036376: ((NC_004718:2.044933097061456,DQ022305_HKU3_1:0.27801043804967696)I1:1.8601895895687346,((MT040334_PCoV_GX_P1E:1.0957017914419138,((MN908947_Wuhan_Hu_1:1.0027401714267554,MN996532_Bat_RaTG13:1.7628492558668842)I11:0.4503232953063233)I7#H1:3.7130200930772848::0.07472976269028841)I2:3.176258718045457,(MT121216_Pangolin_MP789:1.9598231830345914,I7#H1:0.04483867436434286::0.9252702373097116)I9:2.6936916560271107)I5:3.89502962738318)I0;
-18.419591178296617: ((NC_004718:2.044933097061456,DQ022305_HKU3_1:0.27801043804967696)I1:1.8819171568038593,(MT040334_PCoV_GX_P1E:5.152248972824471,((MN996532_Bat_RaTG13:0.0749255014879091)I3#H1:0.08922434730598817::0.5,(MT121216_Pangolin_MP789:2.4889053462742776,(MN908947_Wuhan_Hu_1:0.17627667789250112,I3#H1:1.0::0.5)I4:0.9648296328406356)I11:0.18449626746664122)I7:1.977067639831338)I2:3.1250289066196975)I0;
-19.127418473940928: ((DQ022305_HKU3_1:0.45635685538831594,NC_004718:0.9349994417830758)I2:1.3265969332240515,(MT040334_PCoV_GX_P1E:1.3378449263789192,(MT121216_Pangolin_MP789:1.2997326152783928,((MN908947_Wuhan_Hu_1:1.4325542629767978)I4#H1:2.8963572658625574::0.4326311997756082,(MN996532_Bat_RaTG13:0.7595034745034106,I4#H1:1.0::0.5673688002243917)I5:0.3070440104940004)I8:1.9612636327231954)I1:0.7464538181797237)I3:5.838303894970625)I6;
Running Time (min): 0.031966666666666664
===============================


Results after run #4
-15.691477430028382: ((NC_004718:2.044933097061456,DQ022305_HKU3_1:0.27801043804967696)I1:1.808471693933533,((MT040334_PCoV_GX_P1E:1.0957017914419138)I2#H1:3.176258718045457::0.9788092165926867,(MT121216_Pangolin_MP789:1.9598231830345914,((MN908947_Wuhan_Hu_1:1.0027401714267554,MN996532_Bat_RaTG13:1.7628492558668842)I11:0.5048961876275142,I2#H1:3.6816484336642987::0.021190783407313285)I7:0.13957369821256088)I9:2.6955430941451812)I5:3.8842034337932736)I0;
-17.57689364250625: ((MT040334_PCoV_GX_P1E:1.3378449263789192,((MN908947_Wuhan_Hu_1:4.328911528839355,MN996532_Bat_RaTG13:1.066547484997411)I8:1.7332156441231352,MT121216_Pangolin_MP789:1.266645055533683)I1:0.8630471280157634)I3:5.1289447378428,(NC_004718:0.9349994417830758,DQ022305_HKU3_1:0.45635685538831594)I2:1.501721778967138)I6;
-17.729905526036376: ((NC_004718:2.044933097061456,DQ022305_HKU3_1:0.27801043804967696)I1:1.8601895895687346,((MT040334_PCoV_GX_P1E:1.0957017914419138,((MN908947_Wuhan_Hu_1:1.0027401714267554,MN996532_Bat_RaTG13:1.7628492558668842)I11:0.4503232953063233)I7#H1:3.7130200930772848::0.07472976269028841)I2:3.176258718045457,(MT121216_Pangolin_MP789:1.9598231830345914,I7#H1:0.04483867436434286::0.9252702373097116)I9:2.6936916560271107)I5:3.89502962738318)I0;
-18.419591178296617: ((NC_004718:2.044933097061456,DQ022305_HKU3_1:0.27801043804967696)I1:1.8819171568038593,(MT040334_PCoV_GX_P1E:5.152248972824471,((MN996532_Bat_RaTG13:0.0749255014879091)I3#H1:0.08922434730598817::0.5,(MT121216_Pangolin_MP789:2.4889053462742776,(MN908947_Wuhan_Hu_1:0.17627667789250112,I3#H1:1.0::0.5)I4:0.9648296328406356)I11:0.18449626746664122)I7:1.977067639831338)I2:3.1250289066196975)I0;
-19.127418473940928: ((DQ022305_HKU3_1:0.45635685538831594,NC_004718:0.9349994417830758)I2:1.3265969332240515,(MT040334_PCoV_GX_P1E:1.3378449263789192,(MT121216_Pangolin_MP789:1.2997326152783928,((MN908947_Wuhan_Hu_1:1.4325542629767978)I4#H1:2.8963572658625574::0.4326311997756082,(MN996532_Bat_RaTG13:0.7595034745034106,I4#H1:1.0::0.5673688002243917)I5:0.3070440104940004)I8:1.9612636327231954)I1:0.7464538181797237)I3:5.838303894970625)I6;
Running Time (min): 0.0224
===============================


Results after run #5
-15.691477430028382: ((NC_004718:2.044933097061456,DQ022305_HKU3_1:0.27801043804967696)I1:1.808471693933533,((MT040334_PCoV_GX_P1E:1.0957017914419138)I2#H1:3.176258718045457::0.9788092165926867,(MT121216_Pangolin_MP789:1.9598231830345914,((MN908947_Wuhan_Hu_1:1.0027401714267554,MN996532_Bat_RaTG13:1.7628492558668842)I11:0.5048961876275142,I2#H1:3.6816484336642987::0.021190783407313285)I7:0.13957369821256088)I9:2.6955430941451812)I5:3.8842034337932736)I0;
-17.57689364250625: ((MT040334_PCoV_GX_P1E:1.3378449263789192,((MN908947_Wuhan_Hu_1:4.328911528839355,MN996532_Bat_RaTG13:1.066547484997411)I8:1.7332156441231352,MT121216_Pangolin_MP789:1.266645055533683)I1:0.8630471280157634)I3:5.1289447378428,(NC_004718:0.9349994417830758,DQ022305_HKU3_1:0.45635685538831594)I2:1.501721778967138)I6;
-17.729905526036376: ((NC_004718:2.044933097061456,DQ022305_HKU3_1:0.27801043804967696)I1:1.8601895895687346,((MT040334_PCoV_GX_P1E:1.0957017914419138,((MN908947_Wuhan_Hu_1:1.0027401714267554,MN996532_Bat_RaTG13:1.7628492558668842)I11:0.4503232953063233)I7#H1:3.7130200930772848::0.07472976269028841)I2:3.176258718045457,(MT121216_Pangolin_MP789:1.9598231830345914,I7#H1:0.04483867436434286::0.9252702373097116)I9:2.6936916560271107)I5:3.89502962738318)I0;
-18.419591178296617: ((NC_004718:2.044933097061456,DQ022305_HKU3_1:0.27801043804967696)I1:1.8819171568038593,(MT040334_PCoV_GX_P1E:5.152248972824471,((MN996532_Bat_RaTG13:0.0749255014879091)I3#H1:0.08922434730598817::0.5,(MT121216_Pangolin_MP789:2.4889053462742776,(MN908947_Wuhan_Hu_1:0.17627667789250112,I3#H1:1.0::0.5)I4:0.9648296328406356)I11:0.18449626746664122)I7:1.977067639831338)I2:3.1250289066196975)I0;
-19.127418473940928: ((DQ022305_HKU3_1:0.45635685538831594,NC_004718:0.9349994417830758)I2:1.3265969332240515,(MT040334_PCoV_GX_P1E:1.3378449263789192,(MT121216_Pangolin_MP789:1.2997326152783928,((MN908947_Wuhan_Hu_1:1.4325542629767978)I4#H1:2.8963572658625574::0.4326311997756082,(MN996532_Bat_RaTG13:0.7595034745034106,I4#H1:1.0::0.5673688002243917)I5:0.3070440104940004)I8:1.9612636327231954)I1:0.7464538181797237)I3:5.838303894970625)I6;
Running Time (min): 0.015166666666666667
===============================


Results after run #6
-15.691477430028382: ((NC_004718:2.044933097061456,DQ022305_HKU3_1:0.27801043804967696)I1:1.808471693933533,((MT040334_PCoV_GX_P1E:1.0957017914419138)I2#H1:3.176258718045457::0.9788092165926867,(MT121216_Pangolin_MP789:1.9598231830345914,((MN908947_Wuhan_Hu_1:1.0027401714267554,MN996532_Bat_RaTG13:1.7628492558668842)I11:0.5048961876275142,I2#H1:3.6816484336642987::0.021190783407313285)I7:0.13957369821256088)I9:2.6955430941451812)I5:3.8842034337932736)I0;
-17.57689364250625: ((MT040334_PCoV_GX_P1E:1.3378449263789192,((MN908947_Wuhan_Hu_1:4.328911528839355,MN996532_Bat_RaTG13:1.066547484997411)I8:1.7332156441231352,MT121216_Pangolin_MP789:1.266645055533683)I1:0.8630471280157634)I3:5.1289447378428,(NC_004718:0.9349994417830758,DQ022305_HKU3_1:0.45635685538831594)I2:1.501721778967138)I6;
-17.729905526036376: ((NC_004718:2.044933097061456,DQ022305_HKU3_1:0.27801043804967696)I1:1.8601895895687346,((MT040334_PCoV_GX_P1E:1.0957017914419138,((MN908947_Wuhan_Hu_1:1.0027401714267554,MN996532_Bat_RaTG13:1.7628492558668842)I11:0.4503232953063233)I7#H1:3.7130200930772848::0.07472976269028841)I2:3.176258718045457,(MT121216_Pangolin_MP789:1.9598231830345914,I7#H1:0.04483867436434286::0.9252702373097116)I9:2.6936916560271107)I5:3.89502962738318)I0;
-18.419591178296617: ((NC_004718:2.044933097061456,DQ022305_HKU3_1:0.27801043804967696)I1:1.8819171568038593,(MT040334_PCoV_GX_P1E:5.152248972824471,((MN996532_Bat_RaTG13:0.0749255014879091)I3#H1:0.08922434730598817::0.5,(MT121216_Pangolin_MP789:2.4889053462742776,(MN908947_Wuhan_Hu_1:0.17627667789250112,I3#H1:1.0::0.5)I4:0.9648296328406356)I11:0.18449626746664122)I7:1.977067639831338)I2:3.1250289066196975)I0;
-19.127418473940928: ((DQ022305_HKU3_1:0.45635685538831594,NC_004718:0.9349994417830758)I2:1.3265969332240515,(MT040334_PCoV_GX_P1E:1.3378449263789192,(MT121216_Pangolin_MP789:1.2997326152783928,((MN908947_Wuhan_Hu_1:1.4325542629767978)I4#H1:2.8963572658625574::0.4326311997756082,(MN996532_Bat_RaTG13:0.7595034745034106,I4#H1:1.0::0.5673688002243917)I5:0.3070440104940004)I8:1.9612636327231954)I1:0.7464538181797237)I3:5.838303894970625)I6;
Running Time (min): 0.017666666666666667
===============================


Results after run #7
-15.691477430028382: ((NC_004718:2.044933097061456,DQ022305_HKU3_1:0.27801043804967696)I1:1.808471693933533,((MT040334_PCoV_GX_P1E:1.0957017914419138)I2#H1:3.176258718045457::0.9788092165926867,(MT121216_Pangolin_MP789:1.9598231830345914,((MN908947_Wuhan_Hu_1:1.0027401714267554,MN996532_Bat_RaTG13:1.7628492558668842)I11:0.5048961876275142,I2#H1:3.6816484336642987::0.021190783407313285)I7:0.13957369821256088)I9:2.6955430941451812)I5:3.8842034337932736)I0;
-17.57689364250625: ((MT040334_PCoV_GX_P1E:1.3378449263789192,((MN908947_Wuhan_Hu_1:4.328911528839355,MN996532_Bat_RaTG13:1.066547484997411)I8:1.7332156441231352,MT121216_Pangolin_MP789:1.266645055533683)I1:0.8630471280157634)I3:5.1289447378428,(NC_004718:0.9349994417830758,DQ022305_HKU3_1:0.45635685538831594)I2:1.501721778967138)I6;
-17.729905526036376: ((NC_004718:2.044933097061456,DQ022305_HKU3_1:0.27801043804967696)I1:1.8601895895687346,((MT040334_PCoV_GX_P1E:1.0957017914419138,((MN908947_Wuhan_Hu_1:1.0027401714267554,MN996532_Bat_RaTG13:1.7628492558668842)I11:0.4503232953063233)I7#H1:3.7130200930772848::0.07472976269028841)I2:3.176258718045457,(MT121216_Pangolin_MP789:1.9598231830345914,I7#H1:0.04483867436434286::0.9252702373097116)I9:2.6936916560271107)I5:3.89502962738318)I0;
-18.419591178296617: ((NC_004718:2.044933097061456,DQ022305_HKU3_1:0.27801043804967696)I1:1.8819171568038593,(MT040334_PCoV_GX_P1E:5.152248972824471,((MN996532_Bat_RaTG13:0.0749255014879091)I3#H1:0.08922434730598817::0.5,(MT121216_Pangolin_MP789:2.4889053462742776,(MN908947_Wuhan_Hu_1:0.17627667789250112,I3#H1:1.0::0.5)I4:0.9648296328406356)I11:0.18449626746664122)I7:1.977067639831338)I2:3.1250289066196975)I0;
-19.127418473940928: ((DQ022305_HKU3_1:0.45635685538831594,NC_004718:0.9349994417830758)I2:1.3265969332240515,(MT040334_PCoV_GX_P1E:1.3378449263789192,(MT121216_Pangolin_MP789:1.2997326152783928,((MN908947_Wuhan_Hu_1:1.4325542629767978)I4#H1:2.8963572658625574::0.4326311997756082,(MN996532_Bat_RaTG13:0.7595034745034106,I4#H1:1.0::0.5673688002243917)I5:0.3070440104940004)I8:1.9612636327231954)I1:0.7464538181797237)I3:5.838303894970625)I6;
Running Time (min): 0.0178
===============================


Results after run #8
-15.691477430028382: ((NC_004718:2.044933097061456,DQ022305_HKU3_1:0.27801043804967696)I1:1.808471693933533,((MT040334_PCoV_GX_P1E:1.0957017914419138)I2#H1:3.176258718045457::0.9788092165926867,(MT121216_Pangolin_MP789:1.9598231830345914,((MN908947_Wuhan_Hu_1:1.0027401714267554,MN996532_Bat_RaTG13:1.7628492558668842)I11:0.5048961876275142,I2#H1:3.6816484336642987::0.021190783407313285)I7:0.13957369821256088)I9:2.6955430941451812)I5:3.8842034337932736)I0;
-17.57689364250625: ((MT040334_PCoV_GX_P1E:1.3378449263789192,((MN908947_Wuhan_Hu_1:4.328911528839355,MN996532_Bat_RaTG13:1.066547484997411)I8:1.7332156441231352,MT121216_Pangolin_MP789:1.266645055533683)I1:0.8630471280157634)I3:5.1289447378428,(NC_004718:0.9349994417830758,DQ022305_HKU3_1:0.45635685538831594)I2:1.501721778967138)I6;
-17.68307336398918: (((MT121216_Pangolin_MP789:0.1690126333362221,(MN908947_Wuhan_Hu_1:0.07880520978242544,MN996532_Bat_RaTG13:2.400217901098805)I1:2.0162909658474257)I0:1.072979872872874,MT040334_PCoV_GX_P1E:3.5421746047931615)I4:2.704561894481573,((NC_004718:0.3854178820302415)I3#H1:0.66795554914223::0.4236748710955056,(DQ022305_HKU3_1:1.415601094696223,I3#H1:1.0::0.5763251289044944)I2:0.371190041426464)I8:1.5833053567278625)I7;
-17.729905526036376: ((NC_004718:2.044933097061456,DQ022305_HKU3_1:0.27801043804967696)I1:1.8601895895687346,((MT040334_PCoV_GX_P1E:1.0957017914419138,((MN908947_Wuhan_Hu_1:1.0027401714267554,MN996532_Bat_RaTG13:1.7628492558668842)I11:0.4503232953063233)I7#H1:3.7130200930772848::0.07472976269028841)I2:3.176258718045457,(MT121216_Pangolin_MP789:1.9598231830345914,I7#H1:0.04483867436434286::0.9252702373097116)I9:2.6936916560271107)I5:3.89502962738318)I0;
-17.876086724926882: ((MT040334_PCoV_GX_P1E:3.5421746047931615,(MT121216_Pangolin_MP789:0.1690126333362221,(MN908947_Wuhan_Hu_1:0.07880520978242544,MN996532_Bat_RaTG13:2.400217901098805)I1:2.0162909658474257)I0:1.0198278865920236)I4:2.522863847613174,((DQ022305_HKU3_1:1.415601094696223)I2#H1:0.371190041426464::0.35746924803879226,(NC_004718:0.3854178820302415,I2#H1:1.0::0.6425307519612078)I3:0.7574890929896398)I8:1.5271336877307853)I7;
Running Time (min): 0.017
===============================


Results after run #9
-15.691477430028382: ((NC_004718:2.044933097061456,DQ022305_HKU3_1:0.27801043804967696)I1:1.808471693933533,((MT040334_PCoV_GX_P1E:1.0957017914419138)I2#H1:3.176258718045457::0.9788092165926867,(MT121216_Pangolin_MP789:1.9598231830345914,((MN908947_Wuhan_Hu_1:1.0027401714267554,MN996532_Bat_RaTG13:1.7628492558668842)I11:0.5048961876275142,I2#H1:3.6816484336642987::0.021190783407313285)I7:0.13957369821256088)I9:2.6955430941451812)I5:3.8842034337932736)I0;
-16.69918777268454: ((NC_004718:1.8145707125301294,DQ022305_HKU3_1:2.2707494332853386)I9:2.2466949178671145,(MT040334_PCoV_GX_P1E:0.899679872307267,((MT121216_Pangolin_MP789:0.5371776418335643)I5#H1:0.2930855179752868::0.26451944420186047,(I5#H1:0.10654140268485607::0.7354805557981395,(MN996532_Bat_RaTG13:2.285635520433364,MN908947_Wuhan_Hu_1:1.6808779718747173)I7:0.46688548668504987)I3:7.579802618077321)I1:0.23975667402621145)I2:2.430723467148547)I6;
-17.57689364250625: ((MT040334_PCoV_GX_P1E:1.3378449263789192,((MN908947_Wuhan_Hu_1:4.328911528839355,MN996532_Bat_RaTG13:1.066547484997411)I8:1.7332156441231352,MT121216_Pangolin_MP789:1.266645055533683)I1:0.8630471280157634)I3:5.1289447378428,(NC_004718:0.9349994417830758,DQ022305_HKU3_1:0.45635685538831594)I2:1.501721778967138)I6;
-17.68307336398918: (((MT121216_Pangolin_MP789:0.1690126333362221,(MN908947_Wuhan_Hu_1:0.07880520978242544,MN996532_Bat_RaTG13:2.400217901098805)I1:2.0162909658474257)I0:1.072979872872874,MT040334_PCoV_GX_P1E:3.5421746047931615)I4:2.704561894481573,((NC_004718:0.3854178820302415)I3#H1:0.66795554914223::0.4236748710955056,(DQ022305_HKU3_1:1.415601094696223,I3#H1:1.0::0.5763251289044944)I2:0.371190041426464)I8:1.5833053567278625)I7;
-17.729905526036376: ((NC_004718:2.044933097061456,DQ022305_HKU3_1:0.27801043804967696)I1:1.8601895895687346,((MT040334_PCoV_GX_P1E:1.0957017914419138,((MN908947_Wuhan_Hu_1:1.0027401714267554,MN996532_Bat_RaTG13:1.7628492558668842)I11:0.4503232953063233)I7#H1:3.7130200930772848::0.07472976269028841)I2:3.176258718045457,(MT121216_Pangolin_MP789:1.9598231830345914,I7#H1:0.04483867436434286::0.9252702373097116)I9:2.6936916560271107)I5:3.89502962738318)I0;
Running Time (min): 0.01765
===============================


Results after run #10
-15.691477430028382: ((NC_004718:2.044933097061456,DQ022305_HKU3_1:0.27801043804967696)I1:1.808471693933533,((MT040334_PCoV_GX_P1E:1.0957017914419138)I2#H1:3.176258718045457::0.9788092165926867,(MT121216_Pangolin_MP789:1.9598231830345914,((MN908947_Wuhan_Hu_1:1.0027401714267554,MN996532_Bat_RaTG13:1.7628492558668842)I11:0.5048961876275142,I2#H1:3.6816484336642987::0.021190783407313285)I7:0.13957369821256088)I9:2.6955430941451812)I5:3.8842034337932736)I0;
-16.69918777268454: ((NC_004718:1.8145707125301294,DQ022305_HKU3_1:2.2707494332853386)I9:2.2466949178671145,(MT040334_PCoV_GX_P1E:0.899679872307267,((MT121216_Pangolin_MP789:0.5371776418335643)I5#H1:0.2930855179752868::0.26451944420186047,(I5#H1:0.10654140268485607::0.7354805557981395,(MN996532_Bat_RaTG13:2.285635520433364,MN908947_Wuhan_Hu_1:1.6808779718747173)I7:0.46688548668504987)I3:7.579802618077321)I1:0.23975667402621145)I2:2.430723467148547)I6;
-17.57689364250625: ((MT040334_PCoV_GX_P1E:1.3378449263789192,((MN908947_Wuhan_Hu_1:4.328911528839355,MN996532_Bat_RaTG13:1.066547484997411)I8:1.7332156441231352,MT121216_Pangolin_MP789:1.266645055533683)I1:0.8630471280157634)I3:5.1289447378428,(NC_004718:0.9349994417830758,DQ022305_HKU3_1:0.45635685538831594)I2:1.501721778967138)I6;
-17.68307336398918: (((MT121216_Pangolin_MP789:0.1690126333362221,(MN908947_Wuhan_Hu_1:0.07880520978242544,MN996532_Bat_RaTG13:2.400217901098805)I1:2.0162909658474257)I0:1.072979872872874,MT040334_PCoV_GX_P1E:3.5421746047931615)I4:2.704561894481573,((NC_004718:0.3854178820302415)I3#H1:0.66795554914223::0.4236748710955056,(DQ022305_HKU3_1:1.415601094696223,I3#H1:1.0::0.5763251289044944)I2:0.371190041426464)I8:1.5833053567278625)I7;
-17.729905526036376: ((NC_004718:2.044933097061456,DQ022305_HKU3_1:0.27801043804967696)I1:1.8601895895687346,((MT040334_PCoV_GX_P1E:1.0957017914419138,((MN908947_Wuhan_Hu_1:1.0027401714267554,MN996532_Bat_RaTG13:1.7628492558668842)I11:0.4503232953063233)I7#H1:3.7130200930772848::0.07472976269028841)I2:3.176258718045457,(MT121216_Pangolin_MP789:1.9598231830345914,I7#H1:0.04483867436434286::0.9252702373097116)I9:2.6936916560271107)I5:3.89502962738318)I0;
Running Time (min): 0.025033333333333335
===============================


Inferred Network #1:
(((DQ022305_HKU3_1:1.0,(NC_004718:1.0)#H1:1.0::0.9828573145495751):5.9136198647855425,#H1:1.0::0.017142685450424855):5.913582112305246,((MT121216_Pangolin_MP789:1.0,(MN908947_Wuhan_Hu_1:1.0,MN996532_Bat_RaTG13:1.0):2.303111071560641):2.2503373867708385,MT040334_PCoV_GX_P1E:1.0):5.909774582239335);
Total log probability: -8.691210972163205
Visualize in Dendroscope : (((DQ022305_HKU3_1,(NC_004718)#H1),#H1),((MT121216_Pangolin_MP789,(MN908947_Wuhan_Hu_1,MN996532_Bat_RaTG13)),MT040334_PCoV_GX_P1E));
Inferred Network #2:
((NC_004718:1.0,DQ022305_HKU3_1:1.0):5.909068844742333,((((MT121216_Pangolin_MP789:1.0)#H1:1.0::0.9761188201905806,(MN996532_Bat_RaTG13:1.0,MN908947_Wuhan_Hu_1:1.0):2.2822987868574454):1.8865483021083889,#H1:1.0::0.023881179809419395):0.4918364879206993,MT040334_PCoV_GX_P1E:1.0):5.909354034660327);
Total log probability: -8.748835383464716
Visualize in Dendroscope : ((NC_004718,DQ022305_HKU3_1),((((MT121216_Pangolin_MP789)#H1,(MN996532_Bat_RaTG13,MN908947_Wuhan_Hu_1)),#H1),MT040334_PCoV_GX_P1E));
Inferred Network #3:
((MT040334_PCoV_GX_P1E:1.0,((MN908947_Wuhan_Hu_1:1.0,MN996532_Bat_RaTG13:1.0):2.302149022106905,MT121216_Pangolin_MP789:1.0):2.2588005108433324):5.90935118222093,(NC_004718:1.0,DQ022305_HKU3_1:1.0):5.909068844742333);
Total log probability: -8.755254918380613
Visualize in Dendroscope : ((MT040334_PCoV_GX_P1E,((MN908947_Wuhan_Hu_1,MN996532_Bat_RaTG13),MT121216_Pangolin_MP789)),(NC_004718,DQ022305_HKU3_1));
Inferred Network #4:
(((((MN908947_Wuhan_Hu_1:1.0,MN996532_Bat_RaTG13:1.0):1.2894779163406684,(MT040334_PCoV_GX_P1E:1.0)#H1:1.0::0.0014873743766175402):1.0,MT121216_Pangolin_MP789:1.0):2.2771998786245624,#H1:1.0::0.9985126256233825):5.911333088573235,(NC_004718:1.0,DQ022305_HKU3_1:1.0):5.909068844742348);
Total log probability: -8.756159789940828
Visualize in Dendroscope : (((((MN908947_Wuhan_Hu_1,MN996532_Bat_RaTG13),(MT040334_PCoV_GX_P1E)#H1),MT121216_Pangolin_MP789),#H1),(NC_004718,DQ022305_HKU3_1));
Inferred Network #5:
(((MT040334_PCoV_GX_P1E:1.0,((MN908947_Wuhan_Hu_1:1.0,MN996532_Bat_RaTG13:1.0):2.4073165602439324)#H1:5.913598890075391::0.0832195267064062):0.0011774181844964955,(MT121216_Pangolin_MP789:1.0,#H1:0.007915002395937813::0.9167804732935938):3.69884381121577):5.9099788784870615,(NC_004718:1.0,DQ022305_HKU3_1:1.0):5.909068844742385);
Total log probability: -8.789534281437877
Visualize in Dendroscope : (((MT040334_PCoV_GX_P1E,((MN908947_Wuhan_Hu_1,MN996532_Bat_RaTG13))#H1),(MT121216_Pangolin_MP789,#H1)),(NC_004718,DQ022305_HKU3_1));
