
InferNetwork_MPL (Tree9, Tree8, Tree7, Tree6, Tree5, Tree4, Tree3, Tree2, Tree1) 10 -m 1000 -pl 10 -di "/home/rosanne/Documents/minor_research_project/results/phylonet/"
Results after run #1
-17.34935277693865: ((DQ022305_HKU3_1:0.5170420476507682,NC_004718:1.6717173938087353)I3:2.2795507134873128,((MT121216_Pangolin_MP789:0.3650942184872834,(MN908947_Wuhan_Hu_1:1.071969773217859,MN996532_Bat_RaTG13:3.456210865575728)I6:2.1153213459019065)I0:1.8280992066828214,MT040334_PCoV_GX_P1E:0.3577071856886561)I7:1.6555525378301295)I4;
-18.699619336143698: ((MT040334_PCoV_GX_P1E:0.3577071856886561,(MT121216_Pangolin_MP789:0.3650942184872834,(MN908947_Wuhan_Hu_1:1.071969773217859,MN996532_Bat_RaTG13:3.456210865575728)I6:2.246644802927709)I0:1.5880304841606983)I7:1.5891135793092368,((DQ022305_HKU3_1:0.5170420476507682)I3#H1:1.4083943830605925::0.5,(NC_004718:0.6717173938087353,I3#H1:1.0::0.5)I1:1.9079003445780505)I2:1.591353516735525)I4;
-19.40852996542585: (((MT121216_Pangolin_MP789:0.3650942184872834,(MN996532_Bat_RaTG13:3.456210865575728,MN908947_Wuhan_Hu_1:1.071969773217859)I6:2.3019677162764216)I0:1.7508894407267317,MT040334_PCoV_GX_P1E:0.3577071856886561)I7:1.5857933511921887,((NC_004718:0.6717173938087353)I1#H1:1.9388297136273795::0.5345880591394119,(DQ022305_HKU3_1:0.5170420476507682,I1#H1:1.0::0.46541194086058807)I3:1.4083943830605925)I2:1.413570374817101)I4;
-22.21923006266563: ((DQ022305_HKU3_1:1.9254364307113607,NC_004718:2.644644667860512)I2:1.417371393481549,((MT040334_PCoV_GX_P1E:0.35474666686201956)I8#H1:1.0::0.5,((MT121216_Pangolin_MP789:0.3650942184872834,(MN996532_Bat_RaTG13:3.456210865575728,MN908947_Wuhan_Hu_1:1.071969773217859)I6:2.1228842204365943)I0:1.571525894766922,I8#H1:0.0029605188266365757::0.5)I7:0.09854508140627449)I5:1.5344663005298904)I4;
-28.328245994708002: ((DQ022305_HKU3_1:0.5170420476507682,NC_004718:1.6717173938087353)I3:2.17260179115951,((MN908947_Wuhan_Hu_1:1.071969773217859,MN996532_Bat_RaTG13:3.456210865575728)I6:1.9979784202401385,(MT040334_PCoV_GX_P1E:0.3577071856886561,MT121216_Pangolin_MP789:0.27183159434456017)I7:0.09326262414272321)I0:3.2013695598500886)I4;
Running Time (min): 0.0576
===============================


Results after run #2
-17.34935277693865: ((DQ022305_HKU3_1:0.5170420476507682,NC_004718:1.6717173938087353)I3:2.2795507134873128,((MT121216_Pangolin_MP789:0.3650942184872834,(MN908947_Wuhan_Hu_1:1.071969773217859,MN996532_Bat_RaTG13:3.456210865575728)I6:2.1153213459019065)I0:1.8280992066828214,MT040334_PCoV_GX_P1E:0.3577071856886561)I7:1.6555525378301295)I4;
-18.699619336143698: ((MT040334_PCoV_GX_P1E:0.3577071856886561,(MT121216_Pangolin_MP789:0.3650942184872834,(MN908947_Wuhan_Hu_1:1.071969773217859,MN996532_Bat_RaTG13:3.456210865575728)I6:2.246644802927709)I0:1.5880304841606983)I7:1.5891135793092368,((DQ022305_HKU3_1:0.5170420476507682)I3#H1:1.4083943830605925::0.5,(NC_004718:0.6717173938087353,I3#H1:1.0::0.5)I1:1.9079003445780505)I2:1.591353516735525)I4;
-19.40852996542585: (((MT121216_Pangolin_MP789:0.3650942184872834,(MN996532_Bat_RaTG13:3.456210865575728,MN908947_Wuhan_Hu_1:1.071969773217859)I6:2.3019677162764216)I0:1.7508894407267317,MT040334_PCoV_GX_P1E:0.3577071856886561)I7:1.5857933511921887,((NC_004718:0.6717173938087353)I1#H1:1.9388297136273795::0.5345880591394119,(DQ022305_HKU3_1:0.5170420476507682,I1#H1:1.0::0.46541194086058807)I3:1.4083943830605925)I2:1.413570374817101)I4;
-21.898472372488506: ((NC_004718:0.3680806355149765,DQ022305_HKU3_1:0.7582088952940085)I3:0.8364050158399118,(MT040334_PCoV_GX_P1E:2.0223825991055975,((MT121216_Pangolin_MP789:0.8794710362788747)I4#H1:0.10692787959047911::0.43822802695792346,(I4#H1:0.9376575245392506::0.5617719730420765,(MN996532_Bat_RaTG13:1.5214085605710985,MN908947_Wuhan_Hu_1:0.13869321211064473)I6:0.7301116790669734)I2:0.37171514291884306)I0:2.5502761869157156)I1:4.007741056651253)I9;
-22.21923006266563: ((DQ022305_HKU3_1:1.9254364307113607,NC_004718:2.644644667860512)I2:1.417371393481549,((MT040334_PCoV_GX_P1E:0.35474666686201956)I8#H1:1.0::0.5,((MT121216_Pangolin_MP789:0.3650942184872834,(MN996532_Bat_RaTG13:3.456210865575728,MN908947_Wuhan_Hu_1:1.071969773217859)I6:2.1228842204365943)I0:1.571525894766922,I8#H1:0.0029605188266365757::0.5)I7:0.09854508140627449)I5:1.5344663005298904)I4;
Running Time (min): 0.032883333333333334
===============================


Results after run #3
-15.666014955359438: ((NC_004718:1.329881604978019,DQ022305_HKU3_1:0.4816124111201673)I4:3.662868438625918,((MT121216_Pangolin_MP789:0.2108005663128858,((MN996532_Bat_RaTG13:1.2062410034112452,MN908947_Wuhan_Hu_1:0.7583622838813909)I1:1.5370681298894986)I3#H1:0.8025507979801827::0.6512540553561184)I7:0.8748150566864472,(MT040334_PCoV_GX_P1E:3.0456085109949576,I3#H1:0.5992528042688974::0.34874594464388164)I6:0.1675134589823119)I8:3.4889874506456735)I9;
-16.46402787783663: ((NC_004718:1.329881604978019,DQ022305_HKU3_1:0.4816124111201673)I4:3.672976652118492,((MT121216_Pangolin_MP789:0.2108005663128858)I7#H1:0.8748150566864472::0.2856081931271335,(MT040334_PCoV_GX_P1E:3.0456085109949576,(I7#H1:0.710808930914765::0.7143918068728665,(MN996532_Bat_RaTG13:1.2062410034112452,MN908947_Wuhan_Hu_1:0.7583622838813909)I1:1.5276057123324531)I3:0.5992528042688974)I6:0.1675134589823119)I8:3.450258478085722)I9;
-16.984133302745246: ((DQ022305_HKU3_1:0.4816124111201673,NC_004718:1.329881604978019)I4:3.6887286209980257,((MT121216_Pangolin_MP789:0.2108005663128858)I7#H1:0.8748150566864472::0.35429499074659393,(MT040334_PCoV_GX_P1E:3.0456085109949576,(MN996532_Bat_RaTG13:1.2062410034112452,(I7#H1:0.710808930914765::0.645705009253406,MN908947_Wuhan_Hu_1:0.5102273194910706)I3:0.19844437636065843)I1:2.2088950465293196)I6:0.13160004129191125)I8:3.5636528882483307)I9;
-17.34935277693865: ((DQ022305_HKU3_1:0.5170420476507682,NC_004718:1.6717173938087353)I3:2.2795507134873128,((MT121216_Pangolin_MP789:0.3650942184872834,(MN908947_Wuhan_Hu_1:1.071969773217859,MN996532_Bat_RaTG13:3.456210865575728)I6:2.1153213459019065)I0:1.8280992066828214,MT040334_PCoV_GX_P1E:0.3577071856886561)I7:1.6555525378301295)I4;
-18.699619336143698: ((MT040334_PCoV_GX_P1E:0.3577071856886561,(MT121216_Pangolin_MP789:0.3650942184872834,(MN908947_Wuhan_Hu_1:1.071969773217859,MN996532_Bat_RaTG13:3.456210865575728)I6:2.246644802927709)I0:1.5880304841606983)I7:1.5891135793092368,((DQ022305_HKU3_1:0.5170420476507682)I3#H1:1.4083943830605925::0.5,(NC_004718:0.6717173938087353,I3#H1:1.0::0.5)I1:1.9079003445780505)I2:1.591353516735525)I4;
Running Time (min): 0.06508333333333334
===============================


Results after run #4
-15.666014955359438: ((NC_004718:1.329881604978019,DQ022305_HKU3_1:0.4816124111201673)I4:3.662868438625918,((MT121216_Pangolin_MP789:0.2108005663128858,((MN996532_Bat_RaTG13:1.2062410034112452,MN908947_Wuhan_Hu_1:0.7583622838813909)I1:1.5370681298894986)I3#H1:0.8025507979801827::0.6512540553561184)I7:0.8748150566864472,(MT040334_PCoV_GX_P1E:3.0456085109949576,I3#H1:0.5992528042688974::0.34874594464388164)I6:0.1675134589823119)I8:3.4889874506456735)I9;
-16.46402787783663: ((NC_004718:1.329881604978019,DQ022305_HKU3_1:0.4816124111201673)I4:3.672976652118492,((MT121216_Pangolin_MP789:0.2108005663128858)I7#H1:0.8748150566864472::0.2856081931271335,(MT040334_PCoV_GX_P1E:3.0456085109949576,(I7#H1:0.710808930914765::0.7143918068728665,(MN996532_Bat_RaTG13:1.2062410034112452,MN908947_Wuhan_Hu_1:0.7583622838813909)I1:1.5276057123324531)I3:0.5992528042688974)I6:0.1675134589823119)I8:3.450258478085722)I9;
-16.984133302745246: ((DQ022305_HKU3_1:0.4816124111201673,NC_004718:1.329881604978019)I4:3.6887286209980257,((MT121216_Pangolin_MP789:0.2108005663128858)I7#H1:0.8748150566864472::0.35429499074659393,(MT040334_PCoV_GX_P1E:3.0456085109949576,(MN996532_Bat_RaTG13:1.2062410034112452,(I7#H1:0.710808930914765::0.645705009253406,MN908947_Wuhan_Hu_1:0.5102273194910706)I3:0.19844437636065843)I1:2.2088950465293196)I6:0.13160004129191125)I8:3.5636528882483307)I9;
-17.34935277693865: ((DQ022305_HKU3_1:0.5170420476507682,NC_004718:1.6717173938087353)I3:2.2795507134873128,((MT121216_Pangolin_MP789:0.3650942184872834,(MN908947_Wuhan_Hu_1:1.071969773217859,MN996532_Bat_RaTG13:3.456210865575728)I6:2.1153213459019065)I0:1.8280992066828214,MT040334_PCoV_GX_P1E:0.3577071856886561)I7:1.6555525378301295)I4;
-18.699619336143698: ((MT040334_PCoV_GX_P1E:0.3577071856886561,(MT121216_Pangolin_MP789:0.3650942184872834,(MN908947_Wuhan_Hu_1:1.071969773217859,MN996532_Bat_RaTG13:3.456210865575728)I6:2.246644802927709)I0:1.5880304841606983)I7:1.5891135793092368,((DQ022305_HKU3_1:0.5170420476507682)I3#H1:1.4083943830605925::0.5,(NC_004718:0.6717173938087353,I3#H1:1.0::0.5)I1:1.9079003445780505)I2:1.591353516735525)I4;
Running Time (min): 0.0242
===============================


Results after run #5
-15.666014955359438: ((NC_004718:1.329881604978019,DQ022305_HKU3_1:0.4816124111201673)I4:3.662868438625918,((MT121216_Pangolin_MP789:0.2108005663128858,((MN996532_Bat_RaTG13:1.2062410034112452,MN908947_Wuhan_Hu_1:0.7583622838813909)I1:1.5370681298894986)I3#H1:0.8025507979801827::0.6512540553561184)I7:0.8748150566864472,(MT040334_PCoV_GX_P1E:3.0456085109949576,I3#H1:0.5992528042688974::0.34874594464388164)I6:0.1675134589823119)I8:3.4889874506456735)I9;
-16.46402787783663: ((NC_004718:1.329881604978019,DQ022305_HKU3_1:0.4816124111201673)I4:3.672976652118492,((MT121216_Pangolin_MP789:0.2108005663128858)I7#H1:0.8748150566864472::0.2856081931271335,(MT040334_PCoV_GX_P1E:3.0456085109949576,(I7#H1:0.710808930914765::0.7143918068728665,(MN996532_Bat_RaTG13:1.2062410034112452,MN908947_Wuhan_Hu_1:0.7583622838813909)I1:1.5276057123324531)I3:0.5992528042688974)I6:0.1675134589823119)I8:3.450258478085722)I9;
-16.984133302745246: ((DQ022305_HKU3_1:0.4816124111201673,NC_004718:1.329881604978019)I4:3.6887286209980257,((MT121216_Pangolin_MP789:0.2108005663128858)I7#H1:0.8748150566864472::0.35429499074659393,(MT040334_PCoV_GX_P1E:3.0456085109949576,(MN996532_Bat_RaTG13:1.2062410034112452,(I7#H1:0.710808930914765::0.645705009253406,MN908947_Wuhan_Hu_1:0.5102273194910706)I3:0.19844437636065843)I1:2.2088950465293196)I6:0.13160004129191125)I8:3.5636528882483307)I9;
-17.34935277693865: ((DQ022305_HKU3_1:0.5170420476507682,NC_004718:1.6717173938087353)I3:2.2795507134873128,((MT121216_Pangolin_MP789:0.3650942184872834,(MN908947_Wuhan_Hu_1:1.071969773217859,MN996532_Bat_RaTG13:3.456210865575728)I6:2.1153213459019065)I0:1.8280992066828214,MT040334_PCoV_GX_P1E:0.3577071856886561)I7:1.6555525378301295)I4;
-18.699619336143698: ((MT040334_PCoV_GX_P1E:0.3577071856886561,(MT121216_Pangolin_MP789:0.3650942184872834,(MN908947_Wuhan_Hu_1:1.071969773217859,MN996532_Bat_RaTG13:3.456210865575728)I6:2.246644802927709)I0:1.5880304841606983)I7:1.5891135793092368,((DQ022305_HKU3_1:0.5170420476507682)I3#H1:1.4083943830605925::0.5,(NC_004718:0.6717173938087353,I3#H1:1.0::0.5)I1:1.9079003445780505)I2:1.591353516735525)I4;
Running Time (min): 0.0293
===============================


Results after run #6
-12.436307500360401: ((NC_004718:1.1308808257017275,DQ022305_HKU3_1:1.6962058271830278)I7:2.179840911309943,((MT040334_PCoV_GX_P1E:1.2334580111450708)I14#H1:1.0709095955674208::0.10909499248600063,(I14#H1:0.0401851137328481::0.8909050075139994,(MT121216_Pangolin_MP789:1.1496138616078735,((MN908947_Wuhan_Hu_1:0.6640450439092719)I2#H2:4.406780672956656::0.5,(I2#H2:0.08572911294909902::0.5,MN996532_Bat_RaTG13:1.9570273058529422)I1:1.0923082232055012)I10:0.6858673421562882)I4:2.533713462669514)I9:5.256768765883346)I3:1.099527183805177)I0;
-15.448559372677611: ((NC_004718:1.1308808257017275,DQ022305_HKU3_1:1.6962058271830278)I7:2.128919124233963,(((MN908947_Wuhan_Hu_1:0.6640450439092719)I2#H2:0.48325874084247256::0.5)I14#H1:1.0709095955674208::0.24264368955247673,(MT040334_PCoV_GX_P1E:1.273643124877919,(MT121216_Pangolin_MP789:1.1496138616078735,(I14#H1:3.923521932114183::0.7573563104475233,(MN996532_Bat_RaTG13:1.9570273058529422,I2#H2:0.08572911294909902::0.5)I1:0.9729545880293885)I10:0.7381290071009334)I4:2.516348249165844)I9:5.264117706054936)I3:1.0455240650868363)I0;
-15.666014955359438: ((NC_004718:1.329881604978019,DQ022305_HKU3_1:0.4816124111201673)I4:3.662868438625918,((MT121216_Pangolin_MP789:0.2108005663128858,((MN996532_Bat_RaTG13:1.2062410034112452,MN908947_Wuhan_Hu_1:0.7583622838813909)I1:1.5370681298894986)I3#H1:0.8025507979801827::0.6512540553561184)I7:0.8748150566864472,(MT040334_PCoV_GX_P1E:3.0456085109949576,I3#H1:0.5992528042688974::0.34874594464388164)I6:0.1675134589823119)I8:3.4889874506456735)I9;
-16.46402787783663: ((NC_004718:1.329881604978019,DQ022305_HKU3_1:0.4816124111201673)I4:3.672976652118492,((MT121216_Pangolin_MP789:0.2108005663128858)I7#H1:0.8748150566864472::0.2856081931271335,(MT040334_PCoV_GX_P1E:3.0456085109949576,(I7#H1:0.710808930914765::0.7143918068728665,(MN996532_Bat_RaTG13:1.2062410034112452,MN908947_Wuhan_Hu_1:0.7583622838813909)I1:1.5276057123324531)I3:0.5992528042688974)I6:0.1675134589823119)I8:3.450258478085722)I9;
-16.48728654885208: ((NC_004718:1.1308808257017275,DQ022305_HKU3_1:1.6962058271830278)I7:1.482568388395788,((((MT121216_Pangolin_MP789:0.23372400395891624,(MN996532_Bat_RaTG13:0.4585166589149301,MN908947_Wuhan_Hu_1:0.6830307434740812)I1:0.8899656521168994)I11:0.27988669326800053)I9#H2:0.12061622017431417::0.2200922676498821)I2#H1:0.8300635832706907::0.5176649462198848,(MT040334_PCoV_GX_P1E:0.6075736111117666,(I9#H2:0.8332964593540586::0.7799077323501179,I2#H1:0.19368088927267005::0.4823350537801152)I5:1.2154061558576237)I6:0.7257994803287657)I4:4.653361115517037)I0;
Running Time (min): 0.0201
===============================


Results after run #7
-12.436307500360401: ((NC_004718:1.1308808257017275,DQ022305_HKU3_1:1.6962058271830278)I7:2.179840911309943,((MT040334_PCoV_GX_P1E:1.2334580111450708)I14#H1:1.0709095955674208::0.10909499248600063,(I14#H1:0.0401851137328481::0.8909050075139994,(MT121216_Pangolin_MP789:1.1496138616078735,((MN908947_Wuhan_Hu_1:0.6640450439092719)I2#H2:4.406780672956656::0.5,(I2#H2:0.08572911294909902::0.5,MN996532_Bat_RaTG13:1.9570273058529422)I1:1.0923082232055012)I10:0.6858673421562882)I4:2.533713462669514)I9:5.256768765883346)I3:1.099527183805177)I0;
-15.448559372677611: ((NC_004718:1.1308808257017275,DQ022305_HKU3_1:1.6962058271830278)I7:2.128919124233963,(((MN908947_Wuhan_Hu_1:0.6640450439092719)I2#H2:0.48325874084247256::0.5)I14#H1:1.0709095955674208::0.24264368955247673,(MT040334_PCoV_GX_P1E:1.273643124877919,(MT121216_Pangolin_MP789:1.1496138616078735,(I14#H1:3.923521932114183::0.7573563104475233,(MN996532_Bat_RaTG13:1.9570273058529422,I2#H2:0.08572911294909902::0.5)I1:0.9729545880293885)I10:0.7381290071009334)I4:2.516348249165844)I9:5.264117706054936)I3:1.0455240650868363)I0;
-15.666014955359438: ((NC_004718:1.329881604978019,DQ022305_HKU3_1:0.4816124111201673)I4:3.662868438625918,((MT121216_Pangolin_MP789:0.2108005663128858,((MN996532_Bat_RaTG13:1.2062410034112452,MN908947_Wuhan_Hu_1:0.7583622838813909)I1:1.5370681298894986)I3#H1:0.8025507979801827::0.6512540553561184)I7:0.8748150566864472,(MT040334_PCoV_GX_P1E:3.0456085109949576,I3#H1:0.5992528042688974::0.34874594464388164)I6:0.1675134589823119)I8:3.4889874506456735)I9;
-16.46402787783663: ((NC_004718:1.329881604978019,DQ022305_HKU3_1:0.4816124111201673)I4:3.672976652118492,((MT121216_Pangolin_MP789:0.2108005663128858)I7#H1:0.8748150566864472::0.2856081931271335,(MT040334_PCoV_GX_P1E:3.0456085109949576,(I7#H1:0.710808930914765::0.7143918068728665,(MN996532_Bat_RaTG13:1.2062410034112452,MN908947_Wuhan_Hu_1:0.7583622838813909)I1:1.5276057123324531)I3:0.5992528042688974)I6:0.1675134589823119)I8:3.450258478085722)I9;
-16.48728654885208: ((NC_004718:1.1308808257017275,DQ022305_HKU3_1:1.6962058271830278)I7:1.482568388395788,((((MT121216_Pangolin_MP789:0.23372400395891624,(MN996532_Bat_RaTG13:0.4585166589149301,MN908947_Wuhan_Hu_1:0.6830307434740812)I1:0.8899656521168994)I11:0.27988669326800053)I9#H2:0.12061622017431417::0.2200922676498821)I2#H1:0.8300635832706907::0.5176649462198848,(MT040334_PCoV_GX_P1E:0.6075736111117666,(I9#H2:0.8332964593540586::0.7799077323501179,I2#H1:0.19368088927267005::0.4823350537801152)I5:1.2154061558576237)I6:0.7257994803287657)I4:4.653361115517037)I0;
Running Time (min): 0.023333333333333334
===============================


Results after run #8
-10.390035170597281: ((NC_004718:0.10244550724308939,DQ022305_HKU3_1:2.017157694532952)I4:3.0478190328886807,((MT121216_Pangolin_MP789:1.0990693042503343,(MN908947_Wuhan_Hu_1:1.7182532026282287,MN996532_Bat_RaTG13:1.1598191865512535)I6:1.8905887869294813)I3:1.8616394618339152,MT040334_PCoV_GX_P1E:0.7228630782019345)I16:2.846057486642636)I5;
-11.595685368436602: ((((MN996532_Bat_RaTG13:1.1598191865512535,MN908947_Wuhan_Hu_1:1.7182532026282287)I6:1.4741750625373493,(MT121216_Pangolin_MP789:0.7675465883636099)I2#H1:0.33152271588672455::0.9438521428986023)I3:1.8594034775280068,(MT040334_PCoV_GX_P1E:0.07413972994794213,I2#H1:1.4016920234126138::0.05614785710139764)I11:0.7139805924905491)I16:2.885079056643635,((DQ022305_HKU3_1:1.011674387854366)I0#H2:0.8971625027312401::0.5437498297071265,(NC_004718:0.10244550724308939,I0#H2:1.0054833066785864::0.4562501702928735)I4:1.1039048788448518)I8:2.428072027512513)I5;
-11.873564924575955: ((NC_004718:0.10244550724308939,DQ022305_HKU3_1:2.017157694532952)I4:3.120616558675221,(((MT121216_Pangolin_MP789:0.7675465883636099)I2#H1:0.33152271588672455::0.8453144267684433,(MN996532_Bat_RaTG13:1.1598191865512535,MN908947_Wuhan_Hu_1:1.7182532026282287)I6:1.5070646396830543)I3:1.8594034775280068,(MT040334_PCoV_GX_P1E:0.07413972994794213,I2#H1:1.4016920234126138::0.15468557323155674)I11:0.6487233482539924)I16:2.9500925488522274)I5;
-12.029058911461613: ((MT040334_PCoV_GX_P1E:0.778315897169849,((MT121216_Pangolin_MP789:0.07720922692622055)I2#H1:0.32106847353021317::0.8652757228262549,(MN996532_Bat_RaTG13:1.1487395021956988,(I2#H1:3.5217356692533617::0.13472427717374513,MN908947_Wuhan_Hu_1:1.24165739321659)I0:0.7072590370230207)I7:3.075518133617147)I6:1.3524734549569601)I16:2.4679912421703496,(NC_004718:0.10244550724308939,DQ022305_HKU3_1:2.017157694532952)I4:3.3729953449881154)I5;
-12.436307500360401: ((NC_004718:1.1308808257017275,DQ022305_HKU3_1:1.6962058271830278)I7:2.179840911309943,((MT040334_PCoV_GX_P1E:1.2334580111450708)I14#H1:1.0709095955674208::0.10909499248600063,(I14#H1:0.0401851137328481::0.8909050075139994,(MT121216_Pangolin_MP789:1.1496138616078735,((MN908947_Wuhan_Hu_1:0.6640450439092719)I2#H2:4.406780672956656::0.5,(I2#H2:0.08572911294909902::0.5,MN996532_Bat_RaTG13:1.9570273058529422)I1:1.0923082232055012)I10:0.6858673421562882)I4:2.533713462669514)I9:5.256768765883346)I3:1.099527183805177)I0;
Running Time (min): 0.025683333333333332
===============================


Results after run #9
-10.390035170597281: ((NC_004718:0.10244550724308939,DQ022305_HKU3_1:2.017157694532952)I4:3.0478190328886807,((MT121216_Pangolin_MP789:1.0990693042503343,(MN908947_Wuhan_Hu_1:1.7182532026282287,MN996532_Bat_RaTG13:1.1598191865512535)I6:1.8905887869294813)I3:1.8616394618339152,MT040334_PCoV_GX_P1E:0.7228630782019345)I16:2.846057486642636)I5;
-11.595685368436602: ((((MN996532_Bat_RaTG13:1.1598191865512535,MN908947_Wuhan_Hu_1:1.7182532026282287)I6:1.4741750625373493,(MT121216_Pangolin_MP789:0.7675465883636099)I2#H1:0.33152271588672455::0.9438521428986023)I3:1.8594034775280068,(MT040334_PCoV_GX_P1E:0.07413972994794213,I2#H1:1.4016920234126138::0.05614785710139764)I11:0.7139805924905491)I16:2.885079056643635,((DQ022305_HKU3_1:1.011674387854366)I0#H2:0.8971625027312401::0.5437498297071265,(NC_004718:0.10244550724308939,I0#H2:1.0054833066785864::0.4562501702928735)I4:1.1039048788448518)I8:2.428072027512513)I5;
-11.873564924575955: ((NC_004718:0.10244550724308939,DQ022305_HKU3_1:2.017157694532952)I4:3.120616558675221,(((MT121216_Pangolin_MP789:0.7675465883636099)I2#H1:0.33152271588672455::0.8453144267684433,(MN996532_Bat_RaTG13:1.1598191865512535,MN908947_Wuhan_Hu_1:1.7182532026282287)I6:1.5070646396830543)I3:1.8594034775280068,(MT040334_PCoV_GX_P1E:0.07413972994794213,I2#H1:1.4016920234126138::0.15468557323155674)I11:0.6487233482539924)I16:2.9500925488522274)I5;
-12.029058911461613: ((MT040334_PCoV_GX_P1E:0.778315897169849,((MT121216_Pangolin_MP789:0.07720922692622055)I2#H1:0.32106847353021317::0.8652757228262549,(MN996532_Bat_RaTG13:1.1487395021956988,(I2#H1:3.5217356692533617::0.13472427717374513,MN908947_Wuhan_Hu_1:1.24165739321659)I0:0.7072590370230207)I7:3.075518133617147)I6:1.3524734549569601)I16:2.4679912421703496,(NC_004718:0.10244550724308939,DQ022305_HKU3_1:2.017157694532952)I4:3.3729953449881154)I5;
-12.436307500360401: ((NC_004718:1.1308808257017275,DQ022305_HKU3_1:1.6962058271830278)I7:2.179840911309943,((MT040334_PCoV_GX_P1E:1.2334580111450708)I14#H1:1.0709095955674208::0.10909499248600063,(I14#H1:0.0401851137328481::0.8909050075139994,(MT121216_Pangolin_MP789:1.1496138616078735,((MN908947_Wuhan_Hu_1:0.6640450439092719)I2#H2:4.406780672956656::0.5,(I2#H2:0.08572911294909902::0.5,MN996532_Bat_RaTG13:1.9570273058529422)I1:1.0923082232055012)I10:0.6858673421562882)I4:2.533713462669514)I9:5.256768765883346)I3:1.099527183805177)I0;
Running Time (min): 0.015416666666666667
===============================


Results after run #10
-10.390035170597281: ((NC_004718:0.10244550724308939,DQ022305_HKU3_1:2.017157694532952)I4:3.0478190328886807,((MT121216_Pangolin_MP789:1.0990693042503343,(MN908947_Wuhan_Hu_1:1.7182532026282287,MN996532_Bat_RaTG13:1.1598191865512535)I6:1.8905887869294813)I3:1.8616394618339152,MT040334_PCoV_GX_P1E:0.7228630782019345)I16:2.846057486642636)I5;
-11.595685368436602: ((((MN996532_Bat_RaTG13:1.1598191865512535,MN908947_Wuhan_Hu_1:1.7182532026282287)I6:1.4741750625373493,(MT121216_Pangolin_MP789:0.7675465883636099)I2#H1:0.33152271588672455::0.9438521428986023)I3:1.8594034775280068,(MT040334_PCoV_GX_P1E:0.07413972994794213,I2#H1:1.4016920234126138::0.05614785710139764)I11:0.7139805924905491)I16:2.885079056643635,((DQ022305_HKU3_1:1.011674387854366)I0#H2:0.8971625027312401::0.5437498297071265,(NC_004718:0.10244550724308939,I0#H2:1.0054833066785864::0.4562501702928735)I4:1.1039048788448518)I8:2.428072027512513)I5;
-11.873564924575955: ((NC_004718:0.10244550724308939,DQ022305_HKU3_1:2.017157694532952)I4:3.120616558675221,(((MT121216_Pangolin_MP789:0.7675465883636099)I2#H1:0.33152271588672455::0.8453144267684433,(MN996532_Bat_RaTG13:1.1598191865512535,MN908947_Wuhan_Hu_1:1.7182532026282287)I6:1.5070646396830543)I3:1.8594034775280068,(MT040334_PCoV_GX_P1E:0.07413972994794213,I2#H1:1.4016920234126138::0.15468557323155674)I11:0.6487233482539924)I16:2.9500925488522274)I5;
-12.029058911461613: ((MT040334_PCoV_GX_P1E:0.778315897169849,((MT121216_Pangolin_MP789:0.07720922692622055)I2#H1:0.32106847353021317::0.8652757228262549,(MN996532_Bat_RaTG13:1.1487395021956988,(I2#H1:3.5217356692533617::0.13472427717374513,MN908947_Wuhan_Hu_1:1.24165739321659)I0:0.7072590370230207)I7:3.075518133617147)I6:1.3524734549569601)I16:2.4679912421703496,(NC_004718:0.10244550724308939,DQ022305_HKU3_1:2.017157694532952)I4:3.3729953449881154)I5;
-12.436307500360401: ((NC_004718:1.1308808257017275,DQ022305_HKU3_1:1.6962058271830278)I7:2.179840911309943,((MT040334_PCoV_GX_P1E:1.2334580111450708)I14#H1:1.0709095955674208::0.10909499248600063,(I14#H1:0.0401851137328481::0.8909050075139994,(MT121216_Pangolin_MP789:1.1496138616078735,((MN908947_Wuhan_Hu_1:0.6640450439092719)I2#H2:4.406780672956656::0.5,(I2#H2:0.08572911294909902::0.5,MN996532_Bat_RaTG13:1.9570273058529422)I1:1.0923082232055012)I10:0.6858673421562882)I4:2.533713462669514)I9:5.256768765883346)I3:1.099527183805177)I0;
Running Time (min): 0.038533333333333336
===============================


Inferred Network #1:
((((MT040334_PCoV_GX_P1E:1.0)#H2:1.0::0.9803724753426923,((((MN908947_Wuhan_Hu_1:1.0)#H1:1.0::0.9828573145495751,MN996532_Bat_RaTG13:1.0):5.913617667272251,#H1:1.0::0.017142685450424855):5.913585687136963,MT121216_Pangolin_MP789:1.0):2.187084507953909):5.913600274203251,#H2:1.0::0.01962752465730766):5.913577443789411,(NC_004718:1.0,DQ022305_HKU3_1:1.0):5.909068844742336);
Total log probability: -5.744955239257845
Visualize in Dendroscope : ((((MT040334_PCoV_GX_P1E)#H2,((((MN908947_Wuhan_Hu_1)#H1,MN996532_Bat_RaTG13),#H1),MT121216_Pangolin_MP789)),#H2),(NC_004718,DQ022305_HKU3_1));
Inferred Network #2:
((((MN996532_Bat_RaTG13:1.0,MN908947_Wuhan_Hu_1:1.0):5.909595410347938,(MT121216_Pangolin_MP789:1.0)#H1:1.0::0.9007305595454069):4.335418237358936,(MT040334_PCoV_GX_P1E:1.0,#H1:1.0::0.09926944045459302):0.0052143765506119525):5.9099983086417165,((NC_004718:1.0,(DQ022305_HKU3_1:1.0)#H2:1.0::0.9828573145495751):5.913617195983202,#H2:1.0::0.017142685450424855):5.913582112291714);
Total log probability: -5.798304113096965
Visualize in Dendroscope : ((((MN996532_Bat_RaTG13,MN908947_Wuhan_Hu_1),(MT121216_Pangolin_MP789)#H1),(MT040334_PCoV_GX_P1E,#H1)),((NC_004718,(DQ022305_HKU3_1)#H2),#H2));
Inferred Network #3:
((((MT121216_Pangolin_MP789:1.0)#H1:1.0::0.9188087490621895,(MN996532_Bat_RaTG13:1.0,MN908947_Wuhan_Hu_1:1.0):5.911555653265817):3.469345117845644,(MT040334_PCoV_GX_P1E:1.0,#H1:1.0::0.08119125093781059):0.004887661673483863):5.909839827705801,(NC_004718:1.0,DQ022305_HKU3_1:1.0):5.909068844742378);
Total log probability: -5.862807164606398
Visualize in Dendroscope : ((((MT121216_Pangolin_MP789)#H1,(MN996532_Bat_RaTG13,MN908947_Wuhan_Hu_1)),(MT040334_PCoV_GX_P1E,#H1)),(NC_004718,DQ022305_HKU3_1));
Inferred Network #4:
((NC_004718:1.0,DQ022305_HKU3_1:1.0):5.909068844742333,((MT121216_Pangolin_MP789:1.0,(MN908947_Wuhan_Hu_1:1.0,MN996532_Bat_RaTG13:1.0):5.909475905133406):2.213661028270476,MT040334_PCoV_GX_P1E:1.0):5.909347866235353);
Total log probability: -5.865535278082818
Visualize in Dendroscope : ((NC_004718,DQ022305_HKU3_1),((MT121216_Pangolin_MP789,(MN908947_Wuhan_Hu_1,MN996532_Bat_RaTG13)),MT040334_PCoV_GX_P1E));
Inferred Network #5:
((((((MT121216_Pangolin_MP789:1.0)#H1:1.0::0.001354768433688081,MN908947_Wuhan_Hu_1:1.0):0.0011774181844964955,MN996532_Bat_RaTG13:1.0):5.91075813566731,#H1:1.0::0.9986452315663119):2.2122768559764987,MT040334_PCoV_GX_P1E:1.0):5.909654929585832,(NC_004718:1.0,DQ022305_HKU3_1:1.0):5.909068844742336);
Total log probability: -5.873611511296752
Visualize in Dendroscope : ((((((MT121216_Pangolin_MP789)#H1,MN908947_Wuhan_Hu_1),MN996532_Bat_RaTG13),#H1),MT040334_PCoV_GX_P1E),(NC_004718,DQ022305_HKU3_1));
