
InferNetwork_MPL (Tree9, Tree8, Tree7, Tree6, Tree5, Tree4, Tree3, Tree2, Tree1) 10 -m 1000 -pl 10 -di "/home/rosanne/Documents/minor_research_project/results/phylonet/"
Results after run #1
-16.4814091934619: ((DQ022305_HKU3_1:1.5672914451487572,NC_004718:4.376167742602678)I2:1.9029206479958716,(MT040334_PCoV_GX_P1E:0.4987538887975779,(MT121216_Pangolin_MP789:0.8025827896713689,(MN908947_Wuhan_Hu_1:3.675612608913968,MN996532_Bat_RaTG13:0.17661566836214027)I8:1.7059897829908193)I3:1.5090954907467184)I1:2.536561615180809)I4;
-19.494707342519046: ((DQ022305_HKU3_1:1.5672914451487572,NC_004718:4.376167742602678)I2:1.8201719874123674,(MT040334_PCoV_GX_P1E:0.4973882646093064,(((MT121216_Pangolin_MP789:2.143163428840189)I6#H1:1.0::0.7628057302801388,(I6#H1:1.2688809674339212::0.23719426971986124,(MN908947_Wuhan_Hu_1:1.6090946322276078)I9#H2:0.16432729307403793::0.3351078179742263)I8:0.0326545825299908)I5:0.2263539952780034,(I9#H2:0.8091892316288041::0.6648921820257737,MN996532_Bat_RaTG13:0.8969076047319001)I0:1.1132172843139132)I3:1.2219516627202762)I1:2.9210350783309105)I4;
-19.51239686719042: ((DQ022305_HKU3_1:1.4215337762486433,NC_004718:6.077322571896841)I5:1.4925618453422136,(MT040334_PCoV_GX_P1E:0.4973882646093064,(MT121216_Pangolin_MP789:1.4907761047935892,((MN908947_Wuhan_Hu_1:1.925878277574237)I8#H1:0.058850699215851406::0.5,(MN996532_Bat_RaTG13:0.3714925825268247,I8#H1:1.0::0.5)I3:0.4164131119137301)I7:0.8033936429863746)I0:1.065810596619758)I1:3.2118195108633114)I4;
-19.84562918833964: ((MT040334_PCoV_GX_P1E:0.4973882646093064,((MN908947_Wuhan_Hu_1:2.675270639078265)I9#H1:0.1647250397802356::0.34896807005185626,(MT121216_Pangolin_MP789:1.4907761047935892,((I9#H1:0.13717917910393185::0.6510319299481437)I7#H2:1.4883417081200707::0.5741127313862505,(I7#H2:0.018725332312839696::0.4258872686137495,MN996532_Bat_RaTG13:1.2440396609001418)I10:0.10654375384569104)I8:0.5020658465606632)I0:0.13136927886696004)I3:1.4242680725365338)I1:2.8121094363882624,((NC_004718:3.425492375039504)I6#H3:0.9506753675631738::0.6053590854181209,(DQ022305_HKU3_1:1.4215337762486433,I6#H3:2.6518301968573366::0.3946409145818791)I5:0.14575766890011393)I2:1.9494285312005275)I4;
-20.35123165095815: ((MT040334_PCoV_GX_P1E:0.4987538887975779,((MN908947_Wuhan_Hu_1:3.129512145342638)I5#H1:1.972736396347201::0.4735026644082021,(MT121216_Pangolin_MP789:0.3436391047599534,(MN996532_Bat_RaTG13:0.17661566836214027,I5#H1:0.4770508405384705::0.5264973355917979)I8:1.182552703853404)I0:0.41927005137611295)I3:1.6043764590952134)I1:2.500226778238341,(DQ022305_HKU3_1:1.5672914451487572,NC_004718:4.376167742602678)I2:1.8421357559242932)I4;
Running Time (min): 0.09508333333333334
===============================


Results after run #2
-16.4814091934619: ((DQ022305_HKU3_1:1.5672914451487572,NC_004718:4.376167742602678)I2:1.9029206479958716,(MT040334_PCoV_GX_P1E:0.4987538887975779,(MT121216_Pangolin_MP789:0.8025827896713689,(MN908947_Wuhan_Hu_1:3.675612608913968,MN996532_Bat_RaTG13:0.17661566836214027)I8:1.7059897829908193)I3:1.5090954907467184)I1:2.536561615180809)I4;
-19.494707342519046: ((DQ022305_HKU3_1:1.5672914451487572,NC_004718:4.376167742602678)I2:1.8201719874123674,(MT040334_PCoV_GX_P1E:0.4973882646093064,(((MT121216_Pangolin_MP789:2.143163428840189)I6#H1:1.0::0.7628057302801388,(I6#H1:1.2688809674339212::0.23719426971986124,(MN908947_Wuhan_Hu_1:1.6090946322276078)I9#H2:0.16432729307403793::0.3351078179742263)I8:0.0326545825299908)I5:0.2263539952780034,(I9#H2:0.8091892316288041::0.6648921820257737,MN996532_Bat_RaTG13:0.8969076047319001)I0:1.1132172843139132)I3:1.2219516627202762)I1:2.9210350783309105)I4;
-19.51239686719042: ((DQ022305_HKU3_1:1.4215337762486433,NC_004718:6.077322571896841)I5:1.4925618453422136,(MT040334_PCoV_GX_P1E:0.4973882646093064,(MT121216_Pangolin_MP789:1.4907761047935892,((MN908947_Wuhan_Hu_1:1.925878277574237)I8#H1:0.058850699215851406::0.5,(MN996532_Bat_RaTG13:0.3714925825268247,I8#H1:1.0::0.5)I3:0.4164131119137301)I7:0.8033936429863746)I0:1.065810596619758)I1:3.2118195108633114)I4;
-19.84562918833964: ((MT040334_PCoV_GX_P1E:0.4973882646093064,((MN908947_Wuhan_Hu_1:2.675270639078265)I9#H1:0.1647250397802356::0.34896807005185626,(MT121216_Pangolin_MP789:1.4907761047935892,((I9#H1:0.13717917910393185::0.6510319299481437)I7#H2:1.4883417081200707::0.5741127313862505,(I7#H2:0.018725332312839696::0.4258872686137495,MN996532_Bat_RaTG13:1.2440396609001418)I10:0.10654375384569104)I8:0.5020658465606632)I0:0.13136927886696004)I3:1.4242680725365338)I1:2.8121094363882624,((NC_004718:3.425492375039504)I6#H3:0.9506753675631738::0.6053590854181209,(DQ022305_HKU3_1:1.4215337762486433,I6#H3:2.6518301968573366::0.3946409145818791)I5:0.14575766890011393)I2:1.9494285312005275)I4;
-20.35123165095815: ((MT040334_PCoV_GX_P1E:0.4987538887975779,((MN908947_Wuhan_Hu_1:3.129512145342638)I5#H1:1.972736396347201::0.4735026644082021,(MT121216_Pangolin_MP789:0.3436391047599534,(MN996532_Bat_RaTG13:0.17661566836214027,I5#H1:0.4770508405384705::0.5264973355917979)I8:1.182552703853404)I0:0.41927005137611295)I3:1.6043764590952134)I1:2.500226778238341,(DQ022305_HKU3_1:1.5672914451487572,NC_004718:4.376167742602678)I2:1.8421357559242932)I4;
Running Time (min): 0.13551666666666667
===============================


Results after run #3
-16.4814091934619: ((DQ022305_HKU3_1:1.5672914451487572,NC_004718:4.376167742602678)I2:1.9029206479958716,(MT040334_PCoV_GX_P1E:0.4987538887975779,(MT121216_Pangolin_MP789:0.8025827896713689,(MN908947_Wuhan_Hu_1:3.675612608913968,MN996532_Bat_RaTG13:0.17661566836214027)I8:1.7059897829908193)I3:1.5090954907467184)I1:2.536561615180809)I4;
-19.494707342519046: ((DQ022305_HKU3_1:1.5672914451487572,NC_004718:4.376167742602678)I2:1.8201719874123674,(MT040334_PCoV_GX_P1E:0.4973882646093064,(((MT121216_Pangolin_MP789:2.143163428840189)I6#H1:1.0::0.7628057302801388,(I6#H1:1.2688809674339212::0.23719426971986124,(MN908947_Wuhan_Hu_1:1.6090946322276078)I9#H2:0.16432729307403793::0.3351078179742263)I8:0.0326545825299908)I5:0.2263539952780034,(I9#H2:0.8091892316288041::0.6648921820257737,MN996532_Bat_RaTG13:0.8969076047319001)I0:1.1132172843139132)I3:1.2219516627202762)I1:2.9210350783309105)I4;
-19.51239686719042: ((DQ022305_HKU3_1:1.4215337762486433,NC_004718:6.077322571896841)I5:1.4925618453422136,(MT040334_PCoV_GX_P1E:0.4973882646093064,(MT121216_Pangolin_MP789:1.4907761047935892,((MN908947_Wuhan_Hu_1:1.925878277574237)I8#H1:0.058850699215851406::0.5,(MN996532_Bat_RaTG13:0.3714925825268247,I8#H1:1.0::0.5)I3:0.4164131119137301)I7:0.8033936429863746)I0:1.065810596619758)I1:3.2118195108633114)I4;
-19.84562918833964: ((MT040334_PCoV_GX_P1E:0.4973882646093064,((MN908947_Wuhan_Hu_1:2.675270639078265)I9#H1:0.1647250397802356::0.34896807005185626,(MT121216_Pangolin_MP789:1.4907761047935892,((I9#H1:0.13717917910393185::0.6510319299481437)I7#H2:1.4883417081200707::0.5741127313862505,(I7#H2:0.018725332312839696::0.4258872686137495,MN996532_Bat_RaTG13:1.2440396609001418)I10:0.10654375384569104)I8:0.5020658465606632)I0:0.13136927886696004)I3:1.4242680725365338)I1:2.8121094363882624,((NC_004718:3.425492375039504)I6#H3:0.9506753675631738::0.6053590854181209,(DQ022305_HKU3_1:1.4215337762486433,I6#H3:2.6518301968573366::0.3946409145818791)I5:0.14575766890011393)I2:1.9494285312005275)I4;
-20.35123165095815: ((MT040334_PCoV_GX_P1E:0.4987538887975779,((MN908947_Wuhan_Hu_1:3.129512145342638)I5#H1:1.972736396347201::0.4735026644082021,(MT121216_Pangolin_MP789:0.3436391047599534,(MN996532_Bat_RaTG13:0.17661566836214027,I5#H1:0.4770508405384705::0.5264973355917979)I8:1.182552703853404)I0:0.41927005137611295)I3:1.6043764590952134)I1:2.500226778238341,(DQ022305_HKU3_1:1.5672914451487572,NC_004718:4.376167742602678)I2:1.8421357559242932)I4;
Running Time (min): 0.03526666666666667
===============================


Results after run #4
-14.844605297361452: ((NC_004718:0.20076888906415713,DQ022305_HKU3_1:1.5701325341010857)I2:1.6395842851097948,((((MT121216_Pangolin_MP789:0.09742482816171323)I9#H2:0.0034436922993161105::0.40547321467928565,((MN996532_Bat_RaTG13:0.17463905523387552,MN908947_Wuhan_Hu_1:0.873290953912494)I4:2.1471478672663333,I9#H2:1.0::0.5945267853207143)I8:1.2568139465519337)I7:0.3811737402245658)I1#H1:0.9893110353584132::0.21429398896983032,(I1#H1:2.4499390293493484::0.7857060110301697,MT040334_PCoV_GX_P1E:1.5113218639607575)I11:0.9760626421126117)I0:3.1815621180835696)I5;
-16.03792016199064: ((NC_004718:0.20076888906415713,DQ022305_HKU3_1:1.5701325341010857)I2:1.5558465610297212,(MT040334_PCoV_GX_P1E:2.4151336177314793,((((MN996532_Bat_RaTG13:0.17463905523387552,MN908947_Wuhan_Hu_1:0.873290953912494)I4:2.0967068050720834,(MT121216_Pangolin_MP789:0.09742482816171323)I9#H2:1.0::0.5945267853207143)I8:0.8155558219242991)I6#H1:1.0::0.5,(I9#H2:0.0034436922993161105::0.40547321467928565,I6#H1:0.44125812462763464::0.5)I7:0.3652183645189939)I3:0.9425886797171371)I0:3.2545184818753707)I5;
-16.420507373549896: ((DQ022305_HKU3_1:1.5701325341010857,NC_004718:0.20076888906415713)I2:1.6395842851097948,(((((MN996532_Bat_RaTG13:0.17463905523387552,MN908947_Wuhan_Hu_1:0.873290953912494)I4:3.3691853977149946,MT121216_Pangolin_MP789:0.10086852046102934)I7:0.5390351295507643)I1#H2:0.9151559853492598::0.30941070744089255)I3#H1:0.07415505000915343::0.44815577442145005,(I1#H2:2.4499390293493484::0.6905892925591075,(MT040334_PCoV_GX_P1E:1.1092873410109314,I3#H1:1.013498343660029::0.55184422557855)I6:0.40203452294982606)I11:0.9412441136048741)I0:3.1815621180835696)I5;
-16.4814091934619: ((DQ022305_HKU3_1:1.5672914451487572,NC_004718:4.376167742602678)I2:1.9029206479958716,(MT040334_PCoV_GX_P1E:0.4987538887975779,(MT121216_Pangolin_MP789:0.8025827896713689,(MN908947_Wuhan_Hu_1:3.675612608913968,MN996532_Bat_RaTG13:0.17661566836214027)I8:1.7059897829908193)I3:1.5090954907467184)I1:2.536561615180809)I4;
-16.788319381087653: ((NC_004718:0.20076888906415713,DQ022305_HKU3_1:1.5701325341010857)I2:1.614777613859613,(MT040334_PCoV_GX_P1E:2.4151336177314793,(((MN996532_Bat_RaTG13:0.006342146725065369)I1#H2:0.05807205886382418::0.41583465111962986)I6#H1:1.0::0.5531391492280852,((MT121216_Pangolin_MP789:0.09742482816171323)I9#H3:0.06135399804887183::0.34206066966750914,(I9#H3:1.0::0.6579393303324909,(MN908947_Wuhan_Hu_1:0.873290953912494,(I1#H2:1.0::0.5841653488803702,I6#H1:0.10407369317252556::0.44686085077191484)I10:0.006151156472460406)I4:2.029807612800258)I8:1.064555723979766)I7:0.36789379212452583)I3:1.0121800937655707)I0:3.4436462633097715)I5;
Running Time (min): 0.04083333333333333
===============================


Results after run #5
-14.844605297361452: ((NC_004718:0.20076888906415713,DQ022305_HKU3_1:1.5701325341010857)I2:1.6395842851097948,((((MT121216_Pangolin_MP789:0.09742482816171323)I9#H2:0.0034436922993161105::0.40547321467928565,((MN996532_Bat_RaTG13:0.17463905523387552,MN908947_Wuhan_Hu_1:0.873290953912494)I4:2.1471478672663333,I9#H2:1.0::0.5945267853207143)I8:1.2568139465519337)I7:0.3811737402245658)I1#H1:0.9893110353584132::0.21429398896983032,(I1#H1:2.4499390293493484::0.7857060110301697,MT040334_PCoV_GX_P1E:1.5113218639607575)I11:0.9760626421126117)I0:3.1815621180835696)I5;
-16.03792016199064: ((NC_004718:0.20076888906415713,DQ022305_HKU3_1:1.5701325341010857)I2:1.5558465610297212,(MT040334_PCoV_GX_P1E:2.4151336177314793,((((MN996532_Bat_RaTG13:0.17463905523387552,MN908947_Wuhan_Hu_1:0.873290953912494)I4:2.0967068050720834,(MT121216_Pangolin_MP789:0.09742482816171323)I9#H2:1.0::0.5945267853207143)I8:0.8155558219242991)I6#H1:1.0::0.5,(I9#H2:0.0034436922993161105::0.40547321467928565,I6#H1:0.44125812462763464::0.5)I7:0.3652183645189939)I3:0.9425886797171371)I0:3.2545184818753707)I5;
-16.420507373549896: ((DQ022305_HKU3_1:1.5701325341010857,NC_004718:0.20076888906415713)I2:1.6395842851097948,(((((MN996532_Bat_RaTG13:0.17463905523387552,MN908947_Wuhan_Hu_1:0.873290953912494)I4:3.3691853977149946,MT121216_Pangolin_MP789:0.10086852046102934)I7:0.5390351295507643)I1#H2:0.9151559853492598::0.30941070744089255)I3#H1:0.07415505000915343::0.44815577442145005,(I1#H2:2.4499390293493484::0.6905892925591075,(MT040334_PCoV_GX_P1E:1.1092873410109314,I3#H1:1.013498343660029::0.55184422557855)I6:0.40203452294982606)I11:0.9412441136048741)I0:3.1815621180835696)I5;
-16.4814091934619: ((DQ022305_HKU3_1:1.5672914451487572,NC_004718:4.376167742602678)I2:1.9029206479958716,(MT040334_PCoV_GX_P1E:0.4987538887975779,(MT121216_Pangolin_MP789:0.8025827896713689,(MN908947_Wuhan_Hu_1:3.675612608913968,MN996532_Bat_RaTG13:0.17661566836214027)I8:1.7059897829908193)I3:1.5090954907467184)I1:2.536561615180809)I4;
-16.788319381087653: ((NC_004718:0.20076888906415713,DQ022305_HKU3_1:1.5701325341010857)I2:1.614777613859613,(MT040334_PCoV_GX_P1E:2.4151336177314793,(((MN996532_Bat_RaTG13:0.006342146725065369)I1#H2:0.05807205886382418::0.41583465111962986)I6#H1:1.0::0.5531391492280852,((MT121216_Pangolin_MP789:0.09742482816171323)I9#H3:0.06135399804887183::0.34206066966750914,(I9#H3:1.0::0.6579393303324909,(MN908947_Wuhan_Hu_1:0.873290953912494,(I1#H2:1.0::0.5841653488803702,I6#H1:0.10407369317252556::0.44686085077191484)I10:0.006151156472460406)I4:2.029807612800258)I8:1.064555723979766)I7:0.36789379212452583)I3:1.0121800937655707)I0:3.4436462633097715)I5;
Running Time (min): 0.029883333333333335
===============================


Results after run #6
-14.844605297361452: ((NC_004718:0.20076888906415713,DQ022305_HKU3_1:1.5701325341010857)I2:1.6395842851097948,((((MT121216_Pangolin_MP789:0.09742482816171323)I9#H2:0.0034436922993161105::0.40547321467928565,((MN996532_Bat_RaTG13:0.17463905523387552,MN908947_Wuhan_Hu_1:0.873290953912494)I4:2.1471478672663333,I9#H2:1.0::0.5945267853207143)I8:1.2568139465519337)I7:0.3811737402245658)I1#H1:0.9893110353584132::0.21429398896983032,(I1#H1:2.4499390293493484::0.7857060110301697,MT040334_PCoV_GX_P1E:1.5113218639607575)I11:0.9760626421126117)I0:3.1815621180835696)I5;
-16.03792016199064: ((NC_004718:0.20076888906415713,DQ022305_HKU3_1:1.5701325341010857)I2:1.5558465610297212,(MT040334_PCoV_GX_P1E:2.4151336177314793,((((MN996532_Bat_RaTG13:0.17463905523387552,MN908947_Wuhan_Hu_1:0.873290953912494)I4:2.0967068050720834,(MT121216_Pangolin_MP789:0.09742482816171323)I9#H2:1.0::0.5945267853207143)I8:0.8155558219242991)I6#H1:1.0::0.5,(I9#H2:0.0034436922993161105::0.40547321467928565,I6#H1:0.44125812462763464::0.5)I7:0.3652183645189939)I3:0.9425886797171371)I0:3.2545184818753707)I5;
-16.420507373549896: ((DQ022305_HKU3_1:1.5701325341010857,NC_004718:0.20076888906415713)I2:1.6395842851097948,(((((MN996532_Bat_RaTG13:0.17463905523387552,MN908947_Wuhan_Hu_1:0.873290953912494)I4:3.3691853977149946,MT121216_Pangolin_MP789:0.10086852046102934)I7:0.5390351295507643)I1#H2:0.9151559853492598::0.30941070744089255)I3#H1:0.07415505000915343::0.44815577442145005,(I1#H2:2.4499390293493484::0.6905892925591075,(MT040334_PCoV_GX_P1E:1.1092873410109314,I3#H1:1.013498343660029::0.55184422557855)I6:0.40203452294982606)I11:0.9412441136048741)I0:3.1815621180835696)I5;
-16.4814091934619: ((DQ022305_HKU3_1:1.5672914451487572,NC_004718:4.376167742602678)I2:1.9029206479958716,(MT040334_PCoV_GX_P1E:0.4987538887975779,(MT121216_Pangolin_MP789:0.8025827896713689,(MN908947_Wuhan_Hu_1:3.675612608913968,MN996532_Bat_RaTG13:0.17661566836214027)I8:1.7059897829908193)I3:1.5090954907467184)I1:2.536561615180809)I4;
-16.788319381087653: ((NC_004718:0.20076888906415713,DQ022305_HKU3_1:1.5701325341010857)I2:1.614777613859613,(MT040334_PCoV_GX_P1E:2.4151336177314793,(((MN996532_Bat_RaTG13:0.006342146725065369)I1#H2:0.05807205886382418::0.41583465111962986)I6#H1:1.0::0.5531391492280852,((MT121216_Pangolin_MP789:0.09742482816171323)I9#H3:0.06135399804887183::0.34206066966750914,(I9#H3:1.0::0.6579393303324909,(MN908947_Wuhan_Hu_1:0.873290953912494,(I1#H2:1.0::0.5841653488803702,I6#H1:0.10407369317252556::0.44686085077191484)I10:0.006151156472460406)I4:2.029807612800258)I8:1.064555723979766)I7:0.36789379212452583)I3:1.0121800937655707)I0:3.4436462633097715)I5;
Running Time (min): 0.02125
===============================


Results after run #7
-12.855302808308831: ((MT040334_PCoV_GX_P1E:0.17467896217373186,((MN908947_Wuhan_Hu_1:0.003212668068645036,MN996532_Bat_RaTG13:1.2334106593119272)I5:2.0119479495523,MT121216_Pangolin_MP789:0.7449546764702641)I6:1.1915252681362674)I8:4.319759510825342,(DQ022305_HKU3_1:0.8266589791808818,NC_004718:2.626222505161885)I3:2.3573948422462894)I0;
-13.205160668641994: ((DQ022305_HKU3_1:0.8266589791808818,NC_004718:2.626222505161885)I3:2.399754849663912,((((MT121216_Pangolin_MP789:0.05566842258162827)I2#H2:0.042951010289435015::0.3722605707201627)I4#H1:0.6463352435992009::0.38390895855201007,MT040334_PCoV_GX_P1E:0.10888793615902123)I6:0.03865949519315104,(I2#H2:4.1040225727968733E-4::0.6277394292798373,(MN908947_Wuhan_Hu_1:1.0028022658113653,(MN996532_Bat_RaTG13:0.2117015710773622,I4#H1:1.0::0.6160910414479899)I7:0.04860679044843747)I1:0.9219622328060803)I5:3.128981414077318)I8:4.388666932267604)I0;
-14.844605297361452: ((NC_004718:0.20076888906415713,DQ022305_HKU3_1:1.5701325341010857)I2:1.6395842851097948,((((MT121216_Pangolin_MP789:0.09742482816171323)I9#H2:0.0034436922993161105::0.40547321467928565,((MN996532_Bat_RaTG13:0.17463905523387552,MN908947_Wuhan_Hu_1:0.873290953912494)I4:2.1471478672663333,I9#H2:1.0::0.5945267853207143)I8:1.2568139465519337)I7:0.3811737402245658)I1#H1:0.9893110353584132::0.21429398896983032,(I1#H1:2.4499390293493484::0.7857060110301697,MT040334_PCoV_GX_P1E:1.5113218639607575)I11:0.9760626421126117)I0:3.1815621180835696)I5;
-14.994555267350481: ((DQ022305_HKU3_1:0.8266589791808818,NC_004718:2.626222505161885)I3:2.399754849663912,((((MT121216_Pangolin_MP789:0.05566842258162827)I2#H2:0.042951010289435015::0.3722605707201627)I4#H1:0.6463352435992009::0.38390895855201007,MT040334_PCoV_GX_P1E:0.10888793615902123)I6:0.03865949519315104,((I2#H2:4.549506749936368E-5::0.6277394292798373)I9#H3:3.6490718978032365E-4::0.5,(MN908947_Wuhan_Hu_1:1.0028022658113653,(I4#H1:1.0::0.6160910414479899,(MN996532_Bat_RaTG13:0.012194349711607766,I9#H3:1.0::0.5)I10:0.19950722136575444)I7:0.04860679044843747)I1:0.9219622328060803)I5:3.128981414077318)I8:4.388666932267604)I0;
-15.120043404524193: ((DQ022305_HKU3_1:0.8266589791808818,NC_004718:2.626222505161885)I3:2.399754849663912,((((MT121216_Pangolin_MP789:0.05566842258162827)I2#H2:0.042951010289435015::0.3722605707201627)I4#H1:0.6463352435992009::0.38390895855201007,MT040334_PCoV_GX_P1E:0.10888793615902123)I6:0.03865949519315104,((I2#H2:4.549506749936368E-5::0.6277394292798373,(MN996532_Bat_RaTG13:0.012194349711607766)I10#H3:1.0::0.5)I9:3.6490718978032365E-4,(MN908947_Wuhan_Hu_1:1.0028022658113653,(I4#H1:1.0::0.6160910414479899,I10#H3:0.19950722136575444::0.5)I7:0.04860679044843747)I1:0.9219622328060803)I5:3.128981414077318)I8:4.388666932267604)I0;
Running Time (min): 0.021766666666666667
===============================


Results after run #8
-12.855302808308831: ((MT040334_PCoV_GX_P1E:0.17467896217373186,((MN908947_Wuhan_Hu_1:0.003212668068645036,MN996532_Bat_RaTG13:1.2334106593119272)I5:2.0119479495523,MT121216_Pangolin_MP789:0.7449546764702641)I6:1.1915252681362674)I8:4.319759510825342,(DQ022305_HKU3_1:0.8266589791808818,NC_004718:2.626222505161885)I3:2.3573948422462894)I0;
-13.205160668641994: ((DQ022305_HKU3_1:0.8266589791808818,NC_004718:2.626222505161885)I3:2.399754849663912,((((MT121216_Pangolin_MP789:0.05566842258162827)I2#H2:0.042951010289435015::0.3722605707201627)I4#H1:0.6463352435992009::0.38390895855201007,MT040334_PCoV_GX_P1E:0.10888793615902123)I6:0.03865949519315104,(I2#H2:4.1040225727968733E-4::0.6277394292798373,(MN908947_Wuhan_Hu_1:1.0028022658113653,(MN996532_Bat_RaTG13:0.2117015710773622,I4#H1:1.0::0.6160910414479899)I7:0.04860679044843747)I1:0.9219622328060803)I5:3.128981414077318)I8:4.388666932267604)I0;
-14.844605297361452: ((NC_004718:0.20076888906415713,DQ022305_HKU3_1:1.5701325341010857)I2:1.6395842851097948,((((MT121216_Pangolin_MP789:0.09742482816171323)I9#H2:0.0034436922993161105::0.40547321467928565,((MN996532_Bat_RaTG13:0.17463905523387552,MN908947_Wuhan_Hu_1:0.873290953912494)I4:2.1471478672663333,I9#H2:1.0::0.5945267853207143)I8:1.2568139465519337)I7:0.3811737402245658)I1#H1:0.9893110353584132::0.21429398896983032,(I1#H1:2.4499390293493484::0.7857060110301697,MT040334_PCoV_GX_P1E:1.5113218639607575)I11:0.9760626421126117)I0:3.1815621180835696)I5;
-14.994555267350481: ((DQ022305_HKU3_1:0.8266589791808818,NC_004718:2.626222505161885)I3:2.399754849663912,((((MT121216_Pangolin_MP789:0.05566842258162827)I2#H2:0.042951010289435015::0.3722605707201627)I4#H1:0.6463352435992009::0.38390895855201007,MT040334_PCoV_GX_P1E:0.10888793615902123)I6:0.03865949519315104,((I2#H2:4.549506749936368E-5::0.6277394292798373)I9#H3:3.6490718978032365E-4::0.5,(MN908947_Wuhan_Hu_1:1.0028022658113653,(I4#H1:1.0::0.6160910414479899,(MN996532_Bat_RaTG13:0.012194349711607766,I9#H3:1.0::0.5)I10:0.19950722136575444)I7:0.04860679044843747)I1:0.9219622328060803)I5:3.128981414077318)I8:4.388666932267604)I0;
-15.120043404524193: ((DQ022305_HKU3_1:0.8266589791808818,NC_004718:2.626222505161885)I3:2.399754849663912,((((MT121216_Pangolin_MP789:0.05566842258162827)I2#H2:0.042951010289435015::0.3722605707201627)I4#H1:0.6463352435992009::0.38390895855201007,MT040334_PCoV_GX_P1E:0.10888793615902123)I6:0.03865949519315104,((I2#H2:4.549506749936368E-5::0.6277394292798373,(MN996532_Bat_RaTG13:0.012194349711607766)I10#H3:1.0::0.5)I9:3.6490718978032365E-4,(MN908947_Wuhan_Hu_1:1.0028022658113653,(I4#H1:1.0::0.6160910414479899,I10#H3:0.19950722136575444::0.5)I7:0.04860679044843747)I1:0.9219622328060803)I5:3.128981414077318)I8:4.388666932267604)I0;
Running Time (min): 0.0251
===============================


Results after run #9
-9.694192922381875: ((MT040334_PCoV_GX_P1E:0.8340270111308039,(MT121216_Pangolin_MP789:0.009517181115843458,((MN996532_Bat_RaTG13:0.33345900438455944)I7#H1:0.3798455282848108::0.5,(MN908947_Wuhan_Hu_1:1.1053043422818574,I7#H1:1.0::0.5)I2:1.4989757440301026)I4:1.260575588580498)I14:2.4874230204988126)I6:5.727014431499876,(NC_004718:0.020939923205514077,DQ022305_HKU3_1:2.062437600599463)I1:3.3793962773699753)I0;
-11.121924484967051: ((MT040334_PCoV_GX_P1E:0.8340270111308039,(MT121216_Pangolin_MP789:0.009517181115843458,(MN996532_Bat_RaTG13:0.7133045326693702,MN908947_Wuhan_Hu_1:2.60428008631196)I4:1.260575588580498)I14:2.4874230204988126)I6:5.727014431499876,((DQ022305_HKU3_1:1.0624376005994631)I5#H1:3.134577301282747::0.5,(NC_004718:0.020939923205514077,I5#H1:1.0::0.5)I1:1.1955634826640247)I3:2.1838327947059506)I0;
-12.855302808308831: ((MT040334_PCoV_GX_P1E:0.17467896217373186,((MN908947_Wuhan_Hu_1:0.003212668068645036,MN996532_Bat_RaTG13:1.2334106593119272)I5:2.0119479495523,MT121216_Pangolin_MP789:0.7449546764702641)I6:1.1915252681362674)I8:4.319759510825342,(DQ022305_HKU3_1:0.8266589791808818,NC_004718:2.626222505161885)I3:2.3573948422462894)I0;
-12.908206883085136: ((DQ022305_HKU3_1:4.19701490188221,NC_004718:1.1262630038295043)I3:2.1838327947059506,(MT040334_PCoV_GX_P1E:0.8340270111308039,(((MN908947_Wuhan_Hu_1:2.60428008631196,MN996532_Bat_RaTG13:0.7133045326693702)I4:0.5736277455960711)I10#H1:1.0245245276335762::0.5765465187946989,(MT121216_Pangolin_MP789:0.009517181115843458,I10#H1:0.6869478429844268::0.42345348120530113)I14:0.216087728752539)I2:2.2713352917462735)I6:5.813026292210486)I0;
-13.04268771404605: ((MT040334_PCoV_GX_P1E:0.8340270111308039,(((MN996532_Bat_RaTG13:0.7133045326693702,MN908947_Wuhan_Hu_1:2.60428008631196)I4:0.6118314406045737,((MT121216_Pangolin_MP789:0.009517181115843458)I14#H2:0.2773870413027495::0.5785474247612141)I5#H1:0.47260271571282075::0.5)I10:0.9083770350562042,(I5#H1:1.0::0.5,I14#H2:5.124424391262099E-5::0.42145257523878593)I1:2.1784033773120033E-4)I2:2.2645791411552887)I6:5.82362816819198,(DQ022305_HKU3_1:4.19701490188221,NC_004718:1.1262630038295043)I3:1.94197415799774)I0;
Running Time (min): 0.0197
===============================


Results after run #10
-9.694192922381875: ((MT040334_PCoV_GX_P1E:0.8340270111308039,(MT121216_Pangolin_MP789:0.009517181115843458,((MN996532_Bat_RaTG13:0.33345900438455944)I7#H1:0.3798455282848108::0.5,(MN908947_Wuhan_Hu_1:1.1053043422818574,I7#H1:1.0::0.5)I2:1.4989757440301026)I4:1.260575588580498)I14:2.4874230204988126)I6:5.727014431499876,(NC_004718:0.020939923205514077,DQ022305_HKU3_1:2.062437600599463)I1:3.3793962773699753)I0;
-11.121924484967051: ((MT040334_PCoV_GX_P1E:0.8340270111308039,(MT121216_Pangolin_MP789:0.009517181115843458,(MN996532_Bat_RaTG13:0.7133045326693702,MN908947_Wuhan_Hu_1:2.60428008631196)I4:1.260575588580498)I14:2.4874230204988126)I6:5.727014431499876,((DQ022305_HKU3_1:1.0624376005994631)I5#H1:3.134577301282747::0.5,(NC_004718:0.020939923205514077,I5#H1:1.0::0.5)I1:1.1955634826640247)I3:2.1838327947059506)I0;
-12.855302808308831: ((MT040334_PCoV_GX_P1E:0.17467896217373186,((MN908947_Wuhan_Hu_1:0.003212668068645036,MN996532_Bat_RaTG13:1.2334106593119272)I5:2.0119479495523,MT121216_Pangolin_MP789:0.7449546764702641)I6:1.1915252681362674)I8:4.319759510825342,(DQ022305_HKU3_1:0.8266589791808818,NC_004718:2.626222505161885)I3:2.3573948422462894)I0;
-12.908206883085136: ((DQ022305_HKU3_1:4.19701490188221,NC_004718:1.1262630038295043)I3:2.1838327947059506,(MT040334_PCoV_GX_P1E:0.8340270111308039,(((MN908947_Wuhan_Hu_1:2.60428008631196,MN996532_Bat_RaTG13:0.7133045326693702)I4:0.5736277455960711)I10#H1:1.0245245276335762::0.5765465187946989,(MT121216_Pangolin_MP789:0.009517181115843458,I10#H1:0.6869478429844268::0.42345348120530113)I14:0.216087728752539)I2:2.2713352917462735)I6:5.813026292210486)I0;
-13.04268771404605: ((MT040334_PCoV_GX_P1E:0.8340270111308039,(((MN996532_Bat_RaTG13:0.7133045326693702,MN908947_Wuhan_Hu_1:2.60428008631196)I4:0.6118314406045737,((MT121216_Pangolin_MP789:0.009517181115843458)I14#H2:0.2773870413027495::0.5785474247612141)I5#H1:0.47260271571282075::0.5)I10:0.9083770350562042,(I5#H1:1.0::0.5,I14#H2:5.124424391262099E-5::0.42145257523878593)I1:2.1784033773120033E-4)I2:2.2645791411552887)I6:5.82362816819198,(DQ022305_HKU3_1:4.19701490188221,NC_004718:1.1262630038295043)I3:1.94197415799774)I0;
Running Time (min): 0.055733333333333336
===============================


Inferred Network #1:
(((NC_004718:1.0,(DQ022305_HKU3_1:1.0)#H1:1.0::0.9828573145495751):5.913617204184741,#H1:1.0::0.017142685450424855):5.91358211229459,(MT040334_PCoV_GX_P1E:1.0,(MT121216_Pangolin_MP789:1.0,(MN996532_Bat_RaTG13:1.0,MN908947_Wuhan_Hu_1:1.0):2.3021490221069545):2.258800510843316):5.909351182221);
Total log probability: -8.691326929826396
Visualize in Dendroscope : (((NC_004718,(DQ022305_HKU3_1)#H1),#H1),(MT040334_PCoV_GX_P1E,(MT121216_Pangolin_MP789,(MN996532_Bat_RaTG13,MN908947_Wuhan_Hu_1))));
Inferred Network #2:
(((((MN996532_Bat_RaTG13:1.0,MN908947_Wuhan_Hu_1:1.0):2.0639657141578724,((MT121216_Pangolin_MP789:1.0)#H2:1.0::0.9919860365861937)#H1:1.0::0.5718382559484397):0.6742517298488349,(#H1:1.0::0.42816174405156027,#H2:1.0::0.008013963413806321):1.0):1.9408486772718068,MT040334_PCoV_GX_P1E:1.0):5.909353698748554,(DQ022305_HKU3_1:1.0,NC_004718:1.0):5.909068844742333);
Total log probability: -8.748891570953369
Visualize in Dendroscope : (((((MN996532_Bat_RaTG13,MN908947_Wuhan_Hu_1),((MT121216_Pangolin_MP789)#H2)#H1),(#H1,#H2)),MT040334_PCoV_GX_P1E),(DQ022305_HKU3_1,NC_004718));
Inferred Network #3:
((MT040334_PCoV_GX_P1E:1.0,((MN908947_Wuhan_Hu_1:1.0,MN996532_Bat_RaTG13:1.0):2.303688089818439,MT121216_Pangolin_MP789:1.0):2.2440781932632134):5.90935462586731,(DQ022305_HKU3_1:1.0,NC_004718:1.0):5.90906884474231);
Total log probability: -8.755194540835188
Visualize in Dendroscope : ((MT040334_PCoV_GX_P1E,((MN908947_Wuhan_Hu_1,MN996532_Bat_RaTG13),MT121216_Pangolin_MP789)),(DQ022305_HKU3_1,NC_004718));
Inferred Network #4:
((DQ022305_HKU3_1:1.0,NC_004718:1.0):5.909068844742339,(((MT121216_Pangolin_MP789:1.0,((MN908947_Wuhan_Hu_1:1.0,MN996532_Bat_RaTG13:1.0):2.12572561076278)#H1:0.0011774181844964955::0.5):0.0011774181844964955,#H1:0.9419427815933737::0.5):2.258699284362463,MT040334_PCoV_GX_P1E:1.0):5.909350987713731);
Total log probability: -8.75521385374781
Visualize in Dendroscope : ((DQ022305_HKU3_1,NC_004718),(((MT121216_Pangolin_MP789,((MN908947_Wuhan_Hu_1,MN996532_Bat_RaTG13))#H1),#H1),MT040334_PCoV_GX_P1E));
Inferred Network #5:
((MT040334_PCoV_GX_P1E:1.0,(((MN908947_Wuhan_Hu_1:1.0,(MN996532_Bat_RaTG13:1.0)#H1:1.0::0.0014873743766175402):0.0011774181844964955,#H1:1.0::0.9985126256233825):2.302358263862548,MT121216_Pangolin_MP789:1.0):2.2585441246635547):5.909351239407454,(NC_004718:1.0,DQ022305_HKU3_1:1.0):5.909068844742303);
Total log probability: -8.755252667386056
Visualize in Dendroscope : ((MT040334_PCoV_GX_P1E,(((MN908947_Wuhan_Hu_1,(MN996532_Bat_RaTG13)#H1),#H1),MT121216_Pangolin_MP789)),(NC_004718,DQ022305_HKU3_1));
