
InferNetwork_MPL (Tree24, Tree23, Tree22, Tree21, Tree20, Tree19, Tree18, Tree17, Tree16, Tree15, Tree14, Tree13, Tree12, Tree11, Tree10, Tree9, Tree8, Tree7, Tree6, Tree5, Tree4, Tree3, Tree2, Tree1) 10 -m 1000 -pl 10 -di "/home/rosanne/Documents/minor_research_project/results/phylonet/"
Results after run #1
-214.3043482741742: ((MT040334_PCoV_GX_P1E:1.0817839972902454,(MT121216_Pangolin_MP789:1.9257970020978987,(MN996532_Bat_RaTG13:1.373806711773613,MN908947_Wuhan_Hu_1:1.7052333115976237)I1:0.23292001052140668)I2:0.6364454875910233)I8:1.8468581577847774,((DQ412042_Rf1:0.8248181387744761,(DQ412043_Rm1:0.3666931474034568,DQ022305_HKU3_1:0.03669886069168804)I7:0.5353170888844507)I5:0.8042495557335365,NC_004718:1.735607625538657)I9:5.135728337934247)I0;
-224.15941100808575: ((DQ412042_Rf1:1.6425194291215013,(NC_004718:0.9584250936656779,(DQ412043_Rm1:0.3666931474034568,DQ022305_HKU3_1:0.03669886069168804)I7:0.6999831346894602)I5:0.7771825318729791)I9:5.227767393629836,((MT121216_Pangolin_MP789:1.9257970020978987,(MN996532_Bat_RaTG13:1.373806711773613,MN908947_Wuhan_Hu_1:1.7052333115976237)I1:0.2764089996150588)I2:0.7314045751324423,MT040334_PCoV_GX_P1E:1.0817839972902454)I8:1.8302799614600398)I0;
-234.08537941512614: ((MT040334_PCoV_GX_P1E:1.0817839972902454,(MT121216_Pangolin_MP789:1.9257970020978987,(MN996532_Bat_RaTG13:1.373806711773613,MN908947_Wuhan_Hu_1:1.7052333115976237)I1:0.2176210080919308)I2:0.5765350094950514)I8:1.7724068671486695,((DQ412042_Rf1:0.8248181387744761,DQ022305_HKU3_1:0.6328268130251502)I5:0.8042495557335365,(DQ412043_Rm1:0.3666931474034568,NC_004718:1.375696647778437)I7:0.3599109777602201)I9:5.135728337934247)I0;
-244.35056553424522: ((DQ412042_Rf1:1.6425194291215013,(DQ022305_HKU3_1:0.7694448938591542,(DQ412043_Rm1:0.3666931474034568,NC_004718:0.6398597459057435)I7:0.3185653477599344)I5:0.9362690521738507)I9:5.626704349908823,(MT040334_PCoV_GX_P1E:1.0817839972902454,(MT121216_Pangolin_MP789:1.9257970020978987,(MN908947_Wuhan_Hu_1:1.7052333115976237,MN996532_Bat_RaTG13:1.373806711773613)I1:0.07198632438126538)I2:0.7581671884090379)I8:1.695483719621903)I0;
-246.90343326739398: (((DQ412042_Rf1:0.8248181387744761,(DQ412043_Rm1:0.3666931474034568,DQ022305_HKU3_1:0.03669886069168804)I7:0.639024982563207)I5:0.4388189123406031,NC_004718:1.735607625538657)I9:4.525821565272263,(MT040334_PCoV_GX_P1E:1.0817839972902454,(MT121216_Pangolin_MP789:1.9257970020978987,((MN908947_Wuhan_Hu_1:1.6158695049287095)I11#H1:0.08936380666891419::0.5006093125596753,(MN996532_Bat_RaTG13:0.38597029956252293,I11#H1:1.2318491819527395::0.49939068744032467)I3:0.9703196382940753)I1:0.1144142170303884)I2:0.3193625470254298)I8:1.4489071698933387)I0;
Running Time (min): 0.05293333333333333
===============================


Results after run #2
-214.3043482741742: ((MT040334_PCoV_GX_P1E:1.0817839972902454,(MT121216_Pangolin_MP789:1.9257970020978987,(MN996532_Bat_RaTG13:1.373806711773613,MN908947_Wuhan_Hu_1:1.7052333115976237)I1:0.23292001052140668)I2:0.6364454875910233)I8:1.8468581577847774,((DQ412042_Rf1:0.8248181387744761,(DQ412043_Rm1:0.3666931474034568,DQ022305_HKU3_1:0.03669886069168804)I7:0.5353170888844507)I5:0.8042495557335365,NC_004718:1.735607625538657)I9:5.135728337934247)I0;
-224.15941100808575: ((DQ412042_Rf1:1.6425194291215013,(NC_004718:0.9584250936656779,(DQ412043_Rm1:0.3666931474034568,DQ022305_HKU3_1:0.03669886069168804)I7:0.6999831346894602)I5:0.7771825318729791)I9:5.227767393629836,((MT121216_Pangolin_MP789:1.9257970020978987,(MN996532_Bat_RaTG13:1.373806711773613,MN908947_Wuhan_Hu_1:1.7052333115976237)I1:0.2764089996150588)I2:0.7314045751324423,MT040334_PCoV_GX_P1E:1.0817839972902454)I8:1.8302799614600398)I0;
-225.39902644599135: ((MT040334_PCoV_GX_P1E:2.4643246900042763,((MN908947_Wuhan_Hu_1:3.6895850066796028,MT121216_Pangolin_MP789:3.0785962318811126)I8:0.12118648883168445,MN996532_Bat_RaTG13:1.6563361720367817)I7:2.1602194499863145)I3:2.081039681448134,((NC_004718:2.276084240410502)I4#H1:0.08847718549610295::0.5,((DQ022305_HKU3_1:1.114585581393761,DQ412043_Rm1:0.03071348497560053)I2:0.3981026502422103,(DQ412042_Rf1:0.10666294897731454,I4#H1:1.0::0.5)I6:5.358508445405242)I0:1.104697882186559)I5:1.4595685855584406)I1;
-234.08537941512614: ((MT040334_PCoV_GX_P1E:1.0817839972902454,(MT121216_Pangolin_MP789:1.9257970020978987,(MN996532_Bat_RaTG13:1.373806711773613,MN908947_Wuhan_Hu_1:1.7052333115976237)I1:0.2176210080919308)I2:0.5765350094950514)I8:1.7724068671486695,((DQ412042_Rf1:0.8248181387744761,DQ022305_HKU3_1:0.6328268130251502)I5:0.8042495557335365,(DQ412043_Rm1:0.3666931474034568,NC_004718:1.375696647778437)I7:0.3599109777602201)I9:5.135728337934247)I0;
-244.23220743351484: ((NC_004718:2.3645614259066052,((DQ412043_Rm1:0.03071348497560053,DQ022305_HKU3_1:1.114585581393761)I2:0.26007039839596857,DQ412042_Rf1:5.465171394382557)I0:1.032500315064053)I5:1.4595685855584406,(MT040334_PCoV_GX_P1E:2.4643246900042763,(MN996532_Bat_RaTG13:1.6563361720367817,(MN908947_Wuhan_Hu_1:3.6895850066796028,MT121216_Pangolin_MP789:3.0785962318811126)I8:0.1857314554989175)I7:2.1834940193332524)I3:2.227583303598921)I1;
Running Time (min): 0.03216666666666667
===============================


Results after run #3
-214.3043482741742: ((MT040334_PCoV_GX_P1E:1.0817839972902454,(MT121216_Pangolin_MP789:1.9257970020978987,(MN996532_Bat_RaTG13:1.373806711773613,MN908947_Wuhan_Hu_1:1.7052333115976237)I1:0.23292001052140668)I2:0.6364454875910233)I8:1.8468581577847774,((DQ412042_Rf1:0.8248181387744761,(DQ412043_Rm1:0.3666931474034568,DQ022305_HKU3_1:0.03669886069168804)I7:0.5353170888844507)I5:0.8042495557335365,NC_004718:1.735607625538657)I9:5.135728337934247)I0;
-224.15941100808575: ((DQ412042_Rf1:1.6425194291215013,(NC_004718:0.9584250936656779,(DQ412043_Rm1:0.3666931474034568,DQ022305_HKU3_1:0.03669886069168804)I7:0.6999831346894602)I5:0.7771825318729791)I9:5.227767393629836,((MT121216_Pangolin_MP789:1.9257970020978987,(MN996532_Bat_RaTG13:1.373806711773613,MN908947_Wuhan_Hu_1:1.7052333115976237)I1:0.2764089996150588)I2:0.7314045751324423,MT040334_PCoV_GX_P1E:1.0817839972902454)I8:1.8302799614600398)I0;
-225.39902644599135: ((MT040334_PCoV_GX_P1E:2.4643246900042763,((MN908947_Wuhan_Hu_1:3.6895850066796028,MT121216_Pangolin_MP789:3.0785962318811126)I8:0.12118648883168445,MN996532_Bat_RaTG13:1.6563361720367817)I7:2.1602194499863145)I3:2.081039681448134,((NC_004718:2.276084240410502)I4#H1:0.08847718549610295::0.5,((DQ022305_HKU3_1:1.114585581393761,DQ412043_Rm1:0.03071348497560053)I2:0.3981026502422103,(DQ412042_Rf1:0.10666294897731454,I4#H1:1.0::0.5)I6:5.358508445405242)I0:1.104697882186559)I5:1.4595685855584406)I1;
-234.08537941512614: ((MT040334_PCoV_GX_P1E:1.0817839972902454,(MT121216_Pangolin_MP789:1.9257970020978987,(MN996532_Bat_RaTG13:1.373806711773613,MN908947_Wuhan_Hu_1:1.7052333115976237)I1:0.2176210080919308)I2:0.5765350094950514)I8:1.7724068671486695,((DQ412042_Rf1:0.8248181387744761,DQ022305_HKU3_1:0.6328268130251502)I5:0.8042495557335365,(DQ412043_Rm1:0.3666931474034568,NC_004718:1.375696647778437)I7:0.3599109777602201)I9:5.135728337934247)I0;
-244.23220743351484: ((NC_004718:2.3645614259066052,((DQ412043_Rm1:0.03071348497560053,DQ022305_HKU3_1:1.114585581393761)I2:0.26007039839596857,DQ412042_Rf1:5.465171394382557)I0:1.032500315064053)I5:1.4595685855584406,(MT040334_PCoV_GX_P1E:2.4643246900042763,(MN996532_Bat_RaTG13:1.6563361720367817,(MN908947_Wuhan_Hu_1:3.6895850066796028,MT121216_Pangolin_MP789:3.0785962318811126)I8:0.1857314554989175)I7:2.1834940193332524)I3:2.227583303598921)I1;
Running Time (min): 0.4125
===============================


Results after run #4
-214.3043482741742: ((MT040334_PCoV_GX_P1E:1.0817839972902454,(MT121216_Pangolin_MP789:1.9257970020978987,(MN996532_Bat_RaTG13:1.373806711773613,MN908947_Wuhan_Hu_1:1.7052333115976237)I1:0.23292001052140668)I2:0.6364454875910233)I8:1.8468581577847774,((DQ412042_Rf1:0.8248181387744761,(DQ412043_Rm1:0.3666931474034568,DQ022305_HKU3_1:0.03669886069168804)I7:0.5353170888844507)I5:0.8042495557335365,NC_004718:1.735607625538657)I9:5.135728337934247)I0;
-224.15941100808575: ((DQ412042_Rf1:1.6425194291215013,(NC_004718:0.9584250936656779,(DQ412043_Rm1:0.3666931474034568,DQ022305_HKU3_1:0.03669886069168804)I7:0.6999831346894602)I5:0.7771825318729791)I9:5.227767393629836,((MT121216_Pangolin_MP789:1.9257970020978987,(MN996532_Bat_RaTG13:1.373806711773613,MN908947_Wuhan_Hu_1:1.7052333115976237)I1:0.2764089996150588)I2:0.7314045751324423,MT040334_PCoV_GX_P1E:1.0817839972902454)I8:1.8302799614600398)I0;
-225.39902644599135: ((MT040334_PCoV_GX_P1E:2.4643246900042763,((MN908947_Wuhan_Hu_1:3.6895850066796028,MT121216_Pangolin_MP789:3.0785962318811126)I8:0.12118648883168445,MN996532_Bat_RaTG13:1.6563361720367817)I7:2.1602194499863145)I3:2.081039681448134,((NC_004718:2.276084240410502)I4#H1:0.08847718549610295::0.5,((DQ022305_HKU3_1:1.114585581393761,DQ412043_Rm1:0.03071348497560053)I2:0.3981026502422103,(DQ412042_Rf1:0.10666294897731454,I4#H1:1.0::0.5)I6:5.358508445405242)I0:1.104697882186559)I5:1.4595685855584406)I1;
-234.08537941512614: ((MT040334_PCoV_GX_P1E:1.0817839972902454,(MT121216_Pangolin_MP789:1.9257970020978987,(MN996532_Bat_RaTG13:1.373806711773613,MN908947_Wuhan_Hu_1:1.7052333115976237)I1:0.2176210080919308)I2:0.5765350094950514)I8:1.7724068671486695,((DQ412042_Rf1:0.8248181387744761,DQ022305_HKU3_1:0.6328268130251502)I5:0.8042495557335365,(DQ412043_Rm1:0.3666931474034568,NC_004718:1.375696647778437)I7:0.3599109777602201)I9:5.135728337934247)I0;
-244.23220743351484: ((NC_004718:2.3645614259066052,((DQ412043_Rm1:0.03071348497560053,DQ022305_HKU3_1:1.114585581393761)I2:0.26007039839596857,DQ412042_Rf1:5.465171394382557)I0:1.032500315064053)I5:1.4595685855584406,(MT040334_PCoV_GX_P1E:2.4643246900042763,(MN996532_Bat_RaTG13:1.6563361720367817,(MN908947_Wuhan_Hu_1:3.6895850066796028,MT121216_Pangolin_MP789:3.0785962318811126)I8:0.1857314554989175)I7:2.1834940193332524)I3:2.227583303598921)I1;
Running Time (min): 0.0221
===============================


Results after run #5
-214.3043482741742: ((MT040334_PCoV_GX_P1E:1.0817839972902454,(MT121216_Pangolin_MP789:1.9257970020978987,(MN996532_Bat_RaTG13:1.373806711773613,MN908947_Wuhan_Hu_1:1.7052333115976237)I1:0.23292001052140668)I2:0.6364454875910233)I8:1.8468581577847774,((DQ412042_Rf1:0.8248181387744761,(DQ412043_Rm1:0.3666931474034568,DQ022305_HKU3_1:0.03669886069168804)I7:0.5353170888844507)I5:0.8042495557335365,NC_004718:1.735607625538657)I9:5.135728337934247)I0;
-224.15941100808575: ((DQ412042_Rf1:1.6425194291215013,(NC_004718:0.9584250936656779,(DQ412043_Rm1:0.3666931474034568,DQ022305_HKU3_1:0.03669886069168804)I7:0.6999831346894602)I5:0.7771825318729791)I9:5.227767393629836,((MT121216_Pangolin_MP789:1.9257970020978987,(MN996532_Bat_RaTG13:1.373806711773613,MN908947_Wuhan_Hu_1:1.7052333115976237)I1:0.2764089996150588)I2:0.7314045751324423,MT040334_PCoV_GX_P1E:1.0817839972902454)I8:1.8302799614600398)I0;
-225.39902644599135: ((MT040334_PCoV_GX_P1E:2.4643246900042763,((MN908947_Wuhan_Hu_1:3.6895850066796028,MT121216_Pangolin_MP789:3.0785962318811126)I8:0.12118648883168445,MN996532_Bat_RaTG13:1.6563361720367817)I7:2.1602194499863145)I3:2.081039681448134,((NC_004718:2.276084240410502)I4#H1:0.08847718549610295::0.5,((DQ022305_HKU3_1:1.114585581393761,DQ412043_Rm1:0.03071348497560053)I2:0.3981026502422103,(DQ412042_Rf1:0.10666294897731454,I4#H1:1.0::0.5)I6:5.358508445405242)I0:1.104697882186559)I5:1.4595685855584406)I1;
-234.08537941512614: ((MT040334_PCoV_GX_P1E:1.0817839972902454,(MT121216_Pangolin_MP789:1.9257970020978987,(MN996532_Bat_RaTG13:1.373806711773613,MN908947_Wuhan_Hu_1:1.7052333115976237)I1:0.2176210080919308)I2:0.5765350094950514)I8:1.7724068671486695,((DQ412042_Rf1:0.8248181387744761,DQ022305_HKU3_1:0.6328268130251502)I5:0.8042495557335365,(DQ412043_Rm1:0.3666931474034568,NC_004718:1.375696647778437)I7:0.3599109777602201)I9:5.135728337934247)I0;
-234.20247913051875: (((MN908947_Wuhan_Hu_1:4.676792199010144)I7#H1:0.0298941921885032::0.46060670681409577,(MT040334_PCoV_GX_P1E:1.3133729793837392,((MN996532_Bat_RaTG13:0.022258681370249545)I0#H2:0.36814571589513034::0.2591897607953444,(MT121216_Pangolin_MP789:1.4509930111442506,(I7#H1:1.9623715130145172::0.5393932931859042,I0#H2:0.02413991265909767::0.7408102392046556)I5:0.9530684784187857)I3:1.5348028289985398)I2:0.7530045604912674)I13:0.5695964170765327)I8:1.2793498547490896,((DQ022305_HKU3_1:4.19856252268198,(DQ412043_Rm1:0.1833390661117214)I9#H3:1.1430780776831948::0.43861003693240297)I6:0.5522417442891873,((I9#H3:0.08098786669235729::0.561389963067597,(DQ412042_Rf1:0.2106572570409284)I16#H4:0.00971657958635159::0.5465542258161539)I1:1.5011654149191047,(NC_004718:0.04005297857911401,I16#H4:1.0::0.45344577418384613)I14:0.10560775523115003)I12:0.10852987658312788)I10:2.843347954078835)I4;
Running Time (min): 0.030783333333333333
===============================


Results after run #6
-202.63283708779068: ((MT040334_PCoV_GX_P1E:0.0172144454261974,((MT121216_Pangolin_MP789:0.057816091020230026,(MN908947_Wuhan_Hu_1:1.878759232250245,MN996532_Bat_RaTG13:0.8656175940159911)I13:3.6792004069266424)I4:2.26857047360317,((DQ412042_Rf1:0.3983187640121507)I0#H2:0.2813924872951892::0.018210453428734175)I6#H1:0.990394192139928::0.5)I16:0.2834721366089746)I12:0.9619687657397509,((DQ412043_Rm1:0.19404623747924982,DQ022305_HKU3_1:1.135418973043165)I3:0.08947399718423296,(I6#H1:1.0::0.5,(I0#H2:0.462469393333096::0.9817895465712658,NC_004718:0.001282575641474105)I11:0.05705392232321449)I2:0.037207695261294166)I8:4.824156900990703)I7;
-203.3293178394656: ((MT040334_PCoV_GX_P1E:0.0172144454261974,((MT121216_Pangolin_MP789:0.057816091020230026,(MN996532_Bat_RaTG13:0.8656175940159911,MN908947_Wuhan_Hu_1:1.8787592322502449)I13:3.6792004069266424)I4:2.26857047360317,((DQ412042_Rf1:0.3983187640121507)I0#H2:0.2813924872951892::0.018210453428734175)I6#H1:0.990394192139928::0.5)I16:0.2834721366089746)I12:0.9619687657397509,((NC_004718:0.001282575641474105,(DQ412043_Rm1:0.19404623747924982,DQ022305_HKU3_1:1.135418973043165)I3:0.014384643631640243)I11:0.07508935355259272,(I6#H1:1.0::0.5,I0#H2:0.5195233156563105::0.9817895465712658)I2:0.037207695261294166)I8:4.824156900990703)I7;
-214.3043482741742: ((MT040334_PCoV_GX_P1E:1.0817839972902454,(MT121216_Pangolin_MP789:1.9257970020978987,(MN996532_Bat_RaTG13:1.373806711773613,MN908947_Wuhan_Hu_1:1.7052333115976237)I1:0.23292001052140668)I2:0.6364454875910233)I8:1.8468581577847774,((DQ412042_Rf1:0.8248181387744761,(DQ412043_Rm1:0.3666931474034568,DQ022305_HKU3_1:0.03669886069168804)I7:0.5353170888844507)I5:0.8042495557335365,NC_004718:1.735607625538657)I9:5.135728337934247)I0;
-220.882096404958: ((MT040334_PCoV_GX_P1E:0.7521958384543053,(MN908947_Wuhan_Hu_1:1.8787592322502449,(MN996532_Bat_RaTG13:0.13432044817101607,MT121216_Pangolin_MP789:0.057816091020230026)I4:0.7525057667135513)I13:6.277477662625008)I16:1.3467100949842137,((DQ412042_Rf1:0.024728924952686193,(NC_004718:3.8798998598440907E-4)I1#H1:8.13152297758034E-4::0.4197427229939604)I0:1.8597841648944056,(DQ412043_Rm1:1.2015863196817969,(DQ022305_HKU3_1:1.135418973043165,I1#H1:0.0378405206860928::0.5802572770060396)I3:0.44949873169112514)I11:0.1652691222460368)I8:4.480064290606977)I7;
-224.15941100808575: ((DQ412042_Rf1:1.6425194291215013,(NC_004718:0.9584250936656779,(DQ412043_Rm1:0.3666931474034568,DQ022305_HKU3_1:0.03669886069168804)I7:0.6999831346894602)I5:0.7771825318729791)I9:5.227767393629836,((MT121216_Pangolin_MP789:1.9257970020978987,(MN996532_Bat_RaTG13:1.373806711773613,MN908947_Wuhan_Hu_1:1.7052333115976237)I1:0.2764089996150588)I2:0.7314045751324423,MT040334_PCoV_GX_P1E:1.0817839972902454)I8:1.8302799614600398)I0;
Running Time (min): 0.05946666666666667
===============================


Results after run #7
-202.63283708779068: ((MT040334_PCoV_GX_P1E:0.0172144454261974,((MT121216_Pangolin_MP789:0.057816091020230026,(MN908947_Wuhan_Hu_1:1.878759232250245,MN996532_Bat_RaTG13:0.8656175940159911)I13:3.6792004069266424)I4:2.26857047360317,((DQ412042_Rf1:0.3983187640121507)I0#H2:0.2813924872951892::0.018210453428734175)I6#H1:0.990394192139928::0.5)I16:0.2834721366089746)I12:0.9619687657397509,((DQ412043_Rm1:0.19404623747924982,DQ022305_HKU3_1:1.135418973043165)I3:0.08947399718423296,(I6#H1:1.0::0.5,(I0#H2:0.462469393333096::0.9817895465712658,NC_004718:0.001282575641474105)I11:0.05705392232321449)I2:0.037207695261294166)I8:4.824156900990703)I7;
-203.3293178394656: ((MT040334_PCoV_GX_P1E:0.0172144454261974,((MT121216_Pangolin_MP789:0.057816091020230026,(MN996532_Bat_RaTG13:0.8656175940159911,MN908947_Wuhan_Hu_1:1.8787592322502449)I13:3.6792004069266424)I4:2.26857047360317,((DQ412042_Rf1:0.3983187640121507)I0#H2:0.2813924872951892::0.018210453428734175)I6#H1:0.990394192139928::0.5)I16:0.2834721366089746)I12:0.9619687657397509,((NC_004718:0.001282575641474105,(DQ412043_Rm1:0.19404623747924982,DQ022305_HKU3_1:1.135418973043165)I3:0.014384643631640243)I11:0.07508935355259272,(I6#H1:1.0::0.5,I0#H2:0.5195233156563105::0.9817895465712658)I2:0.037207695261294166)I8:4.824156900990703)I7;
-214.3043482741742: ((MT040334_PCoV_GX_P1E:1.0817839972902454,(MT121216_Pangolin_MP789:1.9257970020978987,(MN996532_Bat_RaTG13:1.373806711773613,MN908947_Wuhan_Hu_1:1.7052333115976237)I1:0.23292001052140668)I2:0.6364454875910233)I8:1.8468581577847774,((DQ412042_Rf1:0.8248181387744761,(DQ412043_Rm1:0.3666931474034568,DQ022305_HKU3_1:0.03669886069168804)I7:0.5353170888844507)I5:0.8042495557335365,NC_004718:1.735607625538657)I9:5.135728337934247)I0;
-220.882096404958: ((MT040334_PCoV_GX_P1E:0.7521958384543053,(MN908947_Wuhan_Hu_1:1.8787592322502449,(MN996532_Bat_RaTG13:0.13432044817101607,MT121216_Pangolin_MP789:0.057816091020230026)I4:0.7525057667135513)I13:6.277477662625008)I16:1.3467100949842137,((DQ412042_Rf1:0.024728924952686193,(NC_004718:3.8798998598440907E-4)I1#H1:8.13152297758034E-4::0.4197427229939604)I0:1.8597841648944056,(DQ412043_Rm1:1.2015863196817969,(DQ022305_HKU3_1:1.135418973043165,I1#H1:0.0378405206860928::0.5802572770060396)I3:0.44949873169112514)I11:0.1652691222460368)I8:4.480064290606977)I7;
-224.15941100808575: ((DQ412042_Rf1:1.6425194291215013,(NC_004718:0.9584250936656779,(DQ412043_Rm1:0.3666931474034568,DQ022305_HKU3_1:0.03669886069168804)I7:0.6999831346894602)I5:0.7771825318729791)I9:5.227767393629836,((MT121216_Pangolin_MP789:1.9257970020978987,(MN996532_Bat_RaTG13:1.373806711773613,MN908947_Wuhan_Hu_1:1.7052333115976237)I1:0.2764089996150588)I2:0.7314045751324423,MT040334_PCoV_GX_P1E:1.0817839972902454)I8:1.8302799614600398)I0;
Running Time (min): 0.025083333333333332
===============================


Results after run #8
-202.63283708779068: ((MT040334_PCoV_GX_P1E:0.0172144454261974,((MT121216_Pangolin_MP789:0.057816091020230026,(MN908947_Wuhan_Hu_1:1.878759232250245,MN996532_Bat_RaTG13:0.8656175940159911)I13:3.6792004069266424)I4:2.26857047360317,((DQ412042_Rf1:0.3983187640121507)I0#H2:0.2813924872951892::0.018210453428734175)I6#H1:0.990394192139928::0.5)I16:0.2834721366089746)I12:0.9619687657397509,((DQ412043_Rm1:0.19404623747924982,DQ022305_HKU3_1:1.135418973043165)I3:0.08947399718423296,(I6#H1:1.0::0.5,(I0#H2:0.462469393333096::0.9817895465712658,NC_004718:0.001282575641474105)I11:0.05705392232321449)I2:0.037207695261294166)I8:4.824156900990703)I7;
-203.3293178394656: ((MT040334_PCoV_GX_P1E:0.0172144454261974,((MT121216_Pangolin_MP789:0.057816091020230026,(MN996532_Bat_RaTG13:0.8656175940159911,MN908947_Wuhan_Hu_1:1.8787592322502449)I13:3.6792004069266424)I4:2.26857047360317,((DQ412042_Rf1:0.3983187640121507)I0#H2:0.2813924872951892::0.018210453428734175)I6#H1:0.990394192139928::0.5)I16:0.2834721366089746)I12:0.9619687657397509,((NC_004718:0.001282575641474105,(DQ412043_Rm1:0.19404623747924982,DQ022305_HKU3_1:1.135418973043165)I3:0.014384643631640243)I11:0.07508935355259272,(I6#H1:1.0::0.5,I0#H2:0.5195233156563105::0.9817895465712658)I2:0.037207695261294166)I8:4.824156900990703)I7;
-214.3043482741742: ((MT040334_PCoV_GX_P1E:1.0817839972902454,(MT121216_Pangolin_MP789:1.9257970020978987,(MN996532_Bat_RaTG13:1.373806711773613,MN908947_Wuhan_Hu_1:1.7052333115976237)I1:0.23292001052140668)I2:0.6364454875910233)I8:1.8468581577847774,((DQ412042_Rf1:0.8248181387744761,(DQ412043_Rm1:0.3666931474034568,DQ022305_HKU3_1:0.03669886069168804)I7:0.5353170888844507)I5:0.8042495557335365,NC_004718:1.735607625538657)I9:5.135728337934247)I0;
-220.882096404958: ((MT040334_PCoV_GX_P1E:0.7521958384543053,(MN908947_Wuhan_Hu_1:1.8787592322502449,(MN996532_Bat_RaTG13:0.13432044817101607,MT121216_Pangolin_MP789:0.057816091020230026)I4:0.7525057667135513)I13:6.277477662625008)I16:1.3467100949842137,((DQ412042_Rf1:0.024728924952686193,(NC_004718:3.8798998598440907E-4)I1#H1:8.13152297758034E-4::0.4197427229939604)I0:1.8597841648944056,(DQ412043_Rm1:1.2015863196817969,(DQ022305_HKU3_1:1.135418973043165,I1#H1:0.0378405206860928::0.5802572770060396)I3:0.44949873169112514)I11:0.1652691222460368)I8:4.480064290606977)I7;
-224.15941100808575: ((DQ412042_Rf1:1.6425194291215013,(NC_004718:0.9584250936656779,(DQ412043_Rm1:0.3666931474034568,DQ022305_HKU3_1:0.03669886069168804)I7:0.6999831346894602)I5:0.7771825318729791)I9:5.227767393629836,((MT121216_Pangolin_MP789:1.9257970020978987,(MN996532_Bat_RaTG13:1.373806711773613,MN908947_Wuhan_Hu_1:1.7052333115976237)I1:0.2764089996150588)I2:0.7314045751324423,MT040334_PCoV_GX_P1E:1.0817839972902454)I8:1.8302799614600398)I0;
Running Time (min): 0.02255
===============================


Results after run #9
-202.63283708779068: ((MT040334_PCoV_GX_P1E:0.0172144454261974,((MT121216_Pangolin_MP789:0.057816091020230026,(MN908947_Wuhan_Hu_1:1.878759232250245,MN996532_Bat_RaTG13:0.8656175940159911)I13:3.6792004069266424)I4:2.26857047360317,((DQ412042_Rf1:0.3983187640121507)I0#H2:0.2813924872951892::0.018210453428734175)I6#H1:0.990394192139928::0.5)I16:0.2834721366089746)I12:0.9619687657397509,((DQ412043_Rm1:0.19404623747924982,DQ022305_HKU3_1:1.135418973043165)I3:0.08947399718423296,(I6#H1:1.0::0.5,(I0#H2:0.462469393333096::0.9817895465712658,NC_004718:0.001282575641474105)I11:0.05705392232321449)I2:0.037207695261294166)I8:4.824156900990703)I7;
-203.3293178394656: ((MT040334_PCoV_GX_P1E:0.0172144454261974,((MT121216_Pangolin_MP789:0.057816091020230026,(MN996532_Bat_RaTG13:0.8656175940159911,MN908947_Wuhan_Hu_1:1.8787592322502449)I13:3.6792004069266424)I4:2.26857047360317,((DQ412042_Rf1:0.3983187640121507)I0#H2:0.2813924872951892::0.018210453428734175)I6#H1:0.990394192139928::0.5)I16:0.2834721366089746)I12:0.9619687657397509,((NC_004718:0.001282575641474105,(DQ412043_Rm1:0.19404623747924982,DQ022305_HKU3_1:1.135418973043165)I3:0.014384643631640243)I11:0.07508935355259272,(I6#H1:1.0::0.5,I0#H2:0.5195233156563105::0.9817895465712658)I2:0.037207695261294166)I8:4.824156900990703)I7;
-214.3043482741742: ((MT040334_PCoV_GX_P1E:1.0817839972902454,(MT121216_Pangolin_MP789:1.9257970020978987,(MN996532_Bat_RaTG13:1.373806711773613,MN908947_Wuhan_Hu_1:1.7052333115976237)I1:0.23292001052140668)I2:0.6364454875910233)I8:1.8468581577847774,((DQ412042_Rf1:0.8248181387744761,(DQ412043_Rm1:0.3666931474034568,DQ022305_HKU3_1:0.03669886069168804)I7:0.5353170888844507)I5:0.8042495557335365,NC_004718:1.735607625538657)I9:5.135728337934247)I0;
-220.882096404958: ((MT040334_PCoV_GX_P1E:0.7521958384543053,(MN908947_Wuhan_Hu_1:1.8787592322502449,(MN996532_Bat_RaTG13:0.13432044817101607,MT121216_Pangolin_MP789:0.057816091020230026)I4:0.7525057667135513)I13:6.277477662625008)I16:1.3467100949842137,((DQ412042_Rf1:0.024728924952686193,(NC_004718:3.8798998598440907E-4)I1#H1:8.13152297758034E-4::0.4197427229939604)I0:1.8597841648944056,(DQ412043_Rm1:1.2015863196817969,(DQ022305_HKU3_1:1.135418973043165,I1#H1:0.0378405206860928::0.5802572770060396)I3:0.44949873169112514)I11:0.1652691222460368)I8:4.480064290606977)I7;
-224.15941100808575: ((DQ412042_Rf1:1.6425194291215013,(NC_004718:0.9584250936656779,(DQ412043_Rm1:0.3666931474034568,DQ022305_HKU3_1:0.03669886069168804)I7:0.6999831346894602)I5:0.7771825318729791)I9:5.227767393629836,((MT121216_Pangolin_MP789:1.9257970020978987,(MN996532_Bat_RaTG13:1.373806711773613,MN908947_Wuhan_Hu_1:1.7052333115976237)I1:0.2764089996150588)I2:0.7314045751324423,MT040334_PCoV_GX_P1E:1.0817839972902454)I8:1.8302799614600398)I0;
Running Time (min): 0.021683333333333332
===============================


Results after run #10
-181.14837530030096: ((MT040334_PCoV_GX_P1E:2.5756207593566,(MN908947_Wuhan_Hu_1:2.0435978074131667,(MN996532_Bat_RaTG13:0.10182515899881084,MT121216_Pangolin_MP789:1.8380823764354822E-4)I7:0.359592267472972)I8:2.61163210895457)I6:2.5356654209059304,(DQ412042_Rf1:0.021498509126050606,(DQ022305_HKU3_1:1.710875284782591,(DQ412043_Rm1:0.29438547833665824,NC_004718:0.25030245114636845)I1:0.20088013668586482)I3:0.6655162066967875)I2:8.081290153900515)I0;
-183.90979693804186: ((MT040334_PCoV_GX_P1E:2.5756207593566,(MN908947_Wuhan_Hu_1:2.0435978074131667,(MT121216_Pangolin_MP789:1.8380823764354822E-4,MN996532_Bat_RaTG13:0.10182515899881084)I7:0.4932210882686286)I8:2.478571918113715)I6:2.4402308427289325,(DQ412042_Rf1:0.021498509126050606,((DQ022305_HKU3_1:0.7108752847825911)I4#H1:0.040564700943546264::0.5,((DQ412043_Rm1:0.29438547833665824,NC_004718:0.25030245114636845)I1:0.29806548160129726,I4#H1:1.0::0.5)I3:0.344791767237503)I12:0.26120169411401367)I2:8.136969123260783)I0;
-191.3404988515196: ((DQ022305_HKU3_1:0.7514399857261373,((DQ412043_Rm1:0.20136330630006252,(NC_004718:0.25030245114636845)I1#H1:0.09302217203659573::0.4968433013046313)I4:1.5039850858336312,(I1#H1:1.0::0.5031566986953687,DQ412042_Rf1:0.021498509126050606)I2:0.03845765730708252)I11:0.4413311091011567)I12:7.50598520883283,(MT040334_PCoV_GX_P1E:2.5756207593566,((MN996532_Bat_RaTG13:0.4905682147357766,MN908947_Wuhan_Hu_1:2.0435978074131667)I8:1.9737339048604745,MT121216_Pangolin_MP789:1.8380823764354822E-4)I7:0.23311824126646813)I6:2.298539069209869)I0;
-192.43624550699454: ((MT040334_PCoV_GX_P1E:2.5756207593566,(MT121216_Pangolin_MP789:1.8380823764354822E-4,(MN908947_Wuhan_Hu_1:2.0435978074131667,MN996532_Bat_RaTG13:0.4905682147357766)I8:1.976951564436421)I7:0.24600708854365144)I6:2.3251750809457685,(DQ022305_HKU3_1:0.7514399857261373,((DQ412043_Rm1:0.20136330630006252)I4#H1:1.5106252557485436::0.40708958861167743,(DQ412042_Rf1:0.021498509126050606,(NC_004718:0.25030245114636845,I4#H1:0.09302217203659573::0.5929104113883226)I1:0.9920686862397823)I2:0.18042789896109807)I11:0.44654309683948357)I12:7.570660342822493)I0;
-199.03204678656488: ((((MN908947_Wuhan_Hu_1:2.0435978074131667,MN996532_Bat_RaTG13:0.4905682147357766)I8:1.84896026799035,MT121216_Pangolin_MP789:1.8380823764354822E-4)I7:0.08840973608850644,MT040334_PCoV_GX_P1E:2.5756207593566)I6:2.1827814774115653,((NC_004718:0.25030245114636845)I1#H1:0.09302217203659573::0.3995799736910209,(DQ022305_HKU3_1:0.7514399857261373,(DQ412042_Rf1:0.059956166433133125,(DQ412043_Rm1:0.20839992060101054,I1#H1:1.0::0.6004200263089792)I2:1.4138501066370885)I11:0.2725284040452056)I12:0.10548171291223535)I4:7.406122074983058)I0;
Running Time (min): 0.02036666666666667
===============================


Inferred Network #1:
(((((DQ412043_Rm1:1.0,(NC_004718:1.0)#H1:1.0::0.7450770474135998):0.0809912921997236,DQ412042_Rf1:1.0):0.21228775092365665,DQ022305_HKU3_1:1.0):5.894738337634476,#H1:1.0::0.2549229525864002):5.912676768339841,(((MN908947_Wuhan_Hu_1:1.0,MN996532_Bat_RaTG13:1.0):5.90988119434939,MT121216_Pangolin_MP789:1.0):5.909123787599519,MT040334_PCoV_GX_P1E:1.0):5.90977458223945);
Total log probability: -101.76224007478062
Visualize in Dendroscope : (((((DQ412043_Rm1,(NC_004718)#H1),DQ412042_Rf1),DQ022305_HKU3_1),#H1),(((MN908947_Wuhan_Hu_1,MN996532_Bat_RaTG13),MT121216_Pangolin_MP789),MT040334_PCoV_GX_P1E));
Inferred Network #2:
((((DQ412043_Rm1:1.0,(NC_004718:1.0)#H1:1.0::0.9985126256233825):0.0011774181844964955,(#H1:1.0::0.0014873743766175402,DQ412042_Rf1:1.0):0.0011774181844964955):0.09097232699899277,DQ022305_HKU3_1:1.0):5.909854040940802,(MT040334_PCoV_GX_P1E:1.0,((MN996532_Bat_RaTG13:1.0,MN908947_Wuhan_Hu_1:1.0):5.910800125687317,MT121216_Pangolin_MP789:1.0):5.909123787772495):5.909655125248594);
Total log probability: -106.63701640818199
Visualize in Dendroscope : ((((DQ412043_Rm1,(NC_004718)#H1),(#H1,DQ412042_Rf1)),DQ022305_HKU3_1),(MT040334_PCoV_GX_P1E,((MN996532_Bat_RaTG13,MN908947_Wuhan_Hu_1),MT121216_Pangolin_MP789)));
Inferred Network #3:
((MT040334_PCoV_GX_P1E:1.0,(MT121216_Pangolin_MP789:1.0,(MN908947_Wuhan_Hu_1:1.0,MN996532_Bat_RaTG13:1.0):5.909081285089483):5.909574204678241):5.909774582239166,((((NC_004718:1.0,(DQ412043_Rm1:1.0)#H1:1.0::0.9828573145495751):0.0011774181844964955,DQ412042_Rf1:1.0):0.0011774181844964955,#H1:1.0::0.017142685450424855):0.08982867659031485,DQ022305_HKU3_1:1.0):5.909845708693904);
Total log probability: -106.6370670272684
Visualize in Dendroscope : ((MT040334_PCoV_GX_P1E,(MT121216_Pangolin_MP789,(MN908947_Wuhan_Hu_1,MN996532_Bat_RaTG13))),((((NC_004718,(DQ412043_Rm1)#H1),DQ412042_Rf1),#H1),DQ022305_HKU3_1));
Inferred Network #4:
((MT040334_PCoV_GX_P1E:1.0,(MN908947_Wuhan_Hu_1:1.0,(MN996532_Bat_RaTG13:1.0,MT121216_Pangolin_MP789:1.0):0.0011774181844964955):5.910865056314246):5.9090811309605495,(DQ412042_Rf1:1.0,(DQ022305_HKU3_1:1.0,(DQ412043_Rm1:1.0,NC_004718:1.0):0.0011774181844964955):0.0011774181844964955):5.909774582239407);
Total log probability: -133.56410191048795
Visualize in Dendroscope : ((MT040334_PCoV_GX_P1E,(MN908947_Wuhan_Hu_1,(MN996532_Bat_RaTG13,MT121216_Pangolin_MP789))),(DQ412042_Rf1,(DQ022305_HKU3_1,(DQ412043_Rm1,NC_004718))));
Inferred Network #5:
((MT040334_PCoV_GX_P1E:1.0,(MN908947_Wuhan_Hu_1:1.0,(MT121216_Pangolin_MP789:1.0,MN996532_Bat_RaTG13:1.0):0.0011774181844964955):5.911157548797577):5.909081127385757,((((DQ412043_Rm1:1.0,NC_004718:1.0):0.0011774181844964955,(DQ022305_HKU3_1:1.0)#H1:1.0::0.9828573145495751):0.0011774181844964955,#H1:1.0::0.017142685450424855):0.0011774181844964955,DQ412042_Rf1:1.0):5.909869871215435);
Total log probability: -133.56723843722094
Visualize in Dendroscope : ((MT040334_PCoV_GX_P1E,(MN908947_Wuhan_Hu_1,(MT121216_Pangolin_MP789,MN996532_Bat_RaTG13))),((((DQ412043_Rm1,NC_004718),(DQ022305_HKU3_1)#H1),#H1),DQ412042_Rf1));
