
InferNetwork_MPL (Tree24, Tree23, Tree22, Tree21, Tree20, Tree19, Tree18, Tree17, Tree16, Tree15, Tree14, Tree13, Tree12, Tree11, Tree10, Tree9, Tree8, Tree7, Tree6, Tree5, Tree4, Tree3, Tree2, Tree1) 10 -m 1000 -pl 10 -di "/home/rosanne/Documents/minor_research_project/results/phylonet/"
Results after run #1
-44.343837730941324: ((NC_004718:1.7608931266387355,DQ022305_HKU3_1:0.7054218095271505)I9:2.206174568853397,((MT121216_Pangolin_MP789:5.6357092142700305,(MN996532_Bat_RaTG13:3.461579355360639,MN908947_Wuhan_Hu_1:0.20098576362040999)I7:1.8625124771163453)I5:0.8329722437639231,MT040334_PCoV_GX_P1E:0.2405049749669376)I2:3.915376119287777)I3;
-44.978005794221815: ((NC_004718:0.5215845308584461,DQ022305_HKU3_1:1.4615046318830653)I0:2.935117581862558,(MT040334_PCoV_GX_P1E:0.24050497496693757,((MT121216_Pangolin_MP789:3.5815162921508525)I6#H1:2.054192922119179::0.5,(MN996532_Bat_RaTG13:0.029591540140771144,(MN908947_Wuhan_Hu_1:0.032210086565098904,I6#H1:1.0::0.5)I8:0.16877567705531107)I7:5.51385009847802)I5:0.20753714051674432)I2:3.700202449501492)I3;
-48.60075540867675: ((MT040334_PCoV_GX_P1E:0.2405049749669376,(MT121216_Pangolin_MP789:5.635709214270031,(MN996532_Bat_RaTG13:3.461579355360639,MN908947_Wuhan_Hu_1:0.20098576362040999)I7:2.0041709246810804)I5:0.5704170858402458)I2:3.8735676786749984,((DQ022305_HKU3_1:0.4615046318830653)I1#H1:0.24391717764408521::0.5,(I1#H1:1.0::0.5,NC_004718:0.5215845308584461)I0:1.2393085957802894)I9:1.968191693067518)I3;
-48.760871953116435: ((NC_004718:1.7608931266387355,DQ022305_HKU3_1:0.7054218095271505)I9:1.9397197533113946,(MT040334_PCoV_GX_P1E:0.2405049749669376,(MT121216_Pangolin_MP789:5.6357092142700305,((MN908947_Wuhan_Hu_1:0.14162214213160976)I1#H1:0.05936362148880022::0.44095260686996085,(I1#H1:1.4363450207653237::0.5590473931300391,MN996532_Bat_RaTG13:3.3257090770196718)I11:0.13587027834096754)I7:1.8625124771163453)I5:0.7270541586553756)I2:3.865881925959193)I3;
-49.31288439970943: ((NC_004718:1.7608931266387355,DQ022305_HKU3_1:0.7054218095271505)I9:1.9397197533113946,(MT040334_PCoV_GX_P1E:0.2405049749669376,(MT121216_Pangolin_MP789:5.6357092142700305,(((MN908947_Wuhan_Hu_1:0.047822829989757176)I6#H2:0.09379931214185258::0.23188218053359633)I1#H1:0.05936362148880022::0.44095260686996085,(I1#H1:1.4363450207653237::0.5590473931300391,(MN996532_Bat_RaTG13:2.4106762473065944,I6#H2:1.0::0.7681178194664037)I0:0.9150328297130775)I11:0.13587027834096754)I7:1.8625124771163453)I5:0.7270541586553756)I2:3.865881925959193)I3;
Running Time (min): 0.06806666666666666
===============================


Results after run #2
-44.343837730941324: ((NC_004718:1.7608931266387355,DQ022305_HKU3_1:0.7054218095271505)I9:2.206174568853397,((MT121216_Pangolin_MP789:5.6357092142700305,(MN996532_Bat_RaTG13:3.461579355360639,MN908947_Wuhan_Hu_1:0.20098576362040999)I7:1.8625124771163453)I5:0.8329722437639231,MT040334_PCoV_GX_P1E:0.2405049749669376)I2:3.915376119287777)I3;
-44.978005794221815: ((NC_004718:0.5215845308584461,DQ022305_HKU3_1:1.4615046318830653)I0:2.935117581862558,(MT040334_PCoV_GX_P1E:0.24050497496693757,((MT121216_Pangolin_MP789:3.5815162921508525)I6#H1:2.054192922119179::0.5,(MN996532_Bat_RaTG13:0.029591540140771144,(MN908947_Wuhan_Hu_1:0.032210086565098904,I6#H1:1.0::0.5)I8:0.16877567705531107)I7:5.51385009847802)I5:0.20753714051674432)I2:3.700202449501492)I3;
-48.60075540867675: ((MT040334_PCoV_GX_P1E:0.2405049749669376,(MT121216_Pangolin_MP789:5.635709214270031,(MN996532_Bat_RaTG13:3.461579355360639,MN908947_Wuhan_Hu_1:0.20098576362040999)I7:2.0041709246810804)I5:0.5704170858402458)I2:3.8735676786749984,((DQ022305_HKU3_1:0.4615046318830653)I1#H1:0.24391717764408521::0.5,(I1#H1:1.0::0.5,NC_004718:0.5215845308584461)I0:1.2393085957802894)I9:1.968191693067518)I3;
-48.760871953116435: ((NC_004718:1.7608931266387355,DQ022305_HKU3_1:0.7054218095271505)I9:1.9397197533113946,(MT040334_PCoV_GX_P1E:0.2405049749669376,(MT121216_Pangolin_MP789:5.6357092142700305,((MN908947_Wuhan_Hu_1:0.14162214213160976)I1#H1:0.05936362148880022::0.44095260686996085,(I1#H1:1.4363450207653237::0.5590473931300391,MN996532_Bat_RaTG13:3.3257090770196718)I11:0.13587027834096754)I7:1.8625124771163453)I5:0.7270541586553756)I2:3.865881925959193)I3;
-49.31288439970943: ((NC_004718:1.7608931266387355,DQ022305_HKU3_1:0.7054218095271505)I9:1.9397197533113946,(MT040334_PCoV_GX_P1E:0.2405049749669376,(MT121216_Pangolin_MP789:5.6357092142700305,(((MN908947_Wuhan_Hu_1:0.047822829989757176)I6#H2:0.09379931214185258::0.23188218053359633)I1#H1:0.05936362148880022::0.44095260686996085,(I1#H1:1.4363450207653237::0.5590473931300391,(MN996532_Bat_RaTG13:2.4106762473065944,I6#H2:1.0::0.7681178194664037)I0:0.9150328297130775)I11:0.13587027834096754)I7:1.8625124771163453)I5:0.7270541586553756)I2:3.865881925959193)I3;
Running Time (min): 0.030266666666666667
===============================


Results after run #3
-44.343837730941324: ((NC_004718:1.7608931266387355,DQ022305_HKU3_1:0.7054218095271505)I9:2.206174568853397,((MT121216_Pangolin_MP789:5.6357092142700305,(MN996532_Bat_RaTG13:3.461579355360639,MN908947_Wuhan_Hu_1:0.20098576362040999)I7:1.8625124771163453)I5:0.8329722437639231,MT040334_PCoV_GX_P1E:0.2405049749669376)I2:3.915376119287777)I3;
-44.978005794221815: ((NC_004718:0.5215845308584461,DQ022305_HKU3_1:1.4615046318830653)I0:2.935117581862558,(MT040334_PCoV_GX_P1E:0.24050497496693757,((MT121216_Pangolin_MP789:3.5815162921508525)I6#H1:2.054192922119179::0.5,(MN996532_Bat_RaTG13:0.029591540140771144,(MN908947_Wuhan_Hu_1:0.032210086565098904,I6#H1:1.0::0.5)I8:0.16877567705531107)I7:5.51385009847802)I5:0.20753714051674432)I2:3.700202449501492)I3;
-48.60075540867675: ((MT040334_PCoV_GX_P1E:0.2405049749669376,(MT121216_Pangolin_MP789:5.635709214270031,(MN996532_Bat_RaTG13:3.461579355360639,MN908947_Wuhan_Hu_1:0.20098576362040999)I7:2.0041709246810804)I5:0.5704170858402458)I2:3.8735676786749984,((DQ022305_HKU3_1:0.4615046318830653)I1#H1:0.24391717764408521::0.5,(I1#H1:1.0::0.5,NC_004718:0.5215845308584461)I0:1.2393085957802894)I9:1.968191693067518)I3;
-48.760871953116435: ((NC_004718:1.7608931266387355,DQ022305_HKU3_1:0.7054218095271505)I9:1.9397197533113946,(MT040334_PCoV_GX_P1E:0.2405049749669376,(MT121216_Pangolin_MP789:5.6357092142700305,((MN908947_Wuhan_Hu_1:0.14162214213160976)I1#H1:0.05936362148880022::0.44095260686996085,(I1#H1:1.4363450207653237::0.5590473931300391,MN996532_Bat_RaTG13:3.3257090770196718)I11:0.13587027834096754)I7:1.8625124771163453)I5:0.7270541586553756)I2:3.865881925959193)I3;
-49.31288439970943: ((NC_004718:1.7608931266387355,DQ022305_HKU3_1:0.7054218095271505)I9:1.9397197533113946,(MT040334_PCoV_GX_P1E:0.2405049749669376,(MT121216_Pangolin_MP789:5.6357092142700305,(((MN908947_Wuhan_Hu_1:0.047822829989757176)I6#H2:0.09379931214185258::0.23188218053359633)I1#H1:0.05936362148880022::0.44095260686996085,(I1#H1:1.4363450207653237::0.5590473931300391,(MN996532_Bat_RaTG13:2.4106762473065944,I6#H2:1.0::0.7681178194664037)I0:0.9150328297130775)I11:0.13587027834096754)I7:1.8625124771163453)I5:0.7270541586553756)I2:3.865881925959193)I3;
Running Time (min): 0.02605
===============================


Results after run #4
-44.343837730941324: ((NC_004718:1.7608931266387355,DQ022305_HKU3_1:0.7054218095271505)I9:2.206174568853397,((MT121216_Pangolin_MP789:5.6357092142700305,(MN996532_Bat_RaTG13:3.461579355360639,MN908947_Wuhan_Hu_1:0.20098576362040999)I7:1.8625124771163453)I5:0.8329722437639231,MT040334_PCoV_GX_P1E:0.2405049749669376)I2:3.915376119287777)I3;
-44.978005794221815: ((NC_004718:0.5215845308584461,DQ022305_HKU3_1:1.4615046318830653)I0:2.935117581862558,(MT040334_PCoV_GX_P1E:0.24050497496693757,((MT121216_Pangolin_MP789:3.5815162921508525)I6#H1:2.054192922119179::0.5,(MN996532_Bat_RaTG13:0.029591540140771144,(MN908947_Wuhan_Hu_1:0.032210086565098904,I6#H1:1.0::0.5)I8:0.16877567705531107)I7:5.51385009847802)I5:0.20753714051674432)I2:3.700202449501492)I3;
-48.60075540867675: ((MT040334_PCoV_GX_P1E:0.2405049749669376,(MT121216_Pangolin_MP789:5.635709214270031,(MN996532_Bat_RaTG13:3.461579355360639,MN908947_Wuhan_Hu_1:0.20098576362040999)I7:2.0041709246810804)I5:0.5704170858402458)I2:3.8735676786749984,((DQ022305_HKU3_1:0.4615046318830653)I1#H1:0.24391717764408521::0.5,(I1#H1:1.0::0.5,NC_004718:0.5215845308584461)I0:1.2393085957802894)I9:1.968191693067518)I3;
-48.760871953116435: ((NC_004718:1.7608931266387355,DQ022305_HKU3_1:0.7054218095271505)I9:1.9397197533113946,(MT040334_PCoV_GX_P1E:0.2405049749669376,(MT121216_Pangolin_MP789:5.6357092142700305,((MN908947_Wuhan_Hu_1:0.14162214213160976)I1#H1:0.05936362148880022::0.44095260686996085,(I1#H1:1.4363450207653237::0.5590473931300391,MN996532_Bat_RaTG13:3.3257090770196718)I11:0.13587027834096754)I7:1.8625124771163453)I5:0.7270541586553756)I2:3.865881925959193)I3;
-49.31288439970943: ((NC_004718:1.7608931266387355,DQ022305_HKU3_1:0.7054218095271505)I9:1.9397197533113946,(MT040334_PCoV_GX_P1E:0.2405049749669376,(MT121216_Pangolin_MP789:5.6357092142700305,(((MN908947_Wuhan_Hu_1:0.047822829989757176)I6#H2:0.09379931214185258::0.23188218053359633)I1#H1:0.05936362148880022::0.44095260686996085,(I1#H1:1.4363450207653237::0.5590473931300391,(MN996532_Bat_RaTG13:2.4106762473065944,I6#H2:1.0::0.7681178194664037)I0:0.9150328297130775)I11:0.13587027834096754)I7:1.8625124771163453)I5:0.7270541586553756)I2:3.865881925959193)I3;
Running Time (min): 0.02578333333333333
===============================


Results after run #5
-44.343837730941324: ((NC_004718:1.7608931266387355,DQ022305_HKU3_1:0.7054218095271505)I9:2.206174568853397,((MT121216_Pangolin_MP789:5.6357092142700305,(MN996532_Bat_RaTG13:3.461579355360639,MN908947_Wuhan_Hu_1:0.20098576362040999)I7:1.8625124771163453)I5:0.8329722437639231,MT040334_PCoV_GX_P1E:0.2405049749669376)I2:3.915376119287777)I3;
-44.978005794221815: ((NC_004718:0.5215845308584461,DQ022305_HKU3_1:1.4615046318830653)I0:2.935117581862558,(MT040334_PCoV_GX_P1E:0.24050497496693757,((MT121216_Pangolin_MP789:3.5815162921508525)I6#H1:2.054192922119179::0.5,(MN996532_Bat_RaTG13:0.029591540140771144,(MN908947_Wuhan_Hu_1:0.032210086565098904,I6#H1:1.0::0.5)I8:0.16877567705531107)I7:5.51385009847802)I5:0.20753714051674432)I2:3.700202449501492)I3;
-48.60075540867675: ((MT040334_PCoV_GX_P1E:0.2405049749669376,(MT121216_Pangolin_MP789:5.635709214270031,(MN996532_Bat_RaTG13:3.461579355360639,MN908947_Wuhan_Hu_1:0.20098576362040999)I7:2.0041709246810804)I5:0.5704170858402458)I2:3.8735676786749984,((DQ022305_HKU3_1:0.4615046318830653)I1#H1:0.24391717764408521::0.5,(I1#H1:1.0::0.5,NC_004718:0.5215845308584461)I0:1.2393085957802894)I9:1.968191693067518)I3;
-48.760871953116435: ((NC_004718:1.7608931266387355,DQ022305_HKU3_1:0.7054218095271505)I9:1.9397197533113946,(MT040334_PCoV_GX_P1E:0.2405049749669376,(MT121216_Pangolin_MP789:5.6357092142700305,((MN908947_Wuhan_Hu_1:0.14162214213160976)I1#H1:0.05936362148880022::0.44095260686996085,(I1#H1:1.4363450207653237::0.5590473931300391,MN996532_Bat_RaTG13:3.3257090770196718)I11:0.13587027834096754)I7:1.8625124771163453)I5:0.7270541586553756)I2:3.865881925959193)I3;
-49.31288439970943: ((NC_004718:1.7608931266387355,DQ022305_HKU3_1:0.7054218095271505)I9:1.9397197533113946,(MT040334_PCoV_GX_P1E:0.2405049749669376,(MT121216_Pangolin_MP789:5.6357092142700305,(((MN908947_Wuhan_Hu_1:0.047822829989757176)I6#H2:0.09379931214185258::0.23188218053359633)I1#H1:0.05936362148880022::0.44095260686996085,(I1#H1:1.4363450207653237::0.5590473931300391,(MN996532_Bat_RaTG13:2.4106762473065944,I6#H2:1.0::0.7681178194664037)I0:0.9150328297130775)I11:0.13587027834096754)I7:1.8625124771163453)I5:0.7270541586553756)I2:3.865881925959193)I3;
Running Time (min): 0.0198
===============================


Results after run #6
-37.55240300362849: ((MT040334_PCoV_GX_P1E:2.31151243892407,(MT121216_Pangolin_MP789:0.6751975956423044,(MN908947_Wuhan_Hu_1:1.2395854851426207,MN996532_Bat_RaTG13:0.5356239099759039)I0:1.1257579474170492)I12:2.2062208641295276)I8:2.5143035797086313,(NC_004718:0.06629330999613947,DQ022305_HKU3_1:1.2830217365911056)I1:3.4829185900951103)I7;
-44.978005794221815: ((NC_004718:0.5215845308584461,DQ022305_HKU3_1:1.4615046318830653)I0:2.935117581862558,(MT040334_PCoV_GX_P1E:0.24050497496693757,((MT121216_Pangolin_MP789:3.5815162921508525)I6#H1:2.054192922119179::0.5,(MN996532_Bat_RaTG13:0.029591540140771144,(MN908947_Wuhan_Hu_1:0.032210086565098904,I6#H1:1.0::0.5)I8:0.16877567705531107)I7:5.51385009847802)I5:0.20753714051674432)I2:3.700202449501492)I3;
-48.60075540867675: ((MT040334_PCoV_GX_P1E:0.2405049749669376,(MT121216_Pangolin_MP789:5.635709214270031,(MN996532_Bat_RaTG13:3.461579355360639,MN908947_Wuhan_Hu_1:0.20098576362040999)I7:2.0041709246810804)I5:0.5704170858402458)I2:3.8735676786749984,((DQ022305_HKU3_1:0.4615046318830653)I1#H1:0.24391717764408521::0.5,(I1#H1:1.0::0.5,NC_004718:0.5215845308584461)I0:1.2393085957802894)I9:1.968191693067518)I3;
-48.760871953116435: ((NC_004718:1.7608931266387355,DQ022305_HKU3_1:0.7054218095271505)I9:1.9397197533113946,(MT040334_PCoV_GX_P1E:0.2405049749669376,(MT121216_Pangolin_MP789:5.6357092142700305,((MN908947_Wuhan_Hu_1:0.14162214213160976)I1#H1:0.05936362148880022::0.44095260686996085,(I1#H1:1.4363450207653237::0.5590473931300391,MN996532_Bat_RaTG13:3.3257090770196718)I11:0.13587027834096754)I7:1.8625124771163453)I5:0.7270541586553756)I2:3.865881925959193)I3;
-49.31288439970943: ((NC_004718:1.7608931266387355,DQ022305_HKU3_1:0.7054218095271505)I9:1.9397197533113946,(MT040334_PCoV_GX_P1E:0.2405049749669376,(MT121216_Pangolin_MP789:5.6357092142700305,(((MN908947_Wuhan_Hu_1:0.047822829989757176)I6#H2:0.09379931214185258::0.23188218053359633)I1#H1:0.05936362148880022::0.44095260686996085,(I1#H1:1.4363450207653237::0.5590473931300391,(MN996532_Bat_RaTG13:2.4106762473065944,I6#H2:1.0::0.7681178194664037)I0:0.9150328297130775)I11:0.13587027834096754)I7:1.8625124771163453)I5:0.7270541586553756)I2:3.865881925959193)I3;
Running Time (min): 0.023433333333333334
===============================


Results after run #7
-29.911337995160267: ((NC_004718:1.0,DQ022305_HKU3_1:1.055757630617167)I1:3.0192153602262635,(MT040334_PCoV_GX_P1E:2.062632024702458,(MT121216_Pangolin_MP789:0.028665307395921547,(MN996532_Bat_RaTG13:1.1749966495009327,MN908947_Wuhan_Hu_1:0.4927291711431135)I10:2.1981885282815123)I2:2.4227140829270084)I0:6.326635265480617)I9;
-30.256264960887556: ((NC_004718:1.0,DQ022305_HKU3_1:1.055757630617167)I1:3.0192153602262635,(MT040334_PCoV_GX_P1E:2.062632024702458,(((MN996532_Bat_RaTG13:1.1749966495009327,MN908947_Wuhan_Hu_1:0.4927291711431135)I10:2.1073650619738284)I7#H1:1.0::0.48545507146582445,(MT121216_Pangolin_MP789:0.028665307395921547,I7#H1:0.07302745066547461::0.5145449285341755)I2:1.0119706696604864)I4:1.4631681890655173)I0:6.326635265480617)I9;
-31.648209273622847: ((NC_004718:1.0,DQ022305_HKU3_1:1.055757630617167)I1:2.836523335316918,(MT040334_PCoV_GX_P1E:2.062632024702458,((MT121216_Pangolin_MP789:0.0061876262113340665)I5#H1:1.4951760147205628::0.15617944674957585,(((MN908947_Wuhan_Hu_1:0.4927291711431135,MN996532_Bat_RaTG13:1.1749966495009327)I10:2.0930980905199865)I7#H2:1.0::0.5,(I7#H2:0.02298958649816765::0.5,I5#H1:0.02247768118458748::0.8438205532504242)I2:1.0119706696604864)I4:0.38183390701656)I6:1.0463683084571644)I0:6.326635265480617)I9;
-33.22006614718371: ((NC_004718:1.0,DQ022305_HKU3_1:1.055757630617167)I1:2.836523335316918,(MT040334_PCoV_GX_P1E:2.062632024702458,(((MN908947_Wuhan_Hu_1:0.4927291711431135,MN996532_Bat_RaTG13:1.1749966495009327)I10:0.1349143985851749)I5#H1:1.4951760147205628::0.15617944674957585,((I5#H1:1.9581836919348115::0.8438205532504242)I7#H2:1.0::0.5,(MT121216_Pangolin_MP789:0.028665307395921547,I7#H2:0.02298958649816765::0.5)I2:1.0119706696604864)I4:0.38183390701656)I6:1.0463683084571644)I0:6.326635265480617)I9;
-41.30190562761382: ((NC_004718:1.0,DQ022305_HKU3_1:1.055757630617167)I1:2.9097259647575773,(((((MN908947_Wuhan_Hu_1:0.4927291711431135,MN996532_Bat_RaTG13:1.1749966495009327)I10:0.1349143985851749)I5#H2:1.4951760147205628::0.15617944674957585,(MT121216_Pangolin_MP789:0.028665307395921547,I5#H2:1.9811732784329792::0.8438205532504242)I2:1.3938045766770464)I6:0.03473017583065008)I3#H1:0.175625034052813::0.40119447051818535,(MT040334_PCoV_GX_P1E:2.062632024702458,I3#H1:1.0296394965416211::0.5988055294818146)I0:3.0322330101374724)I15:3.253852677510528)I9;
Running Time (min): 0.02895
===============================


Results after run #8
-29.911337995160267: ((NC_004718:1.0,DQ022305_HKU3_1:1.055757630617167)I1:3.0192153602262635,(MT040334_PCoV_GX_P1E:2.062632024702458,(MT121216_Pangolin_MP789:0.028665307395921547,(MN996532_Bat_RaTG13:1.1749966495009327,MN908947_Wuhan_Hu_1:0.4927291711431135)I10:2.1981885282815123)I2:2.4227140829270084)I0:6.326635265480617)I9;
-30.256264960887556: ((NC_004718:1.0,DQ022305_HKU3_1:1.055757630617167)I1:3.0192153602262635,(MT040334_PCoV_GX_P1E:2.062632024702458,(((MN996532_Bat_RaTG13:1.1749966495009327,MN908947_Wuhan_Hu_1:0.4927291711431135)I10:2.1073650619738284)I7#H1:1.0::0.48545507146582445,(MT121216_Pangolin_MP789:0.028665307395921547,I7#H1:0.07302745066547461::0.5145449285341755)I2:1.0119706696604864)I4:1.4631681890655173)I0:6.326635265480617)I9;
-31.648209273622847: ((NC_004718:1.0,DQ022305_HKU3_1:1.055757630617167)I1:2.836523335316918,(MT040334_PCoV_GX_P1E:2.062632024702458,((MT121216_Pangolin_MP789:0.0061876262113340665)I5#H1:1.4951760147205628::0.15617944674957585,(((MN908947_Wuhan_Hu_1:0.4927291711431135,MN996532_Bat_RaTG13:1.1749966495009327)I10:2.0930980905199865)I7#H2:1.0::0.5,(I7#H2:0.02298958649816765::0.5,I5#H1:0.02247768118458748::0.8438205532504242)I2:1.0119706696604864)I4:0.38183390701656)I6:1.0463683084571644)I0:6.326635265480617)I9;
-33.22006614718371: ((NC_004718:1.0,DQ022305_HKU3_1:1.055757630617167)I1:2.836523335316918,(MT040334_PCoV_GX_P1E:2.062632024702458,(((MN908947_Wuhan_Hu_1:0.4927291711431135,MN996532_Bat_RaTG13:1.1749966495009327)I10:0.1349143985851749)I5#H1:1.4951760147205628::0.15617944674957585,((I5#H1:1.9581836919348115::0.8438205532504242)I7#H2:1.0::0.5,(MT121216_Pangolin_MP789:0.028665307395921547,I7#H2:0.02298958649816765::0.5)I2:1.0119706696604864)I4:0.38183390701656)I6:1.0463683084571644)I0:6.326635265480617)I9;
-41.30190562761382: ((NC_004718:1.0,DQ022305_HKU3_1:1.055757630617167)I1:2.9097259647575773,(((((MN908947_Wuhan_Hu_1:0.4927291711431135,MN996532_Bat_RaTG13:1.1749966495009327)I10:0.1349143985851749)I5#H2:1.4951760147205628::0.15617944674957585,(MT121216_Pangolin_MP789:0.028665307395921547,I5#H2:1.9811732784329792::0.8438205532504242)I2:1.3938045766770464)I6:0.03473017583065008)I3#H1:0.175625034052813::0.40119447051818535,(MT040334_PCoV_GX_P1E:2.062632024702458,I3#H1:1.0296394965416211::0.5988055294818146)I0:3.0322330101374724)I15:3.253852677510528)I9;
Running Time (min): 0.0186
===============================


Results after run #9
-29.911337995160267: ((NC_004718:1.0,DQ022305_HKU3_1:1.055757630617167)I1:3.0192153602262635,(MT040334_PCoV_GX_P1E:2.062632024702458,(MT121216_Pangolin_MP789:0.028665307395921547,(MN996532_Bat_RaTG13:1.1749966495009327,MN908947_Wuhan_Hu_1:0.4927291711431135)I10:2.1981885282815123)I2:2.4227140829270084)I0:6.326635265480617)I9;
-30.256264960887556: ((NC_004718:1.0,DQ022305_HKU3_1:1.055757630617167)I1:3.0192153602262635,(MT040334_PCoV_GX_P1E:2.062632024702458,(((MN996532_Bat_RaTG13:1.1749966495009327,MN908947_Wuhan_Hu_1:0.4927291711431135)I10:2.1073650619738284)I7#H1:1.0::0.48545507146582445,(MT121216_Pangolin_MP789:0.028665307395921547,I7#H1:0.07302745066547461::0.5145449285341755)I2:1.0119706696604864)I4:1.4631681890655173)I0:6.326635265480617)I9;
-31.648209273622847: ((NC_004718:1.0,DQ022305_HKU3_1:1.055757630617167)I1:2.836523335316918,(MT040334_PCoV_GX_P1E:2.062632024702458,((MT121216_Pangolin_MP789:0.0061876262113340665)I5#H1:1.4951760147205628::0.15617944674957585,(((MN908947_Wuhan_Hu_1:0.4927291711431135,MN996532_Bat_RaTG13:1.1749966495009327)I10:2.0930980905199865)I7#H2:1.0::0.5,(I7#H2:0.02298958649816765::0.5,I5#H1:0.02247768118458748::0.8438205532504242)I2:1.0119706696604864)I4:0.38183390701656)I6:1.0463683084571644)I0:6.326635265480617)I9;
-33.22006614718371: ((NC_004718:1.0,DQ022305_HKU3_1:1.055757630617167)I1:2.836523335316918,(MT040334_PCoV_GX_P1E:2.062632024702458,(((MN908947_Wuhan_Hu_1:0.4927291711431135,MN996532_Bat_RaTG13:1.1749966495009327)I10:0.1349143985851749)I5#H1:1.4951760147205628::0.15617944674957585,((I5#H1:1.9581836919348115::0.8438205532504242)I7#H2:1.0::0.5,(MT121216_Pangolin_MP789:0.028665307395921547,I7#H2:0.02298958649816765::0.5)I2:1.0119706696604864)I4:0.38183390701656)I6:1.0463683084571644)I0:6.326635265480617)I9;
-41.30190562761382: ((NC_004718:1.0,DQ022305_HKU3_1:1.055757630617167)I1:2.9097259647575773,(((((MN908947_Wuhan_Hu_1:0.4927291711431135,MN996532_Bat_RaTG13:1.1749966495009327)I10:0.1349143985851749)I5#H2:1.4951760147205628::0.15617944674957585,(MT121216_Pangolin_MP789:0.028665307395921547,I5#H2:1.9811732784329792::0.8438205532504242)I2:1.3938045766770464)I6:0.03473017583065008)I3#H1:0.175625034052813::0.40119447051818535,(MT040334_PCoV_GX_P1E:2.062632024702458,I3#H1:1.0296394965416211::0.5988055294818146)I0:3.0322330101374724)I15:3.253852677510528)I9;
Running Time (min): 0.016433333333333335
===============================


Results after run #10
-29.911337995160267: ((NC_004718:1.0,DQ022305_HKU3_1:1.055757630617167)I1:3.0192153602262635,(MT040334_PCoV_GX_P1E:2.062632024702458,(MT121216_Pangolin_MP789:0.028665307395921547,(MN996532_Bat_RaTG13:1.1749966495009327,MN908947_Wuhan_Hu_1:0.4927291711431135)I10:2.1981885282815123)I2:2.4227140829270084)I0:6.326635265480617)I9;
-30.256264960887556: ((NC_004718:1.0,DQ022305_HKU3_1:1.055757630617167)I1:3.0192153602262635,(MT040334_PCoV_GX_P1E:2.062632024702458,(((MN996532_Bat_RaTG13:1.1749966495009327,MN908947_Wuhan_Hu_1:0.4927291711431135)I10:2.1073650619738284)I7#H1:1.0::0.48545507146582445,(MT121216_Pangolin_MP789:0.028665307395921547,I7#H1:0.07302745066547461::0.5145449285341755)I2:1.0119706696604864)I4:1.4631681890655173)I0:6.326635265480617)I9;
-31.648209273622847: ((NC_004718:1.0,DQ022305_HKU3_1:1.055757630617167)I1:2.836523335316918,(MT040334_PCoV_GX_P1E:2.062632024702458,((MT121216_Pangolin_MP789:0.0061876262113340665)I5#H1:1.4951760147205628::0.15617944674957585,(((MN908947_Wuhan_Hu_1:0.4927291711431135,MN996532_Bat_RaTG13:1.1749966495009327)I10:2.0930980905199865)I7#H2:1.0::0.5,(I7#H2:0.02298958649816765::0.5,I5#H1:0.02247768118458748::0.8438205532504242)I2:1.0119706696604864)I4:0.38183390701656)I6:1.0463683084571644)I0:6.326635265480617)I9;
-33.22006614718371: ((NC_004718:1.0,DQ022305_HKU3_1:1.055757630617167)I1:2.836523335316918,(MT040334_PCoV_GX_P1E:2.062632024702458,(((MN908947_Wuhan_Hu_1:0.4927291711431135,MN996532_Bat_RaTG13:1.1749966495009327)I10:0.1349143985851749)I5#H1:1.4951760147205628::0.15617944674957585,((I5#H1:1.9581836919348115::0.8438205532504242)I7#H2:1.0::0.5,(MT121216_Pangolin_MP789:0.028665307395921547,I7#H2:0.02298958649816765::0.5)I2:1.0119706696604864)I4:0.38183390701656)I6:1.0463683084571644)I0:6.326635265480617)I9;
-41.30190562761382: ((NC_004718:1.0,DQ022305_HKU3_1:1.055757630617167)I1:2.9097259647575773,(((((MN908947_Wuhan_Hu_1:0.4927291711431135,MN996532_Bat_RaTG13:1.1749966495009327)I10:0.1349143985851749)I5#H2:1.4951760147205628::0.15617944674957585,(MT121216_Pangolin_MP789:0.028665307395921547,I5#H2:1.9811732784329792::0.8438205532504242)I2:1.3938045766770464)I6:0.03473017583065008)I3#H1:0.175625034052813::0.40119447051818535,(MT040334_PCoV_GX_P1E:2.062632024702458,I3#H1:1.0296394965416211::0.5988055294818146)I0:3.0322330101374724)I15:3.253852677510528)I9;
Running Time (min): 0.01785
===============================


Inferred Network #1:
(((MT040334_PCoV_GX_P1E:1.0,(((MT121216_Pangolin_MP789:1.0,((MN908947_Wuhan_Hu_1:1.0,MN996532_Bat_RaTG13:1.0):1.280776383897482)#H2:5.937949829331243::0.7123840374631187):1.3306001132912835,#H2:0.0011774181844964955::0.28761596253688126):1.7442290418658077)#H1:0.0011774181844964955::0.9828573145495751):5.913606850256544,#H1:0.0011774181844964955::0.017142685450424855):5.913585938079436,(NC_004718:1.0,DQ022305_HKU3_1:1.0):5.909068844742391);
Total log probability: -26.147105002710717
Visualize in Dendroscope : (((MT040334_PCoV_GX_P1E,(((MT121216_Pangolin_MP789,((MN908947_Wuhan_Hu_1,MN996532_Bat_RaTG13))#H2),#H2))#H1),#H1),(NC_004718,DQ022305_HKU3_1));
Inferred Network #2:
((NC_004718:1.0,DQ022305_HKU3_1:1.0):5.909068844742337,((((MT121216_Pangolin_MP789:1.0,(((MN908947_Wuhan_Hu_1:1.0,MN996532_Bat_RaTG13:1.0):1.0297036512263644)#H2:0.7389614433853061::0.8819660112501051)#H1:1.0220506778254663::0.9828573145495751):4.376593799741072,#H1:5.913600511106885::0.017142685450424855):0.0011774181844964955,#H2:5.906550491540045::0.1180339887498949):0.5543667696538666,MT040334_PCoV_GX_P1E:1.0):5.909344665792021);
Total log probability: -26.33265234730308
Visualize in Dendroscope : ((NC_004718,DQ022305_HKU3_1),((((MT121216_Pangolin_MP789,(((MN908947_Wuhan_Hu_1,MN996532_Bat_RaTG13))#H2)#H1),#H1),#H2),MT040334_PCoV_GX_P1E));
Inferred Network #3:
((NC_004718:1.0,DQ022305_HKU3_1:1.0):5.909068844742421,((((((MN908947_Wuhan_Hu_1:1.0,MN996532_Bat_RaTG13:1.0):1.2666420984323952)#H1:5.921886297975489::0.7463280331172695,(MT121216_Pangolin_MP789:1.0)#H2:1.0::0.9549150281252629):5.931940047281054,#H1:0.0011774181844964955::0.2536719668827305):1.0343593649779619,#H2:1.0::0.045084971874737145):0.3999844250201724,MT040334_PCoV_GX_P1E:1.0):5.909372713325457);
Total log probability: -26.370142592959375
Visualize in Dendroscope : ((NC_004718,DQ022305_HKU3_1),((((((MN908947_Wuhan_Hu_1,MN996532_Bat_RaTG13))#H1,(MT121216_Pangolin_MP789)#H2),#H1),#H2),MT040334_PCoV_GX_P1E));
Inferred Network #4:
((NC_004718:1.0,DQ022305_HKU3_1:1.0):5.909068844742337,(MT040334_PCoV_GX_P1E:1.0,(MT121216_Pangolin_MP789:1.0,(MN996532_Bat_RaTG13:1.0,MN908947_Wuhan_Hu_1:1.0):1.6655313810816057):2.3572058518734877):5.909774582239349);
Total log probability: -26.56394722010214
Visualize in Dendroscope : ((NC_004718,DQ022305_HKU3_1),(MT040334_PCoV_GX_P1E,(MT121216_Pangolin_MP789,(MN996532_Bat_RaTG13,MN908947_Wuhan_Hu_1))));
Inferred Network #5:
((NC_004718:1.0,DQ022305_HKU3_1:1.0):5.909068844742387,(((MT121216_Pangolin_MP789:1.0,((MN996532_Bat_RaTG13:1.0,MN908947_Wuhan_Hu_1:1.0):1.1898964431060957)#H1:5.910300191016499::0.321075202727613):1.3087722429549047,#H1:2.3992202966844176::0.6789247972723871):2.0723145367163527,MT040334_PCoV_GX_P1E:1.0):5.909658268058303);
Total log probability: -26.57466402572298
Visualize in Dendroscope : ((NC_004718,DQ022305_HKU3_1),(((MT121216_Pangolin_MP789,((MN996532_Bat_RaTG13,MN908947_Wuhan_Hu_1))#H1),#H1),MT040334_PCoV_GX_P1E));
