
InferNetwork_MPL (Tree24, Tree23, Tree22, Tree21, Tree20, Tree19, Tree18, Tree17, Tree16, Tree15, Tree14, Tree13, Tree12, Tree11, Tree10, Tree9, Tree8, Tree7, Tree6, Tree5, Tree4, Tree3, Tree2, Tree1) 10 -m 1000 -pl 10 -di "/home/rosanne/Documents/minor_research_project/results/phylonet/"
Results after run #1
-49.23285989614965: ((MT040334_PCoV_GX_P1E:0.10091410556484957,((MN996532_Bat_RaTG13:1.1623756326731491,MN908947_Wuhan_Hu_1:0.5441047683546296)I5:1.2260528166316527,MT121216_Pangolin_MP789:1.2291733281816954)I0:1.1977171867289471)I1:1.7326139671908252,(DQ022305_HKU3_1:1.687348399566036,NC_004718:1.2648842059769188)I7:2.0841508840045893)I2;
-70.59105580582707: ((NC_004718:1.2648842059769188,DQ022305_HKU3_1:1.687348399566036)I7:1.7521631051642925,(((MT121216_Pangolin_MP789:1.2554455235839104,(MN996532_Bat_RaTG13:0.25112010867295603,MN908947_Wuhan_Hu_1:1.2977546572803287)I1:0.18430067183416354)I5:0.5528479939844866)I6#H1:2.0563968494263625::0.3231746347189125,(I6#H1:0.39475041902118446::0.6768253652810875,MT040334_PCoV_GX_P1E:0.18593099701688956)I0:0.12313322579397583)I3:2.161875893824217)I2;
-75.14147520295606: ((NC_004718:1.2648842059769188,DQ022305_HKU3_1:1.687348399566036)I7:1.8713393887336942,(((MN996532_Bat_RaTG13:0.25112010867295603,(MN908947_Wuhan_Hu_1:1.0250318022412195,MT121216_Pangolin_MP789:1.2554455235839104)I5:0.2727228550391093)I1:0.7371486658186501)I6#H1:2.0563968494263625::0.43096095530441114,(MT040334_PCoV_GX_P1E:0.18593099701688956,I6#H1:0.45178622974229227::0.5690390446955889)I0:0.12313322579397583)I3:2.161875893824217)I2;
-77.84229278121965: ((NC_004718:1.2648842059769188,DQ022305_HKU3_1:1.687348399566036)I7:2.1864734707337496,(MT040334_PCoV_GX_P1E:1.0510718020183714,((((MN908947_Wuhan_Hu_1:5.04628568620519)I3#H2:0.2679271059408787::0.6093189310501297,((MT121216_Pangolin_MP789:0.017005625435421404,(I3#H2:1.1757603482553993::0.3906810689498703,MN996532_Bat_RaTG13:0.0967993521502548)I5:0.09359765040406014)I13:0.016158421184420027)I14#H3:0.03509326448271433::0.5)I1:1.2046541058895945)I8#H1:1.8357638462736932::0.13247355087087337,(I8#H1:0.051009914058310575::0.8675264491291266,I14#H3:2.4227069930375986::0.5)I4:0.05277390188155912)I6:2.2407139268610794)I9:1.0227532886613184)I2;
-78.27948400266436: ((NC_004718:1.2648842059769188,DQ022305_HKU3_1:1.687348399566036)I7:2.109837716136926,(MT040334_PCoV_GX_P1E:1.0510718020183714,((MT121216_Pangolin_MP789:2.45587103965744,(MN908947_Wuhan_Hu_1:6.4970397898310255)I8#H1:0.051009914058310575::0.930389304734149)I4:0.05277390188155912,(MN996532_Bat_RaTG13:0.19039700255431494,I8#H1:1.263362213989084::0.06961069526585095)I13:0.4987893856815168)I6:2.386955142725802)I9:1.0883482213116247)I2;
Running Time (min): 0.07541666666666667
===============================


Results after run #2
-49.23285989614965: ((MT040334_PCoV_GX_P1E:0.10091410556484957,((MN996532_Bat_RaTG13:1.1623756326731491,MN908947_Wuhan_Hu_1:0.5441047683546296)I5:1.2260528166316527,MT121216_Pangolin_MP789:1.2291733281816954)I0:1.1977171867289471)I1:1.7326139671908252,(DQ022305_HKU3_1:1.687348399566036,NC_004718:1.2648842059769188)I7:2.0841508840045893)I2;
-57.31100158945647: ((DQ022305_HKU3_1:0.16601806211693027,NC_004718:1.9041800066276604)I6:2.797597224410835,(MT040334_PCoV_GX_P1E:1.0665085131648282,((MN908947_Wuhan_Hu_1:0.717179254233899)I2#H1:0.8258653868850551::0.5306220604725127,(MT121216_Pangolin_MP789:0.034514359251758144,(I2#H1:2.5360102269941596::0.4693779395274873,MN996532_Bat_RaTG13:0.1957202243906201)I9:0.8042797756093799)I5:0.04843842392356273)I1:0.44480101897834934)I12:4.533917684999399)I4;
-62.170609451500276: ((DQ022305_HKU3_1:0.16601806211693027,NC_004718:1.9041800066276604)I6:2.748294956415448,(MT040334_PCoV_GX_P1E:1.0665085131648282,(((MT121216_Pangolin_MP789:0.034514359251758144,MN996532_Bat_RaTG13:1.0)I5:0.07683397231537509)I1#H1:0.18172299823647045::0.5414797681528452,(MN908947_Wuhan_Hu_1:0.717179254233899,I1#H1:0.9218026117565352::0.45852023184715485)I2:2.4985968210663416)I9:0.21005417439603707)I12:4.409880449724547)I4;
-67.26109654879295: ((NC_004718:1.9041800066276604,DQ022305_HKU3_1:0.16601806211693027)I6:3.0823092894005417,(MT040334_PCoV_GX_P1E:1.0665085131648282,((MT121216_Pangolin_MP789:0.18737324382716575)I3#H1:0.03843007932036079::0.5,(I3#H1:1.0::0.5,(MN996532_Bat_RaTG13:0.1957202243906201,MN908947_Wuhan_Hu_1:1.7822450325577883)I9:0.4326563797369336)I0:0.15803304223419648)I1:0.0944770567091056)I12:4.541522769468528)I4;
-67.79443687839233: ((NC_004718:5.108617602352623,DQ022305_HKU3_1:0.16852277692369555)I7:1.490345316024127,(((MN908947_Wuhan_Hu_1:0.9595768229643673,MT121216_Pangolin_MP789:1.710497027838196)I1:0.13339681300304468,MN996532_Bat_RaTG13:0.5378236404374358)I2:0.9455538621768447,MT040334_PCoV_GX_P1E:3.255118380487241)I3:4.112402954900502)I0;
Running Time (min): 0.042133333333333335
===============================


Results after run #3
-49.23285989614965: ((MT040334_PCoV_GX_P1E:0.10091410556484957,((MN996532_Bat_RaTG13:1.1623756326731491,MN908947_Wuhan_Hu_1:0.5441047683546296)I5:1.2260528166316527,MT121216_Pangolin_MP789:1.2291733281816954)I0:1.1977171867289471)I1:1.7326139671908252,(DQ022305_HKU3_1:1.687348399566036,NC_004718:1.2648842059769188)I7:2.0841508840045893)I2;
-57.31100158945647: ((DQ022305_HKU3_1:0.16601806211693027,NC_004718:1.9041800066276604)I6:2.797597224410835,(MT040334_PCoV_GX_P1E:1.0665085131648282,((MN908947_Wuhan_Hu_1:0.717179254233899)I2#H1:0.8258653868850551::0.5306220604725127,(MT121216_Pangolin_MP789:0.034514359251758144,(I2#H1:2.5360102269941596::0.4693779395274873,MN996532_Bat_RaTG13:0.1957202243906201)I9:0.8042797756093799)I5:0.04843842392356273)I1:0.44480101897834934)I12:4.533917684999399)I4;
-62.170609451500276: ((DQ022305_HKU3_1:0.16601806211693027,NC_004718:1.9041800066276604)I6:2.748294956415448,(MT040334_PCoV_GX_P1E:1.0665085131648282,(((MT121216_Pangolin_MP789:0.034514359251758144,MN996532_Bat_RaTG13:1.0)I5:0.07683397231537509)I1#H1:0.18172299823647045::0.5414797681528452,(MN908947_Wuhan_Hu_1:0.717179254233899,I1#H1:0.9218026117565352::0.45852023184715485)I2:2.4985968210663416)I9:0.21005417439603707)I12:4.409880449724547)I4;
-65.84417018038508: (((MN996532_Bat_RaTG13:0.6379492282643352,(MN908947_Wuhan_Hu_1:1.1440612088918476,MT121216_Pangolin_MP789:2.166058056346744)I5:0.11454113974757793)I6:1.024615422758468,MT040334_PCoV_GX_P1E:2.1671567278153603)I1:2.5098993658767017,(DQ022305_HKU3_1:1.15998411057172,NC_004718:0.85227605390146)I0:2.2225920405279913)I2;
-67.26109654879295: ((NC_004718:1.9041800066276604,DQ022305_HKU3_1:0.16601806211693027)I6:3.0823092894005417,(MT040334_PCoV_GX_P1E:1.0665085131648282,((MT121216_Pangolin_MP789:0.18737324382716575)I3#H1:0.03843007932036079::0.5,(I3#H1:1.0::0.5,(MN996532_Bat_RaTG13:0.1957202243906201,MN908947_Wuhan_Hu_1:1.7822450325577883)I9:0.4326563797369336)I0:0.15803304223419648)I1:0.0944770567091056)I12:4.541522769468528)I4;
Running Time (min): 0.04156666666666667
===============================


Results after run #4
-31.740197298952616: ((NC_004718:0.9811237306903761,DQ022305_HKU3_1:0.04429462215430302)I9:2.6839074421704936,((MT121216_Pangolin_MP789:0.17363794820455697,((MN996532_Bat_RaTG13:0.46945902069909895)I2#H1:1.5600170724101607::0.5993533045961376,(MN908947_Wuhan_Hu_1:0.5949189237316788,I2#H1:1.0::0.40064669540386244)I0:0.5449060184524487)I4:0.12592947031121648)I1:1.4906575486567377,MT040334_PCoV_GX_P1E:0.26861411876372865)I8:7.572094838063396)I6;
-34.59195906181833: ((NC_004718:0.9811237306903761,DQ022305_HKU3_1:0.04429462215430302)I9:2.6839074421704936,(MT040334_PCoV_GX_P1E:0.26861411876372865,((MN996532_Bat_RaTG13:0.46945902069909895)I2#H1:1.5600170724101607::0.5993533045961376,(MT121216_Pangolin_MP789:0.17363794820455697,(MN908947_Wuhan_Hu_1:0.5949189237316788,I2#H1:1.0::0.40064669540386244)I0:0.49141094151372516)I1:0.053495076938723525)I4:1.6165870189679543)I8:7.572094838063396)I6;
-36.37503920596037: ((MT040334_PCoV_GX_P1E:0.26861411876372865,((MT121216_Pangolin_MP789:0.0066156015993986406)I2#H1:0.9443385197443478::0.5,(MN908947_Wuhan_Hu_1:1.3419613399227255,(MN996532_Bat_RaTG13:1.2920717244230229,I2#H1:0.16702234660515833::0.5)I1:0.6375058839710919)I4:0.5986177062957341)I0:1.6919094069575518)I8:7.832525199272773,(DQ022305_HKU3_1:0.04429462215430302,NC_004718:0.9811237306903762)I9:2.083772111002783)I6;
-37.86549259298165: (((MT121216_Pangolin_MP789:0.17363794820455697,(MN996532_Bat_RaTG13:2.0294760931092597,MN908947_Wuhan_Hu_1:1.066625445875436)I4:0.08272814421412156)I1:1.5784999381082936,MT040334_PCoV_GX_P1E:0.26861411876372865)I8:7.581294713567,(NC_004718:0.9811237306903761,DQ022305_HKU3_1:0.04429462215430302)I9:2.6839074421704936)I6;
-39.304036414107394: ((MT040334_PCoV_GX_P1E:0.26861411876372865,((MN908947_Wuhan_Hu_1:1.3419613399227255,(MN996532_Bat_RaTG13:1.2920717244230229)I1#H1:0.6375058839710919::0.5)I4:0.5986177062957341,(MT121216_Pangolin_MP789:0.0066156015993986406,I1#H1:0.16702234660515833::0.5)I2:0.9443385197443478)I0:1.6494024372051637)I8:7.832525199272773,(DQ022305_HKU3_1:0.04429462215430302,NC_004718:0.9811237306903762)I9:2.1363109859043496)I6;
Running Time (min): 0.04025
===============================


Results after run #5
-31.740197298952616: ((NC_004718:0.9811237306903761,DQ022305_HKU3_1:0.04429462215430302)I9:2.6839074421704936,((MT121216_Pangolin_MP789:0.17363794820455697,((MN996532_Bat_RaTG13:0.46945902069909895)I2#H1:1.5600170724101607::0.5993533045961376,(MN908947_Wuhan_Hu_1:0.5949189237316788,I2#H1:1.0::0.40064669540386244)I0:0.5449060184524487)I4:0.12592947031121648)I1:1.4906575486567377,MT040334_PCoV_GX_P1E:0.26861411876372865)I8:7.572094838063396)I6;
-34.59195906181833: ((NC_004718:0.9811237306903761,DQ022305_HKU3_1:0.04429462215430302)I9:2.6839074421704936,(MT040334_PCoV_GX_P1E:0.26861411876372865,((MN996532_Bat_RaTG13:0.46945902069909895)I2#H1:1.5600170724101607::0.5993533045961376,(MT121216_Pangolin_MP789:0.17363794820455697,(MN908947_Wuhan_Hu_1:0.5949189237316788,I2#H1:1.0::0.40064669540386244)I0:0.49141094151372516)I1:0.053495076938723525)I4:1.6165870189679543)I8:7.572094838063396)I6;
-36.37503920596037: ((MT040334_PCoV_GX_P1E:0.26861411876372865,((MT121216_Pangolin_MP789:0.0066156015993986406)I2#H1:0.9443385197443478::0.5,(MN908947_Wuhan_Hu_1:1.3419613399227255,(MN996532_Bat_RaTG13:1.2920717244230229,I2#H1:0.16702234660515833::0.5)I1:0.6375058839710919)I4:0.5986177062957341)I0:1.6919094069575518)I8:7.832525199272773,(DQ022305_HKU3_1:0.04429462215430302,NC_004718:0.9811237306903762)I9:2.083772111002783)I6;
-37.86549259298165: (((MT121216_Pangolin_MP789:0.17363794820455697,(MN996532_Bat_RaTG13:2.0294760931092597,MN908947_Wuhan_Hu_1:1.066625445875436)I4:0.08272814421412156)I1:1.5784999381082936,MT040334_PCoV_GX_P1E:0.26861411876372865)I8:7.581294713567,(NC_004718:0.9811237306903761,DQ022305_HKU3_1:0.04429462215430302)I9:2.6839074421704936)I6;
-39.304036414107394: ((MT040334_PCoV_GX_P1E:0.26861411876372865,((MN908947_Wuhan_Hu_1:1.3419613399227255,(MN996532_Bat_RaTG13:1.2920717244230229)I1#H1:0.6375058839710919::0.5)I4:0.5986177062957341,(MT121216_Pangolin_MP789:0.0066156015993986406,I1#H1:0.16702234660515833::0.5)I2:0.9443385197443478)I0:1.6494024372051637)I8:7.832525199272773,(DQ022305_HKU3_1:0.04429462215430302,NC_004718:0.9811237306903762)I9:2.1363109859043496)I6;
Running Time (min): 0.02885
===============================


Results after run #6
-31.740197298952616: ((NC_004718:0.9811237306903761,DQ022305_HKU3_1:0.04429462215430302)I9:2.6839074421704936,((MT121216_Pangolin_MP789:0.17363794820455697,((MN996532_Bat_RaTG13:0.46945902069909895)I2#H1:1.5600170724101607::0.5993533045961376,(MN908947_Wuhan_Hu_1:0.5949189237316788,I2#H1:1.0::0.40064669540386244)I0:0.5449060184524487)I4:0.12592947031121648)I1:1.4906575486567377,MT040334_PCoV_GX_P1E:0.26861411876372865)I8:7.572094838063396)I6;
-34.59195906181833: ((NC_004718:0.9811237306903761,DQ022305_HKU3_1:0.04429462215430302)I9:2.6839074421704936,(MT040334_PCoV_GX_P1E:0.26861411876372865,((MN996532_Bat_RaTG13:0.46945902069909895)I2#H1:1.5600170724101607::0.5993533045961376,(MT121216_Pangolin_MP789:0.17363794820455697,(MN908947_Wuhan_Hu_1:0.5949189237316788,I2#H1:1.0::0.40064669540386244)I0:0.49141094151372516)I1:0.053495076938723525)I4:1.6165870189679543)I8:7.572094838063396)I6;
-36.37503920596037: ((MT040334_PCoV_GX_P1E:0.26861411876372865,((MT121216_Pangolin_MP789:0.0066156015993986406)I2#H1:0.9443385197443478::0.5,(MN908947_Wuhan_Hu_1:1.3419613399227255,(MN996532_Bat_RaTG13:1.2920717244230229,I2#H1:0.16702234660515833::0.5)I1:0.6375058839710919)I4:0.5986177062957341)I0:1.6919094069575518)I8:7.832525199272773,(DQ022305_HKU3_1:0.04429462215430302,NC_004718:0.9811237306903762)I9:2.083772111002783)I6;
-37.86549259298165: (((MT121216_Pangolin_MP789:0.17363794820455697,(MN996532_Bat_RaTG13:2.0294760931092597,MN908947_Wuhan_Hu_1:1.066625445875436)I4:0.08272814421412156)I1:1.5784999381082936,MT040334_PCoV_GX_P1E:0.26861411876372865)I8:7.581294713567,(NC_004718:0.9811237306903761,DQ022305_HKU3_1:0.04429462215430302)I9:2.6839074421704936)I6;
-39.304036414107394: ((MT040334_PCoV_GX_P1E:0.26861411876372865,((MN908947_Wuhan_Hu_1:1.3419613399227255,(MN996532_Bat_RaTG13:1.2920717244230229)I1#H1:0.6375058839710919::0.5)I4:0.5986177062957341,(MT121216_Pangolin_MP789:0.0066156015993986406,I1#H1:0.16702234660515833::0.5)I2:0.9443385197443478)I0:1.6494024372051637)I8:7.832525199272773,(DQ022305_HKU3_1:0.04429462215430302,NC_004718:0.9811237306903762)I9:2.1363109859043496)I6;
Running Time (min): 0.2813
===============================


Results after run #7
-31.264926500792974: ((DQ022305_HKU3_1:1.8707995834642537,NC_004718:1.0729477371404101)I2:2.2449911675686294,(MT040334_PCoV_GX_P1E:1.0039347523987316,(MT121216_Pangolin_MP789:1.2515688730106953,(MN996532_Bat_RaTG13:3.0515574178515172,MN908947_Wuhan_Hu_1:2.047385842131091)I9:0.7463196423797366)I1:1.2428858544642096)I0:4.318162151188733)I7;
-31.740197298952616: ((NC_004718:0.9811237306903761,DQ022305_HKU3_1:0.04429462215430302)I9:2.6839074421704936,((MT121216_Pangolin_MP789:0.17363794820455697,((MN996532_Bat_RaTG13:0.46945902069909895)I2#H1:1.5600170724101607::0.5993533045961376,(MN908947_Wuhan_Hu_1:0.5949189237316788,I2#H1:1.0::0.40064669540386244)I0:0.5449060184524487)I4:0.12592947031121648)I1:1.4906575486567377,MT040334_PCoV_GX_P1E:0.26861411876372865)I8:7.572094838063396)I6;
-34.59195906181833: ((NC_004718:0.9811237306903761,DQ022305_HKU3_1:0.04429462215430302)I9:2.6839074421704936,(MT040334_PCoV_GX_P1E:0.26861411876372865,((MN996532_Bat_RaTG13:0.46945902069909895)I2#H1:1.5600170724101607::0.5993533045961376,(MT121216_Pangolin_MP789:0.17363794820455697,(MN908947_Wuhan_Hu_1:0.5949189237316788,I2#H1:1.0::0.40064669540386244)I0:0.49141094151372516)I1:0.053495076938723525)I4:1.6165870189679543)I8:7.572094838063396)I6;
-36.37503920596037: ((MT040334_PCoV_GX_P1E:0.26861411876372865,((MT121216_Pangolin_MP789:0.0066156015993986406)I2#H1:0.9443385197443478::0.5,(MN908947_Wuhan_Hu_1:1.3419613399227255,(MN996532_Bat_RaTG13:1.2920717244230229,I2#H1:0.16702234660515833::0.5)I1:0.6375058839710919)I4:0.5986177062957341)I0:1.6919094069575518)I8:7.832525199272773,(DQ022305_HKU3_1:0.04429462215430302,NC_004718:0.9811237306903762)I9:2.083772111002783)I6;
-36.460503307146325: ((NC_004718:0.824374944341723,DQ022305_HKU3_1:1.2094933950710585)I3:2.654563547333227,(MT040334_PCoV_GX_P1E:1.0039347523987316,(((MN996532_Bat_RaTG13:1.793991964235627,MN908947_Wuhan_Hu_1:1.1970688000314973)I2:0.4688007333443744)I10#H1:0.8959233289944567::0.5,(MT121216_Pangolin_MP789:1.0127950119273634,I10#H1:0.11650602407313042::0.5)I4:0.04454256630637631)I9:0.8757735626890729)I0:4.270413122882219)I7;
Running Time (min): 0.014916666666666667
===============================


Results after run #8
-31.264926500792974: ((DQ022305_HKU3_1:1.8707995834642537,NC_004718:1.0729477371404101)I2:2.2449911675686294,(MT040334_PCoV_GX_P1E:1.0039347523987316,(MT121216_Pangolin_MP789:1.2515688730106953,(MN996532_Bat_RaTG13:3.0515574178515172,MN908947_Wuhan_Hu_1:2.047385842131091)I9:0.7463196423797366)I1:1.2428858544642096)I0:4.318162151188733)I7;
-31.740197298952616: ((NC_004718:0.9811237306903761,DQ022305_HKU3_1:0.04429462215430302)I9:2.6839074421704936,((MT121216_Pangolin_MP789:0.17363794820455697,((MN996532_Bat_RaTG13:0.46945902069909895)I2#H1:1.5600170724101607::0.5993533045961376,(MN908947_Wuhan_Hu_1:0.5949189237316788,I2#H1:1.0::0.40064669540386244)I0:0.5449060184524487)I4:0.12592947031121648)I1:1.4906575486567377,MT040334_PCoV_GX_P1E:0.26861411876372865)I8:7.572094838063396)I6;
-34.59195906181833: ((NC_004718:0.9811237306903761,DQ022305_HKU3_1:0.04429462215430302)I9:2.6839074421704936,(MT040334_PCoV_GX_P1E:0.26861411876372865,((MN996532_Bat_RaTG13:0.46945902069909895)I2#H1:1.5600170724101607::0.5993533045961376,(MT121216_Pangolin_MP789:0.17363794820455697,(MN908947_Wuhan_Hu_1:0.5949189237316788,I2#H1:1.0::0.40064669540386244)I0:0.49141094151372516)I1:0.053495076938723525)I4:1.6165870189679543)I8:7.572094838063396)I6;
-36.37503920596037: ((MT040334_PCoV_GX_P1E:0.26861411876372865,((MT121216_Pangolin_MP789:0.0066156015993986406)I2#H1:0.9443385197443478::0.5,(MN908947_Wuhan_Hu_1:1.3419613399227255,(MN996532_Bat_RaTG13:1.2920717244230229,I2#H1:0.16702234660515833::0.5)I1:0.6375058839710919)I4:0.5986177062957341)I0:1.6919094069575518)I8:7.832525199272773,(DQ022305_HKU3_1:0.04429462215430302,NC_004718:0.9811237306903762)I9:2.083772111002783)I6;
-36.460503307146325: ((NC_004718:0.824374944341723,DQ022305_HKU3_1:1.2094933950710585)I3:2.654563547333227,(MT040334_PCoV_GX_P1E:1.0039347523987316,(((MN996532_Bat_RaTG13:1.793991964235627,MN908947_Wuhan_Hu_1:1.1970688000314973)I2:0.4688007333443744)I10#H1:0.8959233289944567::0.5,(MT121216_Pangolin_MP789:1.0127950119273634,I10#H1:0.11650602407313042::0.5)I4:0.04454256630637631)I9:0.8757735626890729)I0:4.270413122882219)I7;
Running Time (min): 0.021366666666666666
===============================


Results after run #9
-14.978346842980063: ((MT040334_PCoV_GX_P1E:2.0064504789305873,((MN996532_Bat_RaTG13:1.0075491673468147,MN908947_Wuhan_Hu_1:0.22185339026748874)I4:3.098505348647314,MT121216_Pangolin_MP789:0.3362005835068689)I6:2.3867079410281797)I5:2.838336706803955,((NC_004718:0.12215830314913134)I10#H1:0.531784089589526::0.26423017707117835,(I10#H1:1.0::0.7357698229288216,DQ022305_HKU3_1:1.0722950233941282)I9:1.5850580243632844)I3:2.4662755782707966)I0;
-15.618011646289048: (((MT121216_Pangolin_MP789:0.3362005835068689,(MN996532_Bat_RaTG13:1.0075491673468147,MN908947_Wuhan_Hu_1:0.22185339026748874)I4:3.3217658832092742)I6:2.921868329885004,MT040334_PCoV_GX_P1E:2.0064504789305873)I5:2.991031285987826,(NC_004718:0.6539423927386574,DQ022305_HKU3_1:2.6573530477574128)I3:2.5305035248310896)I0;
-17.960173274114666: ((NC_004718:0.6539423927386574,DQ022305_HKU3_1:2.6573530477574128)I3:3.123482694290694,(MT040334_PCoV_GX_P1E:2.0064504789305873,((MT121216_Pangolin_MP789:0.1004748399714222)I1#H1:1.0705155174181553::0.5371254811057291,((MN996532_Bat_RaTG13:0.7168009019927437,MN908947_Wuhan_Hu_1:0.22185339026748874)I4:3.2451518279254894,I1#H1:0.07051445813420062::0.4628745188942709)I2:0.005953811547204336)I6:3.079004819894868)I5:2.31807159990925)I0;
-18.147060128644796: ((NC_004718:0.6539423927386574,DQ022305_HKU3_1:2.6573530477574128)I3:3.123482694290694,(MT040334_PCoV_GX_P1E:2.0064504789305873,(((MN996532_Bat_RaTG13:0.7168009019927437,MN908947_Wuhan_Hu_1:0.22185339026748874)I4:2.188518388044803)I1#H1:1.0705155174181553::0.5,(MT121216_Pangolin_MP789:0.17098929810562283,I1#H1:1.0::0.5)I2:0.005953811547204336)I6:3.079004819894868)I5:2.31807159990925)I0;
-22.33950823882385: ((MT040334_PCoV_GX_P1E:2.0064504789305873,(((MN908947_Wuhan_Hu_1:0.22185339026748874,MN996532_Bat_RaTG13:1.0075491673468147)I4:0.08839356585667561)I1#H1:1.7598262620963125::0.09423753860137596,(MT121216_Pangolin_MP789:0.3362005835068689,I1#H1:2.9819053056002165::0.905762461398624)I6:2.012367965310135)I2:0.4192872178567134)I5:2.81008651515591,((NC_004718:0.12215830314913134)I10#H2:0.531784089589526::0.4373872023935875,(DQ022305_HKU3_1:1.0722950233941282,I10#H2:1.0::0.5626127976064125)I9:1.5572518793611685)I3:2.4807211265497613)I0;
Running Time (min): 0.01695
===============================


Results after run #10
-12.627792333581327: (((MT121216_Pangolin_MP789:0.1419049616571707,(MN908947_Wuhan_Hu_1:0.346738729459382,MN996532_Bat_RaTG13:0.9870395276509715)I5:3.1856265596671833)I4:3.1729328543706234,MT040334_PCoV_GX_P1E:0.5481792941785868)I14:3.076062398509497,((NC_004718:1.525375423914218)I3#H1:0.7979539478317064::0.5,(DQ022305_HKU3_1:0.8002849355708672,I3#H1:1.0::0.5)I2:1.0157560893447986)I1:2.6572625202722606)I0;
-14.118083463047054: (((MT121216_Pangolin_MP789:0.1419049616571707,(MN908947_Wuhan_Hu_1:0.346738729459382,MN996532_Bat_RaTG13:0.9870395276509715)I5:3.1856265596671833)I4:3.1729328543706234,MT040334_PCoV_GX_P1E:0.5481792941785868)I14:3.076062398509497,(NC_004718:2.3233293717459245,DQ022305_HKU3_1:1.8160410249156658)I1:2.6572625202722606)I0;
-17.960173274114666: ((NC_004718:0.6539423927386574,DQ022305_HKU3_1:2.6573530477574128)I3:3.123482694290694,(MT040334_PCoV_GX_P1E:2.0064504789305873,((MT121216_Pangolin_MP789:0.1004748399714222)I1#H1:1.0705155174181553::0.5371254811057291,((MN996532_Bat_RaTG13:0.7168009019927437,MN908947_Wuhan_Hu_1:0.22185339026748874)I4:3.2451518279254894,I1#H1:0.07051445813420062::0.4628745188942709)I2:0.005953811547204336)I6:3.079004819894868)I5:2.31807159990925)I0;
-18.147060128644796: ((NC_004718:0.6539423927386574,DQ022305_HKU3_1:2.6573530477574128)I3:3.123482694290694,(MT040334_PCoV_GX_P1E:2.0064504789305873,(((MN996532_Bat_RaTG13:0.7168009019927437,MN908947_Wuhan_Hu_1:0.22185339026748874)I4:2.188518388044803)I1#H1:1.0705155174181553::0.5,(MT121216_Pangolin_MP789:0.17098929810562283,I1#H1:1.0::0.5)I2:0.005953811547204336)I6:3.079004819894868)I5:2.31807159990925)I0;
-18.798471867801165: ((NC_004718:2.3233293717459245,DQ022305_HKU3_1:1.8073855585986398)I1:2.618892993585083,((MT040334_PCoV_GX_P1E:0.4938395717264553)I7#H1:1.0::0.5,((MT121216_Pangolin_MP789:0.1419049616571707,(MN908947_Wuhan_Hu_1:0.346738729459382,MN996532_Bat_RaTG13:0.9870395276509715)I5:3.1375452693769192)I4:2.8372761290155415,I7#H1:0.05433972245213147::0.5)I14:1.0700126241961345)I6:1.9971461129452193)I0;
Running Time (min): 0.016216666666666667
===============================


Inferred Network #1:
((((MT121216_Pangolin_MP789:1.0,(MN908947_Wuhan_Hu_1:1.0,MN996532_Bat_RaTG13:1.0):3.1874367875521226):5.911584848665082,(MT040334_PCoV_GX_P1E:1.0)#H1:1.0::0.9828573145495751):5.913617237660554,#H1:1.0::0.017142685450424855):5.913582122467074,(NC_004718:1.0,DQ022305_HKU3_1:1.0):5.909068844742345);
Total log probability: -3.774502962072394
Visualize in Dendroscope : ((((MT121216_Pangolin_MP789,(MN908947_Wuhan_Hu_1,MN996532_Bat_RaTG13)),(MT040334_PCoV_GX_P1E)#H1),#H1),(NC_004718,DQ022305_HKU3_1));
Inferred Network #2:
(((DQ022305_HKU3_1:1.0,(NC_004718:1.0)#H1:1.0::0.9828573145495751):5.913617204122546,#H1:1.0::0.017142685450424855):5.913582112288891,((MT121216_Pangolin_MP789:1.0,(MN908947_Wuhan_Hu_1:1.0,MN996532_Bat_RaTG13:1.0):3.1875195119412356):5.909181663384325,MT040334_PCoV_GX_P1E:1.0):5.909774582239326);
Total log probability: -3.861764029526877
Visualize in Dendroscope : (((DQ022305_HKU3_1,(NC_004718)#H1),#H1),((MT121216_Pangolin_MP789,(MN908947_Wuhan_Hu_1,MN996532_Bat_RaTG13)),MT040334_PCoV_GX_P1E));
Inferred Network #3:
((NC_004718:1.0,DQ022305_HKU3_1:1.0):5.909068844742364,((((MN996532_Bat_RaTG13:1.0,MN908947_Wuhan_Hu_1:1.0):3.1632116696629984,(MT121216_Pangolin_MP789:1.0)#H1:1.0::0.9835594893246681):5.913610608426525,#H1:1.0::0.01644051067533192):5.913583871428856,MT040334_PCoV_GX_P1E:1.0):5.9094671263173195);
Total log probability: -3.9447414999424004
Visualize in Dendroscope : ((NC_004718,DQ022305_HKU3_1),((((MN996532_Bat_RaTG13,MN908947_Wuhan_Hu_1),(MT121216_Pangolin_MP789)#H1),#H1),MT040334_PCoV_GX_P1E));
Inferred Network #4:
((NC_004718:1.0,DQ022305_HKU3_1:1.0):5.909068844742382,(((MT121216_Pangolin_MP789:1.0,((MN996532_Bat_RaTG13:1.0,MN908947_Wuhan_Hu_1:1.0):3.2035108858523484)#H1:0.0011774181844964955::0.9828573145495751):5.913610705148339,#H1:0.0011774181844964955::0.017142685450424855):5.913583679062149,MT040334_PCoV_GX_P1E:1.0):5.909409245749057);
Total log probability: -3.9449097498111847
Visualize in Dendroscope : ((NC_004718,DQ022305_HKU3_1),(((MT121216_Pangolin_MP789,((MN996532_Bat_RaTG13,MN908947_Wuhan_Hu_1))#H1),#H1),MT040334_PCoV_GX_P1E));
Inferred Network #5:
(((MT121216_Pangolin_MP789:1.0,(MN908947_Wuhan_Hu_1:1.0,MN996532_Bat_RaTG13:1.0):3.187519511941228):5.909181663390435,MT040334_PCoV_GX_P1E:1.0):5.909774582239318,(NC_004718:1.0,DQ022305_HKU3_1:1.0):5.909068844742337);
Total log probability: -4.032238665670855
Visualize in Dendroscope : (((MT121216_Pangolin_MP789,(MN908947_Wuhan_Hu_1,MN996532_Bat_RaTG13)),MT040334_PCoV_GX_P1E),(NC_004718,DQ022305_HKU3_1));
