
InferNetwork_MPL (Tree24, Tree23, Tree22, Tree21, Tree20, Tree19, Tree18, Tree17, Tree16, Tree15, Tree14, Tree13, Tree12, Tree11, Tree10, Tree9, Tree8, Tree7, Tree6, Tree5, Tree4, Tree3, Tree2, Tree1) 10 -m 1000 -pl 10 -di "/home/rosanne/Documents/minor_research_project/results/phylonet/"
Results after run #1
-66.71350512248716: ((NC_004718:3.520384833956701,DQ022305_HKU3_1:1.115503000845728)I2:3.402412671928002,(MT040334_PCoV_GX_P1E:0.3594250561254667,((MT121216_Pangolin_MP789:0.6460416877750726)I9#H1:0.7527504876789056::0.64598342359621,(MN908947_Wuhan_Hu_1:3.7743088541931984,(MN996532_Bat_RaTG13:0.32205339014834505,I9#H1:0.4050480479453105::0.35401657640379003)I3:0.33828744144205775)I0:1.7455150799363677)I7:0.273223701890768)I4:2.2964502563281957)I8;
-67.97000818675157: ((MT040334_PCoV_GX_P1E:0.3594250561254667,((MN908947_Wuhan_Hu_1:3.7743088541931984)I0#H1:1.9707291493767054::6.853078386745981E-4,(MT121216_Pangolin_MP789:0.6460416877750726,(MN996532_Bat_RaTG13:0.32205339014834505,I0#H1:0.2782882415594376::0.9993146921613254)I3:0.4951412182259758)I9:0.8368341548854913)I7:0.03641830869785695)I4:2.1763971086900367,(DQ022305_HKU3_1:1.115503000845728,NC_004718:3.520384833956701)I2:3.30217252468266)I8;
-73.73062806373672: ((NC_004718:3.520384833956701,DQ022305_HKU3_1:1.115503000845728)I2:3.3658926712701285,(MT040334_PCoV_GX_P1E:0.3594250561254667,((MN908947_Wuhan_Hu_1:3.7743088541931984,(MN996532_Bat_RaTG13:0.32205339014834505)I3#H1:0.2782882415594376::0.8029651651327836)I0:1.9703227197683468,(MT121216_Pangolin_MP789:0.6460416877750726,I3#H1:0.4050480479453105::0.1970348348672164)I9:0.7994078908962963)I7:0.32521958013983265)I4:2.2368476355287847)I8;
-75.34557447218046: ((NC_004718:3.520384833956701,DQ022305_HKU3_1:1.115503000845728)I2:3.402412671928002,(MT040334_PCoV_GX_P1E:0.3594250561254667,(MN908947_Wuhan_Hu_1:3.7743088541931984,((MT121216_Pangolin_MP789:0.6460416877750726)I9#H1:0.7527504876789056::0.7050004443094009,(MN996532_Bat_RaTG13:0.32205339014834505,I9#H1:0.4050480479453105::0.2949995556905991)I3:0.14912072994546333)I7:0.12916751161397427)I0:2.2725271056297878)I4:2.239610851744163)I8;
-76.20620916524501: ((NC_004718:3.520384833956701,DQ022305_HKU3_1:1.115503000845728)I2:3.4054051274309063,(((MN996532_Bat_RaTG13:0.32205339014834505)I3#H1:0.4050480479453105::0.2216041917626796,MT040334_PCoV_GX_P1E:0.09919830114648931)I9:0.12883675413626355,((MT121216_Pangolin_MP789:0.39879217545397827)I10#H2:1.0::0.5452795156228931,(MN908947_Wuhan_Hu_1:3.7743088541931984,(I3#H1:0.1534080205485171::0.7783958082373204,I10#H2:3.0570458460873198::0.4547204843771069)I6:0.28111377265031895)I0:1.7930836933965)I7:0.22130983024884826)I4:2.2013869877042342)I8;
Running Time (min): 0.0712
===============================


Results after run #2
-57.84086673473637: (((MT121216_Pangolin_MP789:0.1991766547794618,(MN996532_Bat_RaTG13:0.311770322216404,MN908947_Wuhan_Hu_1:0.8902500741298454)I3:0.7930623669225733)I6:0.5476738960514314,MT040334_PCoV_GX_P1E:2.6483841168561506)I2:4.070679258871095,((NC_004718:0.05270338132188823)I10#H1:1.7510003879364326::0.5210569073360807,(DQ022305_HKU3_1:2.163764696271041,I10#H1:0.9007541484883234::0.4789430926639193)I1:0.837132164621978)I4:2.762462748774967)I0;
-60.019688847594765: (((MT121216_Pangolin_MP789:0.1991766547794618,(MN908947_Wuhan_Hu_1:0.8902500741298454,MN996532_Bat_RaTG13:0.311770322216404)I3:0.677516830368809)I6:0.4782993094444416,MT040334_PCoV_GX_P1E:2.6483841168561506)I2:4.092329693970333,((DQ022305_HKU3_1:2.163764696271041)I1#H1:0.7698772520741511::0.4443881664209656,(NC_004718:0.05270338132188823,I1#H1:0.9007541484883234::0.5556118335790343)I10:1.7510003879364326)I4:2.759411896057302)I0;
-60.402726232722195: ((MT040334_PCoV_GX_P1E:2.6483841168561506,((MN996532_Bat_RaTG13:0.311770322216404,MN908947_Wuhan_Hu_1:0.8902500741298454)I3:0.8408895918044127,MT121216_Pangolin_MP789:0.1991766547794618)I6:0.3950694571096937)I2:4.0585380857906195,(DQ022305_HKU3_1:2.163764696271041,NC_004718:0.9534575298102116)I1:3.602032677050796)I0;
-62.75897672156229: ((((MN996532_Bat_RaTG13:0.311770322216404,MN908947_Wuhan_Hu_1:0.8902500741298454)I3:0.5188633987029273,MT121216_Pangolin_MP789:0.1991766547794618)I6:0.45599940957994556,MT040334_PCoV_GX_P1E:2.6483841168561506)I2:4.098195153036702,(((NC_004718:0.05270338132188823)I10#H2:0.03825181103075837::0.49300957984671)I5#H1:1.0770390366521783::0.6905903476956011,(I5#H1:0.862502337457565::0.3094096523043989,(I10#H2:1.0::0.50699042015329,DQ022305_HKU3_1:1.118266346089455)I9:0.9950270651500396)I1:0.9071624668677968)I4:2.7133584331550984)I0;
-65.02388610047075: ((MT040334_PCoV_GX_P1E:2.6483841168561506,((MN908947_Wuhan_Hu_1:0.8902500741298454,MN996532_Bat_RaTG13:0.311770322216404)I3:0.49686990477539084,MT121216_Pangolin_MP789:0.1991766547794618)I6:0.45599940957994556)I2:4.098195153036702,((((NC_004718:0.05270338132188823)I10#H2:0.03825181103075837::0.49300957984671)I5#H1:0.862502337457565::0.3094096523043989,DQ022305_HKU3_1:2.163764696271041)I1:0.9071624668677968,(I10#H2:1.0::0.50699042015329,I5#H1:0.3260386487157455::0.6905903476956011)I9:0.7510003879364328)I4:2.7133584331550984)I0;
Running Time (min): 0.03961666666666667
===============================


Results after run #3
-57.84086673473637: (((MT121216_Pangolin_MP789:0.1991766547794618,(MN996532_Bat_RaTG13:0.311770322216404,MN908947_Wuhan_Hu_1:0.8902500741298454)I3:0.7930623669225733)I6:0.5476738960514314,MT040334_PCoV_GX_P1E:2.6483841168561506)I2:4.070679258871095,((NC_004718:0.05270338132188823)I10#H1:1.7510003879364326::0.5210569073360807,(DQ022305_HKU3_1:2.163764696271041,I10#H1:0.9007541484883234::0.4789430926639193)I1:0.837132164621978)I4:2.762462748774967)I0;
-60.019688847594765: (((MT121216_Pangolin_MP789:0.1991766547794618,(MN908947_Wuhan_Hu_1:0.8902500741298454,MN996532_Bat_RaTG13:0.311770322216404)I3:0.677516830368809)I6:0.4782993094444416,MT040334_PCoV_GX_P1E:2.6483841168561506)I2:4.092329693970333,((DQ022305_HKU3_1:2.163764696271041)I1#H1:0.7698772520741511::0.4443881664209656,(NC_004718:0.05270338132188823,I1#H1:0.9007541484883234::0.5556118335790343)I10:1.7510003879364326)I4:2.759411896057302)I0;
-60.402726232722195: ((MT040334_PCoV_GX_P1E:2.6483841168561506,((MN996532_Bat_RaTG13:0.311770322216404,MN908947_Wuhan_Hu_1:0.8902500741298454)I3:0.8408895918044127,MT121216_Pangolin_MP789:0.1991766547794618)I6:0.3950694571096937)I2:4.0585380857906195,(DQ022305_HKU3_1:2.163764696271041,NC_004718:0.9534575298102116)I1:3.602032677050796)I0;
-62.75897672156229: ((((MN996532_Bat_RaTG13:0.311770322216404,MN908947_Wuhan_Hu_1:0.8902500741298454)I3:0.5188633987029273,MT121216_Pangolin_MP789:0.1991766547794618)I6:0.45599940957994556,MT040334_PCoV_GX_P1E:2.6483841168561506)I2:4.098195153036702,(((NC_004718:0.05270338132188823)I10#H2:0.03825181103075837::0.49300957984671)I5#H1:1.0770390366521783::0.6905903476956011,(I5#H1:0.862502337457565::0.3094096523043989,(I10#H2:1.0::0.50699042015329,DQ022305_HKU3_1:1.118266346089455)I9:0.9950270651500396)I1:0.9071624668677968)I4:2.7133584331550984)I0;
-65.02388610047075: ((MT040334_PCoV_GX_P1E:2.6483841168561506,((MN908947_Wuhan_Hu_1:0.8902500741298454,MN996532_Bat_RaTG13:0.311770322216404)I3:0.49686990477539084,MT121216_Pangolin_MP789:0.1991766547794618)I6:0.45599940957994556)I2:4.098195153036702,((((NC_004718:0.05270338132188823)I10#H2:0.03825181103075837::0.49300957984671)I5#H1:0.862502337457565::0.3094096523043989,DQ022305_HKU3_1:2.163764696271041)I1:0.9071624668677968,(I10#H2:1.0::0.50699042015329,I5#H1:0.3260386487157455::0.6905903476956011)I9:0.7510003879364328)I4:2.7133584331550984)I0;
Running Time (min): 0.37743333333333334
===============================


Results after run #4
-57.84086673473637: (((MT121216_Pangolin_MP789:0.1991766547794618,(MN996532_Bat_RaTG13:0.311770322216404,MN908947_Wuhan_Hu_1:0.8902500741298454)I3:0.7930623669225733)I6:0.5476738960514314,MT040334_PCoV_GX_P1E:2.6483841168561506)I2:4.070679258871095,((NC_004718:0.05270338132188823)I10#H1:1.7510003879364326::0.5210569073360807,(DQ022305_HKU3_1:2.163764696271041,I10#H1:0.9007541484883234::0.4789430926639193)I1:0.837132164621978)I4:2.762462748774967)I0;
-60.019688847594765: (((MT121216_Pangolin_MP789:0.1991766547794618,(MN908947_Wuhan_Hu_1:0.8902500741298454,MN996532_Bat_RaTG13:0.311770322216404)I3:0.677516830368809)I6:0.4782993094444416,MT040334_PCoV_GX_P1E:2.6483841168561506)I2:4.092329693970333,((DQ022305_HKU3_1:2.163764696271041)I1#H1:0.7698772520741511::0.4443881664209656,(NC_004718:0.05270338132188823,I1#H1:0.9007541484883234::0.5556118335790343)I10:1.7510003879364326)I4:2.759411896057302)I0;
-60.402726232722195: ((MT040334_PCoV_GX_P1E:2.6483841168561506,((MN996532_Bat_RaTG13:0.311770322216404,MN908947_Wuhan_Hu_1:0.8902500741298454)I3:0.8408895918044127,MT121216_Pangolin_MP789:0.1991766547794618)I6:0.3950694571096937)I2:4.0585380857906195,(DQ022305_HKU3_1:2.163764696271041,NC_004718:0.9534575298102116)I1:3.602032677050796)I0;
-62.75897672156229: ((((MN996532_Bat_RaTG13:0.311770322216404,MN908947_Wuhan_Hu_1:0.8902500741298454)I3:0.5188633987029273,MT121216_Pangolin_MP789:0.1991766547794618)I6:0.45599940957994556,MT040334_PCoV_GX_P1E:2.6483841168561506)I2:4.098195153036702,(((NC_004718:0.05270338132188823)I10#H2:0.03825181103075837::0.49300957984671)I5#H1:1.0770390366521783::0.6905903476956011,(I5#H1:0.862502337457565::0.3094096523043989,(I10#H2:1.0::0.50699042015329,DQ022305_HKU3_1:1.118266346089455)I9:0.9950270651500396)I1:0.9071624668677968)I4:2.7133584331550984)I0;
-65.02388610047075: ((MT040334_PCoV_GX_P1E:2.6483841168561506,((MN908947_Wuhan_Hu_1:0.8902500741298454,MN996532_Bat_RaTG13:0.311770322216404)I3:0.49686990477539084,MT121216_Pangolin_MP789:0.1991766547794618)I6:0.45599940957994556)I2:4.098195153036702,((((NC_004718:0.05270338132188823)I10#H2:0.03825181103075837::0.49300957984671)I5#H1:0.862502337457565::0.3094096523043989,DQ022305_HKU3_1:2.163764696271041)I1:0.9071624668677968,(I10#H2:1.0::0.50699042015329,I5#H1:0.3260386487157455::0.6905903476956011)I9:0.7510003879364328)I4:2.7133584331550984)I0;
Running Time (min): 0.6814166666666667
===============================


Results after run #5
-57.84086673473637: (((MT121216_Pangolin_MP789:0.1991766547794618,(MN996532_Bat_RaTG13:0.311770322216404,MN908947_Wuhan_Hu_1:0.8902500741298454)I3:0.7930623669225733)I6:0.5476738960514314,MT040334_PCoV_GX_P1E:2.6483841168561506)I2:4.070679258871095,((NC_004718:0.05270338132188823)I10#H1:1.7510003879364326::0.5210569073360807,(DQ022305_HKU3_1:2.163764696271041,I10#H1:0.9007541484883234::0.4789430926639193)I1:0.837132164621978)I4:2.762462748774967)I0;
-60.019688847594765: (((MT121216_Pangolin_MP789:0.1991766547794618,(MN908947_Wuhan_Hu_1:0.8902500741298454,MN996532_Bat_RaTG13:0.311770322216404)I3:0.677516830368809)I6:0.4782993094444416,MT040334_PCoV_GX_P1E:2.6483841168561506)I2:4.092329693970333,((DQ022305_HKU3_1:2.163764696271041)I1#H1:0.7698772520741511::0.4443881664209656,(NC_004718:0.05270338132188823,I1#H1:0.9007541484883234::0.5556118335790343)I10:1.7510003879364326)I4:2.759411896057302)I0;
-60.402726232722195: ((MT040334_PCoV_GX_P1E:2.6483841168561506,((MN996532_Bat_RaTG13:0.311770322216404,MN908947_Wuhan_Hu_1:0.8902500741298454)I3:0.8408895918044127,MT121216_Pangolin_MP789:0.1991766547794618)I6:0.3950694571096937)I2:4.0585380857906195,(DQ022305_HKU3_1:2.163764696271041,NC_004718:0.9534575298102116)I1:3.602032677050796)I0;
-62.75897672156229: ((((MN996532_Bat_RaTG13:0.311770322216404,MN908947_Wuhan_Hu_1:0.8902500741298454)I3:0.5188633987029273,MT121216_Pangolin_MP789:0.1991766547794618)I6:0.45599940957994556,MT040334_PCoV_GX_P1E:2.6483841168561506)I2:4.098195153036702,(((NC_004718:0.05270338132188823)I10#H2:0.03825181103075837::0.49300957984671)I5#H1:1.0770390366521783::0.6905903476956011,(I5#H1:0.862502337457565::0.3094096523043989,(I10#H2:1.0::0.50699042015329,DQ022305_HKU3_1:1.118266346089455)I9:0.9950270651500396)I1:0.9071624668677968)I4:2.7133584331550984)I0;
-65.02388610047075: ((MT040334_PCoV_GX_P1E:2.6483841168561506,((MN908947_Wuhan_Hu_1:0.8902500741298454,MN996532_Bat_RaTG13:0.311770322216404)I3:0.49686990477539084,MT121216_Pangolin_MP789:0.1991766547794618)I6:0.45599940957994556)I2:4.098195153036702,((((NC_004718:0.05270338132188823)I10#H2:0.03825181103075837::0.49300957984671)I5#H1:0.862502337457565::0.3094096523043989,DQ022305_HKU3_1:2.163764696271041)I1:0.9071624668677968,(I10#H2:1.0::0.50699042015329,I5#H1:0.3260386487157455::0.6905903476956011)I9:0.7510003879364328)I4:2.7133584331550984)I0;
Running Time (min): 0.036816666666666664
===============================


Results after run #6
-57.84086673473637: (((MT121216_Pangolin_MP789:0.1991766547794618,(MN996532_Bat_RaTG13:0.311770322216404,MN908947_Wuhan_Hu_1:0.8902500741298454)I3:0.7930623669225733)I6:0.5476738960514314,MT040334_PCoV_GX_P1E:2.6483841168561506)I2:4.070679258871095,((NC_004718:0.05270338132188823)I10#H1:1.7510003879364326::0.5210569073360807,(DQ022305_HKU3_1:2.163764696271041,I10#H1:0.9007541484883234::0.4789430926639193)I1:0.837132164621978)I4:2.762462748774967)I0;
-60.019688847594765: (((MT121216_Pangolin_MP789:0.1991766547794618,(MN908947_Wuhan_Hu_1:0.8902500741298454,MN996532_Bat_RaTG13:0.311770322216404)I3:0.677516830368809)I6:0.4782993094444416,MT040334_PCoV_GX_P1E:2.6483841168561506)I2:4.092329693970333,((DQ022305_HKU3_1:2.163764696271041)I1#H1:0.7698772520741511::0.4443881664209656,(NC_004718:0.05270338132188823,I1#H1:0.9007541484883234::0.5556118335790343)I10:1.7510003879364326)I4:2.759411896057302)I0;
-60.402726232722195: ((MT040334_PCoV_GX_P1E:2.6483841168561506,((MN996532_Bat_RaTG13:0.311770322216404,MN908947_Wuhan_Hu_1:0.8902500741298454)I3:0.8408895918044127,MT121216_Pangolin_MP789:0.1991766547794618)I6:0.3950694571096937)I2:4.0585380857906195,(DQ022305_HKU3_1:2.163764696271041,NC_004718:0.9534575298102116)I1:3.602032677050796)I0;
-62.75897672156229: ((((MN996532_Bat_RaTG13:0.311770322216404,MN908947_Wuhan_Hu_1:0.8902500741298454)I3:0.5188633987029273,MT121216_Pangolin_MP789:0.1991766547794618)I6:0.45599940957994556,MT040334_PCoV_GX_P1E:2.6483841168561506)I2:4.098195153036702,(((NC_004718:0.05270338132188823)I10#H2:0.03825181103075837::0.49300957984671)I5#H1:1.0770390366521783::0.6905903476956011,(I5#H1:0.862502337457565::0.3094096523043989,(I10#H2:1.0::0.50699042015329,DQ022305_HKU3_1:1.118266346089455)I9:0.9950270651500396)I1:0.9071624668677968)I4:2.7133584331550984)I0;
-65.02388610047075: ((MT040334_PCoV_GX_P1E:2.6483841168561506,((MN908947_Wuhan_Hu_1:0.8902500741298454,MN996532_Bat_RaTG13:0.311770322216404)I3:0.49686990477539084,MT121216_Pangolin_MP789:0.1991766547794618)I6:0.45599940957994556)I2:4.098195153036702,((((NC_004718:0.05270338132188823)I10#H2:0.03825181103075837::0.49300957984671)I5#H1:0.862502337457565::0.3094096523043989,DQ022305_HKU3_1:2.163764696271041)I1:0.9071624668677968,(I10#H2:1.0::0.50699042015329,I5#H1:0.3260386487157455::0.6905903476956011)I9:0.7510003879364328)I4:2.7133584331550984)I0;
Running Time (min): 0.01795
===============================


Results after run #7
-57.84086673473637: (((MT121216_Pangolin_MP789:0.1991766547794618,(MN996532_Bat_RaTG13:0.311770322216404,MN908947_Wuhan_Hu_1:0.8902500741298454)I3:0.7930623669225733)I6:0.5476738960514314,MT040334_PCoV_GX_P1E:2.6483841168561506)I2:4.070679258871095,((NC_004718:0.05270338132188823)I10#H1:1.7510003879364326::0.5210569073360807,(DQ022305_HKU3_1:2.163764696271041,I10#H1:0.9007541484883234::0.4789430926639193)I1:0.837132164621978)I4:2.762462748774967)I0;
-60.019688847594765: (((MT121216_Pangolin_MP789:0.1991766547794618,(MN908947_Wuhan_Hu_1:0.8902500741298454,MN996532_Bat_RaTG13:0.311770322216404)I3:0.677516830368809)I6:0.4782993094444416,MT040334_PCoV_GX_P1E:2.6483841168561506)I2:4.092329693970333,((DQ022305_HKU3_1:2.163764696271041)I1#H1:0.7698772520741511::0.4443881664209656,(NC_004718:0.05270338132188823,I1#H1:0.9007541484883234::0.5556118335790343)I10:1.7510003879364326)I4:2.759411896057302)I0;
-60.402726232722195: ((MT040334_PCoV_GX_P1E:2.6483841168561506,((MN996532_Bat_RaTG13:0.311770322216404,MN908947_Wuhan_Hu_1:0.8902500741298454)I3:0.8408895918044127,MT121216_Pangolin_MP789:0.1991766547794618)I6:0.3950694571096937)I2:4.0585380857906195,(DQ022305_HKU3_1:2.163764696271041,NC_004718:0.9534575298102116)I1:3.602032677050796)I0;
-62.75897672156229: ((((MN996532_Bat_RaTG13:0.311770322216404,MN908947_Wuhan_Hu_1:0.8902500741298454)I3:0.5188633987029273,MT121216_Pangolin_MP789:0.1991766547794618)I6:0.45599940957994556,MT040334_PCoV_GX_P1E:2.6483841168561506)I2:4.098195153036702,(((NC_004718:0.05270338132188823)I10#H2:0.03825181103075837::0.49300957984671)I5#H1:1.0770390366521783::0.6905903476956011,(I5#H1:0.862502337457565::0.3094096523043989,(I10#H2:1.0::0.50699042015329,DQ022305_HKU3_1:1.118266346089455)I9:0.9950270651500396)I1:0.9071624668677968)I4:2.7133584331550984)I0;
-65.02388610047075: ((MT040334_PCoV_GX_P1E:2.6483841168561506,((MN908947_Wuhan_Hu_1:0.8902500741298454,MN996532_Bat_RaTG13:0.311770322216404)I3:0.49686990477539084,MT121216_Pangolin_MP789:0.1991766547794618)I6:0.45599940957994556)I2:4.098195153036702,((((NC_004718:0.05270338132188823)I10#H2:0.03825181103075837::0.49300957984671)I5#H1:0.862502337457565::0.3094096523043989,DQ022305_HKU3_1:2.163764696271041)I1:0.9071624668677968,(I10#H2:1.0::0.50699042015329,I5#H1:0.3260386487157455::0.6905903476956011)I9:0.7510003879364328)I4:2.7133584331550984)I0;
Running Time (min): 0.02165
===============================


Results after run #8
-57.84086673473637: (((MT121216_Pangolin_MP789:0.1991766547794618,(MN996532_Bat_RaTG13:0.311770322216404,MN908947_Wuhan_Hu_1:0.8902500741298454)I3:0.7930623669225733)I6:0.5476738960514314,MT040334_PCoV_GX_P1E:2.6483841168561506)I2:4.070679258871095,((NC_004718:0.05270338132188823)I10#H1:1.7510003879364326::0.5210569073360807,(DQ022305_HKU3_1:2.163764696271041,I10#H1:0.9007541484883234::0.4789430926639193)I1:0.837132164621978)I4:2.762462748774967)I0;
-60.019688847594765: (((MT121216_Pangolin_MP789:0.1991766547794618,(MN908947_Wuhan_Hu_1:0.8902500741298454,MN996532_Bat_RaTG13:0.311770322216404)I3:0.677516830368809)I6:0.4782993094444416,MT040334_PCoV_GX_P1E:2.6483841168561506)I2:4.092329693970333,((DQ022305_HKU3_1:2.163764696271041)I1#H1:0.7698772520741511::0.4443881664209656,(NC_004718:0.05270338132188823,I1#H1:0.9007541484883234::0.5556118335790343)I10:1.7510003879364326)I4:2.759411896057302)I0;
-60.402726232722195: ((MT040334_PCoV_GX_P1E:2.6483841168561506,((MN996532_Bat_RaTG13:0.311770322216404,MN908947_Wuhan_Hu_1:0.8902500741298454)I3:0.8408895918044127,MT121216_Pangolin_MP789:0.1991766547794618)I6:0.3950694571096937)I2:4.0585380857906195,(DQ022305_HKU3_1:2.163764696271041,NC_004718:0.9534575298102116)I1:3.602032677050796)I0;
-62.75897672156229: ((((MN996532_Bat_RaTG13:0.311770322216404,MN908947_Wuhan_Hu_1:0.8902500741298454)I3:0.5188633987029273,MT121216_Pangolin_MP789:0.1991766547794618)I6:0.45599940957994556,MT040334_PCoV_GX_P1E:2.6483841168561506)I2:4.098195153036702,(((NC_004718:0.05270338132188823)I10#H2:0.03825181103075837::0.49300957984671)I5#H1:1.0770390366521783::0.6905903476956011,(I5#H1:0.862502337457565::0.3094096523043989,(I10#H2:1.0::0.50699042015329,DQ022305_HKU3_1:1.118266346089455)I9:0.9950270651500396)I1:0.9071624668677968)I4:2.7133584331550984)I0;
-65.02388610047075: ((MT040334_PCoV_GX_P1E:2.6483841168561506,((MN908947_Wuhan_Hu_1:0.8902500741298454,MN996532_Bat_RaTG13:0.311770322216404)I3:0.49686990477539084,MT121216_Pangolin_MP789:0.1991766547794618)I6:0.45599940957994556)I2:4.098195153036702,((((NC_004718:0.05270338132188823)I10#H2:0.03825181103075837::0.49300957984671)I5#H1:0.862502337457565::0.3094096523043989,DQ022305_HKU3_1:2.163764696271041)I1:0.9071624668677968,(I10#H2:1.0::0.50699042015329,I5#H1:0.3260386487157455::0.6905903476956011)I9:0.7510003879364328)I4:2.7133584331550984)I0;
Running Time (min): 0.02065
===============================


Results after run #9
-57.84086673473637: (((MT121216_Pangolin_MP789:0.1991766547794618,(MN996532_Bat_RaTG13:0.311770322216404,MN908947_Wuhan_Hu_1:0.8902500741298454)I3:0.7930623669225733)I6:0.5476738960514314,MT040334_PCoV_GX_P1E:2.6483841168561506)I2:4.070679258871095,((NC_004718:0.05270338132188823)I10#H1:1.7510003879364326::0.5210569073360807,(DQ022305_HKU3_1:2.163764696271041,I10#H1:0.9007541484883234::0.4789430926639193)I1:0.837132164621978)I4:2.762462748774967)I0;
-58.877773861546366: ((DQ022305_HKU3_1:0.15771736508682738,NC_004718:1.0148681365126304)I0:2.483623894610362,(MT040334_PCoV_GX_P1E:0.1810369072681793,((MT121216_Pangolin_MP789:0.017834233420889634)I3#H1:1.4114432357546247::0.5,((MN908947_Wuhan_Hu_1:3.97558948321229,MN996532_Bat_RaTG13:2.404459499191723)I8:0.05445607490603594,I3#H1:1.0::0.5)I2:1.9132677098891115)I4:0.8904226391674459)I1:2.6428105305314538)I5;
-60.01351143891456: ((((MN996532_Bat_RaTG13:2.404459499191723,MN908947_Wuhan_Hu_1:3.97558948321229)I8:2.0051832428797933,MT121216_Pangolin_MP789:1.4292774691755143)I4:0.8904226391674459,MT040334_PCoV_GX_P1E:0.1810369072681793)I1:2.5643586379713335,(NC_004718:1.0148681365126304,DQ022305_HKU3_1:0.15771736508682738)I0:2.5174685778477937)I5;
-60.019688847594765: (((MT121216_Pangolin_MP789:0.1991766547794618,(MN908947_Wuhan_Hu_1:0.8902500741298454,MN996532_Bat_RaTG13:0.311770322216404)I3:0.677516830368809)I6:0.4782993094444416,MT040334_PCoV_GX_P1E:2.6483841168561506)I2:4.092329693970333,((DQ022305_HKU3_1:2.163764696271041)I1#H1:0.7698772520741511::0.4443881664209656,(NC_004718:0.05270338132188823,I1#H1:0.9007541484883234::0.5556118335790343)I10:1.7510003879364326)I4:2.759411896057302)I0;
-60.34381916790981: ((DQ022305_HKU3_1:0.15771736508682738,NC_004718:1.0148681365126304)I0:2.483623894610362,(MT040334_PCoV_GX_P1E:0.1810369072681793,(MT121216_Pangolin_MP789:1.4292774691755143,((MN908947_Wuhan_Hu_1:3.1381037321991934)I3#H1:1.0::0.5,(MN996532_Bat_RaTG13:2.404459499191723,I3#H1:0.8374857510130967::0.5)I8:0.032139300369556915)I2:1.9132677098891115)I4:0.8039071006676233)I1:2.6428105305314538)I5;
Running Time (min): 0.021366666666666666
===============================


Results after run #10
-57.27684393932974: (((MT121216_Pangolin_MP789:1.4583759062559218,(MN908947_Wuhan_Hu_1:0.3296789072852038,MN996532_Bat_RaTG13:1.120344061042435)I2:0.9684499114514794)I8:1.2322988882651627,MT040334_PCoV_GX_P1E:4.11981928049906)I3:4.34804851496154,(NC_004718:1.1714896939017059,(((DQ022305_HKU3_1:0.8547323752540799)I10#H2:0.6247246061356967::0.7074148292799899)I4#H1:0.9993669372382054::0.4480743926461128,(I4#H1:0.8424642081332178::0.5519256073538872,I10#H2:0.03970521046261404::0.2925851707200101)I13:0.3000659258021282)I6:0.017297561550714272)I5:1.719658559877982)I7;
-57.84086673473637: (((MT121216_Pangolin_MP789:0.1991766547794618,(MN996532_Bat_RaTG13:0.311770322216404,MN908947_Wuhan_Hu_1:0.8902500741298454)I3:0.7930623669225733)I6:0.5476738960514314,MT040334_PCoV_GX_P1E:2.6483841168561506)I2:4.070679258871095,((NC_004718:0.05270338132188823)I10#H1:1.7510003879364326::0.5210569073360807,(DQ022305_HKU3_1:2.163764696271041,I10#H1:0.9007541484883234::0.4789430926639193)I1:0.837132164621978)I4:2.762462748774967)I0;
-58.877773861546366: ((DQ022305_HKU3_1:0.15771736508682738,NC_004718:1.0148681365126304)I0:2.483623894610362,(MT040334_PCoV_GX_P1E:0.1810369072681793,((MT121216_Pangolin_MP789:0.017834233420889634)I3#H1:1.4114432357546247::0.5,((MN908947_Wuhan_Hu_1:3.97558948321229,MN996532_Bat_RaTG13:2.404459499191723)I8:0.05445607490603594,I3#H1:1.0::0.5)I2:1.9132677098891115)I4:0.8904226391674459)I1:2.6428105305314538)I5;
-60.01351143891456: ((((MN996532_Bat_RaTG13:2.404459499191723,MN908947_Wuhan_Hu_1:3.97558948321229)I8:2.0051832428797933,MT121216_Pangolin_MP789:1.4292774691755143)I4:0.8904226391674459,MT040334_PCoV_GX_P1E:0.1810369072681793)I1:2.5643586379713335,(NC_004718:1.0148681365126304,DQ022305_HKU3_1:0.15771736508682738)I0:2.5174685778477937)I5;
-60.019688847594765: (((MT121216_Pangolin_MP789:0.1991766547794618,(MN908947_Wuhan_Hu_1:0.8902500741298454,MN996532_Bat_RaTG13:0.311770322216404)I3:0.677516830368809)I6:0.4782993094444416,MT040334_PCoV_GX_P1E:2.6483841168561506)I2:4.092329693970333,((DQ022305_HKU3_1:2.163764696271041)I1#H1:0.7698772520741511::0.4443881664209656,(NC_004718:0.05270338132188823,I1#H1:0.9007541484883234::0.5556118335790343)I10:1.7510003879364326)I4:2.759411896057302)I0;
Running Time (min): 0.025433333333333332
===============================


Inferred Network #1:
(((DQ022305_HKU3_1:1.0,(NC_004718:1.0)#H1:1.0::0.9828573145495751):5.9136172042020805,#H1:1.0::0.017142685450424855):5.913582112281684,((MT121216_Pangolin_MP789:1.0,(MN996532_Bat_RaTG13:1.0,MN908947_Wuhan_Hu_1:1.0):1.4386080123963234):1.5093703251376893,MT040334_PCoV_GX_P1E:1.0):5.909592784358854);
Total log probability: -42.501127530075934
Visualize in Dendroscope : (((DQ022305_HKU3_1,(NC_004718)#H1),#H1),((MT121216_Pangolin_MP789,(MN996532_Bat_RaTG13,MN908947_Wuhan_Hu_1)),MT040334_PCoV_GX_P1E));
Inferred Network #2:
(((NC_004718:1.0,(DQ022305_HKU3_1:1.0)#H1:1.0::0.9828573145495751):5.913617204067969,#H1:1.0::0.017142685450424855):5.913582112288518,((MT121216_Pangolin_MP789:1.0,(MN908947_Wuhan_Hu_1:1.0,MN996532_Bat_RaTG13:1.0):1.4426029451949103):1.5032077544556348,MT040334_PCoV_GX_P1E:1.0):5.9097745822392636);
Total log probability: -42.5011525036747
Visualize in Dendroscope : (((NC_004718,(DQ022305_HKU3_1)#H1),#H1),((MT121216_Pangolin_MP789,(MN908947_Wuhan_Hu_1,MN996532_Bat_RaTG13)),MT040334_PCoV_GX_P1E));
Inferred Network #3:
((DQ022305_HKU3_1:1.0,NC_004718:1.0):5.909068844742373,((((MN908947_Wuhan_Hu_1:1.0,MN996532_Bat_RaTG13:1.0):1.3763741217199517,(MT121216_Pangolin_MP789:1.0)#H1:1.0::0.0014873743766175402):0.07076772563795311,#H1:1.0::0.9985126256233825):1.509190339071547,MT040334_PCoV_GX_P1E:1.0):5.909596258909813);
Total log probability: -42.67144292572239
Visualize in Dendroscope : ((DQ022305_HKU3_1,NC_004718),((((MN908947_Wuhan_Hu_1,MN996532_Bat_RaTG13),(MT121216_Pangolin_MP789)#H1),#H1),MT040334_PCoV_GX_P1E));
Inferred Network #4:
((((MN996532_Bat_RaTG13:1.0,MN908947_Wuhan_Hu_1:1.0):1.4387974480301988,MT121216_Pangolin_MP789:1.0):1.5086796498500599,MT040334_PCoV_GX_P1E:1.0):5.909596117043779,(NC_004718:1.0,DQ022305_HKU3_1:1.0):5.909068844742391);
Total log probability: -42.67160093956927
Visualize in Dendroscope : ((((MN996532_Bat_RaTG13,MN908947_Wuhan_Hu_1),MT121216_Pangolin_MP789),MT040334_PCoV_GX_P1E),(NC_004718,DQ022305_HKU3_1));
Inferred Network #5:
(((MT121216_Pangolin_MP789:1.0,(MN908947_Wuhan_Hu_1:1.0,MN996532_Bat_RaTG13:1.0):1.446158201786492):1.5028939476512175,MT040334_PCoV_GX_P1E:1.0):5.909594475594197,(((((DQ022305_HKU3_1:1.0)#H1:1.0::0.5)#H2:1.0::0.07294901687515776,#H1:1.0::0.5):1.0,#H2:1.0::0.9270509831248422):1.0,NC_004718:1.0):5.909068844742373);
Total log probability: -42.6716439732676
Visualize in Dendroscope : (((MT121216_Pangolin_MP789,(MN908947_Wuhan_Hu_1,MN996532_Bat_RaTG13)),MT040334_PCoV_GX_P1E),(((((DQ022305_HKU3_1)#H1)#H2,#H1),#H2),NC_004718));
