Processing file 0/1: ../../data/a_blocks_seqsel8_BS_rooted_supp70_binary.tree
Reduce to 2 instances
trying 0
trying 1
trying 2
Took 0.00310731 seconds
No solution

Processing file 0/1: ../../data/a_blocks_seqsel8_BS_rooted_supp70_binary.tree
Reduce to 2 instances

maxTemporalDistance=0

trying 0
trying 1
trying 2
trying 3
trying 4

maxTemporalDistance=1

trying 0
trying 1
trying 2
trying 3
trying 4
trying 5

maxTemporalDistance=2

trying 0
trying 1
trying 2
trying 3
trying 4
trying 5
trying 6
trying 7
trying 8

maxTemporalDistance=3

trying 0
trying 1
trying 2
trying 3
trying 4
trying 5
trying 6
trying 7
trying 8
trying 9

maxTemporalDistance=4

trying 0
trying 1
trying 2
trying 3
trying 4
trying 5
trying 6
trying 7

maxTemporalDistance=0

trying 0
Took 6.44125 seconds
Solution found for k=7 and p=4
