Processing file 0/1: ../../data/a_blocks_seqsel4_BS_rooted_len0.01_binary.tree
Reduce to 1 instances
trying 0
trying 1
trying 2
trying 3
Took 0.00531099 seconds
No solution

Processing file 0/1: ../../data/a_blocks_seqsel4_BS_rooted_len0.01_binary.tree
Reduce to 1 instances

maxTemporalDistance=0

trying 0
trying 1
trying 2
trying 3

maxTemporalDistance=1

trying 0
trying 1
trying 2
trying 3
trying 4
trying 5
trying 6
trying 7
trying 8
trying 9

maxTemporalDistance=2

trying 0
trying 1
trying 2
trying 3
trying 4
trying 5
trying 6
trying 7
trying 8
trying 9
Took 2.61319 seconds
Solution found for k=9 and p=2
