Processing file 0/1: ../../data/a_blocks_seqsel6_BS_rooted_supp90_binary.tree
Reduce to 1 instances
trying 0
trying 1
trying 2
trying 3
Took 0.00419537 seconds
No solution

Processing file 0/1: ../../data/a_blocks_seqsel6_BS_rooted_supp90_binary.tree
Reduce to 1 instances

maxTemporalDistance=0

trying 0
trying 1
trying 2
trying 3
trying 4
trying 5
trying 6

maxTemporalDistance=1

trying 0
trying 1
trying 2
trying 3
trying 4
trying 5
trying 6
trying 7

maxTemporalDistance=2

trying 0
trying 1
trying 2
trying 3
trying 4
trying 5
trying 6
trying 7
trying 8

maxTemporalDistance=3

trying 0
trying 1
trying 2
trying 3
trying 4
trying 5
trying 6
trying 7
Took 3.4873 seconds
Solution found for k=7 and p=3
