Processing file 0/1: ../../data/a_genes_seqsel9_BS_rooted_nolen.tree
Reduce to 2 instances
trying 0
trying 1
Took 0.00113579 seconds
No solution

Processing file 0/1: ../../data/a_genes_seqsel9_BS_rooted_nolen.tree
Reduce to 2 instances

maxTemporalDistance=0

trying 0
trying 1

maxTemporalDistance=1

trying 0
trying 1
trying 2

maxTemporalDistance=2

trying 0
trying 1
trying 2
trying 3

maxTemporalDistance=3

trying 0
trying 1
trying 2
trying 3
trying 4

maxTemporalDistance=4

trying 0
trying 1
trying 2
trying 3
trying 4
trying 5

maxTemporalDistance=5

trying 0
trying 1
trying 2
trying 3
trying 4
trying 5
trying 6

maxTemporalDistance=6

trying 0
trying 1
trying 2
trying 3
trying 4
trying 5
trying 6
trying 7

maxTemporalDistance=7

trying 0
trying 1
trying 2
trying 3
trying 4
trying 5
trying 6
trying 7

maxTemporalDistance=0

trying 0
Took 7.10777 seconds
Solution found for k=7 and p=7
