Processing file 0/1: ../../data/a_genes_seqsel7_BS_rooted_len0.01_supp90_binary.tree
Reduce to 1 instances
trying 0
trying 1
Took 0.00146996 seconds
No solution

Processing file 0/1: ../../data/a_genes_seqsel7_BS_rooted_len0.01_supp90_binary.tree
Reduce to 1 instances

maxTemporalDistance=0

trying 0
trying 1

maxTemporalDistance=1

trying 0
trying 1
trying 2

maxTemporalDistance=2

trying 0
trying 1
trying 2
trying 3
trying 4
trying 5
trying 6
trying 7

maxTemporalDistance=3

trying 0
trying 1
trying 2
trying 3
trying 4
trying 5
trying 6
trying 7
trying 8
trying 9

maxTemporalDistance=4

trying 0
trying 1
trying 2
trying 3
trying 4
trying 5
trying 6
trying 7
Took 3.98211 seconds
Solution found for k=7 and p=4
